#
# A fatal error has been detected by the Java Runtime Environment:
#
#  SIGSEGV (0xb) at pc=0x00007fc9a25c0069, pid=40333, tid=40359
#
# JRE version: OpenJDK Runtime Environment Temurin-17.0.4.1+1 (17.0.4.1+1) (build 17.0.4.1+1)
# Java VM: OpenJDK 64-Bit Server VM Temurin-17.0.4.1+1 (17.0.4.1+1, mixed mode, sharing, tiered, compressed oops, compressed class ptrs, g1 gc, linux-amd64)
# Problematic frame:
# V  [libjvm.so+0xdfd069]  Symbol::as_C_string() const+0x9
#
# Core dump will be written. Default location: Core dumps may be processed with "/usr/share/apport/apport -p%p -s%s -c%c -d%d -P%P -u%u -g%g -- %E" (or dumping to /home/paul/Development/GitWorkspace/contacts/mycontacts/core.40333)
#
# If you would like to submit a bug report, please visit:
#   https://github.com/adoptium/adoptium-support/issues
#

---------------  S U M M A R Y ------------

Command Line: -XX:+ShowCodeDetailsInExceptionMessages -agentlib:jdwp=transport=dt_socket,suspend=y,address=localhost:33085 -javaagent:/home/paul/snap/eclipse/61/amd64/configuration/org.eclipse.osgi/209/0/.cp/lib/javaagent-shaded.jar -Dfile.encoding=UTF-8 --module-path=/home/paul/Development/GitWorkspace/contacts/mycontacts/lib/ez-vcard-0.10.2.jar:/home/paul/Development/Workspace/MyWidgets/lib/imgscalr-lib-4.2.jar:/home/paul/Development/Workspace/MyWidgets/lib/commons-lang3-3.3.2.jar:/home/paul/Development/Workspace/MyWidgets/lib/dom4j-1.6.1.jar:/home/paul/Development/Workspace/MyWidgets/lib/ez-vcard-0.10.2.jar:/home/paul/Development/Workspace/MyWidgets/lib/looks-2.1-pre2.jar org.lerot.mycontact.mcdb

Host: Intel(R) Core(TM) i5-5300U CPU @ 2.30GHz, 4 cores, 15G, Ubuntu 22.04.1 LTS
Time: Tue Oct 11 15:32:20 2022 BST elapsed time: 545.205437 seconds (0d 0h 9m 5s)

---------------  T H R E A D  ---------------

Current thread (0x00007fc99c257e80):  JavaThread "JDWP Transport Listener: dt_socket" daemon [_thread_in_vm, id=40359, stack(0x00007fc96c2da000,0x00007fc96c3da000)]

Stack: [0x00007fc96c2da000,0x00007fc96c3da000],  sp=0x00007fc96c3d8910,  free space=1018k
Native frames: (J=compiled Java code, j=interpreted, Vv=VM code, C=native code)
V  [libjvm.so+0xdfd069]  Symbol::as_C_string() const+0x9
V  [libjvm.so+0xa0ee35]  JvmtiEnv::GetClassSignature(oopDesc*, char**, char**)+0x115
V  [libjvm.so+0x9c54e8]  jvmti_GetClassSignature+0x1f8
C  [libjdwp.so+0x2d824]  classSignature+0x44
C  [libjdwp.so+0x8448]  signatureWithGeneric+0x68
C  [libjdwp.so+0x13c09]  debugLoop_run+0x299
C  [libjdwp.so+0x27124]  attachThread+0x54
V  [libjvm.so+0xa2e262]  JvmtiAgentThread::call_start_function()+0x72
V  [libjvm.so+0xe59214]  JavaThread::thread_main_inner()+0x184
V  [libjvm.so+0xe5c99e]  Thread::call_run()+0xde
V  [libjvm.so+0xc16351]  thread_native_entry(Thread*)+0xe1


siginfo: si_signo: 11 (SIGSEGV), si_code: 1 (SEGV_MAPERR), si_addr: 0x00000000045f0005

Register to memory mapping:

RAX=0x000000000000045e is an unknown value
RBX=0x0000000800ccb820 is a pointer to class: 
org.lerot.mycontact.mcContact {0x0000000800ccb820}
 - instance size:     6
 - klass size:        154
 - access:            public synchronized 
 - state:             fully_initialized
 - name:              'org/lerot/mycontact/mcContact'
 - super:             'org/lerot/mycontact/mcDataObject'
 - sub:               
 - arrays:            NULL
 - methods:           Array<T>(0x00007fc92df85910)
 - method ordering:   Array<T>(0x00007fc92df8c668)
 - default_methods:   Array<T>(0x0000000000000000)
 - local interfaces:  Array<T>(0x00007fc92e80ff28)
 - trans. interfaces: Array<T>(0x00007fc92e80ff28)
 - constants:         constant pool [1131] {0x00007fc92df8d518} for 'org/lerot/mycontact/mcContact' cache=0x00007fc92df94688
 - class loader data:  loader data: 0x00007fc99c1ebd20 for instance a 'jdk/internal/loader/ClassLoaders$AppClassLoader'{0x0000000714a001c8}
 - source file:       'mcContact.java'
 - source debug extension:       SMAP
mcContact.java
Java
*S jdt
*F
1 mcContact.java
2 file:/home/paul/Development/GitWorkspace/contacts/mycontacts/bin/
*L
*E

 - class annotations:       Array<T>(0x0000000000000000)
 - class type annotations:  Array<T>(0x0000000000000000)
 - field annotations:       Array<T>(0x0000000000000000)
 - field type annotations:  Array<T>(0x0000000000000000)
 - previous version:  constant pool [1126] {0x00007fc92e810470} for 'org/lerot/mycontact/mcContact' (extra) cache=0x00007fc92ef6e600
 - generic signature: '
[error occurred during error reporting (printing register info), id 0xb, SIGSEGV (0xb) at pc=0x00007fc9a25c0fdb]

Registers:
RAX=0x000000000000045e, RBX=0x0000000800ccb820, RCX=0x00007fc92df8d518, RDX=0x000000000000001f
RSP=0x00007fc96c3d8910, RBP=0x00007fc96c3d8920, RSI=0x0000000000000000, RDI=0x00000000045f0001
R8 =0x0000000800ccb820, R9 =0x000000000000001e, R10=0x000000000000001d, R11=0x303378471dffba2e
R12=0x00007fc9400be010, R13=0x00007fc9400be040, R14=0x0000000800ccb820, R15=0x00007fc99c257040
RIP=0x00007fc9a25c0069, EFLAGS=0x0000000000010246, CSGSFS=0x002b000000000033, ERR=0x0000000000000004
  TRAPNO=0x000000000000000e

Top of Stack: (sp=0x00007fc96c3d8910)
0x00007fc96c3d8910:   0000000800ccb820 00007fc9400be010
0x00007fc96c3d8920:   00007fc96c3d8990 00007fc9a21d1e35
0x00007fc96c3d8930:   0000000800ccb820 00000000000003d8
0x00007fc96c3d8940:   00007fc99c015650 00007fc9400be3f8 

Instructions: (pc=0x00007fc9a25c0069)
0x00007fc9a25bff69:   89 c8 39 ca 0f 84 a2 00 00 00 41 89 d1 29 ce 41
0x00007fc9a25bff79:   29 c9 83 fe 06 76 18 8d 71 06 48 8b 34 37 49 89
0x00007fc9a25bff89:   34 08 44 89 c9 83 e1 f8 01 c8 41 39 c9 74 7d 48
0x00007fc9a25bff99:   63 c8 0f b6 74 0f 06 41 88 34 08 8d 48 01 39 ca
0x00007fc9a25bffa9:   7e 6a 48 63 c9 0f b6 74 0f 06 41 88 34 08 8d 48
0x00007fc9a25bffb9:   02 39 ca 7e 57 48 63 c9 0f b6 74 0f 06 41 88 34
0x00007fc9a25bffc9:   08 8d 48 03 39 ca 7e 44 48 63 c9 0f b6 74 0f 06
0x00007fc9a25bffd9:   41 88 34 08 8d 48 04 39 ca 7e 31 48 63 c9 0f b6
0x00007fc9a25bffe9:   74 0f 06 41 88 34 08 8d 48 05 39 ca 7e 1e 48 63
0x00007fc9a25bfff9:   c9 83 c0 06 0f b6 74 0f 06 41 88 34 08 39 c2 7e
0x00007fc9a25c0009:   0b 48 98 0f b6 4c 07 06 41 88 0c 00 48 63 d2 41
0x00007fc9a25c0019:   c6 04 10 00 4c 89 c0 c3 0f 1f 80 00 00 00 00 89
0x00007fc9a25c0029:   d6 31 c0 0f 1f 40 00 0f b6 4c 07 06 41 88 0c 00
0x00007fc9a25c0039:   48 83 c0 01 48 39 f0 75 ee 48 63 d2 41 c6 04 10
0x00007fc9a25c0049:   00 eb d1 31 c9 31 c0 e9 2b ff ff ff 90 66 2e 0f
0x00007fc9a25c0059:   1f 84 00 00 00 00 00 55 31 f6 48 89 e5 41 54 53
0x00007fc9a25c0069:   44 0f b7 67 04 48 89 fb 41 8d 7c 24 01 48 63 ff
0x00007fc9a25c0079:   e8 92 61 eb ff 0f b7 53 04 49 89 c0 44 39 e2 41
0x00007fc9a25c0089:   0f 4f d4 85 d2 0f 84 fd 00 00 00 48 8d 4b 07 89
0x00007fc9a25c0099:   d7 8d 72 ff 48 29 c8 48 83 f8 0e 0f 86 fe 00 00
0x00007fc9a25c00a9:   00 83 fe 06 0f 86 f5 00 00 00 83 fe 0e 0f 86 16
0x00007fc9a25c00b9:   01 00 00 89 d1 31 c0 c1 e9 04 48 c1 e1 04 66 0f
0x00007fc9a25c00c9:   1f 84 00 00 00 00 00 f3 0f 6f 44 03 06 41 0f 11
0x00007fc9a25c00d9:   04 00 48 83 c0 10 48 39 c8 75 ec 89 d1 83 e1 f0
0x00007fc9a25c00e9:   89 c8 39 ca 0f 84 9e 00 00 00 89 d7 29 ce 29 cf
0x00007fc9a25c00f9:   83 fe 06 76 16 8d 71 06 48 8b 34 33 49 89 34 08
0x00007fc9a25c0109:   89 f9 83 e1 f8 01 c8 39 cf 74 7d 48 63 c8 0f b6
0x00007fc9a25c0119:   74 0b 06 41 88 34 08 8d 48 01 39 ca 7e 6a 48 63
0x00007fc9a25c0129:   c9 0f b6 74 0b 06 41 88 34 08 8d 48 02 39 ca 7e
0x00007fc9a25c0139:   57 48 63 c9 0f b6 74 0b 06 41 88 34 08 8d 48 03
0x00007fc9a25c0149:   39 ca 7e 44 48 63 c9 0f b6 74 0b 06 41 88 34 08
0x00007fc9a25c0159:   8d 48 04 39 ca 7e 31 48 63 c9 0f b6 74 0b 06 41 


Stack slot to memory mapping:
stack at sp + 0 slots: 0x0000000800ccb820 is a pointer to class: 
org.lerot.mycontact.mcContact {0x0000000800ccb820}
 - instance size:     6
 - klass size:        154
 - access:            public synchronized 
 - state:             fully_initialized
 - name:              'org/lerot/mycontact/mcContact'
 - super:             'org/lerot/mycontact/mcDataObject'
 - sub:               
 - arrays:            NULL
 - methods:           Array<T>(0x00007fc92df85910)
 - method ordering:   Array<T>(0x00007fc92df8c668)
 - default_methods:   Array<T>(0x0000000000000000)
 - local interfaces:  Array<T>(0x00007fc92e80ff28)
 - trans. interfaces: Array<T>(0x00007fc92e80ff28)
 - constants:         constant pool [1131] {0x00007fc92df8d518} for 'org/lerot/mycontact/mcContact' cache=0x00007fc92df94688
 - class loader data:  loader data: 0x00007fc99c1ebd20 for instance a 'jdk/internal/loader/ClassLoaders$AppClassLoader'{0x0000000714a001c8}
 - source file:       'mcContact.java'
 - source debug extension:       SMAP
mcContact.java
Java
*S jdt
*F
1 mcContact.java
2 file:/home/paul/Development/GitWorkspace/contacts/mycontacts/bin/
*L
*E

 - class annotations:       Array<T>(0x0000000000000000)
 - class type annotations:  Array<T>(0x0000000000000000)
 - field annotations:       Array<T>(0x0000000000000000)
 - field type annotations:  Array<T>(0x0000000000000000)
 - previous version:  constant pool [1126] {0x00007fc92e810470} for 'org/lerot/mycontact/mcContact' (extra) cache=0x00007fc92ef6e600
 - generic signature: '
[error occurred during error reporting (inspecting top of stack), id 0xb, SIGSEGV (0xb) at pc=0x00007fc9a25c0fdb]


---------------  P R O C E S S  ---------------

Threads class SMR info:
_java_thread_list=0x00007fc93c552580, length=19, elements={
0x00007fc99c178970, 0x00007fc99c179d50, 0x00007fc99c17f0e0, 0x00007fc99c180490,
0x00007fc99c1818a0, 0x00007fc99c183250, 0x00007fc99c184780, 0x00007fc99c185bf0,
0x00007fc99c1e3b80, 0x00007fc99c257e80, 0x00007fc99c279df0, 0x00007fc930001130,
0x00007fc99c35cfa0, 0x00007fc99c48f280, 0x00007fc99c491160, 0x00007fc99c5a84f0,
0x00007fc99c554d60, 0x00007fc99c5f2990, 0x00007fc99c0270a0
}

Java Threads: ( => current thread )
  0x00007fc99c178970 JavaThread "Reference Handler" daemon [_thread_blocked, id=40347, stack(0x00007fc97c300000,0x00007fc97c400000)]
  0x00007fc99c179d50 JavaThread "Finalizer" daemon [_thread_blocked, id=40348, stack(0x00007fc97c200000,0x00007fc97c300000)]
  0x00007fc99c17f0e0 JavaThread "Signal Dispatcher" daemon [_thread_blocked, id=40349, stack(0x00007fc97c100000,0x00007fc97c200000)]
  0x00007fc99c180490 JavaThread "Service Thread" daemon [_thread_blocked, id=40350, stack(0x00007fc97c000000,0x00007fc97c100000)]
  0x00007fc99c1818a0 JavaThread "Monitor Deflation Thread" daemon [_thread_blocked, id=40351, stack(0x00007fc96c919000,0x00007fc96ca19000)]
  0x00007fc99c183250 JavaThread "C2 CompilerThread0" daemon [_thread_blocked, id=40352, stack(0x00007fc96c819000,0x00007fc96c919000)]
  0x00007fc99c184780 JavaThread "C1 CompilerThread0" daemon [_thread_blocked, id=40353, stack(0x00007fc96c719000,0x00007fc96c819000)]
  0x00007fc99c185bf0 JavaThread "Sweeper thread" daemon [_thread_blocked, id=40354, stack(0x00007fc96c619000,0x00007fc96c719000)]
  0x00007fc99c1e3b80 JavaThread "Common-Cleaner" daemon [_thread_blocked, id=40356, stack(0x00007fc96c4ea000,0x00007fc96c5ea000)]
=>0x00007fc99c257e80 JavaThread "JDWP Transport Listener: dt_socket" daemon [_thread_in_vm, id=40359, stack(0x00007fc96c2da000,0x00007fc96c3da000)]
  0x00007fc99c279df0 JavaThread "JDWP Event Helper Thread" daemon [_thread_blocked, id=40362, stack(0x00007fc96c1da000,0x00007fc96c2da000)]
  0x00007fc930001130 JavaThread "JDWP Command Reader" daemon [_thread_in_native, id=40363, stack(0x00007fc96c0da000,0x00007fc96c1da000)]
  0x00007fc99c35cfa0 JavaThread "Notification Thread" daemon [_thread_blocked, id=40366, stack(0x00007fc92ff00000,0x00007fc930000000)]
  0x00007fc99c48f280 JavaThread "Java2D Disposer" daemon [_thread_blocked, id=40369, stack(0x00007fc92f7b5000,0x00007fc92f8b5000)]
  0x00007fc99c491160 JavaThread "AWT-XAWT" daemon [_thread_in_native, id=40370, stack(0x00007fc92f6b5000,0x00007fc92f7b5000)]
  0x00007fc99c5a84f0 JavaThread "AWT-Shutdown" [_thread_blocked, id=40375, stack(0x00007fc92f1af000,0x00007fc92f2af000)]
  0x00007fc99c554d60 JavaThread "AWT-EventQueue-0" [_thread_blocked, id=40376, stack(0x00007fc92f0af000,0x00007fc92f1af000)]
  0x00007fc99c5f2990 JavaThread "TimerQueue" daemon [_thread_blocked, id=40377, stack(0x00007fc92e700000,0x00007fc92e800000)]
  0x00007fc99c0270a0 JavaThread "DestroyJavaVM" [_thread_blocked, id=40339, stack(0x00007fc9a15d7000,0x00007fc9a16d7000)]

Other Threads:
  0x00007fc99c174920 VMThread "VM Thread" [stack: 0x00007fc97c402000,0x00007fc97c502000] [id=40346]
  0x00007fc99c029a20 WatcherThread [stack: 0x00007fc92fe00000,0x00007fc92ff00000] [id=40367]
  0x00007fc99c0911a0 GCTaskThread "GC Thread#0" [stack: 0x00007fc9a0658000,0x00007fc9a0758000] [id=40341]
  0x00007fc9640052d0 GCTaskThread "GC Thread#1" [stack: 0x00007fc92f5b5000,0x00007fc92f6b5000] [id=40371]
  0x00007fc964005d10 GCTaskThread "GC Thread#2" [stack: 0x00007fc92f4b3000,0x00007fc92f5b3000] [id=40372]
  0x00007fc964006750 GCTaskThread "GC Thread#3" [stack: 0x00007fc92f3b1000,0x00007fc92f4b1000] [id=40373]
  0x00007fc99c0a1f80 ConcurrentGCThread "G1 Main Marker" [stack: 0x00007fc9a0556000,0x00007fc9a0656000] [id=40342]
  0x00007fc99c0a2ee0 ConcurrentGCThread "G1 Conc#0" [stack: 0x00007fc9a0454000,0x00007fc9a0554000] [id=40343]
  0x00007fc99c146870 ConcurrentGCThread "G1 Refine#0" [stack: 0x00007fc97c7b3000,0x00007fc97c8b3000] [id=40344]
  0x00007fc99c147760 ConcurrentGCThread "G1 Service" [stack: 0x00007fc97c6b1000,0x00007fc97c7b1000] [id=40345]

Threads with active compile tasks:

VM state: not at safepoint (normal execution)

VM Mutex/Monitor currently owned by a thread: None

Heap address: 0x0000000707800000, size: 3976 MB, Compressed Oops mode: Zero based, Oop shift amount: 3

CDS archive(s) mapped at: [0x0000000800000000-0x0000000800be0000-0x0000000800be0000), size 12451840, SharedBaseAddress: 0x0000000800000000, ArchiveRelocationMode: 0.
Compressed class space mapped at: 0x0000000800c00000-0x0000000840c00000, reserved size: 1073741824
Narrow klass base: 0x0000000800000000, Narrow klass shift: 0, Narrow klass range: 0x100000000

GC Precious Log:
 CPUs: 4 total, 4 available
 Memory: 15900M
 Large Page Support: Disabled
 NUMA Support: Disabled
 Compressed Oops: Enabled (Zero based)
 Heap Region Size: 2M
 Heap Min Capacity: 8M
 Heap Initial Capacity: 250M
 Heap Max Capacity: 3976M
 Pre-touch: Disabled
 Parallel Workers: 4
 Concurrent Workers: 1
 Concurrent Refinement Workers: 4
 Periodic GC: Disabled

Heap:
 garbage-first heap   total 69632K, used 22654K [0x0000000707800000, 0x0000000800000000)
  region size 2048K, 11 young (22528K), 5 survivors (10240K)
 Metaspace       used 22359K, committed 22592K, reserved 1073152K
  class space    used 2516K, committed 2624K, reserved 1048576K

Heap Regions: E=young(eden), S=young(survivor), O=old, HS=humongous(starts), HC=humongous(continues), CS=collection set, F=free, OA=open archive, CA=closed archive, TAMS=top-at-mark-start (previous, next)
|   0|0x0000000707800000, 0x00000007078f9e00, 0x0000000707a00000| 48%| O|  |TAMS 0x00000007078f9e00, 0x0000000707800000| Complete 
|   1|0x0000000707a00000, 0x0000000707a00000, 0x0000000707c00000|  0%| F|  |TAMS 0x0000000707a00000, 0x0000000707a00000| Untracked 
|   2|0x0000000707c00000, 0x0000000707c00000, 0x0000000707e00000|  0%| F|  |TAMS 0x0000000707c00000, 0x0000000707c00000| Untracked 
|   3|0x0000000707e00000, 0x0000000707e00000, 0x0000000708000000|  0%| F|  |TAMS 0x0000000707e00000, 0x0000000707e00000| Untracked 
|   4|0x0000000708000000, 0x0000000708000000, 0x0000000708200000|  0%| F|  |TAMS 0x0000000708000000, 0x0000000708000000| Untracked 
|   5|0x0000000708200000, 0x0000000708200000, 0x0000000708400000|  0%| F|  |TAMS 0x0000000708200000, 0x0000000708200000| Untracked 
|   6|0x0000000708400000, 0x0000000708400000, 0x0000000708600000|  0%| F|  |TAMS 0x0000000708400000, 0x0000000708400000| Untracked 
|   7|0x0000000708600000, 0x0000000708600000, 0x0000000708800000|  0%| F|  |TAMS 0x0000000708600000, 0x0000000708600000| Untracked 
|   8|0x0000000708800000, 0x0000000708800000, 0x0000000708a00000|  0%| F|  |TAMS 0x0000000708800000, 0x0000000708800000| Untracked 
|   9|0x0000000708a00000, 0x0000000708a00000, 0x0000000708c00000|  0%| F|  |TAMS 0x0000000708a00000, 0x0000000708a00000| Untracked 
|  10|0x0000000708c00000, 0x0000000708c00000, 0x0000000708e00000|  0%| F|  |TAMS 0x0000000708c00000, 0x0000000708c00000| Untracked 
|  11|0x0000000708e00000, 0x0000000708e00000, 0x0000000709000000|  0%| F|  |TAMS 0x0000000708e00000, 0x0000000708e00000| Untracked 
|  12|0x0000000709000000, 0x0000000709000000, 0x0000000709200000|  0%| F|  |TAMS 0x0000000709000000, 0x0000000709000000| Untracked 
|  13|0x0000000709200000, 0x0000000709200000, 0x0000000709400000|  0%| F|  |TAMS 0x0000000709200000, 0x0000000709200000| Untracked 
|  14|0x0000000709400000, 0x0000000709400000, 0x0000000709600000|  0%| F|  |TAMS 0x0000000709400000, 0x0000000709400000| Untracked 
|  15|0x0000000709600000, 0x0000000709600000, 0x0000000709800000|  0%| F|  |TAMS 0x0000000709600000, 0x0000000709600000| Untracked 
|  16|0x0000000709800000, 0x0000000709800000, 0x0000000709a00000|  0%| F|  |TAMS 0x0000000709800000, 0x0000000709800000| Untracked 
|  17|0x0000000709a00000, 0x0000000709a00000, 0x0000000709c00000|  0%| F|  |TAMS 0x0000000709a00000, 0x0000000709a00000| Untracked 
|  18|0x0000000709c00000, 0x0000000709c00000, 0x0000000709e00000|  0%| F|  |TAMS 0x0000000709c00000, 0x0000000709c00000| Untracked 
|  19|0x0000000709e00000, 0x0000000709e00000, 0x000000070a000000|  0%| F|  |TAMS 0x0000000709e00000, 0x0000000709e00000| Untracked 
|  20|0x000000070a000000, 0x000000070a000000, 0x000000070a200000|  0%| F|  |TAMS 0x000000070a000000, 0x000000070a000000| Untracked 
|  21|0x000000070a200000, 0x000000070a400000, 0x000000070a400000|100%| E|  |TAMS 0x000000070a200000, 0x000000070a200000| Complete 
|  22|0x000000070a400000, 0x000000070a600000, 0x000000070a600000|100%| E|CS|TAMS 0x000000070a400000, 0x000000070a400000| Complete 
|  23|0x000000070a600000, 0x000000070a800000, 0x000000070a800000|100%| E|CS|TAMS 0x000000070a600000, 0x000000070a600000| Complete 
|  24|0x000000070a800000, 0x000000070aa00000, 0x000000070aa00000|100%| E|CS|TAMS 0x000000070a800000, 0x000000070a800000| Complete 
| 101|0x0000000714200000, 0x000000071432dc60, 0x0000000714400000| 58%| S|CS|TAMS 0x0000000714200000, 0x0000000714200000| Complete 
| 102|0x0000000714400000, 0x0000000714600000, 0x0000000714600000|100%| S|CS|TAMS 0x0000000714400000, 0x0000000714400000| Complete 
| 103|0x0000000714600000, 0x0000000714800000, 0x0000000714800000|100%| S|CS|TAMS 0x0000000714600000, 0x0000000714600000| Complete 
| 104|0x0000000714800000, 0x0000000714a00000, 0x0000000714a00000|100%| S|CS|TAMS 0x0000000714800000, 0x0000000714800000| Complete 
| 105|0x0000000714a00000, 0x0000000714c00000, 0x0000000714c00000|100%| S|CS|TAMS 0x0000000714a00000, 0x0000000714a00000| Complete 
| 123|0x0000000716e00000, 0x0000000717000000, 0x0000000717000000|100%| E|CS|TAMS 0x0000000716e00000, 0x0000000716e00000| Complete 
| 124|0x0000000717000000, 0x0000000717200000, 0x0000000717200000|100%| E|CS|TAMS 0x0000000717000000, 0x0000000717000000| Complete 
|1986|0x00000007ffc00000, 0x00000007ffd76000, 0x00000007ffe00000| 73%|OA|  |TAMS 0x00000007ffd76000, 0x00000007ffc00000| Untracked 
|1987|0x00000007ffe00000, 0x00000007ffe82000, 0x0000000800000000| 25%|CA|  |TAMS 0x00000007ffe82000, 0x00000007ffe00000| Untracked 

Card table byte_map: [0x00007fc984cb7000,0x00007fc98547b000] _byte_map_base: 0x00007fc98147b000

Marking Bits (Prev, Next): (CMBitMap*) 0x00007fc99c091c60, (CMBitMap*) 0x00007fc99c091c20
 Prev Bits: [0x00007fc97c8b3000, 0x00007fc9806d3000)
 Next Bits: [0x00007fc9806d3000, 0x00007fc9844f3000)

Polling page: 0x00007fc9a2d77000

Metaspace:

Usage:
  Non-class:     19.38 MB used.
      Class:      2.46 MB used.
       Both:     21.84 MB used.

Virtual space:
  Non-class space:       24.00 MB reserved,      19.50 MB ( 81%) committed,  3 nodes.
      Class space:        1.00 GB reserved,       2.56 MB ( <1%) committed,  1 nodes.
             Both:        1.02 GB reserved,      22.06 MB (  2%) committed. 

Chunk freelists:
   Non-Class:  416.00 KB
       Class:  1.45 MB
        Both:  1.86 MB

MaxMetaspaceSize: unlimited
CompressedClassSpaceSize: 1.00 GB
Initial GC threshold: 21.00 MB
Current GC threshold: 35.12 MB
CDS: on
MetaspaceReclaimPolicy: balanced
 - commit_granule_bytes: 65536.
 - commit_granule_words: 8192.
 - virtual_space_node_default_size: 1048576.
 - enlarge_chunks_in_place: 1.
 - new_chunks_are_fully_committed: 0.
 - uncommit_free_chunks: 1.
 - use_allocation_guard: 0.
 - handle_deallocations: 1.


Internal statistics:

num_allocs_failed_limit: 3.
num_arena_births: 194.
num_arena_deaths: 0.
num_vsnodes_births: 4.
num_vsnodes_deaths: 0.
num_space_committed: 353.
num_space_uncommitted: 0.
num_chunks_returned_to_freelist: 3.
num_chunks_taken_from_freelist: 493.
num_chunk_merges: 0.
num_chunk_splits: 314.
num_chunks_enlarged: 213.
num_purges: 0.
num_inconsistent_stats: 0.

CodeHeap 'non-profiled nmethods': size=120032Kb used=2020Kb max_used=2020Kb free=118011Kb
 bounds [0x00007fc98cf43000, 0x00007fc98d1b3000, 0x00007fc99447b000]
CodeHeap 'profiled nmethods': size=120028Kb used=8315Kb max_used=8315Kb free=111712Kb
 bounds [0x00007fc985a0c000, 0x00007fc98622c000, 0x00007fc98cf43000]
CodeHeap 'non-nmethods': size=5700Kb used=1442Kb max_used=1523Kb free=4257Kb
 bounds [0x00007fc98547b000, 0x00007fc9856eb000, 0x00007fc985a0c000]
 total_blobs=4543 nmethods=3795 adapters=659
 compilation: enabled
              stopped_count=0, restarted_count=0
 full_count=0

Compilation events (20 events):
Event: 20.897 Thread 0x00007fc99c184780 nmethod 3801 0x00007fc986220a90 code [0x00007fc986220cc0, 0x00007fc986221620]
Event: 20.897 Thread 0x00007fc99c184780 3800       3       java.lang.String::subSequence (7 bytes)
Event: 20.897 Thread 0x00007fc99c184780 nmethod 3800 0x00007fc986221910 code [0x00007fc986221ac0, 0x00007fc986221c20]
Event: 20.897 Thread 0x00007fc99c184780 3802       3       java.lang.String::split (327 bytes)
Event: 20.901 Thread 0x00007fc99c184780 nmethod 3802 0x00007fc986221d10 code [0x00007fc9862222e0, 0x00007fc986225e30]
Event: 20.901 Thread 0x00007fc99c184780 3804       3       java.lang.String::split (7 bytes)
Event: 20.902 Thread 0x00007fc99c184780 nmethod 3804 0x00007fc986227310 code [0x00007fc9862274c0, 0x00007fc986227600]
Event: 20.902 Thread 0x00007fc99c184780 3803       3       java.util.AbstractList::subListRangeCheck (110 bytes)
Event: 20.903 Thread 0x00007fc99c184780 nmethod 3803 0x00007fc986227690 code [0x00007fc986227a60, 0x00007fc986228da0]
Event: 20.903 Thread 0x00007fc99c184780 3805       3       java.util.ArrayList::subList (20 bytes)
Event: 20.903 Thread 0x00007fc940189690 3808       4       java.lang.String::equals (56 bytes)
Event: 20.903 Thread 0x00007fc99c184780 nmethod 3805 0x00007fc986229490 code [0x00007fc986229660, 0x00007fc986229a20]
Event: 20.903 Thread 0x00007fc99c184780 3806       3       java.util.ArrayList$SubList::<init> (35 bytes)
Event: 20.904 Thread 0x00007fc99c184780 nmethod 3806 0x00007fc986229b90 code [0x00007fc986229d40, 0x00007fc98622a010]
Event: 20.904 Thread 0x00007fc99c184780 3807       3       java.util.ArrayList$SubList::toArray (79 bytes)
Event: 20.904 Thread 0x00007fc99c184780 nmethod 3807 0x00007fc98622a190 code [0x00007fc98622a3a0, 0x00007fc98622aa60]
Event: 20.904 Thread 0x00007fc940189690 nmethod 3808 0x00007fc98d10f490 code [0x00007fc98d10f620, 0x00007fc98d10f7f8]
Event: 20.904 Thread 0x00007fc940189690 3755       4       javax.swing.RepaintManager::addDirtyRegion (37 bytes)
Event: 21.862 Thread 0x00007fc940189690 nmethod 3755 0x00007fc98d10f890 code [0x00007fc98d10ff80, 0x00007fc98d11eae0]
Event: 21.880 Thread 0x00007fc99c183250 nmethod 3754 0x00007fc98d124c90 code [0x00007fc98d1253c0, 0x00007fc98d135cf0]

GC Heap History (8 events):
Event: 0.597 GC heap before
{Heap before GC invocations=0 (full 0):
 garbage-first heap   total 260096K, used 12256K [0x0000000707800000, 0x0000000800000000)
  region size 2048K, 6 young (12288K), 0 survivors (0K)
 Metaspace       used 6067K, committed 6336K, reserved 1056768K
  class space    used 576K, committed 704K, reserved 1048576K
}
Event: 0.599 GC heap after
{Heap after GC invocations=1 (full 0):
 garbage-first heap   total 260096K, used 4597K [0x0000000707800000, 0x0000000800000000)
  region size 2048K, 1 young (2048K), 1 survivors (2048K)
 Metaspace       used 6067K, committed 6336K, reserved 1056768K
  class space    used 576K, committed 704K, reserved 1048576K
}
Event: 1.173 GC heap before
{Heap before GC invocations=1 (full 0):
 garbage-first heap   total 260096K, used 23029K [0x0000000707800000, 0x0000000800000000)
  region size 2048K, 10 young (20480K), 1 survivors (2048K)
 Metaspace       used 14060K, committed 14272K, reserved 1064960K
  class space    used 1617K, committed 1728K, reserved 1048576K
}
Event: 1.180 GC heap after
{Heap after GC invocations=2 (full 0):
 garbage-first heap   total 260096K, used 7060K [0x0000000707800000, 0x0000000800000000)
  region size 2048K, 2 young (4096K), 2 survivors (4096K)
 Metaspace       used 14060K, committed 14272K, reserved 1064960K
  class space    used 1617K, committed 1728K, reserved 1048576K
}
Event: 4.802 GC heap before
{Heap before GC invocations=2 (full 0):
 garbage-first heap   total 260096K, used 64404K [0x0000000707800000, 0x0000000800000000)
  region size 2048K, 30 young (61440K), 2 survivors (4096K)
 Metaspace       used 18803K, committed 19008K, reserved 1073152K
  class space    used 2168K, committed 2240K, reserved 1048576K
}
Event: 4.812 GC heap after
{Heap after GC invocations=3 (full 0):
 garbage-first heap   total 260096K, used 11207K [0x0000000707800000, 0x0000000800000000)
  region size 2048K, 4 young (8192K), 4 survivors (8192K)
 Metaspace       used 18803K, committed 19008K, reserved 1073152K
  class space    used 2168K, committed 2240K, reserved 1048576K
}
Event: 12.132 GC heap before
{Heap before GC invocations=3 (full 0):
 garbage-first heap   total 260096K, used 48071K [0x0000000707800000, 0x0000000800000000)
  region size 2048K, 23 young (47104K), 4 survivors (8192K)
 Metaspace       used 21290K, committed 21504K, reserved 1073152K
  class space    used 2398K, committed 2496K, reserved 1048576K
}
Event: 12.149 GC heap after
{Heap after GC invocations=4 (full 0):
 garbage-first heap   total 260096K, used 12414K [0x0000000707800000, 0x0000000800000000)
  region size 2048K, 5 young (10240K), 5 survivors (10240K)
 Metaspace       used 21290K, committed 21504K, reserved 1073152K
  class space    used 2398K, committed 2496K, reserved 1048576K
}

Deoptimization events (20 events):
Event: 20.895 Thread 0x00007fc99c554d60 DEOPT PACKING pc=0x00007fc985ff8954 sp=0x00007fc92f1ac0c0
Event: 20.895 Thread 0x00007fc99c554d60 DEOPT UNPACKING pc=0x00007fc9854cd82f sp=0x00007fc92f1ab758 mode 1
Event: 20.895 Thread 0x00007fc99c554d60 DEOPT PACKING pc=0x00007fc985fd5fd4 sp=0x00007fc92f1ac370
Event: 20.895 Thread 0x00007fc99c554d60 DEOPT UNPACKING pc=0x00007fc9854cd82f sp=0x00007fc92f1ab7e8 mode 1
Event: 20.899 Thread 0x00007fc99c554d60 DEOPT PACKING pc=0x00007fc985ff8954 sp=0x00007fc92f1ac0b0
Event: 20.899 Thread 0x00007fc99c554d60 DEOPT UNPACKING pc=0x00007fc9854cd82f sp=0x00007fc92f1ab748 mode 1
Event: 20.899 Thread 0x00007fc99c554d60 DEOPT PACKING pc=0x00007fc985fd5fd4 sp=0x00007fc92f1ac360
Event: 20.899 Thread 0x00007fc99c554d60 DEOPT UNPACKING pc=0x00007fc9854cd82f sp=0x00007fc92f1ab7d8 mode 1
Event: 20.899 Thread 0x00007fc99c554d60 DEOPT PACKING pc=0x00007fc985ff8954 sp=0x00007fc92f1ac0b0
Event: 20.899 Thread 0x00007fc99c554d60 DEOPT UNPACKING pc=0x00007fc9854cd82f sp=0x00007fc92f1ab748 mode 1
Event: 20.899 Thread 0x00007fc99c554d60 DEOPT PACKING pc=0x00007fc985fd5fd4 sp=0x00007fc92f1ac360
Event: 20.899 Thread 0x00007fc99c554d60 DEOPT UNPACKING pc=0x00007fc9854cd82f sp=0x00007fc92f1ab7d8 mode 1
Event: 20.900 Thread 0x00007fc99c554d60 DEOPT PACKING pc=0x00007fc985ff8954 sp=0x00007fc92f1ac0b0
Event: 20.900 Thread 0x00007fc99c554d60 DEOPT UNPACKING pc=0x00007fc9854cd82f sp=0x00007fc92f1ab748 mode 1
Event: 20.900 Thread 0x00007fc99c554d60 DEOPT PACKING pc=0x00007fc985fd5fd4 sp=0x00007fc92f1ac360
Event: 20.900 Thread 0x00007fc99c554d60 DEOPT UNPACKING pc=0x00007fc9854cd82f sp=0x00007fc92f1ab7d8 mode 1
Event: 20.900 Thread 0x00007fc99c554d60 DEOPT PACKING pc=0x00007fc985ff8954 sp=0x00007fc92f1ac0b0
Event: 20.900 Thread 0x00007fc99c554d60 DEOPT UNPACKING pc=0x00007fc9854cd82f sp=0x00007fc92f1ab748 mode 1
Event: 20.900 Thread 0x00007fc99c554d60 DEOPT PACKING pc=0x00007fc985fd5fd4 sp=0x00007fc92f1ac360
Event: 20.900 Thread 0x00007fc99c554d60 DEOPT UNPACKING pc=0x00007fc9854cd82f sp=0x00007fc92f1ab7d8 mode 1

Classes unloaded (0 events):
No events

Classes redefined (1 events):
Event: 544.955 Thread 0x00007fc99c174920 redefined class name=org.lerot.mycontact.mcContact, count=1

Internal exceptions (20 events):
Event: 5.680 Thread 0x00007fc99c0270a0 Exception <a 'java/lang/NullPointerException'{0x00000007157da9d8}> (0x00000007157da9d8) 
thrown [src/hotspot/share/runtime/sharedRuntime.cpp, line 628]
Event: 5.680 Thread 0x00007fc99c0270a0 Implicit null exception at 0x00007fc985dfbce4 to 0x00007fc985dfc4b9
Event: 5.680 Thread 0x00007fc99c0270a0 Exception <a 'java/lang/NullPointerException'{0x00000007157daf58}> (0x00000007157daf58) 
thrown [src/hotspot/share/runtime/sharedRuntime.cpp, line 628]
Event: 5.680 Thread 0x00007fc99c0270a0 Implicit null exception at 0x00007fc985dfbce4 to 0x00007fc985dfc4b9
Event: 5.680 Thread 0x00007fc99c0270a0 Exception <a 'java/lang/NullPointerException'{0x00000007157db268}> (0x00000007157db268) 
thrown [src/hotspot/share/runtime/sharedRuntime.cpp, line 628]
Event: 5.685 Thread 0x00007fc99c0270a0 Implicit null exception at 0x00007fc985dfbce4 to 0x00007fc985dfc4b9
Event: 5.685 Thread 0x00007fc99c0270a0 Exception <a 'java/lang/NullPointerException'{0x00000007157e9118}> (0x00000007157e9118) 
thrown [src/hotspot/share/runtime/sharedRuntime.cpp, line 628]
Event: 5.685 Thread 0x00007fc99c0270a0 Implicit null exception at 0x00007fc985dfbce4 to 0x00007fc985dfc4b9
Event: 5.685 Thread 0x00007fc99c0270a0 Exception <a 'java/lang/NullPointerException'{0x00000007157e9428}> (0x00000007157e9428) 
thrown [src/hotspot/share/runtime/sharedRuntime.cpp, line 628]
Event: 5.690 Thread 0x00007fc99c0270a0 Implicit null exception at 0x00007fc985dfbce4 to 0x00007fc985dfc4b9
Event: 5.690 Thread 0x00007fc99c0270a0 Exception <a 'java/lang/NullPointerException'{0x0000000715429b70}> (0x0000000715429b70) 
thrown [src/hotspot/share/runtime/sharedRuntime.cpp, line 628]
Event: 5.690 Thread 0x00007fc99c0270a0 Implicit null exception at 0x00007fc985dfbce4 to 0x00007fc985dfc4b9
Event: 5.690 Thread 0x00007fc99c0270a0 Exception <a 'java/lang/NullPointerException'{0x0000000715429e80}> (0x0000000715429e80) 
thrown [src/hotspot/share/runtime/sharedRuntime.cpp, line 628]
Event: 12.130 Thread 0x00007fc99c554d60 Exception <a 'java/lang/NoSuchMethodError'{0x0000000714cc0468}: 'int java.lang.invoke.DirectMethodHandle$Holder.invokeStatic(java.lang.Object)'> (0x0000000714cc0468) 
thrown [src/hotspot/share/interpreter/linkResolver.cpp, line 758]
Event: 12.203 Thread 0x00007fc99c554d60 Implicit null exception at 0x00007fc98d096daf to 0x00007fc98d096e6a
Event: 18.591 Thread 0x00007fc99c554d60 Implicit null exception at 0x00007fc98d073f07 to 0x00007fc98d07455c
Event: 20.785 Thread 0x00007fc99c554d60 Implicit null exception at 0x00007fc985dfbce4 to 0x00007fc985dfc4b9
Event: 20.785 Thread 0x00007fc99c554d60 Exception <a 'java/lang/NullPointerException'{0x000000070a62d2e8}> (0x000000070a62d2e8) 
thrown [src/hotspot/share/runtime/sharedRuntime.cpp, line 628]
Event: 20.785 Thread 0x00007fc99c554d60 Implicit null exception at 0x00007fc985dfbce4 to 0x00007fc985dfc4b9
Event: 20.785 Thread 0x00007fc99c554d60 Exception <a 'java/lang/NullPointerException'{0x000000070a62d8a0}> (0x000000070a62d8a0) 
thrown [src/hotspot/share/runtime/sharedRuntime.cpp, line 628]

VM Operations (20 events):
Event: 307.365 Executing VM operation: get/set locals
Event: 307.365 Executing VM operation: get/set locals done
Event: 307.371 Executing VM operation: get/set locals
Event: 307.371 Executing VM operation: get/set locals done
Event: 307.372 Executing VM operation: get/set locals
Event: 307.372 Executing VM operation: get/set locals done
Event: 318.283 Executing VM operation: get/set locals
Event: 318.283 Executing VM operation: get/set locals done
Event: 318.284 Executing VM operation: get/set locals
Event: 318.284 Executing VM operation: get/set locals done
Event: 318.284 Executing VM operation: get/set locals
Event: 318.285 Executing VM operation: get/set locals done
Event: 544.948 Executing VM operation: RedefineClasses
Event: 544.966 Executing VM operation: RedefineClasses done
Event: 544.984 Executing VM operation: ChangeBreakpoints
Event: 544.986 Executing VM operation: ChangeBreakpoints done
Event: 544.992 Executing VM operation: ChangeBreakpoints
Event: 544.993 Executing VM operation: ChangeBreakpoints done
Event: 544.999 Executing VM operation: ChangeBreakpoints
Event: 545.002 Executing VM operation: ChangeBreakpoints done

Events (20 events):
Event: 20.837 loading class org/w3c/dom/events/Event done
Event: 20.837 loading class org/w3c/dom/events/MutationEvent
Event: 20.837 loading class org/w3c/dom/events/MutationEvent done
Event: 20.837 loading class org/w3c/dom/ranges/Range
Event: 20.837 loading class org/w3c/dom/ranges/Range done
Event: 20.837 loading class org/w3c/dom/traversal/TreeWalker
Event: 20.837 loading class org/w3c/dom/traversal/TreeWalker done
Event: 20.837 loading class org/w3c/dom/traversal/NodeIterator
Event: 20.837 loading class org/w3c/dom/traversal/NodeIterator done
Event: 20.857 loading class org/w3c/dom/NamedNodeMap
Event: 20.857 loading class org/w3c/dom/NamedNodeMap done
Event: 20.866 loading class java/text/ParsePosition
Event: 20.867 loading class java/text/ParsePosition done
Event: 20.867 loading class java/text/CalendarBuilder
Event: 20.867 loading class java/text/CalendarBuilder done
Event: 20.897 loading class java/util/ComparableTimSort
Event: 20.897 loading class java/util/ComparableTimSort done
Event: 20.901 Thread 0x00007fc940189690 Thread added: 0x00007fc940189690
Event: 20.903 Protecting memory [0x00007fc96c3ea000,0x00007fc96c3ee000] with protection modes 0
Event: 26.862 Thread 0x00007fc940189690 Thread exited: 0x00007fc940189690


Dynamic libraries:
707800000-70aa00000 rw-p 00000000 00:00 0 
70aa00000-714200000 ---p 00000000 00:00 0 
714200000-714c00000 rw-p 00000000 00:00 0 
714c00000-716e00000 ---p 00000000 00:00 0 
716e00000-717200000 rw-p 00000000 00:00 0 
717200000-7ffc00000 ---p 00000000 00:00 0 
7ffc00000-7ffd00000 rw-p 00000000 00:00 0 
7ffd00000-7ffd76000 rw-p 00c9b000 08:11 9309494                          /home/paul/installations/jdk-17.0.4.1+1/lib/server/classes.jsa
7ffd76000-7ffe00000 rw-p 00000000 00:00 0 
7ffe00000-7ffe82000 rw-p 00c19000 08:11 9309494                          /home/paul/installations/jdk-17.0.4.1+1/lib/server/classes.jsa
7ffe82000-800000000 rw-p 00000000 00:00 0 
800000000-800be0000 rw-p 00001000 08:11 9309494                          /home/paul/installations/jdk-17.0.4.1+1/lib/server/classes.jsa
800be0000-800c00000 ---p 00000000 00:00 0 
800c00000-800c20000 rw-p 00000000 00:00 0 
800c20000-800c40000 rw-p 00000000 00:00 0 
800c40000-800cc0000 rw-p 00000000 00:00 0 
800cc0000-800ce0000 rw-p 00000000 00:00 0 
800ce0000-800d20000 rw-p 00000000 00:00 0 
800d20000-800d40000 rw-p 00000000 00:00 0 
800d40000-800dc0000 rw-p 00000000 00:00 0 
800dc0000-800e40000 rw-p 00000000 00:00 0 
800e40000-800e90000 rw-p 00000000 00:00 0 
800e90000-840c00000 ---p 00000000 00:00 0 
562695576000-562695577000 r--p 00000000 08:11 9309550                    /home/paul/installations/jdk-17.0.4.1+1/bin/java
562695577000-562695578000 r-xp 00001000 08:11 9309550                    /home/paul/installations/jdk-17.0.4.1+1/bin/java
562695578000-562695579000 r--p 00002000 08:11 9309550                    /home/paul/installations/jdk-17.0.4.1+1/bin/java
562695579000-56269557a000 r--p 00002000 08:11 9309550                    /home/paul/installations/jdk-17.0.4.1+1/bin/java
56269557a000-56269557b000 rw-p 00003000 08:11 9309550                    /home/paul/installations/jdk-17.0.4.1+1/bin/java
562695699000-5626956ba000 rw-p 00000000 00:00 0                          [heap]
7fc8fc000000-7fc8fc1e8000 rw-p 00000000 00:00 0 
7fc8fc1e8000-7fc900000000 ---p 00000000 00:00 0 
7fc900000000-7fc9018fa000 rw-p 00000000 00:00 0 
7fc9018fa000-7fc904000000 ---p 00000000 00:00 0 
7fc904000000-7fc904034000 rw-p 00000000 00:00 0 
7fc904034000-7fc908000000 ---p 00000000 00:00 0 
7fc908000000-7fc908021000 rw-p 00000000 00:00 0 
7fc908021000-7fc90c000000 ---p 00000000 00:00 0 
7fc90c000000-7fc90c021000 rw-p 00000000 00:00 0 
7fc90c021000-7fc910000000 ---p 00000000 00:00 0 
7fc910000000-7fc910021000 rw-p 00000000 00:00 0 
7fc910021000-7fc914000000 ---p 00000000 00:00 0 
7fc914000000-7fc914021000 rw-p 00000000 00:00 0 
7fc914021000-7fc918000000 ---p 00000000 00:00 0 
7fc918000000-7fc918021000 rw-p 00000000 00:00 0 
7fc918021000-7fc91c000000 ---p 00000000 00:00 0 
7fc91c000000-7fc91c021000 rw-p 00000000 00:00 0 
7fc91c021000-7fc920000000 ---p 00000000 00:00 0 
7fc920000000-7fc920021000 rw-p 00000000 00:00 0 
7fc920021000-7fc924000000 ---p 00000000 00:00 0 
7fc924000000-7fc924021000 rw-p 00000000 00:00 0 
7fc924021000-7fc928000000 ---p 00000000 00:00 0 
7fc928000000-7fc928021000 rw-p 00000000 00:00 0 
7fc928021000-7fc92c000000 ---p 00000000 00:00 0 
7fc92da00000-7fc92da04000 ---p 00000000 00:00 0 
7fc92da04000-7fc92db00000 rw-p 00000000 00:00 0 
7fc92db00000-7fc92db04000 ---p 00000000 00:00 0 
7fc92db04000-7fc92dd00000 rw-p 00000000 00:00 0 
7fc92dd00000-7fc92dd80000 rw-p 00000000 00:00 0 
7fc92dd80000-7fc92dee0000 rw-p 00000000 00:00 0 
7fc92dee0000-7fc92df00000 ---p 00000000 00:00 0 
7fc92df00000-7fc92dfa0000 rw-p 00000000 00:00 0 
7fc92dfa0000-7fc92e400000 ---p 00000000 00:00 0 
7fc92e400000-7fc92e4af000 r-xp 00000000 08:02 262310                     /tmp/sqlite-3.7.151-amd64-libsqlitejdbc.so
7fc92e4af000-7fc92e6af000 ---p 000af000 08:02 262310                     /tmp/sqlite-3.7.151-amd64-libsqlitejdbc.so
7fc92e6af000-7fc92e6b1000 r--p 000af000 08:02 262310                     /tmp/sqlite-3.7.151-amd64-libsqlitejdbc.so
7fc92e6b1000-7fc92e6b3000 rw-p 000b1000 08:02 262310                     /tmp/sqlite-3.7.151-amd64-libsqlitejdbc.so
7fc92e6b3000-7fc92e6b4000 rw-p 00000000 00:00 0 
7fc92e700000-7fc92e704000 ---p 00000000 00:00 0 
7fc92e704000-7fc92e840000 rw-p 00000000 00:00 0 
7fc92e840000-7fc92e880000 rw-p 00000000 00:00 0 
7fc92e880000-7fc92e900000 rw-p 00000000 00:00 0 
7fc92e900000-7fc92eb00000 rw-p 00000000 00:00 0 
7fc92eb00000-7fc92eb40000 rw-p 00000000 00:00 0 
7fc92eb40000-7fc92eb80000 rw-p 00000000 00:00 0 
7fc92eb80000-7fc92ed00000 rw-p 00000000 00:00 0 
7fc92ed00000-7fc92ee00000 rw-p 00000000 00:00 0 
7fc92ee00000-7fc92ef80000 rw-p 00000000 00:00 0 
7fc92ef80000-7fc92f000000 rw-p 00000000 00:00 0 
7fc92f0af000-7fc92f0b3000 ---p 00000000 00:00 0 
7fc92f0b3000-7fc92f1af000 rw-p 00000000 00:00 0 
7fc92f1af000-7fc92f1b3000 ---p 00000000 00:00 0 
7fc92f1b3000-7fc92f2af000 rw-p 00000000 00:00 0 
7fc92f2af000-7fc92f2b3000 ---p 00000000 00:00 0 
7fc92f2b3000-7fc92f3af000 rw-p 00000000 00:00 0 
7fc92f3af000-7fc92f3b0000 ---p 00000000 00:00 0 
7fc92f3b0000-7fc92f4b1000 rw-p 00000000 00:00 0 
7fc92f4b1000-7fc92f4b2000 ---p 00000000 00:00 0 
7fc92f4b2000-7fc92f5b3000 rw-p 00000000 00:00 0 
7fc92f5b3000-7fc92f5b4000 ---p 00000000 00:00 0 
7fc92f5b4000-7fc92f6b5000 rw-p 00000000 00:00 0 
7fc92f6b5000-7fc92f6b9000 ---p 00000000 00:00 0 
7fc92f6b9000-7fc92f7b5000 rw-p 00000000 00:00 0 
7fc92f7b5000-7fc92f7b9000 ---p 00000000 00:00 0 
7fc92f7b9000-7fc92f8b5000 rw-p 00000000 00:00 0 
7fc92f8b5000-7fc92f8b7000 r--p 00000000 08:02 531898                     /usr/lib/x86_64-linux-gnu/libXfixes.so.3.1.0
7fc92f8b7000-7fc92f8ba000 r-xp 00002000 08:02 531898                     /usr/lib/x86_64-linux-gnu/libXfixes.so.3.1.0
7fc92f8ba000-7fc92f8bb000 r--p 00005000 08:02 531898                     /usr/lib/x86_64-linux-gnu/libXfixes.so.3.1.0
7fc92f8bb000-7fc92f8bc000 r--p 00006000 08:02 531898                     /usr/lib/x86_64-linux-gnu/libXfixes.so.3.1.0
7fc92f8bc000-7fc92f8bd000 rw-p 00007000 08:02 531898                     /usr/lib/x86_64-linux-gnu/libXfixes.so.3.1.0
7fc92f8bd000-7fc92f8bf000 r--p 00000000 08:02 531890                     /usr/lib/x86_64-linux-gnu/libXcursor.so.1.0.2
7fc92f8bf000-7fc92f8c5000 r-xp 00002000 08:02 531890                     /usr/lib/x86_64-linux-gnu/libXcursor.so.1.0.2
7fc92f8c5000-7fc92f8c7000 r--p 00008000 08:02 531890                     /usr/lib/x86_64-linux-gnu/libXcursor.so.1.0.2
7fc92f8c7000-7fc92f8c8000 r--p 00009000 08:02 531890                     /usr/lib/x86_64-linux-gnu/libXcursor.so.1.0.2
7fc92f8c8000-7fc92f8c9000 rw-p 0000a000 08:02 531890                     /usr/lib/x86_64-linux-gnu/libXcursor.so.1.0.2
7fc92f8c9000-7fc92f8ca000 r--p 00000000 08:02 532168                     /usr/lib/x86_64-linux-gnu/libbrotlicommon.so.1.0.9
7fc92f8ca000-7fc92f8cb000 r-xp 00001000 08:02 532168                     /usr/lib/x86_64-linux-gnu/libbrotlicommon.so.1.0.9
7fc92f8cb000-7fc92f8ea000 r--p 00002000 08:02 532168                     /usr/lib/x86_64-linux-gnu/libbrotlicommon.so.1.0.9
7fc92f8ea000-7fc92f8eb000 r--p 00020000 08:02 532168                     /usr/lib/x86_64-linux-gnu/libbrotlicommon.so.1.0.9
7fc92f8eb000-7fc92f8ec000 rw-p 00021000 08:02 532168                     /usr/lib/x86_64-linux-gnu/libbrotlicommon.so.1.0.9
7fc92f8ec000-7fc92f8ed000 r--p 00000000 08:02 532170                     /usr/lib/x86_64-linux-gnu/libbrotlidec.so.1.0.9
7fc92f8ed000-7fc92f8f5000 r-xp 00001000 08:02 532170                     /usr/lib/x86_64-linux-gnu/libbrotlidec.so.1.0.9
7fc92f8f5000-7fc92f8f8000 r--p 00009000 08:02 532170                     /usr/lib/x86_64-linux-gnu/libbrotlidec.so.1.0.9
7fc92f8f8000-7fc92f8f9000 r--p 0000b000 08:02 532170                     /usr/lib/x86_64-linux-gnu/libbrotlidec.so.1.0.9
7fc92f8f9000-7fc92f8fa000 rw-p 0000c000 08:02 532170                     /usr/lib/x86_64-linux-gnu/libbrotlidec.so.1.0.9
7fc92f8fa000-7fc92f8ff000 r--p 00000000 08:02 533075                     /usr/lib/x86_64-linux-gnu/libpng16.so.16.37.0
7fc92f8ff000-7fc92f928000 r-xp 00005000 08:02 533075                     /usr/lib/x86_64-linux-gnu/libpng16.so.16.37.0
7fc92f928000-7fc92f933000 r--p 0002e000 08:02 533075                     /usr/lib/x86_64-linux-gnu/libpng16.so.16.37.0
7fc92f933000-7fc92f934000 r--p 00038000 08:02 533075                     /usr/lib/x86_64-linux-gnu/libpng16.so.16.37.0
7fc92f934000-7fc92f935000 rw-p 00039000 08:02 533075                     /usr/lib/x86_64-linux-gnu/libpng16.so.16.37.0
7fc92f935000-7fc92f942000 r--p 00000000 08:02 532450                     /usr/lib/x86_64-linux-gnu/libfreetype.so.6.18.1
7fc92f942000-7fc92f9cb000 r-xp 0000d000 08:02 532450                     /usr/lib/x86_64-linux-gnu/libfreetype.so.6.18.1
7fc92f9cb000-7fc92f9f4000 r--p 00096000 08:02 532450                     /usr/lib/x86_64-linux-gnu/libfreetype.so.6.18.1
7fc92f9f4000-7fc92f9f5000 ---p 000bf000 08:02 532450                     /usr/lib/x86_64-linux-gnu/libfreetype.so.6.18.1
7fc92f9f5000-7fc92f9fc000 r--p 000bf000 08:02 532450                     /usr/lib/x86_64-linux-gnu/libfreetype.so.6.18.1
7fc92f9fc000-7fc92f9fd000 rw-p 000c6000 08:02 532450                     /usr/lib/x86_64-linux-gnu/libfreetype.so.6.18.1
7fc92f9fd000-7fc92fa03000 r--p 00000000 08:11 9309470                    /home/paul/installations/jdk-17.0.4.1+1/lib/libfontmanager.so
7fc92fa03000-7fc92fb3d000 r-xp 00006000 08:11 9309470                    /home/paul/installations/jdk-17.0.4.1+1/lib/libfontmanager.so
7fc92fb3d000-7fc92fb7e000 r--p 00140000 08:11 9309470                    /home/paul/installations/jdk-17.0.4.1+1/lib/libfontmanager.so
7fc92fb7e000-7fc92fb80000 r--p 00180000 08:11 9309470                    /home/paul/installations/jdk-17.0.4.1+1/lib/libfontmanager.so
7fc92fb80000-7fc92fb81000 rw-p 00182000 08:11 9309470                    /home/paul/installations/jdk-17.0.4.1+1/lib/libfontmanager.so
7fc92fb81000-7fc92fb82000 rw-p 00000000 00:00 0 
7fc92fb82000-7fc92fb84000 r--p 00000000 08:02 532840                     /usr/lib/x86_64-linux-gnu/libmd.so.0.0.5
7fc92fb84000-7fc92fb8b000 r-xp 00002000 08:02 532840                     /usr/lib/x86_64-linux-gnu/libmd.so.0.0.5
7fc92fb8b000-7fc92fb8d000 r--p 00009000 08:02 532840                     /usr/lib/x86_64-linux-gnu/libmd.so.0.0.5
7fc92fb8d000-7fc92fb8e000 r--p 0000a000 08:02 532840                     /usr/lib/x86_64-linux-gnu/libmd.so.0.0.5
7fc92fb8e000-7fc92fb8f000 rw-p 0000b000 08:02 532840                     /usr/lib/x86_64-linux-gnu/libmd.so.0.0.5
7fc92fb8f000-7fc92fb93000 r--p 00000000 08:02 532174                     /usr/lib/x86_64-linux-gnu/libbsd.so.0.11.5
7fc92fb93000-7fc92fba0000 r-xp 00004000 08:02 532174                     /usr/lib/x86_64-linux-gnu/libbsd.so.0.11.5
7fc92fba0000-7fc92fba3000 r--p 00011000 08:02 532174                     /usr/lib/x86_64-linux-gnu/libbsd.so.0.11.5
7fc92fba3000-7fc92fba4000 ---p 00014000 08:02 532174                     /usr/lib/x86_64-linux-gnu/libbsd.so.0.11.5
7fc92fba4000-7fc92fba5000 r--p 00014000 08:02 532174                     /usr/lib/x86_64-linux-gnu/libbsd.so.0.11.5
7fc92fba5000-7fc92fba6000 rw-p 00015000 08:02 532174                     /usr/lib/x86_64-linux-gnu/libbsd.so.0.11.5
7fc92fba6000-7fc92fba7000 rw-p 00000000 00:00 0 
7fc92fba7000-7fc92fbb2000 r--p 00000000 08:02 533496                     /usr/lib/x86_64-linux-gnu/libxcb.so.1.1.0
7fc92fbb2000-7fc92fbc6000 r-xp 0000b000 08:02 533496                     /usr/lib/x86_64-linux-gnu/libxcb.so.1.1.0
7fc92fbc6000-7fc92fbcf000 r--p 0001f000 08:02 533496                     /usr/lib/x86_64-linux-gnu/libxcb.so.1.1.0
7fc92fbcf000-7fc92fbd0000 r--p 00027000 08:02 533496                     /usr/lib/x86_64-linux-gnu/libxcb.so.1.1.0
7fc92fbd0000-7fc92fbd1000 rw-p 00028000 08:02 533496                     /usr/lib/x86_64-linux-gnu/libxcb.so.1.1.0
7fc92fbd1000-7fc92fbea000 r--p 00000000 08:02 531879                     /usr/lib/x86_64-linux-gnu/libX11.so.6.4.0
7fc92fbea000-7fc92fc76000 r-xp 00019000 08:02 531879                     /usr/lib/x86_64-linux-gnu/libX11.so.6.4.0
7fc92fc76000-7fc92fd0b000 r--p 000a5000 08:02 531879                     /usr/lib/x86_64-linux-gnu/libX11.so.6.4.0
7fc92fd0b000-7fc92fd0c000 ---p 0013a000 08:02 531879                     /usr/lib/x86_64-linux-gnu/libX11.so.6.4.0
7fc92fd0c000-7fc92fd0d000 r--p 0013a000 08:02 531879                     /usr/lib/x86_64-linux-gnu/libX11.so.6.4.0
7fc92fd0d000-7fc92fd11000 rw-p 0013b000 08:02 531879                     /usr/lib/x86_64-linux-gnu/libX11.so.6.4.0
7fc92fd11000-7fc92fd3e000 r--p 00000000 08:11 9309505                    /home/paul/installations/jdk-17.0.4.1+1/lib/libawt.so
7fc92fd3e000-7fc92fdc0000 r-xp 0002d000 08:11 9309505                    /home/paul/installations/jdk-17.0.4.1+1/lib/libawt.so
7fc92fdc0000-7fc92fdcd000 r--p 000af000 08:11 9309505                    /home/paul/installations/jdk-17.0.4.1+1/lib/libawt.so
7fc92fdcd000-7fc92fdce000 r--p 000bb000 08:11 9309505                    /home/paul/installations/jdk-17.0.4.1+1/lib/libawt.so
7fc92fdce000-7fc92fdd9000 rw-p 000bc000 08:11 9309505                    /home/paul/installations/jdk-17.0.4.1+1/lib/libawt.so
7fc92fdd9000-7fc92fdfe000 rw-p 00000000 00:00 0 
7fc92fdfe000-7fc92fdff000 ---p 00000000 00:00 0 
7fc92fdff000-7fc92ff00000 rw-p 00000000 00:00 0 
7fc92ff00000-7fc92ff04000 ---p 00000000 00:00 0 
7fc92ff04000-7fc930000000 rw-p 00000000 00:00 0 
7fc930000000-7fc930446000 rw-p 00000000 00:00 0 
7fc930446000-7fc934000000 ---p 00000000 00:00 0 
7fc934000000-7fc934021000 rw-p 00000000 00:00 0 
7fc934021000-7fc938000000 ---p 00000000 00:00 0 
7fc938000000-7fc938021000 rw-p 00000000 00:00 0 
7fc938021000-7fc93c000000 ---p 00000000 00:00 0 
7fc93c000000-7fc93e8a2000 rw-p 00000000 00:00 0 
7fc93e8a2000-7fc940000000 ---p 00000000 00:00 0 
7fc940000000-7fc94093b000 rw-p 00000000 00:00 0 
7fc94093b000-7fc944000000 ---p 00000000 00:00 0 
7fc944000000-7fc944021000 rw-p 00000000 00:00 0 
7fc944021000-7fc948000000 ---p 00000000 00:00 0 
7fc948000000-7fc948021000 rw-p 00000000 00:00 0 
7fc948021000-7fc94c000000 ---p 00000000 00:00 0 
7fc94c000000-7fc94ea89000 rw-p 00000000 00:00 0 
7fc94ea89000-7fc950000000 ---p 00000000 00:00 0 
7fc950000000-7fc950021000 rw-p 00000000 00:00 0 
7fc950021000-7fc954000000 ---p 00000000 00:00 0 
7fc954000000-7fc954021000 rw-p 00000000 00:00 0 
7fc954021000-7fc958000000 ---p 00000000 00:00 0 
7fc958000000-7fc958021000 rw-p 00000000 00:00 0 
7fc958021000-7fc95c000000 ---p 00000000 00:00 0 
7fc95c000000-7fc95c1ce000 rw-p 00000000 00:00 0 
7fc95c1ce000-7fc960000000 ---p 00000000 00:00 0 
7fc960000000-7fc960021000 rw-p 00000000 00:00 0 
7fc960021000-7fc964000000 ---p 00000000 00:00 0 
7fc964000000-7fc964021000 rw-p 00000000 00:00 0 
7fc964021000-7fc968000000 ---p 00000000 00:00 0 
7fc968000000-7fc968021000 rw-p 00000000 00:00 0 
7fc968021000-7fc96c000000 ---p 00000000 00:00 0 
7fc96c002000-7fc96c005000 r--p 00000000 08:02 531904                     /usr/lib/x86_64-linux-gnu/libXi.so.6.1.0
7fc96c005000-7fc96c011000 r-xp 00003000 08:02 531904                     /usr/lib/x86_64-linux-gnu/libXi.so.6.1.0
7fc96c011000-7fc96c014000 r--p 0000f000 08:02 531904                     /usr/lib/x86_64-linux-gnu/libXi.so.6.1.0
7fc96c014000-7fc96c015000 r--p 00011000 08:02 531904                     /usr/lib/x86_64-linux-gnu/libXi.so.6.1.0
7fc96c015000-7fc96c016000 rw-p 00012000 08:02 531904                     /usr/lib/x86_64-linux-gnu/libXi.so.6.1.0
7fc96c016000-7fc96c01a000 r--p 00000000 08:11 9309486                    /home/paul/installations/jdk-17.0.4.1+1/lib/libverify.so
7fc96c01a000-7fc96c021000 r-xp 00004000 08:11 9309486                    /home/paul/installations/jdk-17.0.4.1+1/lib/libverify.so
7fc96c021000-7fc96c023000 r--p 0000b000 08:11 9309486                    /home/paul/installations/jdk-17.0.4.1+1/lib/libverify.so
7fc96c023000-7fc96c025000 r--p 0000c000 08:11 9309486                    /home/paul/installations/jdk-17.0.4.1+1/lib/libverify.so
7fc96c025000-7fc96c026000 rw-p 0000e000 08:11 9309486                    /home/paul/installations/jdk-17.0.4.1+1/lib/libverify.so
7fc96c02a000-7fc96c02b000 r--p 00000000 08:02 531906                     /usr/lib/x86_64-linux-gnu/libXinerama.so.1.0.0
7fc96c02b000-7fc96c02c000 r-xp 00001000 08:02 531906                     /usr/lib/x86_64-linux-gnu/libXinerama.so.1.0.0
7fc96c02c000-7fc96c02d000 r--p 00002000 08:02 531906                     /usr/lib/x86_64-linux-gnu/libXinerama.so.1.0.0
7fc96c02d000-7fc96c02e000 r--p 00003000 08:02 531906                     /usr/lib/x86_64-linux-gnu/libXinerama.so.1.0.0
7fc96c02e000-7fc96c02f000 rw-p 00004000 08:02 531906                     /usr/lib/x86_64-linux-gnu/libXinerama.so.1.0.0
7fc96c02f000-7fc96c031000 r--p 00000000 08:02 531894                     /usr/lib/x86_64-linux-gnu/libXdmcp.so.6.0.0
7fc96c031000-7fc96c033000 r-xp 00002000 08:02 531894                     /usr/lib/x86_64-linux-gnu/libXdmcp.so.6.0.0
7fc96c033000-7fc96c035000 r--p 00004000 08:02 531894                     /usr/lib/x86_64-linux-gnu/libXdmcp.so.6.0.0
7fc96c035000-7fc96c036000 r--p 00005000 08:02 531894                     /usr/lib/x86_64-linux-gnu/libXdmcp.so.6.0.0
7fc96c036000-7fc96c037000 rw-p 00006000 08:02 531894                     /usr/lib/x86_64-linux-gnu/libXdmcp.so.6.0.0
7fc96c037000-7fc96c039000 r--p 00000000 08:02 531922                     /usr/lib/x86_64-linux-gnu/libXtst.so.6.1.0
7fc96c039000-7fc96c03c000 r-xp 00002000 08:02 531922                     /usr/lib/x86_64-linux-gnu/libXtst.so.6.1.0
7fc96c03c000-7fc96c03d000 r--p 00005000 08:02 531922                     /usr/lib/x86_64-linux-gnu/libXtst.so.6.1.0
7fc96c03d000-7fc96c03e000 r--p 00005000 08:02 531922                     /usr/lib/x86_64-linux-gnu/libXtst.so.6.1.0
7fc96c03e000-7fc96c03f000 rw-p 00006000 08:02 531922                     /usr/lib/x86_64-linux-gnu/libXtst.so.6.1.0
7fc96c03f000-7fc96c041000 r--p 00000000 08:02 531916                     /usr/lib/x86_64-linux-gnu/libXrender.so.1.3.0
7fc96c041000-7fc96c048000 r-xp 00002000 08:02 531916                     /usr/lib/x86_64-linux-gnu/libXrender.so.1.3.0
7fc96c048000-7fc96c04a000 r--p 00009000 08:02 531916                     /usr/lib/x86_64-linux-gnu/libXrender.so.1.3.0
7fc96c04a000-7fc96c04b000 r--p 0000a000 08:02 531916                     /usr/lib/x86_64-linux-gnu/libXrender.so.1.3.0
7fc96c04b000-7fc96c04c000 rw-p 0000b000 08:02 531916                     /usr/lib/x86_64-linux-gnu/libXrender.so.1.3.0
7fc96c04c000-7fc96c050000 r--p 00000000 08:02 531896                     /usr/lib/x86_64-linux-gnu/libXext.so.6.4.0
7fc96c050000-7fc96c05b000 r-xp 00004000 08:02 531896                     /usr/lib/x86_64-linux-gnu/libXext.so.6.4.0
7fc96c05b000-7fc96c05f000 r--p 0000f000 08:02 531896                     /usr/lib/x86_64-linux-gnu/libXext.so.6.4.0
7fc96c05f000-7fc96c060000 r--p 00012000 08:02 531896                     /usr/lib/x86_64-linux-gnu/libXext.so.6.4.0
7fc96c060000-7fc96c061000 rw-p 00013000 08:02 531896                     /usr/lib/x86_64-linux-gnu/libXext.so.6.4.0
7fc96c076000-7fc96c086000 r--p 00000000 08:11 9309521                    /home/paul/installations/jdk-17.0.4.1+1/lib/libawt_xawt.so
7fc96c086000-7fc96c0c3000 r-xp 00010000 08:11 9309521                    /home/paul/installations/jdk-17.0.4.1+1/lib/libawt_xawt.so
7fc96c0c3000-7fc96c0d4000 r--p 0004d000 08:11 9309521                    /home/paul/installations/jdk-17.0.4.1+1/lib/libawt_xawt.so
7fc96c0d4000-7fc96c0d5000 ---p 0005e000 08:11 9309521                    /home/paul/installations/jdk-17.0.4.1+1/lib/libawt_xawt.so
7fc96c0d5000-7fc96c0d6000 r--p 0005e000 08:11 9309521                    /home/paul/installations/jdk-17.0.4.1+1/lib/libawt_xawt.so
7fc96c0d6000-7fc96c0d8000 rw-p 0005f000 08:11 9309521                    /home/paul/installations/jdk-17.0.4.1+1/lib/libawt_xawt.so
7fc96c0d8000-7fc96c0da000 rw-p 00000000 00:00 0 
7fc96c0da000-7fc96c0de000 ---p 00000000 00:00 0 
7fc96c0de000-7fc96c1da000 rw-p 00000000 00:00 0 
7fc96c1da000-7fc96c1de000 ---p 00000000 00:00 0 
7fc96c1de000-7fc96c2da000 rw-p 00000000 00:00 0 
7fc96c2da000-7fc96c2de000 ---p 00000000 00:00 0 
7fc96c2de000-7fc96c3da000 rw-p 00000000 00:00 0 
7fc96c3da000-7fc96c3dc000 r--p 00000000 08:11 9309488                    /home/paul/installations/jdk-17.0.4.1+1/lib/libdt_socket.so
7fc96c3dc000-7fc96c3df000 r-xp 00002000 08:11 9309488                    /home/paul/installations/jdk-17.0.4.1+1/lib/libdt_socket.so
7fc96c3df000-7fc96c3e0000 r--p 00005000 08:11 9309488                    /home/paul/installations/jdk-17.0.4.1+1/lib/libdt_socket.so
7fc96c3e0000-7fc96c3e1000 ---p 00006000 08:11 9309488                    /home/paul/installations/jdk-17.0.4.1+1/lib/libdt_socket.so
7fc96c3e1000-7fc96c3e2000 r--p 00006000 08:11 9309488                    /home/paul/installations/jdk-17.0.4.1+1/lib/libdt_socket.so
7fc96c3e2000-7fc96c3e3000 rw-p 00007000 08:11 9309488                    /home/paul/installations/jdk-17.0.4.1+1/lib/libdt_socket.so
7fc96c3e3000-7fc96c3ea000 r--s 00000000 08:02 1050014                    /usr/lib/x86_64-linux-gnu/gconv/gconv-modules.cache
7fc96c3ea000-7fc96c3ee000 ---p 00000000 00:00 0 
7fc96c3ee000-7fc96c4ea000 rw-p 00000000 00:00 0 
7fc96c4ea000-7fc96c4ee000 ---p 00000000 00:00 0 
7fc96c4ee000-7fc96c5ea000 rw-p 00000000 00:00 0 
7fc96c5ea000-7fc96c5ee000 r--p 00000000 08:11 9309509                    /home/paul/installations/jdk-17.0.4.1+1/lib/libnet.so
7fc96c5ee000-7fc96c5fc000 r-xp 00004000 08:11 9309509                    /home/paul/installations/jdk-17.0.4.1+1/lib/libnet.so
7fc96c5fc000-7fc96c600000 r--p 00012000 08:11 9309509                    /home/paul/installations/jdk-17.0.4.1+1/lib/libnet.so
7fc96c600000-7fc96c601000 r--p 00015000 08:11 9309509                    /home/paul/installations/jdk-17.0.4.1+1/lib/libnet.so
7fc96c601000-7fc96c602000 rw-p 00016000 08:11 9309509                    /home/paul/installations/jdk-17.0.4.1+1/lib/libnet.so
7fc96c602000-7fc96c609000 r--p 00000000 08:11 9309489                    /home/paul/installations/jdk-17.0.4.1+1/lib/libnio.so
7fc96c609000-7fc96c612000 r-xp 00007000 08:11 9309489                    /home/paul/installations/jdk-17.0.4.1+1/lib/libnio.so
7fc96c612000-7fc96c616000 r--p 00010000 08:11 9309489                    /home/paul/installations/jdk-17.0.4.1+1/lib/libnio.so
7fc96c616000-7fc96c617000 ---p 00014000 08:11 9309489                    /home/paul/installations/jdk-17.0.4.1+1/lib/libnio.so
7fc96c617000-7fc96c618000 r--p 00014000 08:11 9309489                    /home/paul/installations/jdk-17.0.4.1+1/lib/libnio.so
7fc96c618000-7fc96c619000 rw-p 00015000 08:11 9309489                    /home/paul/installations/jdk-17.0.4.1+1/lib/libnio.so
7fc96c619000-7fc96c61d000 ---p 00000000 00:00 0 
7fc96c61d000-7fc96c719000 rw-p 00000000 00:00 0 
7fc96c719000-7fc96c71d000 ---p 00000000 00:00 0 
7fc96c71d000-7fc96c819000 rw-p 00000000 00:00 0 
7fc96c819000-7fc96c81d000 ---p 00000000 00:00 0 
7fc96c81d000-7fc96c919000 rw-p 00000000 00:00 0 
7fc96c919000-7fc96c91d000 ---p 00000000 00:00 0 
7fc96c91d000-7fc96ca19000 rw-p 00000000 00:00 0 
7fc96ca19000-7fc96d800000 r--p 00000000 08:02 530024                     /usr/lib/locale/locale-archive
7fc96d800000-7fc96dc00000 rw-p 00000000 00:00 0 
7fc96dc00000-7fc96dcc0000 rw-p 00000000 00:00 0 
7fc96dcc0000-7fc96dd00000 rw-p 00000000 00:00 0 
7fc96dd00000-7fc96df00000 rw-p 00000000 00:00 0 
7fc96df00000-7fc96df80000 rw-p 00000000 00:00 0 
7fc96df80000-7fc970000000 rw-p 00000000 00:00 0 
7fc970000000-7fc970021000 rw-p 00000000 00:00 0 
7fc970021000-7fc974000000 ---p 00000000 00:00 0 
7fc974000000-7fc974021000 rw-p 00000000 00:00 0 
7fc974021000-7fc978000000 ---p 00000000 00:00 0 
7fc978000000-7fc978021000 rw-p 00000000 00:00 0 
7fc978021000-7fc97c000000 ---p 00000000 00:00 0 
7fc97c000000-7fc97c004000 ---p 00000000 00:00 0 
7fc97c004000-7fc97c100000 rw-p 00000000 00:00 0 
7fc97c100000-7fc97c104000 ---p 00000000 00:00 0 
7fc97c104000-7fc97c200000 rw-p 00000000 00:00 0 
7fc97c200000-7fc97c204000 ---p 00000000 00:00 0 
7fc97c204000-7fc97c300000 rw-p 00000000 00:00 0 
7fc97c300000-7fc97c304000 ---p 00000000 00:00 0 
7fc97c304000-7fc97c400000 rw-p 00000000 00:00 0 
7fc97c400000-7fc97c401000 ---p 00000000 00:00 0 
7fc97c401000-7fc97c502000 rw-p 00000000 00:00 0 
7fc97c502000-7fc97c507000 r--p 00000000 08:11 9309471                    /home/paul/installations/jdk-17.0.4.1+1/lib/libjsvml.so
7fc97c507000-7fc97c548000 r-xp 00005000 08:11 9309471                    /home/paul/installations/jdk-17.0.4.1+1/lib/libjsvml.so
7fc97c548000-7fc97c5d1000 r--p 00046000 08:11 9309471                    /home/paul/installations/jdk-17.0.4.1+1/lib/libjsvml.so
7fc97c5d1000-7fc97c5d2000 r--p 000ce000 08:11 9309471                    /home/paul/installations/jdk-17.0.4.1+1/lib/libjsvml.so
7fc97c5d2000-7fc97c5d3000 rw-p 000cf000 08:11 9309471                    /home/paul/installations/jdk-17.0.4.1+1/lib/libjsvml.so
7fc97c5d3000-7fc97c6af000 rw-p 00000000 00:00 0 
7fc97c6af000-7fc97c6b0000 ---p 00000000 00:00 0 
7fc97c6b0000-7fc97c7b1000 rw-p 00000000 00:00 0 
7fc97c7b1000-7fc97c7b2000 ---p 00000000 00:00 0 
7fc97c7b2000-7fc97c97b000 rw-p 00000000 00:00 0 
7fc97c97b000-7fc97cbdb000 ---p 00000000 00:00 0 
7fc97cbdb000-7fc97cc03000 rw-p 00000000 00:00 0 
7fc97cc03000-7fc97cc8b000 ---p 00000000 00:00 0 
7fc97cc8b000-7fc97cc9b000 rw-p 00000000 00:00 0 
7fc97cc9b000-7fc9806c3000 ---p 00000000 00:00 0 
7fc9806c3000-7fc98079b000 rw-p 00000000 00:00 0 
7fc98079b000-7fc9809fb000 ---p 00000000 00:00 0 
7fc9809fb000-7fc980a23000 rw-p 00000000 00:00 0 
7fc980a23000-7fc980aab000 ---p 00000000 00:00 0 
7fc980aab000-7fc980abb000 rw-p 00000000 00:00 0 
7fc980abb000-7fc9844e3000 ---p 00000000 00:00 0 
7fc9844e3000-7fc98450c000 rw-p 00000000 00:00 0 
7fc98450c000-7fc984558000 ---p 00000000 00:00 0 
7fc984558000-7fc98455d000 rw-p 00000000 00:00 0 
7fc98455d000-7fc98456e000 ---p 00000000 00:00 0 
7fc98456e000-7fc984570000 rw-p 00000000 00:00 0 
7fc984570000-7fc984cb5000 ---p 00000000 00:00 0 
7fc984cb5000-7fc984cd0000 rw-p 00000000 00:00 0 
7fc984cd0000-7fc984d1c000 ---p 00000000 00:00 0 
7fc984d1c000-7fc984d21000 rw-p 00000000 00:00 0 
7fc984d21000-7fc984d32000 ---p 00000000 00:00 0 
7fc984d32000-7fc984d34000 rw-p 00000000 00:00 0 
7fc984d34000-7fc985479000 ---p 00000000 00:00 0 
7fc985479000-7fc98547b000 rw-p 00000000 00:00 0 
7fc98547b000-7fc9856eb000 rwxp 00000000 00:00 0 
7fc9856eb000-7fc985a0c000 ---p 00000000 00:00 0 
7fc985a0c000-7fc98622c000 rwxp 00000000 00:00 0 
7fc98622c000-7fc98cf43000 ---p 00000000 00:00 0 
7fc98cf43000-7fc98d1b3000 rwxp 00000000 00:00 0 
7fc98d1b3000-7fc99447b000 ---p 00000000 00:00 0 
7fc99447b000-7fc99c000000 r--s 00000000 08:11 9309508                    /home/paul/installations/jdk-17.0.4.1+1/lib/modules
7fc99c000000-7fc99c8ea000 rw-p 00000000 00:00 0 
7fc99c8ea000-7fc9a0000000 ---p 00000000 00:00 0 
7fc9a0002000-7fc9a0003000 r--p 00000000 08:02 1063953                    /usr/share/locale-langpack/en_GB/LC_MESSAGES/libc.mo
7fc9a0003000-7fc9a0005000 r--p 00000000 08:11 9309462                    /home/paul/installations/jdk-17.0.4.1+1/lib/libzip.so
7fc9a0005000-7fc9a0009000 r-xp 00002000 08:11 9309462                    /home/paul/installations/jdk-17.0.4.1+1/lib/libzip.so
7fc9a0009000-7fc9a000b000 r--p 00006000 08:11 9309462                    /home/paul/installations/jdk-17.0.4.1+1/lib/libzip.so
7fc9a000b000-7fc9a000c000 r--p 00007000 08:11 9309462                    /home/paul/installations/jdk-17.0.4.1+1/lib/libzip.so
7fc9a000c000-7fc9a000d000 rw-p 00008000 08:11 9309462                    /home/paul/installations/jdk-17.0.4.1+1/lib/libzip.so
7fc9a000d000-7fc9a0452000 rw-p 00000000 00:00 0 
7fc9a0452000-7fc9a0453000 ---p 00000000 00:00 0 
7fc9a0453000-7fc9a0554000 rw-p 00000000 00:00 0 
7fc9a0554000-7fc9a0555000 ---p 00000000 00:00 0 
7fc9a0555000-7fc9a0656000 rw-p 00000000 00:00 0 
7fc9a0656000-7fc9a0657000 ---p 00000000 00:00 0 
7fc9a0657000-7fc9a07b4000 rw-p 00000000 00:00 0 
7fc9a07b4000-7fc9a0800000 ---p 00000000 00:00 0 
7fc9a0800000-7fc9a0805000 rw-p 00000000 00:00 0 
7fc9a0805000-7fc9a0816000 ---p 00000000 00:00 0 
7fc9a0816000-7fc9a0818000 rw-p 00000000 00:00 0 
7fc9a0818000-7fc9a0f5d000 ---p 00000000 00:00 0 
7fc9a0f5d000-7fc9a1368000 rw-p 00000000 00:00 0 
7fc9a1368000-7fc9a144e000 ---p 00000000 00:00 0 
7fc9a144e000-7fc9a145f000 rw-p 00000000 00:00 0 
7fc9a145f000-7fc9a1539000 ---p 00000000 00:00 0 
7fc9a1539000-7fc9a153e000 rw-p 00000000 00:00 0 
7fc9a153e000-7fc9a1545000 ---p 00000000 00:00 0 
7fc9a1545000-7fc9a154d000 rw-s 00000000 08:02 262309                     /tmp/hsperfdata_paul/40333
7fc9a154d000-7fc9a155a000 r--p 00000000 08:11 9309518                    /home/paul/installations/jdk-17.0.4.1+1/lib/libjava.so
7fc9a155a000-7fc9a156c000 r-xp 0000d000 08:11 9309518                    /home/paul/installations/jdk-17.0.4.1+1/lib/libjava.so
7fc9a156c000-7fc9a1572000 r--p 0001f000 08:11 9309518                    /home/paul/installations/jdk-17.0.4.1+1/lib/libjava.so
7fc9a1572000-7fc9a1573000 ---p 00025000 08:11 9309518                    /home/paul/installations/jdk-17.0.4.1+1/lib/libjava.so
7fc9a1573000-7fc9a1574000 r--p 00025000 08:11 9309518                    /home/paul/installations/jdk-17.0.4.1+1/lib/libjava.so
7fc9a1574000-7fc9a1575000 rw-p 00026000 08:11 9309518                    /home/paul/installations/jdk-17.0.4.1+1/lib/libjava.so
7fc9a1575000-7fc9a1576000 rw-p 00000000 00:00 0 
7fc9a1576000-7fc9a1579000 r--p 00000000 08:11 9309512                    /home/paul/installations/jdk-17.0.4.1+1/lib/libjdwp.so
7fc9a1579000-7fc9a15a6000 r-xp 00003000 08:11 9309512                    /home/paul/installations/jdk-17.0.4.1+1/lib/libjdwp.so
7fc9a15a6000-7fc9a15b4000 r--p 00030000 08:11 9309512                    /home/paul/installations/jdk-17.0.4.1+1/lib/libjdwp.so
7fc9a15b4000-7fc9a15b5000 r--p 0003d000 08:11 9309512                    /home/paul/installations/jdk-17.0.4.1+1/lib/libjdwp.so
7fc9a15b5000-7fc9a15b6000 rw-p 0003e000 08:11 9309512                    /home/paul/installations/jdk-17.0.4.1+1/lib/libjdwp.so
7fc9a15b6000-7fc9a15b7000 rw-p 00000000 00:00 0 
7fc9a15b7000-7fc9a15bb000 r--p 00000000 08:11 9309464                    /home/paul/installations/jdk-17.0.4.1+1/lib/libjimage.so
7fc9a15bb000-7fc9a15ce000 r-xp 00004000 08:11 9309464                    /home/paul/installations/jdk-17.0.4.1+1/lib/libjimage.so
7fc9a15ce000-7fc9a15d4000 r--p 00017000 08:11 9309464                    /home/paul/installations/jdk-17.0.4.1+1/lib/libjimage.so
7fc9a15d4000-7fc9a15d6000 r--p 0001c000 08:11 9309464                    /home/paul/installations/jdk-17.0.4.1+1/lib/libjimage.so
7fc9a15d6000-7fc9a15d7000 rw-p 0001e000 08:11 9309464                    /home/paul/installations/jdk-17.0.4.1+1/lib/libjimage.so
7fc9a15d7000-7fc9a15db000 ---p 00000000 00:00 0 
7fc9a15db000-7fc9a16d7000 rw-p 00000000 00:00 0 
7fc9a16d7000-7fc9a16e5000 r--p 00000000 08:02 532829                     /usr/lib/x86_64-linux-gnu/libm.so.6
7fc9a16e5000-7fc9a1761000 r-xp 0000e000 08:02 532829                     /usr/lib/x86_64-linux-gnu/libm.so.6
7fc9a1761000-7fc9a17bc000 r--p 0008a000 08:02 532829                     /usr/lib/x86_64-linux-gnu/libm.so.6
7fc9a17bc000-7fc9a17bd000 r--p 000e4000 08:02 532829                     /usr/lib/x86_64-linux-gnu/libm.so.6
7fc9a17bd000-7fc9a17be000 rw-p 000e5000 08:02 532829                     /usr/lib/x86_64-linux-gnu/libm.so.6
7fc9a17be000-7fc9a17bf000 r--p 00000000 08:02 533154                     /usr/lib/x86_64-linux-gnu/librt.so.1
7fc9a17bf000-7fc9a17c0000 r-xp 00001000 08:02 533154                     /usr/lib/x86_64-linux-gnu/librt.so.1
7fc9a17c0000-7fc9a17c1000 r--p 00002000 08:02 533154                     /usr/lib/x86_64-linux-gnu/librt.so.1
7fc9a17c1000-7fc9a17c2000 r--p 00002000 08:02 533154                     /usr/lib/x86_64-linux-gnu/librt.so.1
7fc9a17c2000-7fc9a17c3000 rw-p 00003000 08:02 533154                     /usr/lib/x86_64-linux-gnu/librt.so.1
7fc9a17c3000-7fc9a1a14000 r--p 00000000 08:11 9309495                    /home/paul/installations/jdk-17.0.4.1+1/lib/server/libjvm.so
7fc9a1a14000-7fc9a272d000 r-xp 00251000 08:11 9309495                    /home/paul/installations/jdk-17.0.4.1+1/lib/server/libjvm.so
7fc9a272d000-7fc9a29b8000 r--p 00f6a000 08:11 9309495                    /home/paul/installations/jdk-17.0.4.1+1/lib/server/libjvm.so
7fc9a29b8000-7fc9a2a71000 r--p 011f4000 08:11 9309495                    /home/paul/installations/jdk-17.0.4.1+1/lib/server/libjvm.so
7fc9a2a71000-7fc9a2aa6000 rw-p 012ad000 08:11 9309495                    /home/paul/installations/jdk-17.0.4.1+1/lib/server/libjvm.so
7fc9a2aa6000-7fc9a2b03000 rw-p 00000000 00:00 0 
7fc9a2b03000-7fc9a2b2b000 r--p 00000000 08:02 532178                     /usr/lib/x86_64-linux-gnu/libc.so.6
7fc9a2b2b000-7fc9a2cc0000 r-xp 00028000 08:02 532178                     /usr/lib/x86_64-linux-gnu/libc.so.6
7fc9a2cc0000-7fc9a2d18000 r--p 001bd000 08:02 532178                     /usr/lib/x86_64-linux-gnu/libc.so.6
7fc9a2d18000-7fc9a2d1c000 r--p 00214000 08:02 532178                     /usr/lib/x86_64-linux-gnu/libc.so.6
7fc9a2d1c000-7fc9a2d1e000 rw-p 00218000 08:02 532178                     /usr/lib/x86_64-linux-gnu/libc.so.6
7fc9a2d1e000-7fc9a2d2b000 rw-p 00000000 00:00 0 
7fc9a2d2b000-7fc9a2d2c000 r--p 00000000 08:02 532320                     /usr/lib/x86_64-linux-gnu/libdl.so.2
7fc9a2d2c000-7fc9a2d2d000 r-xp 00001000 08:02 532320                     /usr/lib/x86_64-linux-gnu/libdl.so.2
7fc9a2d2d000-7fc9a2d2e000 r--p 00002000 08:02 532320                     /usr/lib/x86_64-linux-gnu/libdl.so.2
7fc9a2d2e000-7fc9a2d2f000 r--p 00002000 08:02 532320                     /usr/lib/x86_64-linux-gnu/libdl.so.2
7fc9a2d2f000-7fc9a2d30000 rw-p 00003000 08:02 532320                     /usr/lib/x86_64-linux-gnu/libdl.so.2
7fc9a2d30000-7fc9a2d31000 r--p 00000000 08:02 533098                     /usr/lib/x86_64-linux-gnu/libpthread.so.0
7fc9a2d31000-7fc9a2d32000 r-xp 00001000 08:02 533098                     /usr/lib/x86_64-linux-gnu/libpthread.so.0
7fc9a2d32000-7fc9a2d33000 r--p 00002000 08:02 533098                     /usr/lib/x86_64-linux-gnu/libpthread.so.0
7fc9a2d33000-7fc9a2d34000 r--p 00002000 08:02 533098                     /usr/lib/x86_64-linux-gnu/libpthread.so.0
7fc9a2d34000-7fc9a2d35000 rw-p 00003000 08:02 533098                     /usr/lib/x86_64-linux-gnu/libpthread.so.0
7fc9a2d35000-7fc9a2d38000 r--p 00000000 08:11 9309492                    /home/paul/installations/jdk-17.0.4.1+1/lib/libjli.so
7fc9a2d38000-7fc9a2d42000 r-xp 00003000 08:11 9309492                    /home/paul/installations/jdk-17.0.4.1+1/lib/libjli.so
7fc9a2d42000-7fc9a2d45000 r--p 0000d000 08:11 9309492                    /home/paul/installations/jdk-17.0.4.1+1/lib/libjli.so
7fc9a2d45000-7fc9a2d46000 ---p 00010000 08:11 9309492                    /home/paul/installations/jdk-17.0.4.1+1/lib/libjli.so
7fc9a2d46000-7fc9a2d47000 r--p 00010000 08:11 9309492                    /home/paul/installations/jdk-17.0.4.1+1/lib/libjli.so
7fc9a2d47000-7fc9a2d48000 rw-p 00011000 08:11 9309492                    /home/paul/installations/jdk-17.0.4.1+1/lib/libjli.so
7fc9a2d48000-7fc9a2d4a000 r--p 00000000 08:02 528807                     /usr/lib/x86_64-linux-gnu/libz.so.1.2.11
7fc9a2d4a000-7fc9a2d5b000 r-xp 00002000 08:02 528807                     /usr/lib/x86_64-linux-gnu/libz.so.1.2.11
7fc9a2d5b000-7fc9a2d61000 r--p 00013000 08:02 528807                     /usr/lib/x86_64-linux-gnu/libz.so.1.2.11
7fc9a2d61000-7fc9a2d62000 ---p 00019000 08:02 528807                     /usr/lib/x86_64-linux-gnu/libz.so.1.2.11
7fc9a2d62000-7fc9a2d63000 r--p 00019000 08:02 528807                     /usr/lib/x86_64-linux-gnu/libz.so.1.2.11
7fc9a2d63000-7fc9a2d64000 rw-p 0001a000 08:02 528807                     /usr/lib/x86_64-linux-gnu/libz.so.1.2.11
7fc9a2d64000-7fc9a2d65000 r--p 00000000 08:02 531883                     /usr/lib/x86_64-linux-gnu/libXau.so.6.0.0
7fc9a2d65000-7fc9a2d67000 r-xp 00001000 08:02 531883                     /usr/lib/x86_64-linux-gnu/libXau.so.6.0.0
7fc9a2d67000-7fc9a2d68000 r--p 00003000 08:02 531883                     /usr/lib/x86_64-linux-gnu/libXau.so.6.0.0
7fc9a2d68000-7fc9a2d69000 r--p 00003000 08:02 531883                     /usr/lib/x86_64-linux-gnu/libXau.so.6.0.0
7fc9a2d69000-7fc9a2d6a000 rw-p 00004000 08:02 531883                     /usr/lib/x86_64-linux-gnu/libXau.so.6.0.0
7fc9a2d6a000-7fc9a2d6c000 r--p 00000000 08:11 9309519                    /home/paul/installations/jdk-17.0.4.1+1/lib/libinstrument.so
7fc9a2d6c000-7fc9a2d72000 r-xp 00002000 08:11 9309519                    /home/paul/installations/jdk-17.0.4.1+1/lib/libinstrument.so
7fc9a2d72000-7fc9a2d75000 r--p 00008000 08:11 9309519                    /home/paul/installations/jdk-17.0.4.1+1/lib/libinstrument.so
7fc9a2d75000-7fc9a2d76000 r--p 0000a000 08:11 9309519                    /home/paul/installations/jdk-17.0.4.1+1/lib/libinstrument.so
7fc9a2d76000-7fc9a2d77000 rw-p 0000b000 08:11 9309519                    /home/paul/installations/jdk-17.0.4.1+1/lib/libinstrument.so
7fc9a2d77000-7fc9a2d78000 ---p 00000000 00:00 0 
7fc9a2d78000-7fc9a2d79000 r--p 00000000 00:00 0 
7fc9a2d79000-7fc9a2d7b000 rw-p 00000000 00:00 0 
7fc9a2d7b000-7fc9a2d7d000 r--p 00000000 08:02 531841                     /usr/lib/x86_64-linux-gnu/ld-linux-x86-64.so.2
7fc9a2d7d000-7fc9a2da7000 r-xp 00002000 08:02 531841                     /usr/lib/x86_64-linux-gnu/ld-linux-x86-64.so.2
7fc9a2da7000-7fc9a2db2000 r--p 0002c000 08:02 531841                     /usr/lib/x86_64-linux-gnu/ld-linux-x86-64.so.2
7fc9a2db2000-7fc9a2db3000 ---p 00000000 00:00 0 
7fc9a2db3000-7fc9a2db5000 r--p 00037000 08:02 531841                     /usr/lib/x86_64-linux-gnu/ld-linux-x86-64.so.2
7fc9a2db5000-7fc9a2db7000 rw-p 00039000 08:02 531841                     /usr/lib/x86_64-linux-gnu/ld-linux-x86-64.so.2
7ffff5c33000-7ffff5c54000 rw-p 00000000 00:00 0                          [stack]
7ffff5d06000-7ffff5d0a000 r--p 00000000 00:00 0                          [vvar]
7ffff5d0a000-7ffff5d0c000 r-xp 00000000 00:00 0                          [vdso]
ffffffffff600000-ffffffffff601000 --xp 00000000 00:00 0                  [vsyscall]


VM Arguments:
jvm_args: -XX:+ShowCodeDetailsInExceptionMessages -agentlib:jdwp=transport=dt_socket,suspend=y,address=localhost:33085 -javaagent:/home/paul/snap/eclipse/61/amd64/configuration/org.eclipse.osgi/209/0/.cp/lib/javaagent-shaded.jar -Dfile.encoding=UTF-8 --module-path=/home/paul/Development/GitWorkspace/contacts/mycontacts/lib/ez-vcard-0.10.2.jar:/home/paul/Development/Workspace/MyWidgets/lib/imgscalr-lib-4.2.jar:/home/paul/Development/Workspace/MyWidgets/lib/commons-lang3-3.3.2.jar:/home/paul/Development/Workspace/MyWidgets/lib/dom4j-1.6.1.jar:/home/paul/Development/Workspace/MyWidgets/lib/ez-vcard-0.10.2.jar:/home/paul/Development/Workspace/MyWidgets/lib/looks-2.1-pre2.jar 
java_command: org.lerot.mycontact.mcdb
java_class_path (initial): /home/paul/Development/GitWorkspace/contacts/mycontacts/bin:/home/paul/Development/GitWorkspace/contacts/mycontacts/lib/commons-lang3-3.3.2.jar:/home/paul/Development/GitWorkspace/contacts/mycontacts/lib/looks-2.1-pre2.jar:/home/paul/Development/GitWorkspace/contacts/mycontacts/lib/commons-net-ftp-2.0.jar:/home/paul/Development/GitWorkspace/contacts/mycontacts/lib/imgscalr-lib-4.2.jar:/home/paul/Development/GitWorkspace/contacts/mycontacts/lib/itextpdf-5.5.3.jar:/home/paul/Development/GitWorkspace/contacts/mycontacts/lib/javabase64-1.3.1.jar:/home/paul/Development/GitWorkspace/contacts/mycontacts/lib/sqlite-jdbc-3.7.15-M1.jar:/home/paul/Development/GitWorkspace/contacts/mycontacts/lib/commons-codec-1.10.jar:/home/paul/Development/GitWorkspace/contacts/mycontacts/lib/javax.mail.jar:/home/paul/Development/GitWorkspace/contacts/mycontacts/lib/dom4j-1.6.1.jar:/home/paul/Development/Workspace/MyWidgets/bin:/home/paul/installations/jarlibray/simple-odf-0.8.2-incubating-jar-with-dependencies.jar:/home/paul/Development/GitWorkspace/contacts/mycontacts/lib/jaxen-1.1.6.jar
Launcher Type: SUN_STANDARD

[Global flags]
     intx CICompilerCount                          = 3                                         {product} {ergonomic}
     uint ConcGCThreads                            = 1                                         {product} {ergonomic}
     uint G1ConcRefinementThreads                  = 4                                         {product} {ergonomic}
   size_t G1HeapRegionSize                         = 2097152                                   {product} {ergonomic}
    uintx GCDrainStackTargetSize                   = 64                                        {product} {ergonomic}
   size_t InitialHeapSize                          = 262144000                                 {product} {ergonomic}
   size_t MarkStackSize                            = 4194304                                   {product} {ergonomic}
   size_t MaxHeapSize                              = 4169138176                                {product} {ergonomic}
   size_t MaxNewSize                               = 2499805184                                {product} {ergonomic}
   size_t MinHeapDeltaBytes                        = 2097152                                   {product} {ergonomic}
   size_t MinHeapSize                              = 8388608                                   {product} {ergonomic}
    uintx NonNMethodCodeHeapSize                   = 5832780                                {pd product} {ergonomic}
    uintx NonProfiledCodeHeapSize                  = 122912730                              {pd product} {ergonomic}
    uintx ProfiledCodeHeapSize                     = 122912730                              {pd product} {ergonomic}
    uintx ReservedCodeCacheSize                    = 251658240                              {pd product} {ergonomic}
     bool SegmentedCodeCache                       = true                                      {product} {ergonomic}
     bool ShowCodeDetailsInExceptionMessages       = true                                   {manageable} {command line}
   size_t SoftMaxHeapSize                          = 4169138176                             {manageable} {ergonomic}
     bool UseCompressedClassPointers               = true                           {product lp64_product} {ergonomic}
     bool UseCompressedOops                        = true                           {product lp64_product} {ergonomic}
     bool UseG1GC                                  = true                                      {product} {ergonomic}

Logging:
Log output configuration:
 #0: stdout all=warning uptime,level,tags
 #1: stderr all=off uptime,level,tags

Environment Variables:
JAVA_HOME=/usr/lib/jvm/java-11-openjdk-amd64
PATH=/home/paul/.local/bin:/usr/local/sbin:/usr/local/bin:/usr/sbin:/usr/bin:/sbin:/bin:/usr/games:/usr/local/games:/snap/bin:/snap/bin
USERNAME=paul
SHELL=/bin/bash
DISPLAY=:0
LANG=en_GB.UTF-8

Signal Handlers:
   SIGSEGV: crash_handler in libjvm.so, mask=11100100010111111101111111111110, flags=SA_RESTART|SA_SIGINFO
    SIGBUS: crash_handler in libjvm.so, mask=11100100010111111101111111111110, flags=SA_RESTART|SA_SIGINFO
    SIGFPE: crash_handler in libjvm.so, mask=11100100010111111101111111111110, flags=SA_RESTART|SA_SIGINFO
   SIGPIPE: javaSignalHandler in libjvm.so, mask=11100100010111111101111111111110, flags=SA_RESTART|SA_SIGINFO
   SIGXFSZ: javaSignalHandler in libjvm.so, mask=11100100010111111101111111111110, flags=SA_RESTART|SA_SIGINFO
    SIGILL: crash_handler in libjvm.so, mask=11100100010111111101111111111110, flags=SA_RESTART|SA_SIGINFO
   SIGUSR2: SR_handler in libjvm.so, mask=00100000000000000000000000000000, flags=SA_RESTART|SA_SIGINFO
    SIGHUP: UserHandler in libjvm.so, mask=11100100010111111101111111111110, flags=SA_RESTART|SA_SIGINFO
    SIGINT: UserHandler in libjvm.so, mask=11100100010111111101111111111110, flags=SA_RESTART|SA_SIGINFO
   SIGTERM: UserHandler in libjvm.so, mask=11100100010111111101111111111110, flags=SA_RESTART|SA_SIGINFO
   SIGQUIT: UserHandler in libjvm.so, mask=11100100010111111101111111111110, flags=SA_RESTART|SA_SIGINFO
  *** Handler was modified!
  *** Expected: javaSignalHandler in libjvm.so, mask=11100100110111111111111111111110, flags=SA_RESTART|SA_SIGINFO
   SIGTRAP: crash_handler in libjvm.so, mask=11100100010111111101111111111110, flags=SA_RESTART|SA_SIGINFO


---------------  S Y S T E M  ---------------

OS:
DISTRIB_ID=Ubuntu
DISTRIB_RELEASE=22.04
DISTRIB_CODENAME=jammy
DISTRIB_DESCRIPTION="Ubuntu 22.04.1 LTS"
uname: Linux 5.15.0-48-generic #54-Ubuntu SMP Fri Aug 26 13:26:29 UTC 2022 x86_64
OS uptime: 0 days 6:25 hours
libc: glibc 2.35 NPTL 2.35 
rlimit (soft/hard): STACK 8192k/infinity , CORE 0k/infinity , NPROC 63324/63324 , NOFILE 1048576/1048576 , AS infinity/infinity , CPU infinity/infinity , DATA infinity/infinity , FSIZE infinity/infinity , MEMLOCK 2035204k/2035204k
load average: 0.21 0.52 0.64

/proc/meminfo:
MemTotal:       16281660 kB
MemFree:         4745024 kB
MemAvailable:    9771444 kB
Buffers:          474052 kB
Cached:          5349388 kB
SwapCached:            0 kB
Active:          2630712 kB
Inactive:        7305216 kB
Active(anon):       5904 kB
Inactive(anon):  4968988 kB
Active(file):    2624808 kB
Inactive(file):  2336228 kB
Unevictable:      803328 kB
Mlocked:             144 kB
SwapTotal:             0 kB
SwapFree:              0 kB
Dirty:               620 kB
Writeback:             0 kB
AnonPages:       4915656 kB
Mapped:           990252 kB
Shmem:            869608 kB
KReclaimable:     400820 kB
Slab:             575412 kB
SReclaimable:     400820 kB
SUnreclaim:       174592 kB
KernelStack:       33024 kB
PageTables:        68828 kB
NFS_Unstable:          0 kB
Bounce:                0 kB
WritebackTmp:          0 kB
CommitLimit:     8140828 kB
Committed_AS:   14643464 kB
VmallocTotal:   34359738367 kB
VmallocUsed:       64120 kB
VmallocChunk:          0 kB
Percpu:             4608 kB
HardwareCorrupted:     0 kB
AnonHugePages:         0 kB
ShmemHugePages:        0 kB
ShmemPmdMapped:        0 kB
FileHugePages:         0 kB
FilePmdMapped:         0 kB
HugePages_Total:       0
HugePages_Free:        0
HugePages_Rsvd:        0
HugePages_Surp:        0
Hugepagesize:       2048 kB
Hugetlb:               0 kB
DirectMap4k:      440828 kB
DirectMap2M:    10989568 kB
DirectMap1G:     6291456 kB

/sys/kernel/mm/transparent_hugepage/enabled: always [madvise] never
/sys/kernel/mm/transparent_hugepage/defrag (defrag/compaction efforts parameter): always defer defer+madvise [madvise] never

Process Memory:
Virtual Size: 7838640K (peak: 7849152K)
Resident Set Size: 181328K (peak: 229668K) (anon: 148280K, file: 33048K, shmem: 0K)
Swapped out: 0K
C-Heap outstanding allocations: 24524K, retained: 72071K
glibc malloc tunables: (default)

/proc/sys/kernel/threads-max (system-wide limit on the number of threads): 126648
/proc/sys/vm/max_map_count (maximum number of memory map areas a process may have): 65530
/proc/sys/kernel/pid_max (system-wide limit on number of process identifiers): 4194304

container (cgroup) information:
container_type: cgroupv2
cpu_cpuset_cpus: not supported
cpu_memory_nodes: not supported
active_processor_count: 4
cpu_quota: not supported
cpu_period: not supported
cpu_shares: not supported
memory_limit_in_bytes: unlimited
memory_and_swap_limit_in_bytes: unlimited
memory_soft_limit_in_bytes: unlimited
memory_usage_in_bytes: 2125084 k
memory_max_usage_in_bytes: not supported
maximum number of tasks: 18997
current number of tasks: 208

Steal ticks since vm start: 0
Steal ticks percentage since vm start:  0.000

CPU: total 4 (initial active 4) (2 cores per cpu, 2 threads per core) family 6 model 61 stepping 4 microcode 0x2f, cx8, cmov, fxsr, ht, mmx, 3dnowpref, sse, sse2, sse3, ssse3, sse4.1, sse4.2, popcnt, lzcnt, tsc, tscinvbit, avx, avx2, aes, erms, clmul, bmi1, bmi2, rtm, adx, fma, vzeroupper, clflush
CPU Model and flags from /proc/cpuinfo:
model name	: Intel(R) Core(TM) i5-5300U CPU @ 2.30GHz
flags		: fpu vme de pse tsc msr pae mce cx8 apic sep mtrr pge mca cmov pat pse36 clflush dts acpi mmx fxsr sse sse2 ss ht tm pbe syscall nx pdpe1gb rdtscp lm constant_tsc arch_perfmon pebs bts rep_good nopl xtopology nonstop_tsc cpuid aperfmperf pni pclmulqdq dtes64 monitor ds_cpl vmx smx est tm2 ssse3 sdbg fma cx16 xtpr pdcm pcid sse4_1 sse4_2 x2apic movbe popcnt tsc_deadline_timer aes xsave avx f16c rdrand lahf_lm abm 3dnowprefetch cpuid_fault epb invpcid_single pti ssbd ibrs ibpb stibp tpr_shadow vnmi flexpriority ept vpid ept_ad fsgsbase tsc_adjust bmi1 hle avx2 smep bmi2 erms invpcid rtm rdseed adx smap intel_pt xsaveopt dtherm ida arat pln pts md_clear flush_l1d

Online cpus: 0-3
Offline cpus: 
BIOS frequency limitation: <Not Available>
Frequency switch latency (ns): 20000
Available cpu frequencies: <Not Available>
Current governor: schedutil
Core performance/turbo boost: <Not Available>

Memory: 4k page, physical 16281660k(4744520k free), swap 0k(0k free)
Page Sizes: 4k

vm_info: OpenJDK 64-Bit Server VM (17.0.4.1+1) for linux-amd64 JRE (17.0.4.1+1), built on Aug 12 2022 00:00:00 by "temurin" with gcc 10.3.0

END.
