#
# A fatal error has been detected by the Java Runtime Environment:
#
#  SIGSEGV (0xb) at pc=0x00007fecb3f19069, pid=12187, tid=12212
#
# JRE version: OpenJDK Runtime Environment Temurin-17.0.4.1+1 (17.0.4.1+1) (build 17.0.4.1+1)
# Java VM: OpenJDK 64-Bit Server VM Temurin-17.0.4.1+1 (17.0.4.1+1, mixed mode, sharing, tiered, compressed oops, compressed class ptrs, g1 gc, linux-amd64)
# Problematic frame:
# V  [libjvm.so+0xdfd069]  Symbol::as_C_string() const+0x9
#
# Core dump will be written. Default location: Core dumps may be processed with "/usr/share/apport/apport -p%p -s%s -c%c -d%d -P%P -u%u -g%g -- %E" (or dumping to /home/paul/Development/GitWorkspace/contacts/mycontacts/core.12187)
#
# If you would like to submit a bug report, please visit:
#   https://github.com/adoptium/adoptium-support/issues
#

---------------  S U M M A R Y ------------

Command Line: -XX:+ShowCodeDetailsInExceptionMessages -agentlib:jdwp=transport=dt_socket,suspend=y,address=localhost:41483 -javaagent:/home/paul/snap/eclipse/62/amd64/configuration/org.eclipse.osgi/534/0/.cp/lib/javaagent-shaded.jar -Dfile.encoding=UTF-8 --module-path=/home/paul/Development/GitWorkspace/contacts/mycontacts/lib/ez-vcard-0.10.2.jar:/home/paul/Development/Workspace/MyWidgets/lib/imgscalr-lib-4.2.jar:/home/paul/Development/Workspace/MyWidgets/lib/commons-lang3-3.3.2.jar:/home/paul/Development/Workspace/MyWidgets/lib/dom4j-1.6.1.jar:/home/paul/Development/Workspace/MyWidgets/lib/ez-vcard-0.10.2.jar:/home/paul/Development/Workspace/MyWidgets/lib/looks-2.1-pre2.jar org.lerot.mycontact.mcdb

Host: Intel(R) Core(TM) i5-5300U CPU @ 2.30GHz, 4 cores, 15G, Ubuntu 22.04.1 LTS
Time: Sun Oct 16 12:09:28 2022 BST elapsed time: 89.847084 seconds (0d 0h 1m 29s)

---------------  T H R E A D  ---------------

Current thread (0x00007fecac238030):  JavaThread "JDWP Transport Listener: dt_socket" daemon [_thread_in_vm, id=12212, stack(0x00007fec7dc00000,0x00007fec7dd00000)]

Stack: [0x00007fec7dc00000,0x00007fec7dd00000],  sp=0x00007fec7dcfe8c0,  free space=1018k
Native frames: (J=compiled Java code, j=interpreted, Vv=VM code, C=native code)
V  [libjvm.so+0xdfd069]  Symbol::as_C_string() const+0x9
V  [libjvm.so+0xa0ee35]  JvmtiEnv::GetClassSignature(oopDesc*, char**, char**)+0x115
V  [libjvm.so+0x9c54e8]  jvmti_GetClassSignature+0x1f8
C  [libjdwp.so+0x2d824]  classSignature+0x44
C  [libjdwp.so+0xd6a6]  allClasses1.part.0+0x156
C  [libjdwp.so+0xe5e3]  allClassesWithGeneric+0x23
C  [libjdwp.so+0x13c09]  debugLoop_run+0x299
C  [libjdwp.so+0x27124]  attachThread+0x54
V  [libjvm.so+0xa2e262]  JvmtiAgentThread::call_start_function()+0x72
V  [libjvm.so+0xe59214]  JavaThread::thread_main_inner()+0x184
V  [libjvm.so+0xe5c99e]  Thread::call_run()+0xde
V  [libjvm.so+0xc16351]  thread_native_entry(Thread*)+0xe1


siginfo: si_signo: 11 (SIGSEGV), si_code: 1 (SEGV_MAPERR), si_addr: 0x0000000004510005

Register to memory mapping:

RAX=0x0000000000000450 is an unknown value
RBX=0x0000000800ccb820 is a pointer to class: 
org.lerot.mycontact.mcContact {0x0000000800ccb820}
 - instance size:     6
 - klass size:        154
 - access:            public synchronized 
 - state:             fully_initialized
 - name:              'org/lerot/mycontact/mcContact'
 - super:             'org/lerot/mycontact/mcDataObject'
 - sub:               
 - arrays:            NULL
 - methods:           Array<T>(0x00007fec7c8594c0)
 - method ordering:   Array<T>(0x00007fec7c734ee8)
 - default_methods:   Array<T>(0x0000000000000000)
 - local interfaces:  Array<T>(0x00007fec7c412df0)
 - trans. interfaces: Array<T>(0x00007fec7c412df0)
 - constants:         constant pool [1117] {0x00007fec0f70c870} for 'org/lerot/mycontact/mcContact' cache=0x00007fec0f710000
 - class loader data:  loader data: 0x00007fecac1cb3d0 for instance a 'jdk/internal/loader/ClassLoaders$AppClassLoader'{0x000000070791aed0}
 - source file:       'mcContact.java'
 - source debug extension:       SMAP
mcContact.java
Java
*S jdt
*F
1 mcContact.java
2 file:/home/paul/Development/GitWorkspace/contacts/mycontacts/bin/
*L
*E

 - class annotations:       Array<T>(0x0000000000000000)
 - class type annotations:  Array<T>(0x0000000000000000)
 - field annotations:       Array<T>(0x0000000000000000)
 - field type annotations:  Array<T>(0x0000000000000000)
 - previous version:  constant pool [1112] {0x00007fec7c410940} for 'org/lerot/mycontact/mcContact' (extra) cache=0x00007fec7cb78000
 - generic signature: '
[error occurred during error reporting (printing register info), id 0xb, SIGSEGV (0xb) at pc=0x00007fecb3f19fdb]

Registers:
RAX=0x0000000000000450, RBX=0x0000000800ccb820, RCX=0x00007fec0f70c870, RDX=0x000000000000001f
RSP=0x00007fec7dcfe8c0, RBP=0x00007fec7dcfe8d0, RSI=0x0000000000000000, RDI=0x0000000004510001
R8 =0x0000000800ccb820, R9 =0x000000000000001e, R10=0x000000000000001d, R11=0x7cb9a781a467dfbd
R12=0x00007fec4c001010, R13=0x00007fec4c001040, R14=0x0000000800ccb820, R15=0x00007fecac2371f0
RIP=0x00007fecb3f19069, EFLAGS=0x0000000000010246, CSGSFS=0x002b000000000033, ERR=0x0000000000000004
  TRAPNO=0x000000000000000e

Top of Stack: (sp=0x00007fec7dcfe8c0)
0x00007fec7dcfe8c0:   0000000800ccb820 00007fec4c001010
0x00007fec7dcfe8d0:   00007fec7dcfe940 00007fecb3b2ae35
0x00007fec7dcfe8e0:   0000000800ccb820 00000000000003d8
0x00007fec7dcfe8f0:   00007fecac015650 00007fec4c0013f8 

Instructions: (pc=0x00007fecb3f19069)
0x00007fecb3f18f69:   89 c8 39 ca 0f 84 a2 00 00 00 41 89 d1 29 ce 41
0x00007fecb3f18f79:   29 c9 83 fe 06 76 18 8d 71 06 48 8b 34 37 49 89
0x00007fecb3f18f89:   34 08 44 89 c9 83 e1 f8 01 c8 41 39 c9 74 7d 48
0x00007fecb3f18f99:   63 c8 0f b6 74 0f 06 41 88 34 08 8d 48 01 39 ca
0x00007fecb3f18fa9:   7e 6a 48 63 c9 0f b6 74 0f 06 41 88 34 08 8d 48
0x00007fecb3f18fb9:   02 39 ca 7e 57 48 63 c9 0f b6 74 0f 06 41 88 34
0x00007fecb3f18fc9:   08 8d 48 03 39 ca 7e 44 48 63 c9 0f b6 74 0f 06
0x00007fecb3f18fd9:   41 88 34 08 8d 48 04 39 ca 7e 31 48 63 c9 0f b6
0x00007fecb3f18fe9:   74 0f 06 41 88 34 08 8d 48 05 39 ca 7e 1e 48 63
0x00007fecb3f18ff9:   c9 83 c0 06 0f b6 74 0f 06 41 88 34 08 39 c2 7e
0x00007fecb3f19009:   0b 48 98 0f b6 4c 07 06 41 88 0c 00 48 63 d2 41
0x00007fecb3f19019:   c6 04 10 00 4c 89 c0 c3 0f 1f 80 00 00 00 00 89
0x00007fecb3f19029:   d6 31 c0 0f 1f 40 00 0f b6 4c 07 06 41 88 0c 00
0x00007fecb3f19039:   48 83 c0 01 48 39 f0 75 ee 48 63 d2 41 c6 04 10
0x00007fecb3f19049:   00 eb d1 31 c9 31 c0 e9 2b ff ff ff 90 66 2e 0f
0x00007fecb3f19059:   1f 84 00 00 00 00 00 55 31 f6 48 89 e5 41 54 53
0x00007fecb3f19069:   44 0f b7 67 04 48 89 fb 41 8d 7c 24 01 48 63 ff
0x00007fecb3f19079:   e8 92 61 eb ff 0f b7 53 04 49 89 c0 44 39 e2 41
0x00007fecb3f19089:   0f 4f d4 85 d2 0f 84 fd 00 00 00 48 8d 4b 07 89
0x00007fecb3f19099:   d7 8d 72 ff 48 29 c8 48 83 f8 0e 0f 86 fe 00 00
0x00007fecb3f190a9:   00 83 fe 06 0f 86 f5 00 00 00 83 fe 0e 0f 86 16
0x00007fecb3f190b9:   01 00 00 89 d1 31 c0 c1 e9 04 48 c1 e1 04 66 0f
0x00007fecb3f190c9:   1f 84 00 00 00 00 00 f3 0f 6f 44 03 06 41 0f 11
0x00007fecb3f190d9:   04 00 48 83 c0 10 48 39 c8 75 ec 89 d1 83 e1 f0
0x00007fecb3f190e9:   89 c8 39 ca 0f 84 9e 00 00 00 89 d7 29 ce 29 cf
0x00007fecb3f190f9:   83 fe 06 76 16 8d 71 06 48 8b 34 33 49 89 34 08
0x00007fecb3f19109:   89 f9 83 e1 f8 01 c8 39 cf 74 7d 48 63 c8 0f b6
0x00007fecb3f19119:   74 0b 06 41 88 34 08 8d 48 01 39 ca 7e 6a 48 63
0x00007fecb3f19129:   c9 0f b6 74 0b 06 41 88 34 08 8d 48 02 39 ca 7e
0x00007fecb3f19139:   57 48 63 c9 0f b6 74 0b 06 41 88 34 08 8d 48 03
0x00007fecb3f19149:   39 ca 7e 44 48 63 c9 0f b6 74 0b 06 41 88 34 08
0x00007fecb3f19159:   8d 48 04 39 ca 7e 31 48 63 c9 0f b6 74 0b 06 41 


Stack slot to memory mapping:
stack at sp + 0 slots: 0x0000000800ccb820 is a pointer to class: 
org.lerot.mycontact.mcContact {0x0000000800ccb820}
 - instance size:     6
 - klass size:        154
 - access:            public synchronized 
 - state:             fully_initialized
 - name:              'org/lerot/mycontact/mcContact'
 - super:             'org/lerot/mycontact/mcDataObject'
 - sub:               
 - arrays:            NULL
 - methods:           Array<T>(0x00007fec7c8594c0)
 - method ordering:   Array<T>(0x00007fec7c734ee8)
 - default_methods:   Array<T>(0x0000000000000000)
 - local interfaces:  Array<T>(0x00007fec7c412df0)
 - trans. interfaces: Array<T>(0x00007fec7c412df0)
 - constants:         constant pool [1117] {0x00007fec0f70c870} for 'org/lerot/mycontact/mcContact' cache=0x00007fec0f710000
 - class loader data:  loader data: 0x00007fecac1cb3d0 for instance a 'jdk/internal/loader/ClassLoaders$AppClassLoader'{0x000000070791aed0}
 - source file:       'mcContact.java'
 - source debug extension:       SMAP
mcContact.java
Java
*S jdt
*F
1 mcContact.java
2 file:/home/paul/Development/GitWorkspace/contacts/mycontacts/bin/
*L
*E

 - class annotations:       Array<T>(0x0000000000000000)
 - class type annotations:  Array<T>(0x0000000000000000)
 - field annotations:       Array<T>(0x0000000000000000)
 - field type annotations:  Array<T>(0x0000000000000000)
 - previous version:  constant pool [1112] {0x00007fec7c410940} for 'org/lerot/mycontact/mcContact' (extra) cache=0x00007fec7cb78000
 - generic signature: '
[error occurred during error reporting (inspecting top of stack), id 0xb, SIGSEGV (0xb) at pc=0x00007fecb3f19fdb]


---------------  P R O C E S S  ---------------

Threads class SMR info:
_java_thread_list=0x00007fec18013ba0, length=19, elements={
0x00007fecac178970, 0x00007fecac179d50, 0x00007fecac17f0e0, 0x00007fecac180490,
0x00007fecac1818a0, 0x00007fecac183250, 0x00007fecac184780, 0x00007fecac185bf0,
0x00007fecac1c3960, 0x00007fecac238030, 0x00007fecac251fb0, 0x00007fec40001130,
0x00007fecac3ad940, 0x00007fecac4c0e80, 0x00007fecac4c3730, 0x00007fecac5a93a0,
0x00007fecac52b8c0, 0x00007fecac5a5f70, 0x00007fecac0270a0
}

Java Threads: ( => current thread )
  0x00007fecac178970 JavaThread "Reference Handler" daemon [_thread_blocked, id=12201, stack(0x00007fecb042b000,0x00007fecb052b000)]
  0x00007fecac179d50 JavaThread "Finalizer" daemon [_thread_blocked, id=12202, stack(0x00007fecb032b000,0x00007fecb042b000)]
  0x00007fecac17f0e0 JavaThread "Signal Dispatcher" daemon [_thread_blocked, id=12203, stack(0x00007fecb022b000,0x00007fecb032b000)]
  0x00007fecac180490 JavaThread "Service Thread" daemon [_thread_blocked, id=12204, stack(0x00007fecb012b000,0x00007fecb022b000)]
  0x00007fecac1818a0 JavaThread "Monitor Deflation Thread" daemon [_thread_blocked, id=12205, stack(0x00007fecb002b000,0x00007fecb012b000)]
  0x00007fecac183250 JavaThread "C2 CompilerThread0" daemon [_thread_blocked, id=12206, stack(0x00007fec8c119000,0x00007fec8c219000)]
  0x00007fecac184780 JavaThread "C1 CompilerThread0" daemon [_thread_blocked, id=12207, stack(0x00007fec8c019000,0x00007fec8c119000)]
  0x00007fecac185bf0 JavaThread "Sweeper thread" daemon [_thread_blocked, id=12208, stack(0x00007fec7df00000,0x00007fec7e000000)]
  0x00007fecac1c3960 JavaThread "Common-Cleaner" daemon [_thread_blocked, id=12209, stack(0x00007fec7de00000,0x00007fec7df00000)]
=>0x00007fecac238030 JavaThread "JDWP Transport Listener: dt_socket" daemon [_thread_in_vm, id=12212, stack(0x00007fec7dc00000,0x00007fec7dd00000)]
  0x00007fecac251fb0 JavaThread "JDWP Event Helper Thread" daemon [_thread_blocked, id=12214, stack(0x00007fec7db00000,0x00007fec7dc00000)]
  0x00007fec40001130 JavaThread "JDWP Command Reader" daemon [_thread_in_native, id=12215, stack(0x00007fec7da00000,0x00007fec7db00000)]
  0x00007fecac3ad940 JavaThread "Notification Thread" daemon [_thread_blocked, id=12219, stack(0x00007fec7d900000,0x00007fec7da00000)]
  0x00007fecac4c0e80 JavaThread "Java2D Disposer" daemon [_thread_blocked, id=12222, stack(0x00007fec7d10e000,0x00007fec7d20e000)]
  0x00007fecac4c3730 JavaThread "AWT-XAWT" daemon [_thread_in_native, id=12226, stack(0x00007fec7cd08000,0x00007fec7ce08000)]
  0x00007fecac5a93a0 JavaThread "AWT-Shutdown" [_thread_blocked, id=12228, stack(0x00007fec7c300000,0x00007fec7c400000)]
  0x00007fecac52b8c0 JavaThread "AWT-EventQueue-0" [_thread_blocked, id=12229, stack(0x00007fec7c200000,0x00007fec7c300000)]
  0x00007fecac5a5f70 JavaThread "TimerQueue" daemon [_thread_blocked, id=12230, stack(0x00007fec7c100000,0x00007fec7c200000)]
  0x00007fecac0270a0 JavaThread "DestroyJavaVM" [_thread_blocked, id=12192, stack(0x00007fecb2f30000,0x00007fecb3030000)]

Other Threads:
  0x00007fecac174920 VMThread "VM Thread" [stack: 0x00007fecb052d000,0x00007fecb062d000] [id=12200]
  0x00007fecac029a20 WatcherThread [stack: 0x00007fec7d800000,0x00007fec7d900000] [id=12220]
  0x00007fecac0911a0 GCTaskThread "GC Thread#0" [stack: 0x00007fecb1029000,0x00007fecb1129000] [id=12195]
  0x00007fec740052d0 GCTaskThread "GC Thread#1" [stack: 0x00007fec7d00e000,0x00007fec7d10e000] [id=12223]
  0x00007fec74005d10 GCTaskThread "GC Thread#2" [stack: 0x00007fec7cf0c000,0x00007fec7d00c000] [id=12224]
  0x00007fec74006750 GCTaskThread "GC Thread#3" [stack: 0x00007fec7ce0a000,0x00007fec7cf0a000] [id=12225]
  0x00007fecac0a1f80 ConcurrentGCThread "G1 Main Marker" [stack: 0x00007fecb0f27000,0x00007fecb1027000] [id=12196]
  0x00007fecac0a2ee0 ConcurrentGCThread "G1 Conc#0" [stack: 0x00007fecb0e25000,0x00007fecb0f25000] [id=12197]
  0x00007fecac146870 ConcurrentGCThread "G1 Refine#0" [stack: 0x00007fecb091f000,0x00007fecb0a1f000] [id=12198]
  0x00007fecac147760 ConcurrentGCThread "G1 Service" [stack: 0x00007fecb081d000,0x00007fecb091d000] [id=12199]

Threads with active compile tasks:

VM state: not at safepoint (normal execution)

VM Mutex/Monitor currently owned by a thread: None

Heap address: 0x0000000707800000, size: 3976 MB, Compressed Oops mode: Zero based, Oop shift amount: 3

CDS archive(s) mapped at: [0x0000000800000000-0x0000000800be0000-0x0000000800be0000), size 12451840, SharedBaseAddress: 0x0000000800000000, ArchiveRelocationMode: 0.
Compressed class space mapped at: 0x0000000800c00000-0x0000000840c00000, reserved size: 1073741824
Narrow klass base: 0x0000000800000000, Narrow klass shift: 0, Narrow klass range: 0x100000000

GC Precious Log:
 CPUs: 4 total, 4 available
 Memory: 15900M
 Large Page Support: Disabled
 NUMA Support: Disabled
 Compressed Oops: Enabled (Zero based)
 Heap Region Size: 2M
 Heap Min Capacity: 8M
 Heap Initial Capacity: 250M
 Heap Max Capacity: 3976M
 Pre-touch: Disabled
 Parallel Workers: 4
 Concurrent Workers: 1
 Concurrent Refinement Workers: 4
 Periodic GC: Disabled

Heap:
 garbage-first heap   total 55296K, used 15253K [0x0000000707800000, 0x0000000800000000)
  region size 2048K, 6 young (12288K), 3 survivors (6144K)
 Metaspace       used 21463K, committed 21696K, reserved 1073152K
  class space    used 2415K, committed 2496K, reserved 1048576K

Heap Regions: E=young(eden), S=young(survivor), O=old, HS=humongous(starts), HC=humongous(continues), CS=collection set, F=free, OA=open archive, CA=closed archive, TAMS=top-at-mark-start (previous, next)
|   0|0x0000000707800000, 0x0000000707a00000, 0x0000000707a00000|100%| O|  |TAMS 0x0000000707a00000, 0x0000000707800000| Untracked 
|   1|0x0000000707a00000, 0x0000000707b7e200, 0x0000000707c00000| 74%| O|  |TAMS 0x0000000707b7e200, 0x0000000707a00000| Untracked 
|   2|0x0000000707c00000, 0x0000000707c00000, 0x0000000707e00000|  0%| F|  |TAMS 0x0000000707c00000, 0x0000000707c00000| Untracked 
|   3|0x0000000707e00000, 0x0000000707e00000, 0x0000000708000000|  0%| F|  |TAMS 0x0000000707e00000, 0x0000000707e00000| Untracked 
|   4|0x0000000708000000, 0x0000000708000000, 0x0000000708200000|  0%| F|  |TAMS 0x0000000708000000, 0x0000000708000000| Untracked 
|   5|0x0000000708200000, 0x0000000708200000, 0x0000000708400000|  0%| F|  |TAMS 0x0000000708200000, 0x0000000708200000| Untracked 
|   6|0x0000000708400000, 0x0000000708400000, 0x0000000708600000|  0%| F|  |TAMS 0x0000000708400000, 0x0000000708400000| Untracked 
|   7|0x0000000708600000, 0x0000000708600000, 0x0000000708800000|  0%| F|  |TAMS 0x0000000708600000, 0x0000000708600000| Untracked 
|   8|0x0000000708800000, 0x0000000708800000, 0x0000000708a00000|  0%| F|  |TAMS 0x0000000708800000, 0x0000000708800000| Untracked 
|   9|0x0000000708a00000, 0x0000000708a00000, 0x0000000708c00000|  0%| F|  |TAMS 0x0000000708a00000, 0x0000000708a00000| Untracked 
|  10|0x0000000708c00000, 0x0000000708c00000, 0x0000000708e00000|  0%| F|  |TAMS 0x0000000708c00000, 0x0000000708c00000| Untracked 
|  11|0x0000000708e00000, 0x0000000708e00000, 0x0000000709000000|  0%| F|  |TAMS 0x0000000708e00000, 0x0000000708e00000| Untracked 
|  12|0x0000000709000000, 0x0000000709000000, 0x0000000709200000|  0%| F|  |TAMS 0x0000000709000000, 0x0000000709000000| Untracked 
|  13|0x0000000709200000, 0x0000000709200000, 0x0000000709400000|  0%| F|  |TAMS 0x0000000709200000, 0x0000000709200000| Untracked 
|  14|0x0000000709400000, 0x0000000709400000, 0x0000000709600000|  0%| F|  |TAMS 0x0000000709400000, 0x0000000709400000| Untracked 
|  15|0x0000000709600000, 0x0000000709600000, 0x0000000709800000|  0%| F|  |TAMS 0x0000000709600000, 0x0000000709600000| Untracked 
|  16|0x0000000709800000, 0x0000000709800000, 0x0000000709a00000|  0%| F|  |TAMS 0x0000000709800000, 0x0000000709800000| Untracked 
|  17|0x0000000709a00000, 0x0000000709a00000, 0x0000000709c00000|  0%| F|  |TAMS 0x0000000709a00000, 0x0000000709a00000| Untracked 
|  18|0x0000000709c00000, 0x0000000709c00000, 0x0000000709e00000|  0%| F|  |TAMS 0x0000000709c00000, 0x0000000709c00000| Untracked 
|  19|0x0000000709e00000, 0x0000000709e08658, 0x000000070a000000|  1%| E|  |TAMS 0x0000000709e00000, 0x0000000709e00000| Complete 
|  20|0x000000070a000000, 0x000000070a200000, 0x000000070a200000|100%| E|CS|TAMS 0x000000070a000000, 0x000000070a000000| Complete 
| 112|0x0000000715800000, 0x000000071596f360, 0x0000000715a00000| 71%| S|CS|TAMS 0x0000000715800000, 0x0000000715800000| Complete 
| 113|0x0000000715a00000, 0x0000000715c00000, 0x0000000715c00000|100%| S|CS|TAMS 0x0000000715a00000, 0x0000000715a00000| Complete 
| 114|0x0000000715c00000, 0x0000000715e00000, 0x0000000715e00000|100%| S|CS|TAMS 0x0000000715c00000, 0x0000000715c00000| Complete 
| 124|0x0000000717000000, 0x0000000717200000, 0x0000000717200000|100%| E|CS|TAMS 0x0000000717000000, 0x0000000717000000| Complete 
|1986|0x00000007ffc00000, 0x00000007ffd76000, 0x00000007ffe00000| 73%|OA|  |TAMS 0x00000007ffd76000, 0x00000007ffc00000| Untracked 
|1987|0x00000007ffe00000, 0x00000007ffe82000, 0x0000000800000000| 25%|CA|  |TAMS 0x00000007ffe82000, 0x00000007ffe00000| Untracked 

Card table byte_map: [0x00007fecb1930000,0x00007fecb20f4000] _byte_map_base: 0x00007fecae0f4000

Marking Bits (Prev, Next): (CMBitMap*) 0x00007fecac091c60, (CMBitMap*) 0x00007fecac091c20
 Prev Bits: [0x00007fec8d83b000, 0x00007fec9165b000)
 Next Bits: [0x00007fec9165b000, 0x00007fec9547b000)

Polling page: 0x00007fecb46d0000

Metaspace:

Usage:
  Non-class:     18.60 MB used.
      Class:      2.36 MB used.
       Both:     20.96 MB used.

Virtual space:
  Non-class space:       24.00 MB reserved,      18.75 MB ( 78%) committed,  3 nodes.
      Class space:        1.00 GB reserved,       2.44 MB ( <1%) committed,  1 nodes.
             Both:        1.02 GB reserved,      21.19 MB (  2%) committed. 

Chunk freelists:
   Non-Class:  946.00 KB
       Class:  1.57 MB
        Both:  2.49 MB

MaxMetaspaceSize: unlimited
CompressedClassSpaceSize: 1.00 GB
Initial GC threshold: 21.00 MB
Current GC threshold: 35.12 MB
CDS: on
MetaspaceReclaimPolicy: balanced
 - commit_granule_bytes: 65536.
 - commit_granule_words: 8192.
 - virtual_space_node_default_size: 1048576.
 - enlarge_chunks_in_place: 1.
 - new_chunks_are_fully_committed: 0.
 - uncommit_free_chunks: 1.
 - use_allocation_guard: 0.
 - handle_deallocations: 1.


Internal statistics:

num_allocs_failed_limit: 3.
num_arena_births: 194.
num_arena_deaths: 0.
num_vsnodes_births: 4.
num_vsnodes_deaths: 0.
num_space_committed: 339.
num_space_uncommitted: 0.
num_chunks_returned_to_freelist: 3.
num_chunks_taken_from_freelist: 463.
num_chunk_merges: 0.
num_chunk_splits: 292.
num_chunks_enlarged: 193.
num_purges: 0.
num_inconsistent_stats: 0.

CodeHeap 'non-profiled nmethods': size=120032Kb used=1499Kb max_used=1499Kb free=118533Kb
 bounds [0x00007fec9cf43000, 0x00007fec9d1b3000, 0x00007feca447b000]
CodeHeap 'profiled nmethods': size=120028Kb used=7737Kb max_used=7737Kb free=112290Kb
 bounds [0x00007fec95a0c000, 0x00007fec9619c000, 0x00007fec9cf43000]
CodeHeap 'non-nmethods': size=5700Kb used=1440Kb max_used=1490Kb free=4259Kb
 bounds [0x00007fec9547b000, 0x00007fec956eb000, 0x00007fec95a0c000]
 total_blobs=4412 nmethods=3668 adapters=657
 compilation: enabled
              stopped_count=0, restarted_count=0
 full_count=0

Compilation events (20 events):
Event: 15.574 Thread 0x00007fecac183250 3669       4       java.lang.Long::compareTo (9 bytes)
Event: 15.575 Thread 0x00007fecac183250 nmethod 3669 0x00007fec9d0b8c10 code [0x00007fec9d0b8da0, 0x00007fec9d0b8e78]
Event: 15.590 Thread 0x00007fecac184780 3670       3       java.awt.event.InputEvent$1::setCanAccessSystemClipboard (6 bytes)
Event: 15.590 Thread 0x00007fecac184780 nmethod 3670 0x00007fec96196e90 code [0x00007fec96197020, 0x00007fec96197130]
Event: 16.994 Thread 0x00007fecac184780 3671       3       sun.java2d.xr.XRSolidSrcPict::prepareSrcPict (51 bytes)
Event: 16.995 Thread 0x00007fecac184780 nmethod 3671 0x00007fec96197210 code [0x00007fec961973e0, 0x00007fec96197630]
Event: 16.997 Thread 0x00007fecac184780 3672       1       java.awt.Container::isFocusCycleRoot (5 bytes)
Event: 16.997 Thread 0x00007fecac184780 nmethod 3672 0x00007fec9d0b8f90 code [0x00007fec9d0b9120, 0x00007fec9d0b91f0]
Event: 17.000 Thread 0x00007fecac184780 3673       3       sun.awt.X11.XToolkit::targetToPeer (31 bytes)
Event: 17.001 Thread 0x00007fecac183250 3675       4       java.lang.invoke.VarForm::getMemberName (31 bytes)
Event: 17.003 Thread 0x00007fecac184780 nmethod 3673 0x00007fec96197790 code [0x00007fec96197a80, 0x00007fec96198910]
Event: 17.003 Thread 0x00007fecac184780 3674       3       sun.awt.SunToolkit::targetToPeer (20 bytes)
Event: 17.004 Thread 0x00007fecac183250 nmethod 3675 0x00007fec9d0b9290 code [0x00007fec9d0b9420, 0x00007fec9d0b9528]
Event: 17.005 Thread 0x00007fecac184780 nmethod 3674 0x00007fec96198e10 code [0x00007fec96199060, 0x00007fec961997c0]
Event: 17.005 Thread 0x00007fecac184780 3676       1       sun.awt.image.VolatileSurfaceManager::contentsLost (5 bytes)
Event: 17.005 Thread 0x00007fecac184780 nmethod 3676 0x00007fec9d0b9610 code [0x00007fec9d0b97a0, 0x00007fec9d0b9870]
Event: 17.048 Thread 0x00007fecac184780 3677       3       org.lerot.mywidgets.jswStyle::getStringStyle (48 bytes)
Event: 17.049 Thread 0x00007fecac184780 nmethod 3677 0x00007fec96199a90 code [0x00007fec96199cc0, 0x00007fec9619a470]
Event: 87.166 Thread 0x00007fecac183250 3678       4       sun.awt.X11.XToolkit::getDisplay (20 bytes)
Event: 87.167 Thread 0x00007fecac183250 nmethod 3678 0x00007fec9d0b9910 code [0x00007fec9d0b9a80, 0x00007fec9d0b9ad8]

GC Heap History (8 events):
Event: 0.583 GC heap before
{Heap before GC invocations=0 (full 0):
 garbage-first heap   total 260096K, used 12256K [0x0000000707800000, 0x0000000800000000)
  region size 2048K, 6 young (12288K), 0 survivors (0K)
 Metaspace       used 6091K, committed 6336K, reserved 1056768K
  class space    used 578K, committed 704K, reserved 1048576K
}
Event: 0.587 GC heap after
{Heap after GC invocations=1 (full 0):
 garbage-first heap   total 260096K, used 4558K [0x0000000707800000, 0x0000000800000000)
  region size 2048K, 1 young (2048K), 1 survivors (2048K)
 Metaspace       used 6091K, committed 6336K, reserved 1056768K
  class space    used 578K, committed 704K, reserved 1048576K
}
Event: 1.217 GC heap before
{Heap before GC invocations=1 (full 0):
 garbage-first heap   total 260096K, used 22990K [0x0000000707800000, 0x0000000800000000)
  region size 2048K, 10 young (20480K), 1 survivors (2048K)
 Metaspace       used 14168K, committed 14400K, reserved 1064960K
  class space    used 1629K, committed 1728K, reserved 1048576K
}
Event: 1.226 GC heap after
{Heap after GC invocations=2 (full 0):
 garbage-first heap   total 260096K, used 7197K [0x0000000707800000, 0x0000000800000000)
  region size 2048K, 2 young (4096K), 2 survivors (4096K)
 Metaspace       used 14168K, committed 14400K, reserved 1064960K
  class space    used 1629K, committed 1728K, reserved 1048576K
}
Event: 3.092 GC heap before
{Heap before GC invocations=2 (full 0):
 garbage-first heap   total 260096K, used 52253K [0x0000000707800000, 0x0000000800000000)
  region size 2048K, 24 young (49152K), 2 survivors (4096K)
 Metaspace       used 18598K, committed 18816K, reserved 1073152K
  class space    used 2163K, committed 2240K, reserved 1048576K
}
Event: 3.100 GC heap after
{Heap after GC invocations=3 (full 0):
 garbage-first heap   total 260096K, used 11029K [0x0000000707800000, 0x0000000800000000)
  region size 2048K, 3 young (6144K), 3 survivors (6144K)
 Metaspace       used 18598K, committed 18816K, reserved 1073152K
  class space    used 2163K, committed 2240K, reserved 1048576K
}
Event: 12.464 GC heap before
{Heap before GC invocations=3 (full 0):
 garbage-first heap   total 260096K, used 29461K [0x0000000707800000, 0x0000000800000000)
  region size 2048K, 13 young (26624K), 3 survivors (6144K)
 Metaspace       used 21297K, committed 21504K, reserved 1073152K
  class space    used 2409K, committed 2496K, reserved 1048576K
}
Event: 12.471 GC heap after
{Heap after GC invocations=4 (full 0):
 garbage-first heap   total 260096K, used 11157K [0x0000000707800000, 0x0000000800000000)
  region size 2048K, 3 young (6144K), 3 survivors (6144K)
 Metaspace       used 21297K, committed 21504K, reserved 1073152K
  class space    used 2409K, committed 2496K, reserved 1048576K
}

Deoptimization events (20 events):
Event: 12.500 Thread 0x00007fecac179d50 DEOPT PACKING pc=0x00007fec95f327c4 sp=0x00007fecb0429890
Event: 12.500 Thread 0x00007fecac179d50 DEOPT UNPACKING pc=0x00007fec954cd82f sp=0x00007fecb0428d50 mode 1
Event: 12.500 Thread 0x00007fecac179d50 DEOPT PACKING pc=0x00007fec95f178e4 sp=0x00007fecb04298d0
Event: 12.500 Thread 0x00007fecac179d50 DEOPT UNPACKING pc=0x00007fec954cd82f sp=0x00007fecb0428d50 mode 1
Event: 12.500 Thread 0x00007fecac179d50 DEOPT PACKING pc=0x00007fec95ede63f sp=0x00007fecb04297d0
Event: 12.500 Thread 0x00007fecac179d50 DEOPT UNPACKING pc=0x00007fec954cd82f sp=0x00007fecb0428cc8 mode 1
Event: 12.500 Thread 0x00007fecac179d50 DEOPT PACKING pc=0x00007fec95ea84ec sp=0x00007fecb0429850
Event: 12.500 Thread 0x00007fecac179d50 DEOPT UNPACKING pc=0x00007fec954cd82f sp=0x00007fecb0428d10 mode 1
Event: 12.500 Thread 0x00007fecac179d50 DEOPT PACKING pc=0x00007fec95f3af44 sp=0x00007fecb0429890
Event: 12.500 Thread 0x00007fecac179d50 DEOPT UNPACKING pc=0x00007fec954cd82f sp=0x00007fecb0428d50 mode 1
Event: 12.500 Thread 0x00007fecac179d50 DEOPT PACKING pc=0x00007fec95f178e4 sp=0x00007fecb04298d0
Event: 12.500 Thread 0x00007fecac179d50 DEOPT UNPACKING pc=0x00007fec954cd82f sp=0x00007fecb0428d50 mode 1
Event: 14.415 Thread 0x00007fecac52b8c0 Uncommon trap: trap_request=0xffffff45 fr.pc=0x00007fec9d082814 relative=0x0000000000000074
Event: 14.415 Thread 0x00007fecac52b8c0 Uncommon trap: reason=unstable_if action=reinterpret pc=0x00007fec9d082814 method=java.awt.Component.getInputContext()Ljava/awt/im/InputContext; @ 6 c2
Event: 14.415 Thread 0x00007fecac52b8c0 DEOPT PACKING pc=0x00007fec9d082814 sp=0x00007fec7c2fd910
Event: 14.415 Thread 0x00007fecac52b8c0 DEOPT UNPACKING pc=0x00007fec954cd099 sp=0x00007fec7c2fd8c0 mode 2
Event: 17.048 Thread 0x00007fecac52b8c0 DEOPT PACKING pc=0x00007fec95dfe9be sp=0x00007fec7c2fd590
Event: 17.048 Thread 0x00007fecac52b8c0 DEOPT UNPACKING pc=0x00007fec954cd82f sp=0x00007fec7c2fcae0 mode 1
Event: 17.048 Thread 0x00007fecac52b8c0 DEOPT PACKING pc=0x00007fec95dfe9be sp=0x00007fec7c2fd590
Event: 17.048 Thread 0x00007fecac52b8c0 DEOPT UNPACKING pc=0x00007fec954cd82f sp=0x00007fec7c2fcae0 mode 1

Classes unloaded (0 events):
No events

Classes redefined (1 events):
Event: 89.675 Thread 0x00007fecac174920 redefined class name=org.lerot.mycontact.mcContact, count=1

Internal exceptions (20 events):
Event: 3.343 Thread 0x00007fecac0270a0 Implicit null exception at 0x00007fec95dfe1e4 to 0x00007fec95dfe9b9
Event: 3.343 Thread 0x00007fecac0270a0 Exception <a 'java/lang/NullPointerException'{0x0000000716bd7910}> (0x0000000716bd7910) 
thrown [src/hotspot/share/runtime/sharedRuntime.cpp, line 628]
Event: 3.343 Thread 0x00007fecac0270a0 Implicit null exception at 0x00007fec95dfe1e4 to 0x00007fec95dfe9b9
Event: 3.343 Thread 0x00007fecac0270a0 Exception <a 'java/lang/NullPointerException'{0x0000000716bd7e90}> (0x0000000716bd7e90) 
thrown [src/hotspot/share/runtime/sharedRuntime.cpp, line 628]
Event: 3.343 Thread 0x00007fecac0270a0 Implicit null exception at 0x00007fec95dfe1e4 to 0x00007fec95dfe9b9
Event: 3.343 Thread 0x00007fecac0270a0 Exception <a 'java/lang/NullPointerException'{0x0000000716bd81a0}> (0x0000000716bd81a0) 
thrown [src/hotspot/share/runtime/sharedRuntime.cpp, line 628]
Event: 3.347 Thread 0x00007fecac0270a0 Implicit null exception at 0x00007fec95dfe1e4 to 0x00007fec95dfe9b9
Event: 3.347 Thread 0x00007fecac0270a0 Exception <a 'java/lang/NullPointerException'{0x000000071680cfc8}> (0x000000071680cfc8) 
thrown [src/hotspot/share/runtime/sharedRuntime.cpp, line 628]
Event: 3.347 Thread 0x00007fecac0270a0 Implicit null exception at 0x00007fec95dfe1e4 to 0x00007fec95dfe9b9
Event: 3.347 Thread 0x00007fecac0270a0 Exception <a 'java/lang/NullPointerException'{0x000000071680d2d8}> (0x000000071680d2d8) 
thrown [src/hotspot/share/runtime/sharedRuntime.cpp, line 628]
Event: 3.353 Thread 0x00007fecac0270a0 Implicit null exception at 0x00007fec95dfe1e4 to 0x00007fec95dfe9b9
Event: 3.353 Thread 0x00007fecac0270a0 Exception <a 'java/lang/NullPointerException'{0x000000071684cdf0}> (0x000000071684cdf0) 
thrown [src/hotspot/share/runtime/sharedRuntime.cpp, line 628]
Event: 3.353 Thread 0x00007fecac0270a0 Implicit null exception at 0x00007fec95dfe1e4 to 0x00007fec95dfe9b9
Event: 3.353 Thread 0x00007fecac0270a0 Exception <a 'java/lang/NullPointerException'{0x000000071684d100}> (0x000000071684d100) 
thrown [src/hotspot/share/runtime/sharedRuntime.cpp, line 628]
Event: 10.326 Thread 0x00007fecac52b8c0 Exception <a 'java/lang/NoSuchMethodError'{0x00000007160d5a28}: 'int java.lang.invoke.DirectMethodHandle$Holder.invokeStatic(java.lang.Object)'> (0x00000007160d5a28) 
thrown [src/hotspot/share/interpreter/linkResolver.cpp, line 758]
Event: 10.382 Thread 0x00007fecac52b8c0 Implicit null exception at 0x00007fec9d072daf to 0x00007fec9d072e6a
Event: 17.048 Thread 0x00007fecac52b8c0 Implicit null exception at 0x00007fec95dfe1e4 to 0x00007fec95dfe9b9
Event: 17.048 Thread 0x00007fecac52b8c0 Exception <a 'java/lang/NullPointerException'{0x000000070a178fa8}> (0x000000070a178fa8) 
thrown [src/hotspot/share/runtime/sharedRuntime.cpp, line 628]
Event: 17.048 Thread 0x00007fecac52b8c0 Implicit null exception at 0x00007fec95dfe1e4 to 0x00007fec95dfe9b9
Event: 17.048 Thread 0x00007fecac52b8c0 Exception <a 'java/lang/NullPointerException'{0x000000070a179560}> (0x000000070a179560) 
thrown [src/hotspot/share/runtime/sharedRuntime.cpp, line 628]

VM Operations (20 events):
Event: 70.691 Executing VM operation: get/set locals
Event: 70.691 Executing VM operation: get/set locals done
Event: 70.692 Executing VM operation: get/set locals
Event: 70.692 Executing VM operation: get/set locals done
Event: 70.705 Executing VM operation: get/set locals
Event: 70.705 Executing VM operation: get/set locals done
Event: 77.717 Executing VM operation: get/set locals
Event: 77.717 Executing VM operation: get/set locals done
Event: 89.644 Executing VM operation: ChangeSingleStep
Event: 89.644 Executing VM operation: ChangeSingleStep done
Event: 89.644 Executing VM operation: ChangeSingleStep
Event: 89.644 Executing VM operation: ChangeSingleStep done
Event: 89.665 Executing VM operation: RedefineClasses
Event: 89.693 Executing VM operation: RedefineClasses done
Event: 89.724 Executing VM operation: ChangeBreakpoints
Event: 89.727 Executing VM operation: ChangeBreakpoints done
Event: 89.742 Executing VM operation: ChangeBreakpoints
Event: 89.744 Executing VM operation: ChangeBreakpoints done
Event: 89.768 Executing VM operation: ChangeBreakpoints
Event: 89.772 Executing VM operation: ChangeBreakpoints done

Events (20 events):
Event: 12.590 Thread 0x00007fec5c262580 Thread exited: 0x00007fec5c262580
Event: 13.356 loading class javax/swing/text/AbstractDocument$UndoRedoDocumentEvent
Event: 13.356 loading class javax/swing/text/AbstractDocument$UndoRedoDocumentEvent done
Event: 13.357 loading class javax/swing/text/DefaultCaret$1
Event: 13.357 loading class javax/swing/text/DefaultCaret$1 done
Event: 14.360 loading class java/awt/KeyboardFocusManager$2
Event: 14.360 loading class java/awt/KeyboardFocusManager$2 done
Event: 14.360 loading class sun/awt/SunToolkit$1
Event: 14.360 loading class sun/awt/SunToolkit$1 done
Event: 14.361 loading class sun/awt/X11/XUnmapEvent
Event: 14.361 loading class sun/awt/X11/XUnmapEvent done
Event: 14.378 loading class java/awt/Window$1DisposeAction
Event: 14.379 loading class java/awt/Window$1DisposeAction done
Event: 14.379 loading class java/awt/LightweightDispatcher$2
Event: 14.380 loading class java/awt/LightweightDispatcher$2 done
Event: 14.380 loading class java/awt/Component$FlipBufferStrategy
Event: 14.381 loading class java/awt/Component$FlipBufferStrategy done
Event: 14.413 loading class sun/awt/X11/XErrorEvent
Event: 14.413 loading class sun/awt/X11/XErrorEvent done
Event: 15.256 Thread 0x00007fec1006f440 Thread exited: 0x00007fec1006f440


Dynamic libraries:
707800000-70a200000 rw-p 00000000 00:00 0 
70a200000-715800000 ---p 00000000 00:00 0 
715800000-715e00000 rw-p 00000000 00:00 0 
715e00000-717000000 ---p 00000000 00:00 0 
717000000-717200000 rw-p 00000000 00:00 0 
717200000-7ffc00000 ---p 00000000 00:00 0 
7ffc00000-7ffd00000 rw-p 00000000 00:00 0 
7ffd00000-7ffd76000 rw-p 00c9b000 08:11 9309494                          /home/paul/installations/jdk-17.0.4.1+1/lib/server/classes.jsa
7ffd76000-7ffe00000 rw-p 00000000 00:00 0 
7ffe00000-7ffe82000 rw-p 00c19000 08:11 9309494                          /home/paul/installations/jdk-17.0.4.1+1/lib/server/classes.jsa
7ffe82000-800000000 rw-p 00000000 00:00 0 
800000000-800be0000 rw-p 00001000 08:11 9309494                          /home/paul/installations/jdk-17.0.4.1+1/lib/server/classes.jsa
800be0000-800c00000 ---p 00000000 00:00 0 
800c00000-800c20000 rw-p 00000000 00:00 0 
800c20000-800c40000 rw-p 00000000 00:00 0 
800c40000-800cc0000 rw-p 00000000 00:00 0 
800cc0000-800ce0000 rw-p 00000000 00:00 0 
800ce0000-800d20000 rw-p 00000000 00:00 0 
800d20000-800d40000 rw-p 00000000 00:00 0 
800d40000-800dc0000 rw-p 00000000 00:00 0 
800dc0000-800e30000 rw-p 00000000 00:00 0 
800e30000-800e40000 ---p 00000000 00:00 0 
800e40000-800e80000 rw-p 00000000 00:00 0 
800e80000-840c00000 ---p 00000000 00:00 0 
5567a053e000-5567a053f000 r--p 00000000 08:11 9309550                    /home/paul/installations/jdk-17.0.4.1+1/bin/java
5567a053f000-5567a0540000 r-xp 00001000 08:11 9309550                    /home/paul/installations/jdk-17.0.4.1+1/bin/java
5567a0540000-5567a0541000 r--p 00002000 08:11 9309550                    /home/paul/installations/jdk-17.0.4.1+1/bin/java
5567a0541000-5567a0542000 r--p 00002000 08:11 9309550                    /home/paul/installations/jdk-17.0.4.1+1/bin/java
5567a0542000-5567a0543000 rw-p 00003000 08:11 9309550                    /home/paul/installations/jdk-17.0.4.1+1/bin/java
5567a1a83000-5567a1aa4000 rw-p 00000000 00:00 0                          [heap]
7fec0f16b000-7fec0f500000 rw-p 00000000 00:00 0 
7fec0f500000-7fec0f540000 rw-p 00000000 00:00 0 
7fec0f540000-7fec0f580000 rw-p 00000000 00:00 0 
7fec0f580000-7fec0f6a0000 rw-p 00000000 00:00 0 
7fec0f6a0000-7fec0f700000 ---p 00000000 00:00 0 
7fec0f700000-7fec0f720000 rw-p 00000000 00:00 0 
7fec0f720000-7fec0fc00000 ---p 00000000 00:00 0 
7fec0fc00000-7fec0fcaf000 r-xp 00000000 08:02 262309                     /tmp/sqlite-3.7.151-amd64-libsqlitejdbc.so
7fec0fcaf000-7fec0feaf000 ---p 000af000 08:02 262309                     /tmp/sqlite-3.7.151-amd64-libsqlitejdbc.so
7fec0feaf000-7fec0feb1000 r--p 000af000 08:02 262309                     /tmp/sqlite-3.7.151-amd64-libsqlitejdbc.so
7fec0feb1000-7fec0feb3000 rw-p 000b1000 08:02 262309                     /tmp/sqlite-3.7.151-amd64-libsqlitejdbc.so
7fec0feb3000-7fec0feb4000 rw-p 00000000 00:00 0 
7fec10000000-7fec100e3000 rw-p 00000000 00:00 0 
7fec100e3000-7fec14000000 ---p 00000000 00:00 0 
7fec14000000-7fec14021000 rw-p 00000000 00:00 0 
7fec14021000-7fec18000000 ---p 00000000 00:00 0 
7fec18000000-7fec18156000 rw-p 00000000 00:00 0 
7fec18156000-7fec1c000000 ---p 00000000 00:00 0 
7fec1c000000-7fec1c021000 rw-p 00000000 00:00 0 
7fec1c021000-7fec20000000 ---p 00000000 00:00 0 
7fec20000000-7fec20021000 rw-p 00000000 00:00 0 
7fec20021000-7fec24000000 ---p 00000000 00:00 0 
7fec24000000-7fec24021000 rw-p 00000000 00:00 0 
7fec24021000-7fec28000000 ---p 00000000 00:00 0 
7fec28000000-7fec28021000 rw-p 00000000 00:00 0 
7fec28021000-7fec2c000000 ---p 00000000 00:00 0 
7fec2c000000-7fec2c021000 rw-p 00000000 00:00 0 
7fec2c021000-7fec30000000 ---p 00000000 00:00 0 
7fec30000000-7fec30021000 rw-p 00000000 00:00 0 
7fec30021000-7fec34000000 ---p 00000000 00:00 0 
7fec34000000-7fec34021000 rw-p 00000000 00:00 0 
7fec34021000-7fec38000000 ---p 00000000 00:00 0 
7fec38000000-7fec38021000 rw-p 00000000 00:00 0 
7fec38021000-7fec3c000000 ---p 00000000 00:00 0 
7fec3c000000-7fec3c021000 rw-p 00000000 00:00 0 
7fec3c021000-7fec40000000 ---p 00000000 00:00 0 
7fec40000000-7fec401cc000 rw-p 00000000 00:00 0 
7fec401cc000-7fec44000000 ---p 00000000 00:00 0 
7fec44000000-7fec44021000 rw-p 00000000 00:00 0 
7fec44021000-7fec48000000 ---p 00000000 00:00 0 
7fec48000000-7fec48021000 rw-p 00000000 00:00 0 
7fec48021000-7fec4c000000 ---p 00000000 00:00 0 
7fec4c000000-7fec4d171000 rw-p 00000000 00:00 0 
7fec4d171000-7fec50000000 ---p 00000000 00:00 0 
7fec50000000-7fec50b6c000 rw-p 00000000 00:00 0 
7fec50b6c000-7fec54000000 ---p 00000000 00:00 0 
7fec54000000-7fec54021000 rw-p 00000000 00:00 0 
7fec54021000-7fec58000000 ---p 00000000 00:00 0 
7fec58000000-7fec58021000 rw-p 00000000 00:00 0 
7fec58021000-7fec5c000000 ---p 00000000 00:00 0 
7fec5c000000-7fec5cefb000 rw-p 00000000 00:00 0 
7fec5cefb000-7fec60000000 ---p 00000000 00:00 0 
7fec60000000-7fec60021000 rw-p 00000000 00:00 0 
7fec60021000-7fec64000000 ---p 00000000 00:00 0 
7fec64000000-7fec64021000 rw-p 00000000 00:00 0 
7fec64021000-7fec68000000 ---p 00000000 00:00 0 
7fec68000000-7fec68021000 rw-p 00000000 00:00 0 
7fec68021000-7fec6c000000 ---p 00000000 00:00 0 
7fec6c000000-7fec6c021000 rw-p 00000000 00:00 0 
7fec6c021000-7fec70000000 ---p 00000000 00:00 0 
7fec70000000-7fec70021000 rw-p 00000000 00:00 0 
7fec70021000-7fec74000000 ---p 00000000 00:00 0 
7fec74000000-7fec74021000 rw-p 00000000 00:00 0 
7fec74021000-7fec78000000 ---p 00000000 00:00 0 
7fec78000000-7fec78021000 rw-p 00000000 00:00 0 
7fec78021000-7fec7c004000 ---p 00000000 00:00 0 
7fec7c004000-7fec7c100000 rw-p 00000000 00:00 0 
7fec7c100000-7fec7c104000 ---p 00000000 00:00 0 
7fec7c104000-7fec7c200000 rw-p 00000000 00:00 0 
7fec7c200000-7fec7c204000 ---p 00000000 00:00 0 
7fec7c204000-7fec7c300000 rw-p 00000000 00:00 0 
7fec7c300000-7fec7c304000 ---p 00000000 00:00 0 
7fec7c304000-7fec7c440000 rw-p 00000000 00:00 0 
7fec7c440000-7fec7c480000 rw-p 00000000 00:00 0 
7fec7c480000-7fec7c500000 rw-p 00000000 00:00 0 
7fec7c500000-7fec7c700000 rw-p 00000000 00:00 0 
7fec7c700000-7fec7c740000 rw-p 00000000 00:00 0 
7fec7c740000-7fec7c780000 rw-p 00000000 00:00 0 
7fec7c780000-7fec7c900000 rw-p 00000000 00:00 0 
7fec7c900000-7fec7ca00000 rw-p 00000000 00:00 0 
7fec7ca00000-7fec7cb80000 rw-p 00000000 00:00 0 
7fec7cb80000-7fec7cc00000 rw-p 00000000 00:00 0 
7fec7cc08000-7fec7cc0c000 ---p 00000000 00:00 0 
7fec7cc0c000-7fec7cd08000 rw-p 00000000 00:00 0 
7fec7cd08000-7fec7cd0c000 ---p 00000000 00:00 0 
7fec7cd0c000-7fec7ce08000 rw-p 00000000 00:00 0 
7fec7ce08000-7fec7ce09000 ---p 00000000 00:00 0 
7fec7ce09000-7fec7cf0a000 rw-p 00000000 00:00 0 
7fec7cf0a000-7fec7cf0b000 ---p 00000000 00:00 0 
7fec7cf0b000-7fec7d00c000 rw-p 00000000 00:00 0 
7fec7d00c000-7fec7d00d000 ---p 00000000 00:00 0 
7fec7d00d000-7fec7d10e000 rw-p 00000000 00:00 0 
7fec7d10e000-7fec7d112000 ---p 00000000 00:00 0 
7fec7d112000-7fec7d20e000 rw-p 00000000 00:00 0 
7fec7d20e000-7fec7d210000 r--p 00000000 08:02 531898                     /usr/lib/x86_64-linux-gnu/libXfixes.so.3.1.0
7fec7d210000-7fec7d213000 r-xp 00002000 08:02 531898                     /usr/lib/x86_64-linux-gnu/libXfixes.so.3.1.0
7fec7d213000-7fec7d214000 r--p 00005000 08:02 531898                     /usr/lib/x86_64-linux-gnu/libXfixes.so.3.1.0
7fec7d214000-7fec7d215000 r--p 00006000 08:02 531898                     /usr/lib/x86_64-linux-gnu/libXfixes.so.3.1.0
7fec7d215000-7fec7d216000 rw-p 00007000 08:02 531898                     /usr/lib/x86_64-linux-gnu/libXfixes.so.3.1.0
7fec7d216000-7fec7d218000 r--p 00000000 08:02 531890                     /usr/lib/x86_64-linux-gnu/libXcursor.so.1.0.2
7fec7d218000-7fec7d21e000 r-xp 00002000 08:02 531890                     /usr/lib/x86_64-linux-gnu/libXcursor.so.1.0.2
7fec7d21e000-7fec7d220000 r--p 00008000 08:02 531890                     /usr/lib/x86_64-linux-gnu/libXcursor.so.1.0.2
7fec7d220000-7fec7d221000 r--p 00009000 08:02 531890                     /usr/lib/x86_64-linux-gnu/libXcursor.so.1.0.2
7fec7d221000-7fec7d222000 rw-p 0000a000 08:02 531890                     /usr/lib/x86_64-linux-gnu/libXcursor.so.1.0.2
7fec7d222000-7fec7d223000 r--p 00000000 08:02 532168                     /usr/lib/x86_64-linux-gnu/libbrotlicommon.so.1.0.9
7fec7d223000-7fec7d224000 r-xp 00001000 08:02 532168                     /usr/lib/x86_64-linux-gnu/libbrotlicommon.so.1.0.9
7fec7d224000-7fec7d243000 r--p 00002000 08:02 532168                     /usr/lib/x86_64-linux-gnu/libbrotlicommon.so.1.0.9
7fec7d243000-7fec7d244000 r--p 00020000 08:02 532168                     /usr/lib/x86_64-linux-gnu/libbrotlicommon.so.1.0.9
7fec7d244000-7fec7d245000 rw-p 00021000 08:02 532168                     /usr/lib/x86_64-linux-gnu/libbrotlicommon.so.1.0.9
7fec7d245000-7fec7d246000 r--p 00000000 08:02 532170                     /usr/lib/x86_64-linux-gnu/libbrotlidec.so.1.0.9
7fec7d246000-7fec7d24e000 r-xp 00001000 08:02 532170                     /usr/lib/x86_64-linux-gnu/libbrotlidec.so.1.0.9
7fec7d24e000-7fec7d251000 r--p 00009000 08:02 532170                     /usr/lib/x86_64-linux-gnu/libbrotlidec.so.1.0.9
7fec7d251000-7fec7d252000 r--p 0000b000 08:02 532170                     /usr/lib/x86_64-linux-gnu/libbrotlidec.so.1.0.9
7fec7d252000-7fec7d253000 rw-p 0000c000 08:02 532170                     /usr/lib/x86_64-linux-gnu/libbrotlidec.so.1.0.9
7fec7d253000-7fec7d258000 r--p 00000000 08:02 533075                     /usr/lib/x86_64-linux-gnu/libpng16.so.16.37.0
7fec7d258000-7fec7d281000 r-xp 00005000 08:02 533075                     /usr/lib/x86_64-linux-gnu/libpng16.so.16.37.0
7fec7d281000-7fec7d28c000 r--p 0002e000 08:02 533075                     /usr/lib/x86_64-linux-gnu/libpng16.so.16.37.0
7fec7d28c000-7fec7d28d000 r--p 00038000 08:02 533075                     /usr/lib/x86_64-linux-gnu/libpng16.so.16.37.0
7fec7d28d000-7fec7d28e000 rw-p 00039000 08:02 533075                     /usr/lib/x86_64-linux-gnu/libpng16.so.16.37.0
7fec7d28e000-7fec7d29b000 r--p 00000000 08:02 532450                     /usr/lib/x86_64-linux-gnu/libfreetype.so.6.18.1
7fec7d29b000-7fec7d324000 r-xp 0000d000 08:02 532450                     /usr/lib/x86_64-linux-gnu/libfreetype.so.6.18.1
7fec7d324000-7fec7d34d000 r--p 00096000 08:02 532450                     /usr/lib/x86_64-linux-gnu/libfreetype.so.6.18.1
7fec7d34d000-7fec7d34e000 ---p 000bf000 08:02 532450                     /usr/lib/x86_64-linux-gnu/libfreetype.so.6.18.1
7fec7d34e000-7fec7d355000 r--p 000bf000 08:02 532450                     /usr/lib/x86_64-linux-gnu/libfreetype.so.6.18.1
7fec7d355000-7fec7d356000 rw-p 000c6000 08:02 532450                     /usr/lib/x86_64-linux-gnu/libfreetype.so.6.18.1
7fec7d356000-7fec7d35c000 r--p 00000000 08:11 9309470                    /home/paul/installations/jdk-17.0.4.1+1/lib/libfontmanager.so
7fec7d35c000-7fec7d496000 r-xp 00006000 08:11 9309470                    /home/paul/installations/jdk-17.0.4.1+1/lib/libfontmanager.so
7fec7d496000-7fec7d4d7000 r--p 00140000 08:11 9309470                    /home/paul/installations/jdk-17.0.4.1+1/lib/libfontmanager.so
7fec7d4d7000-7fec7d4d9000 r--p 00180000 08:11 9309470                    /home/paul/installations/jdk-17.0.4.1+1/lib/libfontmanager.so
7fec7d4d9000-7fec7d4da000 rw-p 00182000 08:11 9309470                    /home/paul/installations/jdk-17.0.4.1+1/lib/libfontmanager.so
7fec7d4da000-7fec7d4db000 rw-p 00000000 00:00 0 
7fec7d4db000-7fec7d4dc000 r--p 00000000 08:02 531906                     /usr/lib/x86_64-linux-gnu/libXinerama.so.1.0.0
7fec7d4dc000-7fec7d4dd000 r-xp 00001000 08:02 531906                     /usr/lib/x86_64-linux-gnu/libXinerama.so.1.0.0
7fec7d4dd000-7fec7d4de000 r--p 00002000 08:02 531906                     /usr/lib/x86_64-linux-gnu/libXinerama.so.1.0.0
7fec7d4de000-7fec7d4df000 r--p 00003000 08:02 531906                     /usr/lib/x86_64-linux-gnu/libXinerama.so.1.0.0
7fec7d4df000-7fec7d4e0000 rw-p 00004000 08:02 531906                     /usr/lib/x86_64-linux-gnu/libXinerama.so.1.0.0
7fec7d4e0000-7fec7d4e2000 r--p 00000000 08:02 532840                     /usr/lib/x86_64-linux-gnu/libmd.so.0.0.5
7fec7d4e2000-7fec7d4e9000 r-xp 00002000 08:02 532840                     /usr/lib/x86_64-linux-gnu/libmd.so.0.0.5
7fec7d4e9000-7fec7d4eb000 r--p 00009000 08:02 532840                     /usr/lib/x86_64-linux-gnu/libmd.so.0.0.5
7fec7d4eb000-7fec7d4ec000 r--p 0000a000 08:02 532840                     /usr/lib/x86_64-linux-gnu/libmd.so.0.0.5
7fec7d4ec000-7fec7d4ed000 rw-p 0000b000 08:02 532840                     /usr/lib/x86_64-linux-gnu/libmd.so.0.0.5
7fec7d4ed000-7fec7d4f1000 r--p 00000000 08:02 532174                     /usr/lib/x86_64-linux-gnu/libbsd.so.0.11.5
7fec7d4f1000-7fec7d4fe000 r-xp 00004000 08:02 532174                     /usr/lib/x86_64-linux-gnu/libbsd.so.0.11.5
7fec7d4fe000-7fec7d501000 r--p 00011000 08:02 532174                     /usr/lib/x86_64-linux-gnu/libbsd.so.0.11.5
7fec7d501000-7fec7d502000 ---p 00014000 08:02 532174                     /usr/lib/x86_64-linux-gnu/libbsd.so.0.11.5
7fec7d502000-7fec7d503000 r--p 00014000 08:02 532174                     /usr/lib/x86_64-linux-gnu/libbsd.so.0.11.5
7fec7d503000-7fec7d504000 rw-p 00015000 08:02 532174                     /usr/lib/x86_64-linux-gnu/libbsd.so.0.11.5
7fec7d504000-7fec7d505000 rw-p 00000000 00:00 0 
7fec7d505000-7fec7d507000 r--p 00000000 08:02 531894                     /usr/lib/x86_64-linux-gnu/libXdmcp.so.6.0.0
7fec7d507000-7fec7d509000 r-xp 00002000 08:02 531894                     /usr/lib/x86_64-linux-gnu/libXdmcp.so.6.0.0
7fec7d509000-7fec7d50b000 r--p 00004000 08:02 531894                     /usr/lib/x86_64-linux-gnu/libXdmcp.so.6.0.0
7fec7d50b000-7fec7d50c000 r--p 00005000 08:02 531894                     /usr/lib/x86_64-linux-gnu/libXdmcp.so.6.0.0
7fec7d50c000-7fec7d50d000 rw-p 00006000 08:02 531894                     /usr/lib/x86_64-linux-gnu/libXdmcp.so.6.0.0
7fec7d50d000-7fec7d518000 r--p 00000000 08:02 533496                     /usr/lib/x86_64-linux-gnu/libxcb.so.1.1.0
7fec7d518000-7fec7d52c000 r-xp 0000b000 08:02 533496                     /usr/lib/x86_64-linux-gnu/libxcb.so.1.1.0
7fec7d52c000-7fec7d535000 r--p 0001f000 08:02 533496                     /usr/lib/x86_64-linux-gnu/libxcb.so.1.1.0
7fec7d535000-7fec7d536000 r--p 00027000 08:02 533496                     /usr/lib/x86_64-linux-gnu/libxcb.so.1.1.0
7fec7d536000-7fec7d537000 rw-p 00028000 08:02 533496                     /usr/lib/x86_64-linux-gnu/libxcb.so.1.1.0
7fec7d537000-7fec7d53a000 r--p 00000000 08:02 531904                     /usr/lib/x86_64-linux-gnu/libXi.so.6.1.0
7fec7d53a000-7fec7d546000 r-xp 00003000 08:02 531904                     /usr/lib/x86_64-linux-gnu/libXi.so.6.1.0
7fec7d546000-7fec7d549000 r--p 0000f000 08:02 531904                     /usr/lib/x86_64-linux-gnu/libXi.so.6.1.0
7fec7d549000-7fec7d54a000 r--p 00011000 08:02 531904                     /usr/lib/x86_64-linux-gnu/libXi.so.6.1.0
7fec7d54a000-7fec7d54b000 rw-p 00012000 08:02 531904                     /usr/lib/x86_64-linux-gnu/libXi.so.6.1.0
7fec7d54b000-7fec7d54d000 r--p 00000000 08:02 531916                     /usr/lib/x86_64-linux-gnu/libXrender.so.1.3.0
7fec7d54d000-7fec7d554000 r-xp 00002000 08:02 531916                     /usr/lib/x86_64-linux-gnu/libXrender.so.1.3.0
7fec7d554000-7fec7d556000 r--p 00009000 08:02 531916                     /usr/lib/x86_64-linux-gnu/libXrender.so.1.3.0
7fec7d556000-7fec7d557000 r--p 0000a000 08:02 531916                     /usr/lib/x86_64-linux-gnu/libXrender.so.1.3.0
7fec7d557000-7fec7d558000 rw-p 0000b000 08:02 531916                     /usr/lib/x86_64-linux-gnu/libXrender.so.1.3.0
7fec7d558000-7fec7d571000 r--p 00000000 08:02 531879                     /usr/lib/x86_64-linux-gnu/libX11.so.6.4.0
7fec7d571000-7fec7d5fd000 r-xp 00019000 08:02 531879                     /usr/lib/x86_64-linux-gnu/libX11.so.6.4.0
7fec7d5fd000-7fec7d692000 r--p 000a5000 08:02 531879                     /usr/lib/x86_64-linux-gnu/libX11.so.6.4.0
7fec7d692000-7fec7d693000 ---p 0013a000 08:02 531879                     /usr/lib/x86_64-linux-gnu/libX11.so.6.4.0
7fec7d693000-7fec7d694000 r--p 0013a000 08:02 531879                     /usr/lib/x86_64-linux-gnu/libX11.so.6.4.0
7fec7d694000-7fec7d698000 rw-p 0013b000 08:02 531879                     /usr/lib/x86_64-linux-gnu/libX11.so.6.4.0
7fec7d698000-7fec7d69c000 r--p 00000000 08:02 531896                     /usr/lib/x86_64-linux-gnu/libXext.so.6.4.0
7fec7d69c000-7fec7d6a7000 r-xp 00004000 08:02 531896                     /usr/lib/x86_64-linux-gnu/libXext.so.6.4.0
7fec7d6a7000-7fec7d6ab000 r--p 0000f000 08:02 531896                     /usr/lib/x86_64-linux-gnu/libXext.so.6.4.0
7fec7d6ab000-7fec7d6ac000 r--p 00012000 08:02 531896                     /usr/lib/x86_64-linux-gnu/libXext.so.6.4.0
7fec7d6ac000-7fec7d6ad000 rw-p 00013000 08:02 531896                     /usr/lib/x86_64-linux-gnu/libXext.so.6.4.0
7fec7d6ad000-7fec7d6bd000 r--p 00000000 08:11 9309521                    /home/paul/installations/jdk-17.0.4.1+1/lib/libawt_xawt.so
7fec7d6bd000-7fec7d6fa000 r-xp 00010000 08:11 9309521                    /home/paul/installations/jdk-17.0.4.1+1/lib/libawt_xawt.so
7fec7d6fa000-7fec7d70b000 r--p 0004d000 08:11 9309521                    /home/paul/installations/jdk-17.0.4.1+1/lib/libawt_xawt.so
7fec7d70b000-7fec7d70c000 ---p 0005e000 08:11 9309521                    /home/paul/installations/jdk-17.0.4.1+1/lib/libawt_xawt.so
7fec7d70c000-7fec7d70d000 r--p 0005e000 08:11 9309521                    /home/paul/installations/jdk-17.0.4.1+1/lib/libawt_xawt.so
7fec7d70d000-7fec7d70f000 rw-p 0005f000 08:11 9309521                    /home/paul/installations/jdk-17.0.4.1+1/lib/libawt_xawt.so
7fec7d70f000-7fec7d711000 rw-p 00000000 00:00 0 
7fec7d711000-7fec7d73e000 r--p 00000000 08:11 9309505                    /home/paul/installations/jdk-17.0.4.1+1/lib/libawt.so
7fec7d73e000-7fec7d7c0000 r-xp 0002d000 08:11 9309505                    /home/paul/installations/jdk-17.0.4.1+1/lib/libawt.so
7fec7d7c0000-7fec7d7cd000 r--p 000af000 08:11 9309505                    /home/paul/installations/jdk-17.0.4.1+1/lib/libawt.so
7fec7d7cd000-7fec7d7ce000 r--p 000bb000 08:11 9309505                    /home/paul/installations/jdk-17.0.4.1+1/lib/libawt.so
7fec7d7ce000-7fec7d7d9000 rw-p 000bc000 08:11 9309505                    /home/paul/installations/jdk-17.0.4.1+1/lib/libawt.so
7fec7d7d9000-7fec7d7fe000 rw-p 00000000 00:00 0 
7fec7d7fe000-7fec7d7ff000 ---p 00000000 00:00 0 
7fec7d7ff000-7fec7d900000 rw-p 00000000 00:00 0 
7fec7d900000-7fec7d904000 ---p 00000000 00:00 0 
7fec7d904000-7fec7da00000 rw-p 00000000 00:00 0 
7fec7da00000-7fec7da04000 ---p 00000000 00:00 0 
7fec7da04000-7fec7db00000 rw-p 00000000 00:00 0 
7fec7db00000-7fec7db04000 ---p 00000000 00:00 0 
7fec7db04000-7fec7dc00000 rw-p 00000000 00:00 0 
7fec7dc00000-7fec7dc04000 ---p 00000000 00:00 0 
7fec7dc04000-7fec7dd00000 rw-p 00000000 00:00 0 
7fec7dd00000-7fec7dd04000 ---p 00000000 00:00 0 
7fec7dd04000-7fec7de00000 rw-p 00000000 00:00 0 
7fec7de00000-7fec7de04000 ---p 00000000 00:00 0 
7fec7de04000-7fec7df00000 rw-p 00000000 00:00 0 
7fec7df00000-7fec7df04000 ---p 00000000 00:00 0 
7fec7df04000-7fec80000000 rw-p 00000000 00:00 0 
7fec80000000-7fec80021000 rw-p 00000000 00:00 0 
7fec80021000-7fec84000000 ---p 00000000 00:00 0 
7fec84000000-7fec84021000 rw-p 00000000 00:00 0 
7fec84021000-7fec88000000 ---p 00000000 00:00 0 
7fec88000000-7fec88021000 rw-p 00000000 00:00 0 
7fec88021000-7fec8c000000 ---p 00000000 00:00 0 
7fec8c019000-7fec8c01d000 ---p 00000000 00:00 0 
7fec8c01d000-7fec8c119000 rw-p 00000000 00:00 0 
7fec8c119000-7fec8c11d000 ---p 00000000 00:00 0 
7fec8c11d000-7fec8c219000 rw-p 00000000 00:00 0 
7fec8c219000-7fec8d000000 r--p 00000000 08:02 530024                     /usr/lib/locale/locale-archive
7fec8d000000-7fec8d400000 rw-p 00000000 00:00 0 
7fec8d400000-7fec8d4c0000 rw-p 00000000 00:00 0 
7fec8d4c0000-7fec8d500000 rw-p 00000000 00:00 0 
7fec8d500000-7fec8d700000 rw-p 00000000 00:00 0 
7fec8d700000-7fec8d780000 rw-p 00000000 00:00 0 
7fec8d780000-7fec8d800000 rw-p 00000000 00:00 0 
7fec8d802000-7fec8d804000 r--p 00000000 08:02 531922                     /usr/lib/x86_64-linux-gnu/libXtst.so.6.1.0
7fec8d804000-7fec8d807000 r-xp 00002000 08:02 531922                     /usr/lib/x86_64-linux-gnu/libXtst.so.6.1.0
7fec8d807000-7fec8d808000 r--p 00005000 08:02 531922                     /usr/lib/x86_64-linux-gnu/libXtst.so.6.1.0
7fec8d808000-7fec8d809000 r--p 00005000 08:02 531922                     /usr/lib/x86_64-linux-gnu/libXtst.so.6.1.0
7fec8d809000-7fec8d80a000 rw-p 00006000 08:02 531922                     /usr/lib/x86_64-linux-gnu/libXtst.so.6.1.0
7fec8d80a000-7fec8d80e000 r--p 00000000 08:11 9309486                    /home/paul/installations/jdk-17.0.4.1+1/lib/libverify.so
7fec8d80e000-7fec8d815000 r-xp 00004000 08:11 9309486                    /home/paul/installations/jdk-17.0.4.1+1/lib/libverify.so
7fec8d815000-7fec8d817000 r--p 0000b000 08:11 9309486                    /home/paul/installations/jdk-17.0.4.1+1/lib/libverify.so
7fec8d817000-7fec8d819000 r--p 0000c000 08:11 9309486                    /home/paul/installations/jdk-17.0.4.1+1/lib/libverify.so
7fec8d819000-7fec8d81a000 rw-p 0000e000 08:11 9309486                    /home/paul/installations/jdk-17.0.4.1+1/lib/libverify.so
7fec8d81a000-7fec8d81c000 r--p 00000000 08:11 9309488                    /home/paul/installations/jdk-17.0.4.1+1/lib/libdt_socket.so
7fec8d81c000-7fec8d81f000 r-xp 00002000 08:11 9309488                    /home/paul/installations/jdk-17.0.4.1+1/lib/libdt_socket.so
7fec8d81f000-7fec8d820000 r--p 00005000 08:11 9309488                    /home/paul/installations/jdk-17.0.4.1+1/lib/libdt_socket.so
7fec8d820000-7fec8d821000 ---p 00006000 08:11 9309488                    /home/paul/installations/jdk-17.0.4.1+1/lib/libdt_socket.so
7fec8d821000-7fec8d822000 r--p 00006000 08:11 9309488                    /home/paul/installations/jdk-17.0.4.1+1/lib/libdt_socket.so
7fec8d822000-7fec8d823000 rw-p 00007000 08:11 9309488                    /home/paul/installations/jdk-17.0.4.1+1/lib/libdt_socket.so
7fec8d823000-7fec8d827000 r--p 00000000 08:11 9309509                    /home/paul/installations/jdk-17.0.4.1+1/lib/libnet.so
7fec8d827000-7fec8d835000 r-xp 00004000 08:11 9309509                    /home/paul/installations/jdk-17.0.4.1+1/lib/libnet.so
7fec8d835000-7fec8d839000 r--p 00012000 08:11 9309509                    /home/paul/installations/jdk-17.0.4.1+1/lib/libnet.so
7fec8d839000-7fec8d83a000 r--p 00015000 08:11 9309509                    /home/paul/installations/jdk-17.0.4.1+1/lib/libnet.so
7fec8d83a000-7fec8d83b000 rw-p 00016000 08:11 9309509                    /home/paul/installations/jdk-17.0.4.1+1/lib/libnet.so
7fec8d83b000-7fec8d8e3000 rw-p 00000000 00:00 0 
7fec8d8e3000-7fec8dbbb000 ---p 00000000 00:00 0 
7fec8dbbb000-7fec8dbd3000 rw-p 00000000 00:00 0 
7fec8dbd3000-7fec8dc1b000 ---p 00000000 00:00 0 
7fec8dc1b000-7fec8dc23000 rw-p 00000000 00:00 0 
7fec8dc23000-7fec9164b000 ---p 00000000 00:00 0 
7fec9164b000-7fec91703000 rw-p 00000000 00:00 0 
7fec91703000-7fec919db000 ---p 00000000 00:00 0 
7fec919db000-7fec919f3000 rw-p 00000000 00:00 0 
7fec919f3000-7fec91a3b000 ---p 00000000 00:00 0 
7fec91a3b000-7fec91a43000 rw-p 00000000 00:00 0 
7fec91a43000-7fec9546b000 ---p 00000000 00:00 0 
7fec9546b000-7fec9547b000 rw-p 00000000 00:00 0 
7fec9547b000-7fec956eb000 rwxp 00000000 00:00 0 
7fec956eb000-7fec95a0c000 ---p 00000000 00:00 0 
7fec95a0c000-7fec9619c000 rwxp 00000000 00:00 0 
7fec9619c000-7fec9cf43000 ---p 00000000 00:00 0 
7fec9cf43000-7fec9d1b3000 rwxp 00000000 00:00 0 
7fec9d1b3000-7feca447b000 ---p 00000000 00:00 0 
7feca447b000-7fecac000000 r--s 00000000 08:11 9309508                    /home/paul/installations/jdk-17.0.4.1+1/lib/modules
7fecac000000-7fecaca0a000 rw-p 00000000 00:00 0 
7fecaca0a000-7fecb0000000 ---p 00000000 00:00 0 
7fecb0002000-7fecb0003000 r--p 00000000 08:02 1063953                    /usr/share/locale-langpack/en_GB/LC_MESSAGES/libc.mo
7fecb0003000-7fecb000a000 r--s 00000000 08:02 1050014                    /usr/lib/x86_64-linux-gnu/gconv/gconv-modules.cache
7fecb000a000-7fecb000c000 r--p 00000000 08:11 9309462                    /home/paul/installations/jdk-17.0.4.1+1/lib/libzip.so
7fecb000c000-7fecb0010000 r-xp 00002000 08:11 9309462                    /home/paul/installations/jdk-17.0.4.1+1/lib/libzip.so
7fecb0010000-7fecb0012000 r--p 00006000 08:11 9309462                    /home/paul/installations/jdk-17.0.4.1+1/lib/libzip.so
7fecb0012000-7fecb0013000 r--p 00007000 08:11 9309462                    /home/paul/installations/jdk-17.0.4.1+1/lib/libzip.so
7fecb0013000-7fecb0014000 rw-p 00008000 08:11 9309462                    /home/paul/installations/jdk-17.0.4.1+1/lib/libzip.so
7fecb0014000-7fecb001b000 r--p 00000000 08:11 9309489                    /home/paul/installations/jdk-17.0.4.1+1/lib/libnio.so
7fecb001b000-7fecb0024000 r-xp 00007000 08:11 9309489                    /home/paul/installations/jdk-17.0.4.1+1/lib/libnio.so
7fecb0024000-7fecb0028000 r--p 00010000 08:11 9309489                    /home/paul/installations/jdk-17.0.4.1+1/lib/libnio.so
7fecb0028000-7fecb0029000 ---p 00014000 08:11 9309489                    /home/paul/installations/jdk-17.0.4.1+1/lib/libnio.so
7fecb0029000-7fecb002a000 r--p 00014000 08:11 9309489                    /home/paul/installations/jdk-17.0.4.1+1/lib/libnio.so
7fecb002a000-7fecb002b000 rw-p 00015000 08:11 9309489                    /home/paul/installations/jdk-17.0.4.1+1/lib/libnio.so
7fecb002b000-7fecb002f000 ---p 00000000 00:00 0 
7fecb002f000-7fecb012b000 rw-p 00000000 00:00 0 
7fecb012b000-7fecb012f000 ---p 00000000 00:00 0 
7fecb012f000-7fecb022b000 rw-p 00000000 00:00 0 
7fecb022b000-7fecb022f000 ---p 00000000 00:00 0 
7fecb022f000-7fecb032b000 rw-p 00000000 00:00 0 
7fecb032b000-7fecb032f000 ---p 00000000 00:00 0 
7fecb032f000-7fecb042b000 rw-p 00000000 00:00 0 
7fecb042b000-7fecb042f000 ---p 00000000 00:00 0 
7fecb042f000-7fecb052b000 rw-p 00000000 00:00 0 
7fecb052b000-7fecb052c000 ---p 00000000 00:00 0 
7fecb052c000-7fecb062d000 rw-p 00000000 00:00 0 
7fecb062d000-7fecb0632000 r--p 00000000 08:11 9309471                    /home/paul/installations/jdk-17.0.4.1+1/lib/libjsvml.so
7fecb0632000-7fecb0673000 r-xp 00005000 08:11 9309471                    /home/paul/installations/jdk-17.0.4.1+1/lib/libjsvml.so
7fecb0673000-7fecb06fc000 r--p 00046000 08:11 9309471                    /home/paul/installations/jdk-17.0.4.1+1/lib/libjsvml.so
7fecb06fc000-7fecb06fd000 r--p 000ce000 08:11 9309471                    /home/paul/installations/jdk-17.0.4.1+1/lib/libjsvml.so
7fecb06fd000-7fecb06fe000 rw-p 000cf000 08:11 9309471                    /home/paul/installations/jdk-17.0.4.1+1/lib/libjsvml.so
7fecb06fe000-7fecb081b000 rw-p 00000000 00:00 0 
7fecb081b000-7fecb081c000 ---p 00000000 00:00 0 
7fecb081c000-7fecb091d000 rw-p 00000000 00:00 0 
7fecb091d000-7fecb091e000 ---p 00000000 00:00 0 
7fecb091e000-7fecb0e23000 rw-p 00000000 00:00 0 
7fecb0e23000-7fecb0e24000 ---p 00000000 00:00 0 
7fecb0e24000-7fecb0f25000 rw-p 00000000 00:00 0 
7fecb0f25000-7fecb0f26000 ---p 00000000 00:00 0 
7fecb0f26000-7fecb1027000 rw-p 00000000 00:00 0 
7fecb1027000-7fecb1028000 ---p 00000000 00:00 0 
7fecb1028000-7fecb1181000 rw-p 00000000 00:00 0 
7fecb1181000-7fecb11dc000 ---p 00000000 00:00 0 
7fecb11dc000-7fecb11df000 rw-p 00000000 00:00 0 
7fecb11df000-7fecb11e8000 ---p 00000000 00:00 0 
7fecb11e8000-7fecb11e9000 rw-p 00000000 00:00 0 
7fecb11e9000-7fecb192e000 ---p 00000000 00:00 0 
7fecb192e000-7fecb1945000 rw-p 00000000 00:00 0 
7fecb1945000-7fecb19a0000 ---p 00000000 00:00 0 
7fecb19a0000-7fecb19a3000 rw-p 00000000 00:00 0 
7fecb19a3000-7fecb19ac000 ---p 00000000 00:00 0 
7fecb19ac000-7fecb19ad000 rw-p 00000000 00:00 0 
7fecb19ad000-7fecb20f2000 ---p 00000000 00:00 0 
7fecb20f2000-7fecb2109000 rw-p 00000000 00:00 0 
7fecb2109000-7fecb2164000 ---p 00000000 00:00 0 
7fecb2164000-7fecb2167000 rw-p 00000000 00:00 0 
7fecb2167000-7fecb2170000 ---p 00000000 00:00 0 
7fecb2170000-7fecb2171000 rw-p 00000000 00:00 0 
7fecb2171000-7fecb28b6000 ---p 00000000 00:00 0 
7fecb28b6000-7fecb2cc1000 rw-p 00000000 00:00 0 
7fecb2cc1000-7fecb2da7000 ---p 00000000 00:00 0 
7fecb2da7000-7fecb2db7000 rw-p 00000000 00:00 0 
7fecb2db7000-7fecb2e92000 ---p 00000000 00:00 0 
7fecb2e92000-7fecb2e97000 rw-p 00000000 00:00 0 
7fecb2e97000-7fecb2e9e000 ---p 00000000 00:00 0 
7fecb2e9e000-7fecb2ea6000 rw-s 00000000 08:02 262297                     /tmp/hsperfdata_paul/12187
7fecb2ea6000-7fecb2eb3000 r--p 00000000 08:11 9309518                    /home/paul/installations/jdk-17.0.4.1+1/lib/libjava.so
7fecb2eb3000-7fecb2ec5000 r-xp 0000d000 08:11 9309518                    /home/paul/installations/jdk-17.0.4.1+1/lib/libjava.so
7fecb2ec5000-7fecb2ecb000 r--p 0001f000 08:11 9309518                    /home/paul/installations/jdk-17.0.4.1+1/lib/libjava.so
7fecb2ecb000-7fecb2ecc000 ---p 00025000 08:11 9309518                    /home/paul/installations/jdk-17.0.4.1+1/lib/libjava.so
7fecb2ecc000-7fecb2ecd000 r--p 00025000 08:11 9309518                    /home/paul/installations/jdk-17.0.4.1+1/lib/libjava.so
7fecb2ecd000-7fecb2ece000 rw-p 00026000 08:11 9309518                    /home/paul/installations/jdk-17.0.4.1+1/lib/libjava.so
7fecb2ece000-7fecb2ecf000 rw-p 00000000 00:00 0 
7fecb2ecf000-7fecb2ed2000 r--p 00000000 08:11 9309512                    /home/paul/installations/jdk-17.0.4.1+1/lib/libjdwp.so
7fecb2ed2000-7fecb2eff000 r-xp 00003000 08:11 9309512                    /home/paul/installations/jdk-17.0.4.1+1/lib/libjdwp.so
7fecb2eff000-7fecb2f0d000 r--p 00030000 08:11 9309512                    /home/paul/installations/jdk-17.0.4.1+1/lib/libjdwp.so
7fecb2f0d000-7fecb2f0e000 r--p 0003d000 08:11 9309512                    /home/paul/installations/jdk-17.0.4.1+1/lib/libjdwp.so
7fecb2f0e000-7fecb2f0f000 rw-p 0003e000 08:11 9309512                    /home/paul/installations/jdk-17.0.4.1+1/lib/libjdwp.so
7fecb2f0f000-7fecb2f10000 rw-p 00000000 00:00 0 
7fecb2f10000-7fecb2f14000 r--p 00000000 08:11 9309464                    /home/paul/installations/jdk-17.0.4.1+1/lib/libjimage.so
7fecb2f14000-7fecb2f27000 r-xp 00004000 08:11 9309464                    /home/paul/installations/jdk-17.0.4.1+1/lib/libjimage.so
7fecb2f27000-7fecb2f2d000 r--p 00017000 08:11 9309464                    /home/paul/installations/jdk-17.0.4.1+1/lib/libjimage.so
7fecb2f2d000-7fecb2f2f000 r--p 0001c000 08:11 9309464                    /home/paul/installations/jdk-17.0.4.1+1/lib/libjimage.so
7fecb2f2f000-7fecb2f30000 rw-p 0001e000 08:11 9309464                    /home/paul/installations/jdk-17.0.4.1+1/lib/libjimage.so
7fecb2f30000-7fecb2f34000 ---p 00000000 00:00 0 
7fecb2f34000-7fecb3030000 rw-p 00000000 00:00 0 
7fecb3030000-7fecb303e000 r--p 00000000 08:02 532829                     /usr/lib/x86_64-linux-gnu/libm.so.6
7fecb303e000-7fecb30ba000 r-xp 0000e000 08:02 532829                     /usr/lib/x86_64-linux-gnu/libm.so.6
7fecb30ba000-7fecb3115000 r--p 0008a000 08:02 532829                     /usr/lib/x86_64-linux-gnu/libm.so.6
7fecb3115000-7fecb3116000 r--p 000e4000 08:02 532829                     /usr/lib/x86_64-linux-gnu/libm.so.6
7fecb3116000-7fecb3117000 rw-p 000e5000 08:02 532829                     /usr/lib/x86_64-linux-gnu/libm.so.6
7fecb3117000-7fecb3118000 r--p 00000000 08:02 533154                     /usr/lib/x86_64-linux-gnu/librt.so.1
7fecb3118000-7fecb3119000 r-xp 00001000 08:02 533154                     /usr/lib/x86_64-linux-gnu/librt.so.1
7fecb3119000-7fecb311a000 r--p 00002000 08:02 533154                     /usr/lib/x86_64-linux-gnu/librt.so.1
7fecb311a000-7fecb311b000 r--p 00002000 08:02 533154                     /usr/lib/x86_64-linux-gnu/librt.so.1
7fecb311b000-7fecb311c000 rw-p 00003000 08:02 533154                     /usr/lib/x86_64-linux-gnu/librt.so.1
7fecb311c000-7fecb336d000 r--p 00000000 08:11 9309495                    /home/paul/installations/jdk-17.0.4.1+1/lib/server/libjvm.so
7fecb336d000-7fecb4086000 r-xp 00251000 08:11 9309495                    /home/paul/installations/jdk-17.0.4.1+1/lib/server/libjvm.so
7fecb4086000-7fecb4311000 r--p 00f6a000 08:11 9309495                    /home/paul/installations/jdk-17.0.4.1+1/lib/server/libjvm.so
7fecb4311000-7fecb43ca000 r--p 011f4000 08:11 9309495                    /home/paul/installations/jdk-17.0.4.1+1/lib/server/libjvm.so
7fecb43ca000-7fecb43ff000 rw-p 012ad000 08:11 9309495                    /home/paul/installations/jdk-17.0.4.1+1/lib/server/libjvm.so
7fecb43ff000-7fecb445c000 rw-p 00000000 00:00 0 
7fecb445c000-7fecb4484000 r--p 00000000 08:02 532178                     /usr/lib/x86_64-linux-gnu/libc.so.6
7fecb4484000-7fecb4619000 r-xp 00028000 08:02 532178                     /usr/lib/x86_64-linux-gnu/libc.so.6
7fecb4619000-7fecb4671000 r--p 001bd000 08:02 532178                     /usr/lib/x86_64-linux-gnu/libc.so.6
7fecb4671000-7fecb4675000 r--p 00214000 08:02 532178                     /usr/lib/x86_64-linux-gnu/libc.so.6
7fecb4675000-7fecb4677000 rw-p 00218000 08:02 532178                     /usr/lib/x86_64-linux-gnu/libc.so.6
7fecb4677000-7fecb4684000 rw-p 00000000 00:00 0 
7fecb4684000-7fecb4685000 r--p 00000000 08:02 532320                     /usr/lib/x86_64-linux-gnu/libdl.so.2
7fecb4685000-7fecb4686000 r-xp 00001000 08:02 532320                     /usr/lib/x86_64-linux-gnu/libdl.so.2
7fecb4686000-7fecb4687000 r--p 00002000 08:02 532320                     /usr/lib/x86_64-linux-gnu/libdl.so.2
7fecb4687000-7fecb4688000 r--p 00002000 08:02 532320                     /usr/lib/x86_64-linux-gnu/libdl.so.2
7fecb4688000-7fecb4689000 rw-p 00003000 08:02 532320                     /usr/lib/x86_64-linux-gnu/libdl.so.2
7fecb4689000-7fecb468a000 r--p 00000000 08:02 533098                     /usr/lib/x86_64-linux-gnu/libpthread.so.0
7fecb468a000-7fecb468b000 r-xp 00001000 08:02 533098                     /usr/lib/x86_64-linux-gnu/libpthread.so.0
7fecb468b000-7fecb468c000 r--p 00002000 08:02 533098                     /usr/lib/x86_64-linux-gnu/libpthread.so.0
7fecb468c000-7fecb468d000 r--p 00002000 08:02 533098                     /usr/lib/x86_64-linux-gnu/libpthread.so.0
7fecb468d000-7fecb468e000 rw-p 00003000 08:02 533098                     /usr/lib/x86_64-linux-gnu/libpthread.so.0
7fecb468e000-7fecb4691000 r--p 00000000 08:11 9309492                    /home/paul/installations/jdk-17.0.4.1+1/lib/libjli.so
7fecb4691000-7fecb469b000 r-xp 00003000 08:11 9309492                    /home/paul/installations/jdk-17.0.4.1+1/lib/libjli.so
7fecb469b000-7fecb469e000 r--p 0000d000 08:11 9309492                    /home/paul/installations/jdk-17.0.4.1+1/lib/libjli.so
7fecb469e000-7fecb469f000 ---p 00010000 08:11 9309492                    /home/paul/installations/jdk-17.0.4.1+1/lib/libjli.so
7fecb469f000-7fecb46a0000 r--p 00010000 08:11 9309492                    /home/paul/installations/jdk-17.0.4.1+1/lib/libjli.so
7fecb46a0000-7fecb46a1000 rw-p 00011000 08:11 9309492                    /home/paul/installations/jdk-17.0.4.1+1/lib/libjli.so
7fecb46a1000-7fecb46a3000 r--p 00000000 08:02 528807                     /usr/lib/x86_64-linux-gnu/libz.so.1.2.11
7fecb46a3000-7fecb46b4000 r-xp 00002000 08:02 528807                     /usr/lib/x86_64-linux-gnu/libz.so.1.2.11
7fecb46b4000-7fecb46ba000 r--p 00013000 08:02 528807                     /usr/lib/x86_64-linux-gnu/libz.so.1.2.11
7fecb46ba000-7fecb46bb000 ---p 00019000 08:02 528807                     /usr/lib/x86_64-linux-gnu/libz.so.1.2.11
7fecb46bb000-7fecb46bc000 r--p 00019000 08:02 528807                     /usr/lib/x86_64-linux-gnu/libz.so.1.2.11
7fecb46bc000-7fecb46bd000 rw-p 0001a000 08:02 528807                     /usr/lib/x86_64-linux-gnu/libz.so.1.2.11
7fecb46bd000-7fecb46be000 r--p 00000000 08:02 531883                     /usr/lib/x86_64-linux-gnu/libXau.so.6.0.0
7fecb46be000-7fecb46c0000 r-xp 00001000 08:02 531883                     /usr/lib/x86_64-linux-gnu/libXau.so.6.0.0
7fecb46c0000-7fecb46c1000 r--p 00003000 08:02 531883                     /usr/lib/x86_64-linux-gnu/libXau.so.6.0.0
7fecb46c1000-7fecb46c2000 r--p 00003000 08:02 531883                     /usr/lib/x86_64-linux-gnu/libXau.so.6.0.0
7fecb46c2000-7fecb46c3000 rw-p 00004000 08:02 531883                     /usr/lib/x86_64-linux-gnu/libXau.so.6.0.0
7fecb46c3000-7fecb46c5000 r--p 00000000 08:11 9309519                    /home/paul/installations/jdk-17.0.4.1+1/lib/libinstrument.so
7fecb46c5000-7fecb46cb000 r-xp 00002000 08:11 9309519                    /home/paul/installations/jdk-17.0.4.1+1/lib/libinstrument.so
7fecb46cb000-7fecb46ce000 r--p 00008000 08:11 9309519                    /home/paul/installations/jdk-17.0.4.1+1/lib/libinstrument.so
7fecb46ce000-7fecb46cf000 r--p 0000a000 08:11 9309519                    /home/paul/installations/jdk-17.0.4.1+1/lib/libinstrument.so
7fecb46cf000-7fecb46d0000 rw-p 0000b000 08:11 9309519                    /home/paul/installations/jdk-17.0.4.1+1/lib/libinstrument.so
7fecb46d0000-7fecb46d1000 ---p 00000000 00:00 0 
7fecb46d1000-7fecb46d2000 r--p 00000000 00:00 0 
7fecb46d2000-7fecb46d4000 rw-p 00000000 00:00 0 
7fecb46d4000-7fecb46d6000 r--p 00000000 08:02 531841                     /usr/lib/x86_64-linux-gnu/ld-linux-x86-64.so.2
7fecb46d6000-7fecb4700000 r-xp 00002000 08:02 531841                     /usr/lib/x86_64-linux-gnu/ld-linux-x86-64.so.2
7fecb4700000-7fecb470b000 r--p 0002c000 08:02 531841                     /usr/lib/x86_64-linux-gnu/ld-linux-x86-64.so.2
7fecb470b000-7fecb470c000 ---p 00000000 00:00 0 
7fecb470c000-7fecb470e000 r--p 00037000 08:02 531841                     /usr/lib/x86_64-linux-gnu/ld-linux-x86-64.so.2
7fecb470e000-7fecb4710000 rw-p 00039000 08:02 531841                     /usr/lib/x86_64-linux-gnu/ld-linux-x86-64.so.2
7fff930bd000-7fff930de000 rw-p 00000000 00:00 0                          [stack]
7fff93151000-7fff93155000 r--p 00000000 00:00 0                          [vvar]
7fff93155000-7fff93157000 r-xp 00000000 00:00 0                          [vdso]
ffffffffff600000-ffffffffff601000 --xp 00000000 00:00 0                  [vsyscall]


VM Arguments:
jvm_args: -XX:+ShowCodeDetailsInExceptionMessages -agentlib:jdwp=transport=dt_socket,suspend=y,address=localhost:41483 -javaagent:/home/paul/snap/eclipse/62/amd64/configuration/org.eclipse.osgi/534/0/.cp/lib/javaagent-shaded.jar -Dfile.encoding=UTF-8 --module-path=/home/paul/Development/GitWorkspace/contacts/mycontacts/lib/ez-vcard-0.10.2.jar:/home/paul/Development/Workspace/MyWidgets/lib/imgscalr-lib-4.2.jar:/home/paul/Development/Workspace/MyWidgets/lib/commons-lang3-3.3.2.jar:/home/paul/Development/Workspace/MyWidgets/lib/dom4j-1.6.1.jar:/home/paul/Development/Workspace/MyWidgets/lib/ez-vcard-0.10.2.jar:/home/paul/Development/Workspace/MyWidgets/lib/looks-2.1-pre2.jar 
java_command: org.lerot.mycontact.mcdb
java_class_path (initial): /home/paul/Development/GitWorkspace/contacts/mycontacts/bin:/home/paul/Development/GitWorkspace/contacts/mycontacts/lib/commons-lang3-3.3.2.jar:/home/paul/Development/GitWorkspace/contacts/mycontacts/lib/looks-2.1-pre2.jar:/home/paul/Development/GitWorkspace/contacts/mycontacts/lib/commons-net-ftp-2.0.jar:/home/paul/Development/GitWorkspace/contacts/mycontacts/lib/imgscalr-lib-4.2.jar:/home/paul/Development/GitWorkspace/contacts/mycontacts/lib/itextpdf-5.5.3.jar:/home/paul/Development/GitWorkspace/contacts/mycontacts/lib/javabase64-1.3.1.jar:/home/paul/Development/GitWorkspace/contacts/mycontacts/lib/sqlite-jdbc-3.7.15-M1.jar:/home/paul/Development/GitWorkspace/contacts/mycontacts/lib/commons-codec-1.10.jar:/home/paul/Development/GitWorkspace/contacts/mycontacts/lib/javax.mail.jar:/home/paul/Development/GitWorkspace/contacts/mycontacts/lib/dom4j-1.6.1.jar:/home/paul/Development/Workspace/MyWidgets/bin:/home/paul/installations/jarlibray/simple-odf-0.8.2-incubating-jar-with-dependencies.jar:/home/paul/Development/GitWorkspace/contacts/mycontacts/lib/jaxen-1.1.6.jar
Launcher Type: SUN_STANDARD

[Global flags]
     intx CICompilerCount                          = 3                                         {product} {ergonomic}
     uint ConcGCThreads                            = 1                                         {product} {ergonomic}
     uint G1ConcRefinementThreads                  = 4                                         {product} {ergonomic}
   size_t G1HeapRegionSize                         = 2097152                                   {product} {ergonomic}
    uintx GCDrainStackTargetSize                   = 64                                        {product} {ergonomic}
   size_t InitialHeapSize                          = 262144000                                 {product} {ergonomic}
   size_t MarkStackSize                            = 4194304                                   {product} {ergonomic}
   size_t MaxHeapSize                              = 4169138176                                {product} {ergonomic}
   size_t MaxNewSize                               = 2499805184                                {product} {ergonomic}
   size_t MinHeapDeltaBytes                        = 2097152                                   {product} {ergonomic}
   size_t MinHeapSize                              = 8388608                                   {product} {ergonomic}
    uintx NonNMethodCodeHeapSize                   = 5832780                                {pd product} {ergonomic}
    uintx NonProfiledCodeHeapSize                  = 122912730                              {pd product} {ergonomic}
    uintx ProfiledCodeHeapSize                     = 122912730                              {pd product} {ergonomic}
    uintx ReservedCodeCacheSize                    = 251658240                              {pd product} {ergonomic}
     bool SegmentedCodeCache                       = true                                      {product} {ergonomic}
     bool ShowCodeDetailsInExceptionMessages       = true                                   {manageable} {command line}
   size_t SoftMaxHeapSize                          = 4169138176                             {manageable} {ergonomic}
     bool UseCompressedClassPointers               = true                           {product lp64_product} {ergonomic}
     bool UseCompressedOops                        = true                           {product lp64_product} {ergonomic}
     bool UseG1GC                                  = true                                      {product} {ergonomic}

Logging:
Log output configuration:
 #0: stdout all=warning uptime,level,tags
 #1: stderr all=off uptime,level,tags

Environment Variables:
JAVA_HOME=/usr/lib/jvm/java-11-openjdk-amd64
PATH=/home/paul/.local/bin:/usr/local/sbin:/usr/local/bin:/usr/sbin:/usr/bin:/sbin:/bin:/usr/games:/usr/local/games:/snap/bin:/snap/bin
USERNAME=paul
SHELL=/bin/bash
DISPLAY=:0
LANG=en_GB.UTF-8

Signal Handlers:
   SIGSEGV: crash_handler in libjvm.so, mask=11100100010111111101111111111110, flags=SA_RESTART|SA_SIGINFO
    SIGBUS: crash_handler in libjvm.so, mask=11100100010111111101111111111110, flags=SA_RESTART|SA_SIGINFO
    SIGFPE: crash_handler in libjvm.so, mask=11100100010111111101111111111110, flags=SA_RESTART|SA_SIGINFO
   SIGPIPE: javaSignalHandler in libjvm.so, mask=11100100010111111101111111111110, flags=SA_RESTART|SA_SIGINFO
   SIGXFSZ: javaSignalHandler in libjvm.so, mask=11100100010111111101111111111110, flags=SA_RESTART|SA_SIGINFO
    SIGILL: crash_handler in libjvm.so, mask=11100100010111111101111111111110, flags=SA_RESTART|SA_SIGINFO
   SIGUSR2: SR_handler in libjvm.so, mask=00100000000000000000000000000000, flags=SA_RESTART|SA_SIGINFO
    SIGHUP: UserHandler in libjvm.so, mask=11100100010111111101111111111110, flags=SA_RESTART|SA_SIGINFO
    SIGINT: UserHandler in libjvm.so, mask=11100100010111111101111111111110, flags=SA_RESTART|SA_SIGINFO
   SIGTERM: UserHandler in libjvm.so, mask=11100100010111111101111111111110, flags=SA_RESTART|SA_SIGINFO
   SIGQUIT: UserHandler in libjvm.so, mask=11100100010111111101111111111110, flags=SA_RESTART|SA_SIGINFO
  *** Handler was modified!
  *** Expected: javaSignalHandler in libjvm.so, mask=11100100110111111111111111111110, flags=SA_RESTART|SA_SIGINFO
   SIGTRAP: crash_handler in libjvm.so, mask=11100100010111111101111111111110, flags=SA_RESTART|SA_SIGINFO


---------------  S Y S T E M  ---------------

OS:
DISTRIB_ID=Ubuntu
DISTRIB_RELEASE=22.04
DISTRIB_CODENAME=jammy
DISTRIB_DESCRIPTION="Ubuntu 22.04.1 LTS"
uname: Linux 5.15.0-50-generic #56-Ubuntu SMP Tue Sep 20 13:23:26 UTC 2022 x86_64
OS uptime: 0 days 2:46 hours
libc: glibc 2.35 NPTL 2.35 
rlimit (soft/hard): STACK 8192k/infinity , CORE 0k/infinity , NPROC 63324/63324 , NOFILE 1048576/1048576 , AS infinity/infinity , CPU infinity/infinity , DATA infinity/infinity , FSIZE infinity/infinity , MEMLOCK 2035204k/2035204k
load average: 0.62 0.39 0.25

/proc/meminfo:
MemTotal:       16281656 kB
MemFree:         9826224 kB
MemAvailable:   12415528 kB
Buffers:          497412 kB
Cached:          2751236 kB
SwapCached:            0 kB
Active:          1384368 kB
Inactive:        4084952 kB
Active(anon):       2260 kB
Inactive(anon):  2745760 kB
Active(file):    1382108 kB
Inactive(file):  1339192 kB
Unevictable:      503308 kB
Mlocked:             192 kB
SwapTotal:             0 kB
SwapFree:              0 kB
Dirty:               236 kB
Writeback:             0 kB
AnonPages:       2723904 kB
Mapped:           691960 kB
Shmem:            532672 kB
KReclaimable:     203440 kB
Slab:             327604 kB
SReclaimable:     203440 kB
SUnreclaim:       124164 kB
KernelStack:       16432 kB
PageTables:        36608 kB
NFS_Unstable:          0 kB
Bounce:                0 kB
WritebackTmp:          0 kB
CommitLimit:     8140828 kB
Committed_AS:    9438928 kB
VmallocTotal:   34359738367 kB
VmallocUsed:       47100 kB
VmallocChunk:          0 kB
Percpu:             3792 kB
HardwareCorrupted:     0 kB
AnonHugePages:         0 kB
ShmemHugePages:        0 kB
ShmemPmdMapped:        0 kB
FileHugePages:         0 kB
FilePmdMapped:         0 kB
HugePages_Total:       0
HugePages_Free:        0
HugePages_Rsvd:        0
HugePages_Surp:        0
Hugepagesize:       2048 kB
Hugetlb:               0 kB
DirectMap4k:      342524 kB
DirectMap2M:     6893568 kB
DirectMap1G:    10485760 kB

/sys/kernel/mm/transparent_hugepage/enabled: always [madvise] never
/sys/kernel/mm/transparent_hugepage/defrag (defrag/compaction efforts parameter): always defer defer+madvise [madvise] never

Process Memory:
Virtual Size: 7840260K (peak: 7840260K)
Resident Set Size: 141364K (peak: 186964K) (anon: 108476K, file: 32888K, shmem: 0K)
Swapped out: 0K
C-Heap outstanding allocations: 24336K, retained: 44135K
glibc malloc tunables: (default)

/proc/sys/kernel/threads-max (system-wide limit on the number of threads): 126648
/proc/sys/vm/max_map_count (maximum number of memory map areas a process may have): 65530
/proc/sys/kernel/pid_max (system-wide limit on number of process identifiers): 4194304

container (cgroup) information:
container_type: cgroupv2
cpu_cpuset_cpus: not supported
cpu_memory_nodes: not supported
active_processor_count: 4
cpu_quota: not supported
cpu_period: not supported
cpu_shares: not supported
memory_limit_in_bytes: unlimited
memory_and_swap_limit_in_bytes: unlimited
memory_soft_limit_in_bytes: unlimited
memory_usage_in_bytes: 1992288 k
memory_max_usage_in_bytes: not supported
maximum number of tasks: 18997
current number of tasks: 274

Steal ticks since vm start: 0
Steal ticks percentage since vm start:  0.000

CPU: total 4 (initial active 4) (2 cores per cpu, 2 threads per core) family 6 model 61 stepping 4 microcode 0x2f, cx8, cmov, fxsr, ht, mmx, 3dnowpref, sse, sse2, sse3, ssse3, sse4.1, sse4.2, popcnt, lzcnt, tsc, tscinvbit, avx, avx2, aes, erms, clmul, bmi1, bmi2, rtm, adx, fma, vzeroupper, clflush
CPU Model and flags from /proc/cpuinfo:
model name	: Intel(R) Core(TM) i5-5300U CPU @ 2.30GHz
flags		: fpu vme de pse tsc msr pae mce cx8 apic sep mtrr pge mca cmov pat pse36 clflush dts acpi mmx fxsr sse sse2 ss ht tm pbe syscall nx pdpe1gb rdtscp lm constant_tsc arch_perfmon pebs bts rep_good nopl xtopology nonstop_tsc cpuid aperfmperf pni pclmulqdq dtes64 monitor ds_cpl vmx smx est tm2 ssse3 sdbg fma cx16 xtpr pdcm pcid sse4_1 sse4_2 x2apic movbe popcnt tsc_deadline_timer aes xsave avx f16c rdrand lahf_lm abm 3dnowprefetch cpuid_fault epb invpcid_single pti ssbd ibrs ibpb stibp tpr_shadow vnmi flexpriority ept vpid ept_ad fsgsbase tsc_adjust bmi1 hle avx2 smep bmi2 erms invpcid rtm rdseed adx smap intel_pt xsaveopt dtherm ida arat pln pts md_clear flush_l1d

Online cpus: 0-3
Offline cpus: 
BIOS frequency limitation: <Not Available>
Frequency switch latency (ns): 20000
Available cpu frequencies: <Not Available>
Current governor: schedutil
Core performance/turbo boost: <Not Available>

Memory: 4k page, physical 16281656k(9826224k free), swap 0k(0k free)
Page Sizes: 4k

vm_info: OpenJDK 64-Bit Server VM (17.0.4.1+1) for linux-amd64 JRE (17.0.4.1+1), built on Aug 12 2022 00:00:00 by "temurin" with gcc 10.3.0

END.
