#
# A fatal error has been detected by the Java Runtime Environment:
#
#  SIGSEGV (0xb) at pc=0x00007f698d2468e8, pid=14792, tid=14798
#
# JRE version: OpenJDK Runtime Environment Temurin-17.0.4.1+1 (17.0.4.1+1) (build 17.0.4.1+1)
# Java VM: OpenJDK 64-Bit Server VM Temurin-17.0.4.1+1 (17.0.4.1+1, mixed mode, sharing, tiered, compressed oops, compressed class ptrs, g1 gc, linux-amd64)
# Problematic frame:
# C  [sqlite-3.7.151-amd64-libsqlitejdbc.so+0x468e8]
#
# Core dump will be written. Default location: Core dumps may be processed with "/usr/share/apport/apport -p%p -s%s -c%c -d%d -P%P -u%u -g%g -- %E" (or dumping to /home/paul/Development/GitWorkspace/contacts/mycontacts/core.14792)
#
# If you would like to submit a bug report, please visit:
#   https://github.com/adoptium/adoptium-support/issues
# The crash happened outside the Java Virtual Machine in native code.
# See problematic frame for where to report the bug.
#

---------------  S U M M A R Y ------------

Command Line: -Dfile.encoding=UTF-8 --module-path=/home/paul/Development/GitWorkspace/contacts/mycontacts/lib/ez-vcard-0.10.2.jar -XX:+ShowCodeDetailsInExceptionMessages org.lerot.mycontact.mcdb

Host: Intel(R) Core(TM) i5-5300U CPU @ 2.30GHz, 4 cores, 15G, Ubuntu 22.04.1 LTS
Time: Tue Oct  4 10:55:07 2022 BST elapsed time: 8.364578 seconds (0d 0h 0m 8s)

---------------  T H R E A D  ---------------

Current thread (0x00007f69d0024a60):  JavaThread "main" [_thread_in_native, id=14798, stack(0x00007f69d41b8000,0x00007f69d42b8000)]

Stack: [0x00007f69d41b8000,0x00007f69d42b8000],  sp=0x00007f69d42b6130,  free space=1016k
Native frames: (J=compiled Java code, j=interpreted, Vv=VM code, C=native code)
C  [sqlite-3.7.151-amd64-libsqlitejdbc.so+0x468e8]

Java frames: (J=compiled Java code, j=interpreted, Vv=VM code)
J 1673  org.sqlite.NativeDB.column_text(JI)Ljava/lang/String; (0 bytes) @ 0x00007f69c0fd1600 [0x00007f69c0fd15c0+0x0000000000000040]
J 1846 c2 org.sqlite.RS.getString(I)Ljava/lang/String; (20 bytes) @ 0x00007f69c0fe7e88 [0x00007f69c0fe7e20+0x0000000000000068]
J 2042 c1 org.lerot.mycontact.mcAttributes.getAttributes(I)Lorg/lerot/mycontact/mcAttributes; (192 bytes) @ 0x00007f69b9da877c [0x00007f69b9da7ce0+0x0000000000000a9c]
J 2041 c1 org.lerot.mycontact.mcContact.fillContact()V (57 bytes) @ 0x00007f69b9dab344 [0x00007f69b9daafa0+0x00000000000003a4]
j  org.lerot.mycontact.mcContacts.refreshAllContacts()V+161
j  org.lerot.mycontact.gui.selectorBox.searchTag(Ljava/lang/String;)Lorg/lerot/mycontact/mcContacts;+24
j  org.lerot.mycontact.gui.selectorBox.actionPerformed(Ljava/awt/event/ActionEvent;)V+31
j  javax.swing.JComboBox.fireActionEvent()V+127 java.desktop@17.0.4.1
j  javax.swing.JComboBox.setSelectedItem(Ljava/lang/Object;)V+144 java.desktop@17.0.4.1
j  javax.swing.JComboBox.setSelectedIndex(I)V+58 java.desktop@17.0.4.1
j  org.lerot.mywidgets.jswDropDownBox.addElement(Ljava/lang/String;)V+13
j  org.lerot.mycontact.gui.selectorBox.setTaglist()V+52
j  org.lerot.mycontact.mcdb.<init>(II)V+1118
j  org.lerot.mycontact.mcdb.main([Ljava/lang/String;)V+43
v  ~StubRoutines::call_stub

siginfo: si_signo: 11 (SIGSEGV), si_code: 128 (SI_KERNEL), si_addr: 0x0000000000000000

Register to memory mapping:

RAX=0x7581ceb6e2f99f73 is an unknown value
RBX=0x00007f69d05a9738 points into unknown readable memory: 0x7581ceb6e2f99f73 | 73 9f f9 e2 b6 ce 81 75
RCX=0x0000000000000002 is an unknown value
RDX=0x00007f69d05a9738 points into unknown readable memory: 0x7581ceb6e2f99f73 | 73 9f f9 e2 b6 ce 81 75
RSP=0x00007f69d42b6130 is pointing into the stack for thread: 0x00007f69d0024a60
RBP=0x0000000000000002 is an unknown value
RSI=0x0000000000000002 is an unknown value
RDI=0x00007f69d05a9738 points into unknown readable memory: 0x7581ceb6e2f99f73 | 73 9f f9 e2 b6 ce 81 75
R8 =0x0 is NULL
R9 =0x0000000000000001 is an unknown value
R10=0x0 is NULL
R11=0x0000000000000246 is an unknown value
R12=0x00007f69d05a9738 points into unknown readable memory: 0x7581ceb6e2f99f73 | 73 9f f9 e2 b6 ce 81 75
R13=0x00007f69d42b61c0 is pointing into the stack for thread: 0x00007f69d0024a60
R14=0x00007f69d42b6190 is pointing into the stack for thread: 0x00007f69d0024a60
R15=0x00007f69d0024a60 is a thread


Registers:
RAX=0x7581ceb6e2f99f73, RBX=0x00007f69d05a9738, RCX=0x0000000000000002, RDX=0x00007f69d05a9738
RSP=0x00007f69d42b6130, RBP=0x0000000000000002, RSI=0x0000000000000002, RDI=0x00007f69d05a9738
R8 =0x0000000000000000, R9 =0x0000000000000001, R10=0x0000000000000000, R11=0x0000000000000246
R12=0x00007f69d05a9738, R13=0x00007f69d42b61c0, R14=0x00007f69d42b6190, R15=0x00007f69d0024a60
RIP=0x00007f698d2468e8, EFLAGS=0x0000000000010202, CSGSFS=0x002b000000000033, ERR=0x0000000000000000
  TRAPNO=0x000000000000000d

Top of Stack: (sp=0x00007f69d42b6130)
0x00007f69d42b6130:   00007f69d42b6160 00007f69d0024d08
0x00007f69d42b6140:   00007f69d42b61d0 00007f698d246a06
0x00007f69d42b6150:   00007f69d42b61c0 00007f69d0024d08
0x00007f69d42b6160:   00007f69d4c49540 00007f698d209d05 

Instructions: (pc=0x00007f698d2468e8)
0x00007f698d2467e8:   8b 64 24 18 4c 8b 6c 24 20 48 83 c4 28 c3 66 2e
0x00007f698d2467f8:   0f 1f 84 00 00 00 00 00 48 63 d2 e9 78 ff ff ff
0x00007f698d246808:   0f 1f 84 00 00 00 00 00 48 89 5c 24 e8 48 89 6c
0x00007f698d246818:   24 f0 48 89 fb 4c 89 64 24 f8 48 83 ec 28 89 f5
0x00007f698d246828:   f2 0f 11 44 24 08 e8 fd fc ff ff 85 c0 41 89 c4
0x00007f698d246838:   75 31 48 63 fd f2 0f 10 44 24 08 48 83 ef 01 48
0x00007f698d246848:   8d 04 fd 00 00 00 00 48 c1 e7 06 48 29 c7 48 03
0x00007f698d246858:   7b 70 e8 71 51 fd ff 48 8b 03 48 8b 78 18 e8 55
0x00007f698d246868:   46 fc ff 44 89 e0 48 8b 5c 24 10 48 8b 6c 24 18
0x00007f698d246878:   4c 8b 64 24 20 48 83 c4 28 c3 66 66 66 66 66 2e
0x00007f698d246888:   0f 1f 84 00 00 00 00 00 48 89 5c 24 f0 48 89 6c
0x00007f698d246898:   24 f8 48 83 ec 18 48 85 ff 48 89 fb 89 f5 74 5a
0x00007f698d2468a8:   48 83 7f 28 00 74 31 0f b7 47 48 39 f0 7e 29 85
0x00007f698d2468b8:   f6 78 25 48 8b 07 48 8b 78 18 e8 b9 45 fc ff 48
0x00007f698d2468c8:   63 c5 48 8d 14 c5 00 00 00 00 48 c1 e0 06 48 29
0x00007f698d2468d8:   d0 48 03 43 28 eb 2a 90 48 8b 03 48 85 c0 74 1a
0x00007f698d2468e8:   48 8b 78 18 e8 8f 45 fc ff 48 8b 3b 31 d2 be 19
0x00007f698d2468f8:   00 00 00 31 c0 e8 de db ff ff 48 8d 05 57 98 26
0x00007f698d246908:   00 48 8b 5c 24 08 48 8b 6c 24 10 48 83 c4 18 c3
0x00007f698d246918:   0f 1f 84 00 00 00 00 00 48 89 5c 24 f0 4c 89 64
0x00007f698d246928:   24 f8 48 83 ec 18 49 89 fc e8 5a ff ff ff 0f b6
0x00007f698d246938:   58 26 4c 89 e7 e8 9e e1 ff ff 4c 8b 64 24 10 89
0x00007f698d246948:   d8 48 8b 5c 24 08 48 83 c4 18 c3 66 66 66 66 2e
0x00007f698d246958:   0f 1f 84 00 00 00 00 00 48 89 5c 24 f0 4c 89 64
0x00007f698d246968:   24 f8 48 83 ec 18 49 89 fc e8 1a ff ff ff 48 89
0x00007f698d246978:   c7 e8 a2 28 fe ff 4c 89 e7 48 89 c3 e8 57 e1 ff
0x00007f698d246988:   ff 48 89 d8 4c 8b 64 24 10 48 8b 5c 24 08 48 83
0x00007f698d246998:   c4 18 c3 0f 1f 44 00 00 48 89 5c 24 f0 48 89 6c
0x00007f698d2469a8:   24 f8 48 83 ec 18 48 89 fd e8 da fe ff ff 48 89
0x00007f698d2469b8:   c3 0f b7 40 24 f6 c4 08 74 0a 80 e4 f7 80 cc 10
0x00007f698d2469c8:   66 89 43 24 48 89 ef e8 0c e1 ff ff 48 89 d8 48
0x00007f698d2469d8:   8b 6c 24 10 48 8b 5c 24 08 48 83 c4 18 c3 66 2e 


Stack slot to memory mapping:
stack at sp + 0 slots: 0x00007f69d42b6160 is pointing into the stack for thread: 0x00007f69d0024a60
stack at sp + 1 slots: 0x00007f69d0024d08 points into unknown readable memory: 0x00007f69d56584a0 | a0 84 65 d5 69 7f 00 00
stack at sp + 2 slots: 0x00007f69d42b61d0 is pointing into the stack for thread: 0x00007f69d0024a60
stack at sp + 3 slots: 0x00007f698d246a06: <offset 0x0000000000046a06> in /tmp/sqlite-3.7.151-amd64-libsqlitejdbc.so at 0x00007f698d200000
stack at sp + 4 slots: 0x00007f69d42b61c0 is pointing into the stack for thread: 0x00007f69d0024a60
stack at sp + 5 slots: 0x00007f69d0024d08 points into unknown readable memory: 0x00007f69d56584a0 | a0 84 65 d5 69 7f 00 00
stack at sp + 6 slots: 0x00007f69d4c49540: <offset 0x00000000008a5540> in /home/paul/installations/jdk-17.0.4.1+1/lib/server/libjvm.so at 0x00007f69d43a4000
stack at sp + 7 slots: 0x00007f698d209d05: Java_org_sqlite_NativeDB_column_1text+0x0000000000000025 in /tmp/sqlite-3.7.151-amd64-libsqlitejdbc.so at 0x00007f698d200000


---------------  P R O C E S S  ---------------

Threads class SMR info:
_java_thread_list=0x00007f6958256bc0, length=16, elements={
0x00007f69d0024a60, 0x00007f69d0176860, 0x00007f69d0177c40, 0x00007f69d017cf50,
0x00007f69d017e300, 0x00007f69d017f710, 0x00007f69d01810c0, 0x00007f69d01825f0,
0x00007f69d0183a60, 0x00007f69d0191630, 0x00007f69d01db140, 0x00007f69d036a370,
0x00007f69d036c4e0, 0x00007f69d047eb90, 0x00007f69d047f440, 0x00007f69d04d66a0
}

Java Threads: ( => current thread )
=>0x00007f69d0024a60 JavaThread "main" [_thread_in_native, id=14798, stack(0x00007f69d41b8000,0x00007f69d42b8000)]
  0x00007f69d0176860 JavaThread "Reference Handler" daemon [_thread_blocked, id=14805, stack(0x00007f69ac700000,0x00007f69ac800000)]
  0x00007f69d0177c40 JavaThread "Finalizer" daemon [_thread_blocked, id=14806, stack(0x00007f69ac600000,0x00007f69ac700000)]
  0x00007f69d017cf50 JavaThread "Signal Dispatcher" daemon [_thread_blocked, id=14807, stack(0x00007f69ac500000,0x00007f69ac600000)]
  0x00007f69d017e300 JavaThread "Service Thread" daemon [_thread_blocked, id=14808, stack(0x00007f69ac400000,0x00007f69ac500000)]
  0x00007f69d017f710 JavaThread "Monitor Deflation Thread" daemon [_thread_blocked, id=14809, stack(0x00007f69ac300000,0x00007f69ac400000)]
  0x00007f69d01810c0 JavaThread "C2 CompilerThread0" daemon [_thread_blocked, id=14810, stack(0x00007f69ac200000,0x00007f69ac300000)]
  0x00007f69d01825f0 JavaThread "C1 CompilerThread0" daemon [_thread_blocked, id=14811, stack(0x00007f69ac100000,0x00007f69ac200000)]
  0x00007f69d0183a60 JavaThread "Sweeper thread" daemon [_thread_blocked, id=14812, stack(0x00007f69ac000000,0x00007f69ac100000)]
  0x00007f69d0191630 JavaThread "Common-Cleaner" daemon [_thread_blocked, id=14813, stack(0x00007f698f0e8000,0x00007f698f1e8000)]
  0x00007f69d01db140 JavaThread "Notification Thread" daemon [_thread_blocked, id=14814, stack(0x00007f698efe8000,0x00007f698f0e8000)]
  0x00007f69d036a370 JavaThread "Java2D Disposer" daemon [_thread_blocked, id=14816, stack(0x00007f698e7c7000,0x00007f698e8c7000)]
  0x00007f69d036c4e0 JavaThread "AWT-XAWT" daemon [_thread_in_native, id=14817, stack(0x00007f698e6c7000,0x00007f698e7c7000)]
  0x00007f69d047eb90 JavaThread "AWT-Shutdown" [_thread_blocked, id=14820, stack(0x00007f698e3c7000,0x00007f698e4c7000)]
  0x00007f69d047f440 JavaThread "AWT-EventQueue-0" [_thread_in_Java, id=14821, stack(0x00007f698e2c7000,0x00007f698e3c7000)]
  0x00007f69d04d66a0 JavaThread "TimerQueue" daemon [_thread_blocked, id=14822, stack(0x00007f698e1c7000,0x00007f698e2c7000)]

Other Threads:
  0x00007f69d0172810 VMThread "VM Thread" [stack: 0x00007f69ad045000,0x00007f69ad145000] [id=14804]
  0x00007f69d0027440 WatcherThread [stack: 0x00007f698eee8000,0x00007f698efe8000] [id=14815]
  0x00007f69d008f090 GCTaskThread "GC Thread#0" [stack: 0x00007f69afb00000,0x00007f69afc00000] [id=14799]
  0x00007f69900051f0 GCTaskThread "GC Thread#1" [stack: 0x00007f698e0c7000,0x00007f698e1c7000] [id=14823]
  0x00007f6990005c30 GCTaskThread "GC Thread#2" [stack: 0x00007f698d700000,0x00007f698d800000] [id=14824]
  0x00007f6990006670 GCTaskThread "GC Thread#3" [stack: 0x00007f698d5fe000,0x00007f698d6fe000] [id=14825]
  0x00007f69d009fe70 ConcurrentGCThread "G1 Main Marker" [stack: 0x00007f69af9fe000,0x00007f69afafe000] [id=14800]
  0x00007f69d00a0dd0 ConcurrentGCThread "G1 Conc#0" [stack: 0x00007f69af8fc000,0x00007f69af9fc000] [id=14801]
  0x00007f69d0144760 ConcurrentGCThread "G1 Refine#0" [stack: 0x00007f69ad3f6000,0x00007f69ad4f6000] [id=14802]
  0x00007f6998000eb0 ConcurrentGCThread "G1 Refine#1" [stack: 0x00007f698d4fc000,0x00007f698d5fc000] [id=14826]
  0x00007f69d0145650 ConcurrentGCThread "G1 Service" [stack: 0x00007f69ad2f4000,0x00007f69ad3f4000] [id=14803]

Threads with active compile tasks:

VM state: not at safepoint (normal execution)

VM Mutex/Monitor currently owned by a thread: None

Heap address: 0x0000000707800000, size: 3976 MB, Compressed Oops mode: Zero based, Oop shift amount: 3

CDS archive(s) mapped at: [0x0000000800000000-0x0000000800be0000-0x0000000800be0000), size 12451840, SharedBaseAddress: 0x0000000800000000, ArchiveRelocationMode: 0.
Compressed class space mapped at: 0x0000000800c00000-0x0000000840c00000, reserved size: 1073741824
Narrow klass base: 0x0000000800000000, Narrow klass shift: 0, Narrow klass range: 0x100000000

GC Precious Log:
 CPUs: 4 total, 4 available
 Memory: 15900M
 Large Page Support: Disabled
 NUMA Support: Disabled
 Compressed Oops: Enabled (Zero based)
 Heap Region Size: 2M
 Heap Min Capacity: 8M
 Heap Initial Capacity: 250M
 Heap Max Capacity: 3976M
 Pre-touch: Disabled
 Parallel Workers: 4
 Concurrent Workers: 1
 Concurrent Refinement Workers: 4
 Periodic GC: Disabled

Heap:
 garbage-first heap   total 260096K, used 53167K [0x0000000707800000, 0x0000000800000000)
  region size 2048K, 24 young (49152K), 6 survivors (12288K)
 Metaspace       used 15689K, committed 15936K, reserved 1064960K
  class space    used 1742K, committed 1856K, reserved 1048576K

Heap Regions: E=young(eden), S=young(survivor), O=old, HS=humongous(starts), HC=humongous(continues), CS=collection set, F=free, OA=open archive, CA=closed archive, TAMS=top-at-mark-start (previous, next)
|   0|0x0000000707800000, 0x0000000707a00000, 0x0000000707a00000|100%| O|  |TAMS 0x0000000707800000, 0x0000000707800000| Untracked 
|   1|0x0000000707a00000, 0x0000000707c00000, 0x0000000707c00000|100%| O|  |TAMS 0x0000000707a00000, 0x0000000707a00000| Untracked 
|   2|0x0000000707c00000, 0x0000000707d4a200, 0x0000000707e00000| 64%| O|  |TAMS 0x0000000707c00000, 0x0000000707c00000| Untracked 
|   3|0x0000000707e00000, 0x0000000707e00000, 0x0000000708000000|  0%| F|  |TAMS 0x0000000707e00000, 0x0000000707e00000| Untracked 
|   4|0x0000000708000000, 0x0000000708000000, 0x0000000708200000|  0%| F|  |TAMS 0x0000000708000000, 0x0000000708000000| Untracked 
|   5|0x0000000708200000, 0x0000000708200000, 0x0000000708400000|  0%| F|  |TAMS 0x0000000708200000, 0x0000000708200000| Untracked 
|   6|0x0000000708400000, 0x0000000708400000, 0x0000000708600000|  0%| F|  |TAMS 0x0000000708400000, 0x0000000708400000| Untracked 
|   7|0x0000000708600000, 0x0000000708600000, 0x0000000708800000|  0%| F|  |TAMS 0x0000000708600000, 0x0000000708600000| Untracked 
|   8|0x0000000708800000, 0x0000000708800000, 0x0000000708a00000|  0%| F|  |TAMS 0x0000000708800000, 0x0000000708800000| Untracked 
|   9|0x0000000708a00000, 0x0000000708a00000, 0x0000000708c00000|  0%| F|  |TAMS 0x0000000708a00000, 0x0000000708a00000| Untracked 
|  10|0x0000000708c00000, 0x0000000708c00000, 0x0000000708e00000|  0%| F|  |TAMS 0x0000000708c00000, 0x0000000708c00000| Untracked 
|  11|0x0000000708e00000, 0x0000000708e00000, 0x0000000709000000|  0%| F|  |TAMS 0x0000000708e00000, 0x0000000708e00000| Untracked 
|  12|0x0000000709000000, 0x0000000709000000, 0x0000000709200000|  0%| F|  |TAMS 0x0000000709000000, 0x0000000709000000| Untracked 
|  13|0x0000000709200000, 0x0000000709200000, 0x0000000709400000|  0%| F|  |TAMS 0x0000000709200000, 0x0000000709200000| Untracked 
|  14|0x0000000709400000, 0x0000000709400000, 0x0000000709600000|  0%| F|  |TAMS 0x0000000709400000, 0x0000000709400000| Untracked 
|  15|0x0000000709600000, 0x0000000709600000, 0x0000000709800000|  0%| F|  |TAMS 0x0000000709600000, 0x0000000709600000| Untracked 
|  16|0x0000000709800000, 0x0000000709800000, 0x0000000709a00000|  0%| F|  |TAMS 0x0000000709800000, 0x0000000709800000| Untracked 
|  17|0x0000000709a00000, 0x0000000709a00000, 0x0000000709c00000|  0%| F|  |TAMS 0x0000000709a00000, 0x0000000709a00000| Untracked 
|  18|0x0000000709c00000, 0x0000000709c00000, 0x0000000709e00000|  0%| F|  |TAMS 0x0000000709c00000, 0x0000000709c00000| Untracked 
|  19|0x0000000709e00000, 0x0000000709e00000, 0x000000070a000000|  0%| F|  |TAMS 0x0000000709e00000, 0x0000000709e00000| Untracked 
|  20|0x000000070a000000, 0x000000070a000000, 0x000000070a200000|  0%| F|  |TAMS 0x000000070a000000, 0x000000070a000000| Untracked 
|  21|0x000000070a200000, 0x000000070a200000, 0x000000070a400000|  0%| F|  |TAMS 0x000000070a200000, 0x000000070a200000| Untracked 
|  22|0x000000070a400000, 0x000000070a400000, 0x000000070a600000|  0%| F|  |TAMS 0x000000070a400000, 0x000000070a400000| Untracked 
|  23|0x000000070a600000, 0x000000070a600000, 0x000000070a800000|  0%| F|  |TAMS 0x000000070a600000, 0x000000070a600000| Untracked 
|  24|0x000000070a800000, 0x000000070a800000, 0x000000070aa00000|  0%| F|  |TAMS 0x000000070a800000, 0x000000070a800000| Untracked 
|  25|0x000000070aa00000, 0x000000070aa00000, 0x000000070ac00000|  0%| F|  |TAMS 0x000000070aa00000, 0x000000070aa00000| Untracked 
|  26|0x000000070ac00000, 0x000000070ac00000, 0x000000070ae00000|  0%| F|  |TAMS 0x000000070ac00000, 0x000000070ac00000| Untracked 
|  27|0x000000070ae00000, 0x000000070ae00000, 0x000000070b000000|  0%| F|  |TAMS 0x000000070ae00000, 0x000000070ae00000| Untracked 
|  28|0x000000070b000000, 0x000000070b000000, 0x000000070b200000|  0%| F|  |TAMS 0x000000070b000000, 0x000000070b000000| Untracked 
|  29|0x000000070b200000, 0x000000070b200000, 0x000000070b400000|  0%| F|  |TAMS 0x000000070b200000, 0x000000070b200000| Untracked 
|  30|0x000000070b400000, 0x000000070b400000, 0x000000070b600000|  0%| F|  |TAMS 0x000000070b400000, 0x000000070b400000| Untracked 
|  31|0x000000070b600000, 0x000000070b600000, 0x000000070b800000|  0%| F|  |TAMS 0x000000070b600000, 0x000000070b600000| Untracked 
|  32|0x000000070b800000, 0x000000070b800000, 0x000000070ba00000|  0%| F|  |TAMS 0x000000070b800000, 0x000000070b800000| Untracked 
|  33|0x000000070ba00000, 0x000000070ba00000, 0x000000070bc00000|  0%| F|  |TAMS 0x000000070ba00000, 0x000000070ba00000| Untracked 
|  34|0x000000070bc00000, 0x000000070bc00000, 0x000000070be00000|  0%| F|  |TAMS 0x000000070bc00000, 0x000000070bc00000| Untracked 
|  35|0x000000070be00000, 0x000000070be00000, 0x000000070c000000|  0%| F|  |TAMS 0x000000070be00000, 0x000000070be00000| Untracked 
|  36|0x000000070c000000, 0x000000070c000000, 0x000000070c200000|  0%| F|  |TAMS 0x000000070c000000, 0x000000070c000000| Untracked 
|  37|0x000000070c200000, 0x000000070c200000, 0x000000070c400000|  0%| F|  |TAMS 0x000000070c200000, 0x000000070c200000| Untracked 
|  38|0x000000070c400000, 0x000000070c400000, 0x000000070c600000|  0%| F|  |TAMS 0x000000070c400000, 0x000000070c400000| Untracked 
|  39|0x000000070c600000, 0x000000070c600000, 0x000000070c800000|  0%| F|  |TAMS 0x000000070c600000, 0x000000070c600000| Untracked 
|  40|0x000000070c800000, 0x000000070c800000, 0x000000070ca00000|  0%| F|  |TAMS 0x000000070c800000, 0x000000070c800000| Untracked 
|  41|0x000000070ca00000, 0x000000070ca00000, 0x000000070cc00000|  0%| F|  |TAMS 0x000000070ca00000, 0x000000070ca00000| Untracked 
|  42|0x000000070cc00000, 0x000000070cc00000, 0x000000070ce00000|  0%| F|  |TAMS 0x000000070cc00000, 0x000000070cc00000| Untracked 
|  43|0x000000070ce00000, 0x000000070ce00000, 0x000000070d000000|  0%| F|  |TAMS 0x000000070ce00000, 0x000000070ce00000| Untracked 
|  44|0x000000070d000000, 0x000000070d000000, 0x000000070d200000|  0%| F|  |TAMS 0x000000070d000000, 0x000000070d000000| Untracked 
|  45|0x000000070d200000, 0x000000070d200000, 0x000000070d400000|  0%| F|  |TAMS 0x000000070d200000, 0x000000070d200000| Untracked 
|  46|0x000000070d400000, 0x000000070d400000, 0x000000070d600000|  0%| F|  |TAMS 0x000000070d400000, 0x000000070d400000| Untracked 
|  47|0x000000070d600000, 0x000000070d600000, 0x000000070d800000|  0%| F|  |TAMS 0x000000070d600000, 0x000000070d600000| Untracked 
|  48|0x000000070d800000, 0x000000070d800000, 0x000000070da00000|  0%| F|  |TAMS 0x000000070d800000, 0x000000070d800000| Untracked 
|  49|0x000000070da00000, 0x000000070da00000, 0x000000070dc00000|  0%| F|  |TAMS 0x000000070da00000, 0x000000070da00000| Untracked 
|  50|0x000000070dc00000, 0x000000070dc00000, 0x000000070de00000|  0%| F|  |TAMS 0x000000070dc00000, 0x000000070dc00000| Untracked 
|  51|0x000000070de00000, 0x000000070de00000, 0x000000070e000000|  0%| F|  |TAMS 0x000000070de00000, 0x000000070de00000| Untracked 
|  52|0x000000070e000000, 0x000000070e000000, 0x000000070e200000|  0%| F|  |TAMS 0x000000070e000000, 0x000000070e000000| Untracked 
|  53|0x000000070e200000, 0x000000070e200000, 0x000000070e400000|  0%| F|  |TAMS 0x000000070e200000, 0x000000070e200000| Untracked 
|  54|0x000000070e400000, 0x000000070e400000, 0x000000070e600000|  0%| F|  |TAMS 0x000000070e400000, 0x000000070e400000| Untracked 
|  55|0x000000070e600000, 0x000000070e600000, 0x000000070e800000|  0%| F|  |TAMS 0x000000070e600000, 0x000000070e600000| Untracked 
|  56|0x000000070e800000, 0x000000070e800000, 0x000000070ea00000|  0%| F|  |TAMS 0x000000070e800000, 0x000000070e800000| Untracked 
|  57|0x000000070ea00000, 0x000000070ea00000, 0x000000070ec00000|  0%| F|  |TAMS 0x000000070ea00000, 0x000000070ea00000| Untracked 
|  58|0x000000070ec00000, 0x000000070ec00000, 0x000000070ee00000|  0%| F|  |TAMS 0x000000070ec00000, 0x000000070ec00000| Untracked 
|  59|0x000000070ee00000, 0x000000070ee00000, 0x000000070f000000|  0%| F|  |TAMS 0x000000070ee00000, 0x000000070ee00000| Untracked 
|  60|0x000000070f000000, 0x000000070f000000, 0x000000070f200000|  0%| F|  |TAMS 0x000000070f000000, 0x000000070f000000| Untracked 
|  61|0x000000070f200000, 0x000000070f200000, 0x000000070f400000|  0%| F|  |TAMS 0x000000070f200000, 0x000000070f200000| Untracked 
|  62|0x000000070f400000, 0x000000070f400000, 0x000000070f600000|  0%| F|  |TAMS 0x000000070f400000, 0x000000070f400000| Untracked 
|  63|0x000000070f600000, 0x000000070f600000, 0x000000070f800000|  0%| F|  |TAMS 0x000000070f600000, 0x000000070f600000| Untracked 
|  64|0x000000070f800000, 0x000000070f800000, 0x000000070fa00000|  0%| F|  |TAMS 0x000000070f800000, 0x000000070f800000| Untracked 
|  65|0x000000070fa00000, 0x000000070fa00000, 0x000000070fc00000|  0%| F|  |TAMS 0x000000070fa00000, 0x000000070fa00000| Untracked 
|  66|0x000000070fc00000, 0x000000070fc00000, 0x000000070fe00000|  0%| F|  |TAMS 0x000000070fc00000, 0x000000070fc00000| Untracked 
|  67|0x000000070fe00000, 0x000000070fe00000, 0x0000000710000000|  0%| F|  |TAMS 0x000000070fe00000, 0x000000070fe00000| Untracked 
|  68|0x0000000710000000, 0x00000007100a9ba0, 0x0000000710200000| 33%| S|CS|TAMS 0x0000000710000000, 0x0000000710000000| Complete 
|  69|0x0000000710200000, 0x0000000710400000, 0x0000000710400000|100%| S|CS|TAMS 0x0000000710200000, 0x0000000710200000| Complete 
|  70|0x0000000710400000, 0x0000000710600000, 0x0000000710600000|100%| S|CS|TAMS 0x0000000710400000, 0x0000000710400000| Complete 
|  71|0x0000000710600000, 0x0000000710800000, 0x0000000710800000|100%| S|CS|TAMS 0x0000000710600000, 0x0000000710600000| Complete 
|  72|0x0000000710800000, 0x0000000710a00000, 0x0000000710a00000|100%| S|CS|TAMS 0x0000000710800000, 0x0000000710800000| Complete 
|  73|0x0000000710a00000, 0x0000000710c00000, 0x0000000710c00000|100%| S|CS|TAMS 0x0000000710a00000, 0x0000000710a00000| Complete 
|  74|0x0000000710c00000, 0x0000000710c00000, 0x0000000710e00000|  0%| F|  |TAMS 0x0000000710c00000, 0x0000000710c00000| Untracked 
|  75|0x0000000710e00000, 0x0000000710e00000, 0x0000000711000000|  0%| F|  |TAMS 0x0000000710e00000, 0x0000000710e00000| Untracked 
|  76|0x0000000711000000, 0x0000000711000000, 0x0000000711200000|  0%| F|  |TAMS 0x0000000711000000, 0x0000000711000000| Untracked 
|  77|0x0000000711200000, 0x0000000711200000, 0x0000000711400000|  0%| F|  |TAMS 0x0000000711200000, 0x0000000711200000| Untracked 
|  78|0x0000000711400000, 0x0000000711400000, 0x0000000711600000|  0%| F|  |TAMS 0x0000000711400000, 0x0000000711400000| Untracked 
|  79|0x0000000711600000, 0x0000000711600000, 0x0000000711800000|  0%| F|  |TAMS 0x0000000711600000, 0x0000000711600000| Untracked 
|  80|0x0000000711800000, 0x0000000711800000, 0x0000000711a00000|  0%| F|  |TAMS 0x0000000711800000, 0x0000000711800000| Untracked 
|  81|0x0000000711a00000, 0x0000000711a00000, 0x0000000711c00000|  0%| F|  |TAMS 0x0000000711a00000, 0x0000000711a00000| Untracked 
|  82|0x0000000711c00000, 0x0000000711c00000, 0x0000000711e00000|  0%| F|  |TAMS 0x0000000711c00000, 0x0000000711c00000| Untracked 
|  83|0x0000000711e00000, 0x0000000711e00000, 0x0000000712000000|  0%| F|  |TAMS 0x0000000711e00000, 0x0000000711e00000| Untracked 
|  84|0x0000000712000000, 0x0000000712000000, 0x0000000712200000|  0%| F|  |TAMS 0x0000000712000000, 0x0000000712000000| Untracked 
|  85|0x0000000712200000, 0x0000000712200000, 0x0000000712400000|  0%| F|  |TAMS 0x0000000712200000, 0x0000000712200000| Untracked 
|  86|0x0000000712400000, 0x0000000712400000, 0x0000000712600000|  0%| F|  |TAMS 0x0000000712400000, 0x0000000712400000| Untracked 
|  87|0x0000000712600000, 0x0000000712600000, 0x0000000712800000|  0%| F|  |TAMS 0x0000000712600000, 0x0000000712600000| Untracked 
|  88|0x0000000712800000, 0x0000000712800000, 0x0000000712a00000|  0%| F|  |TAMS 0x0000000712800000, 0x0000000712800000| Untracked 
|  89|0x0000000712a00000, 0x0000000712a00000, 0x0000000712c00000|  0%| F|  |TAMS 0x0000000712a00000, 0x0000000712a00000| Untracked 
|  90|0x0000000712c00000, 0x0000000712c00000, 0x0000000712e00000|  0%| F|  |TAMS 0x0000000712c00000, 0x0000000712c00000| Untracked 
|  91|0x0000000712e00000, 0x0000000712e00000, 0x0000000713000000|  0%| F|  |TAMS 0x0000000712e00000, 0x0000000712e00000| Untracked 
|  92|0x0000000713000000, 0x0000000713000000, 0x0000000713200000|  0%| F|  |TAMS 0x0000000713000000, 0x0000000713000000| Untracked 
|  93|0x0000000713200000, 0x0000000713200000, 0x0000000713400000|  0%| F|  |TAMS 0x0000000713200000, 0x0000000713200000| Untracked 
|  94|0x0000000713400000, 0x0000000713400000, 0x0000000713600000|  0%| F|  |TAMS 0x0000000713400000, 0x0000000713400000| Untracked 
|  95|0x0000000713600000, 0x0000000713600000, 0x0000000713800000|  0%| F|  |TAMS 0x0000000713600000, 0x0000000713600000| Untracked 
|  96|0x0000000713800000, 0x0000000713800000, 0x0000000713a00000|  0%| F|  |TAMS 0x0000000713800000, 0x0000000713800000| Untracked 
|  97|0x0000000713a00000, 0x0000000713a00000, 0x0000000713c00000|  0%| F|  |TAMS 0x0000000713a00000, 0x0000000713a00000| Untracked 
|  98|0x0000000713c00000, 0x0000000713c00000, 0x0000000713e00000|  0%| F|  |TAMS 0x0000000713c00000, 0x0000000713c00000| Untracked 
|  99|0x0000000713e00000, 0x0000000713e00000, 0x0000000714000000|  0%| F|  |TAMS 0x0000000713e00000, 0x0000000713e00000| Untracked 
| 100|0x0000000714000000, 0x0000000714000000, 0x0000000714200000|  0%| F|  |TAMS 0x0000000714000000, 0x0000000714000000| Untracked 
| 101|0x0000000714200000, 0x0000000714200000, 0x0000000714400000|  0%| F|  |TAMS 0x0000000714200000, 0x0000000714200000| Untracked 
| 102|0x0000000714400000, 0x0000000714400000, 0x0000000714600000|  0%| F|  |TAMS 0x0000000714400000, 0x0000000714400000| Untracked 
| 103|0x0000000714600000, 0x0000000714600000, 0x0000000714800000|  0%| F|  |TAMS 0x0000000714600000, 0x0000000714600000| Untracked 
| 104|0x0000000714800000, 0x0000000714800000, 0x0000000714a00000|  0%| F|  |TAMS 0x0000000714800000, 0x0000000714800000| Untracked 
| 105|0x0000000714a00000, 0x0000000714a00000, 0x0000000714c00000|  0%| F|  |TAMS 0x0000000714a00000, 0x0000000714a00000| Untracked 
| 106|0x0000000714c00000, 0x0000000714c00000, 0x0000000714e00000|  0%| F|  |TAMS 0x0000000714c00000, 0x0000000714c00000| Untracked 
| 107|0x0000000714e00000, 0x0000000715000000, 0x0000000715000000|100%| E|  |TAMS 0x0000000714e00000, 0x0000000714e00000| Complete 
| 108|0x0000000715000000, 0x0000000715200000, 0x0000000715200000|100%| E|CS|TAMS 0x0000000715000000, 0x0000000715000000| Complete 
| 109|0x0000000715200000, 0x0000000715400000, 0x0000000715400000|100%| E|CS|TAMS 0x0000000715200000, 0x0000000715200000| Complete 
| 110|0x0000000715400000, 0x0000000715600000, 0x0000000715600000|100%| E|CS|TAMS 0x0000000715400000, 0x0000000715400000| Complete 
| 111|0x0000000715600000, 0x0000000715800000, 0x0000000715800000|100%| E|CS|TAMS 0x0000000715600000, 0x0000000715600000| Complete 
| 112|0x0000000715800000, 0x0000000715a00000, 0x0000000715a00000|100%| E|CS|TAMS 0x0000000715800000, 0x0000000715800000| Complete 
| 113|0x0000000715a00000, 0x0000000715c00000, 0x0000000715c00000|100%| E|CS|TAMS 0x0000000715a00000, 0x0000000715a00000| Complete 
| 114|0x0000000715c00000, 0x0000000715e00000, 0x0000000715e00000|100%| E|CS|TAMS 0x0000000715c00000, 0x0000000715c00000| Complete 
| 115|0x0000000715e00000, 0x0000000716000000, 0x0000000716000000|100%| E|CS|TAMS 0x0000000715e00000, 0x0000000715e00000| Complete 
| 116|0x0000000716000000, 0x0000000716200000, 0x0000000716200000|100%| E|CS|TAMS 0x0000000716000000, 0x0000000716000000| Complete 
| 117|0x0000000716200000, 0x0000000716400000, 0x0000000716400000|100%| E|CS|TAMS 0x0000000716200000, 0x0000000716200000| Complete 
| 118|0x0000000716400000, 0x0000000716600000, 0x0000000716600000|100%| E|CS|TAMS 0x0000000716400000, 0x0000000716400000| Complete 
| 119|0x0000000716600000, 0x0000000716800000, 0x0000000716800000|100%| E|CS|TAMS 0x0000000716600000, 0x0000000716600000| Complete 
| 120|0x0000000716800000, 0x0000000716a00000, 0x0000000716a00000|100%| E|CS|TAMS 0x0000000716800000, 0x0000000716800000| Complete 
| 121|0x0000000716a00000, 0x0000000716c00000, 0x0000000716c00000|100%| E|CS|TAMS 0x0000000716a00000, 0x0000000716a00000| Complete 
| 122|0x0000000716c00000, 0x0000000716e00000, 0x0000000716e00000|100%| E|CS|TAMS 0x0000000716c00000, 0x0000000716c00000| Complete 
| 123|0x0000000716e00000, 0x0000000717000000, 0x0000000717000000|100%| E|CS|TAMS 0x0000000716e00000, 0x0000000716e00000| Complete 
| 124|0x0000000717000000, 0x0000000717200000, 0x0000000717200000|100%| E|CS|TAMS 0x0000000717000000, 0x0000000717000000| Complete 
|1986|0x00000007ffc00000, 0x00000007ffd76000, 0x00000007ffe00000| 73%|OA|  |TAMS 0x00000007ffc00000, 0x00000007ffc00000| Untracked 
|1987|0x00000007ffe00000, 0x00000007ffe82000, 0x0000000800000000| 25%|CA|  |TAMS 0x00000007ffe00000, 0x00000007ffe00000| Untracked 

Card table byte_map: [0x00007f69b8004000,0x00007f69b87c8000] _byte_map_base: 0x00007f69b47c8000

Marking Bits (Prev, Next): (CMBitMap*) 0x00007f69d008fb10, (CMBitMap*) 0x00007f69d008fb50
 Prev Bits: [0x00007f69b3a20000, 0x00007f69b7840000)
 Next Bits: [0x00007f69afc00000, 0x00007f69b3a20000)

Polling page: 0x00007f69d595a000

Metaspace:

Usage:
  Non-class:     13.62 MB used.
      Class:      1.70 MB used.
       Both:     15.32 MB used.

Virtual space:
  Non-class space:       16.00 MB reserved,      13.75 MB ( 86%) committed,  2 nodes.
      Class space:        1.00 GB reserved,       1.81 MB ( <1%) committed,  1 nodes.
             Both:        1.02 GB reserved,      15.56 MB (  1%) committed. 

Chunk freelists:
   Non-Class:  2.20 MB
       Class:  2.11 MB
        Both:  4.32 MB

MaxMetaspaceSize: unlimited
CompressedClassSpaceSize: 1.00 GB
Initial GC threshold: 21.00 MB
Current GC threshold: 21.00 MB
CDS: on
MetaspaceReclaimPolicy: balanced
 - commit_granule_bytes: 65536.
 - commit_granule_words: 8192.
 - virtual_space_node_default_size: 1048576.
 - enlarge_chunks_in_place: 1.
 - new_chunks_are_fully_committed: 0.
 - uncommit_free_chunks: 1.
 - use_allocation_guard: 0.
 - handle_deallocations: 1.


Internal statistics:

num_allocs_failed_limit: 0.
num_arena_births: 186.
num_arena_deaths: 0.
num_vsnodes_births: 3.
num_vsnodes_deaths: 0.
num_space_committed: 249.
num_space_uncommitted: 0.
num_chunks_returned_to_freelist: 0.
num_chunks_taken_from_freelist: 346.
num_chunk_merges: 0.
num_chunk_splits: 213.
num_chunks_enlarged: 129.
num_purges: 0.
num_inconsistent_stats: 0.

CodeHeap 'non-profiled nmethods': size=120032Kb used=1364Kb max_used=1364Kb free=118667Kb
 bounds [0x00007f69c0f43000, 0x00007f69c11b3000, 0x00007f69c847b000]
CodeHeap 'profiled nmethods': size=120028Kb used=5517Kb max_used=5517Kb free=114511Kb
 bounds [0x00007f69b9a0c000, 0x00007f69b9f7c000, 0x00007f69c0f43000]
CodeHeap 'non-nmethods': size=5700Kb used=1358Kb max_used=1407Kb free=4341Kb
 bounds [0x00007f69b947b000, 0x00007f69b96eb000, 0x00007f69b9a0c000]
 total_blobs=3605 nmethods=2891 adapters=626
 compilation: enabled
              stopped_count=0, restarted_count=0
 full_count=0

Compilation events (20 events):
Event: 8.251 Thread 0x00007f69d01825f0 nmethod 2892 0x00007f69b9f67f10 code [0x00007f69b9f68100, 0x00007f69b9f68820]
Event: 8.254 Thread 0x00007f69d01825f0 2893       3       java.awt.GraphicsEnvironment::isHeadless (4 bytes)
Event: 8.255 Thread 0x00007f69d01825f0 nmethod 2893 0x00007f69b9f68a10 code [0x00007f69b9f68c20, 0x00007f69b9f691d0]
Event: 8.259 Thread 0x00007f69d01825f0 2894       3       sun.java2d.pipe.Region::clipScale (41 bytes)
Event: 8.259 Thread 0x00007f69d01825f0 nmethod 2894 0x00007f69b9f69410 code [0x00007f69b9f69600, 0x00007f69b9f698e0]
Event: 8.279 Thread 0x00007f69d01810c0 nmethod 2891 0x00007f69c1094710 code [0x00007f69c1094960, 0x00007f69c1096080]
Event: 8.340 Thread 0x00007f69d01825f0 2895       1       javax.swing.DefaultButtonModel::getGroup (5 bytes)
Event: 8.340 Thread 0x00007f69d01825f0 nmethod 2895 0x00007f69c1096c10 code [0x00007f69c1096da0, 0x00007f69c1096e70]
Event: 8.340 Thread 0x00007f69d01825f0 2896       3       javax.swing.JToggleButton$ToggleButtonModel::isSelected (15 bytes)
Event: 8.340 Thread 0x00007f69d01825f0 nmethod 2896 0x00007f69b9f69990 code [0x00007f69b9f69b20, 0x00007f69b9f69c90]
Event: 8.343 Thread 0x00007f69d01810c0 2897       4       java.lang.Class::reflectionData (43 bytes)
Event: 8.343 Thread 0x00007f69d01825f0 2898       1       javax.swing.JLabel::getUIClassID (3 bytes)
Event: 8.343 Thread 0x00007f69d01825f0 nmethod 2898 0x00007f69c1096f10 code [0x00007f69c10970a0, 0x00007f69c1097170]
Event: 8.343 Thread 0x00007f69d01825f0 2899       1       javax.swing.JLabel::getLabelFor (5 bytes)
Event: 8.343 Thread 0x00007f69d01825f0 nmethod 2899 0x00007f69c1097210 code [0x00007f69c10973a0, 0x00007f69c1097470]
Event: 8.344 Thread 0x00007f69d01825f0 2900       3       java.lang.Integer::toString (8 bytes)
Event: 8.344 Thread 0x00007f69d01825f0 nmethod 2900 0x00007f69b9f69d10 code [0x00007f69b9f69ec0, 0x00007f69b9f6a000]
Event: 8.344 Thread 0x00007f69d01825f0 2902       3       javax.swing.JComponent::repaint (19 bytes)
Event: 8.345 Thread 0x00007f69d01825f0 nmethod 2902 0x00007f69b9f6a090 code [0x00007f69b9f6a2a0, 0x00007f69b9f6a850]
Event: 8.345 Thread 0x00007f69d01825f0 2901       3       jdk.internal.reflect.Reflection::verifyMemberAccess (200 bytes)

GC Heap History (8 events):
Event: 0.761 GC heap before
{Heap before GC invocations=0 (full 0):
 garbage-first heap   total 260096K, used 14304K [0x0000000707800000, 0x0000000800000000)
  region size 2048K, 6 young (12288K), 0 survivors (0K)
 Metaspace       used 10519K, committed 10752K, reserved 1064960K
  class space    used 1280K, committed 1408K, reserved 1048576K
}
Event: 0.766 GC heap after
{Heap after GC invocations=1 (full 0):
 garbage-first heap   total 260096K, used 5746K [0x0000000707800000, 0x0000000800000000)
  region size 2048K, 1 young (2048K), 1 survivors (2048K)
 Metaspace       used 10519K, committed 10752K, reserved 1064960K
  class space    used 1280K, committed 1408K, reserved 1048576K
}
Event: 1.865 GC heap before
{Heap before GC invocations=1 (full 0):
 garbage-first heap   total 260096K, used 15986K [0x0000000707800000, 0x0000000800000000)
  region size 2048K, 6 young (12288K), 1 survivors (2048K)
 Metaspace       used 13949K, committed 14208K, reserved 1064960K
  class space    used 1670K, committed 1792K, reserved 1048576K
}
Event: 1.870 GC heap after
{Heap after GC invocations=2 (full 0):
 garbage-first heap   total 260096K, used 8081K [0x0000000707800000, 0x0000000800000000)
  region size 2048K, 1 young (2048K), 1 survivors (2048K)
 Metaspace       used 13949K, committed 14208K, reserved 1064960K
  class space    used 1670K, committed 1792K, reserved 1048576K
}
Event: 3.197 GC heap before
{Heap before GC invocations=2 (full 0):
 garbage-first heap   total 260096K, used 38801K [0x0000000707800000, 0x0000000800000000)
  region size 2048K, 16 young (32768K), 1 survivors (2048K)
 Metaspace       used 14351K, committed 14592K, reserved 1064960K
  class space    used 1674K, committed 1792K, reserved 1048576K
}
Event: 3.204 GC heap after
{Heap after GC invocations=3 (full 0):
 garbage-first heap   total 260096K, used 11528K [0x0000000707800000, 0x0000000800000000)
  region size 2048K, 2 young (4096K), 2 survivors (4096K)
 Metaspace       used 14351K, committed 14592K, reserved 1064960K
  class space    used 1674K, committed 1792K, reserved 1048576K
}
Event: 7.163 GC heap before
{Heap before GC invocations=3 (full 0):
 garbage-first heap   total 260096K, used 111880K [0x0000000707800000, 0x0000000800000000)
  region size 2048K, 51 young (104448K), 2 survivors (4096K)
 Metaspace       used 15545K, committed 15808K, reserved 1064960K
  class space    used 1733K, committed 1856K, reserved 1048576K
}
Event: 7.177 GC heap after
{Heap after GC invocations=4 (full 0):
 garbage-first heap   total 260096K, used 18351K [0x0000000707800000, 0x0000000800000000)
  region size 2048K, 6 young (12288K), 6 survivors (12288K)
 Metaspace       used 15545K, committed 15808K, reserved 1064960K
  class space    used 1733K, committed 1856K, reserved 1048576K
}

Deoptimization events (20 events):
Event: 5.547 Thread 0x00007f69d0024a60 DEOPT PACKING pc=0x00007f69b9eb5643 sp=0x00007f69d42b5eb0
Event: 5.547 Thread 0x00007f69d0024a60 DEOPT UNPACKING pc=0x00007f69b94cd82f sp=0x00007f69d42b5360 mode 0
Event: 5.548 Thread 0x00007f69d0024a60 DEOPT PACKING pc=0x00007f69b9eb5643 sp=0x00007f69d42b5eb0
Event: 5.548 Thread 0x00007f69d0024a60 DEOPT UNPACKING pc=0x00007f69b94cd82f sp=0x00007f69d42b5360 mode 0
Event: 8.254 Thread 0x00007f69d047f440 Uncommon trap: trap_request=0xffffff45 fr.pc=0x00007f69c1004660 relative=0x0000000000000580
Event: 8.254 Thread 0x00007f69d047f440 Uncommon trap: reason=unstable_if action=reinterpret pc=0x00007f69c1004660 method=java.util.HashMap.removeNode(ILjava/lang/Object;Ljava/lang/Object;ZZ)Ljava/util/HashMap$Node; @ 34 c2
Event: 8.254 Thread 0x00007f69d047f440 DEOPT PACKING pc=0x00007f69c1004660 sp=0x00007f698e3c4c70
Event: 8.254 Thread 0x00007f69d047f440 DEOPT UNPACKING pc=0x00007f69b94cd099 sp=0x00007f698e3c4b90 mode 2
Event: 8.257 Thread 0x00007f69d047f440 Uncommon trap: trap_request=0xffffff45 fr.pc=0x00007f69c0ffa9e0 relative=0x0000000000000580
Event: 8.257 Thread 0x00007f69d047f440 Uncommon trap: reason=unstable_if action=reinterpret pc=0x00007f69c0ffa9e0 method=java.util.HashMap.removeNode(ILjava/lang/Object;Ljava/lang/Object;ZZ)Ljava/util/HashMap$Node; @ 34 c2
Event: 8.257 Thread 0x00007f69d047f440 DEOPT PACKING pc=0x00007f69c0ffa9e0 sp=0x00007f698e3c4bd0
Event: 8.257 Thread 0x00007f69d047f440 DEOPT UNPACKING pc=0x00007f69b94cd099 sp=0x00007f698e3c4b90 mode 2
Event: 8.341 Thread 0x00007f69d047f440 Uncommon trap: trap_request=0xffffff45 fr.pc=0x00007f69c1053180 relative=0x0000000000000700
Event: 8.341 Thread 0x00007f69d047f440 Uncommon trap: reason=unstable_if action=reinterpret pc=0x00007f69c1053180 method=javax.swing.RepaintManager.addDirtyRegion0(Ljava/awt/Container;IIII)V @ 61 c2
Event: 8.341 Thread 0x00007f69d047f440 DEOPT PACKING pc=0x00007f69c1053180 sp=0x00007f698e3c4660
Event: 8.341 Thread 0x00007f69d047f440 DEOPT UNPACKING pc=0x00007f69b94cd099 sp=0x00007f698e3c44e8 mode 2
Event: 8.343 Thread 0x00007f69d047f440 Uncommon trap: trap_request=0xffffff45 fr.pc=0x00007f69c1058120 relative=0x00000000000013e0
Event: 8.343 Thread 0x00007f69d047f440 Uncommon trap: reason=unstable_if action=reinterpret pc=0x00007f69c1058120 method=javax.swing.plaf.basic.BasicHTML.isHTMLString(Ljava/lang/String;)Z @ 1 c2
Event: 8.343 Thread 0x00007f69d047f440 DEOPT PACKING pc=0x00007f69c1058120 sp=0x00007f698e3c46d0
Event: 8.343 Thread 0x00007f69d047f440 DEOPT UNPACKING pc=0x00007f69b94cd099 sp=0x00007f698e3c4580 mode 2

Classes unloaded (0 events):
No events

Classes redefined (0 events):
No events

Internal exceptions (20 events):
Event: 8.342 Thread 0x00007f69d047f440 Exception <a 'java/lang/NullPointerException'{0x0000000715e1e3d8}> (0x0000000715e1e3d8) 
thrown [src/hotspot/share/runtime/sharedRuntime.cpp, line 628]
Event: 8.343 Thread 0x00007f69d047f440 Implicit null exception at 0x00007f69b9cc863c to 0x00007f69b9cc8dd9
Event: 8.343 Thread 0x00007f69d047f440 Exception <a 'java/lang/NullPointerException'{0x0000000715e20b30}> (0x0000000715e20b30) 
thrown [src/hotspot/share/runtime/sharedRuntime.cpp, line 628]
Event: 8.343 Thread 0x00007f69d047f440 Implicit null exception at 0x00007f69b9cc863c to 0x00007f69b9cc8dd9
Event: 8.343 Thread 0x00007f69d047f440 Exception <a 'java/lang/NullPointerException'{0x0000000715e210e8}> (0x0000000715e210e8) 
thrown [src/hotspot/share/runtime/sharedRuntime.cpp, line 628]
Event: 8.343 Thread 0x00007f69d047f440 Implicit null exception at 0x00007f69b9cc863c to 0x00007f69b9cc8dd9
Event: 8.343 Thread 0x00007f69d047f440 Exception <a 'java/lang/NullPointerException'{0x0000000715e23718}> (0x0000000715e23718) 
thrown [src/hotspot/share/runtime/sharedRuntime.cpp, line 628]
Event: 8.343 Thread 0x00007f69d047f440 Implicit null exception at 0x00007f69b9cc863c to 0x00007f69b9cc8dd9
Event: 8.343 Thread 0x00007f69d047f440 Exception <a 'java/lang/NullPointerException'{0x0000000715e23cd0}> (0x0000000715e23cd0) 
thrown [src/hotspot/share/runtime/sharedRuntime.cpp, line 628]
Event: 8.343 Thread 0x00007f69d047f440 Implicit null exception at 0x00007f69c1056df4 to 0x00007f69c10580fc
Event: 8.343 Thread 0x00007f69d047f440 Implicit null exception at 0x00007f69b9cc863c to 0x00007f69b9cc8dd9
Event: 8.343 Thread 0x00007f69d047f440 Exception <a 'java/lang/NullPointerException'{0x0000000715e26878}> (0x0000000715e26878) 
thrown [src/hotspot/share/runtime/sharedRuntime.cpp, line 628]
Event: 8.343 Thread 0x00007f69d047f440 Implicit null exception at 0x00007f69b9cc863c to 0x00007f69b9cc8dd9
Event: 8.344 Thread 0x00007f69d047f440 Exception <a 'java/lang/NullPointerException'{0x0000000715e26e30}> (0x0000000715e26e30) 
thrown [src/hotspot/share/runtime/sharedRuntime.cpp, line 628]
Event: 8.344 Thread 0x00007f69d047f440 Implicit null exception at 0x00007f69b9cc863c to 0x00007f69b9cc8dd9
Event: 8.344 Thread 0x00007f69d047f440 Exception <a 'java/lang/NullPointerException'{0x0000000715e29a90}> (0x0000000715e29a90) 
thrown [src/hotspot/share/runtime/sharedRuntime.cpp, line 628]
Event: 8.344 Thread 0x00007f69d047f440 Implicit null exception at 0x00007f69b9cc863c to 0x00007f69b9cc8dd9
Event: 8.344 Thread 0x00007f69d047f440 Exception <a 'java/lang/NullPointerException'{0x0000000715e2a048}> (0x0000000715e2a048) 
thrown [src/hotspot/share/runtime/sharedRuntime.cpp, line 628]
Event: 8.344 Thread 0x00007f69d047f440 Implicit null exception at 0x00007f69b9cc863c to 0x00007f69b9cc8dd9
Event: 8.344 Thread 0x00007f69d047f440 Exception <a 'java/lang/NullPointerException'{0x0000000715e2df58}> (0x0000000715e2df58) 
thrown [src/hotspot/share/runtime/sharedRuntime.cpp, line 628]

VM Operations (20 events):
Event: 1.865 Executing VM operation: G1CollectForAllocation
Event: 1.870 Executing VM operation: G1CollectForAllocation done
Event: 2.870 Executing VM operation: Cleanup
Event: 2.870 Executing VM operation: Cleanup done
Event: 3.197 Executing VM operation: G1CollectForAllocation
Event: 3.204 Executing VM operation: G1CollectForAllocation done
Event: 3.627 Executing VM operation: HandshakeAllThreads
Event: 3.627 Executing VM operation: HandshakeAllThreads done
Event: 3.639 Executing VM operation: ICBufferFull
Event: 3.639 Executing VM operation: ICBufferFull done
Event: 4.639 Executing VM operation: Cleanup
Event: 4.640 Executing VM operation: Cleanup done
Event: 5.640 Executing VM operation: Cleanup
Event: 5.640 Executing VM operation: Cleanup done
Event: 6.640 Executing VM operation: Cleanup
Event: 6.640 Executing VM operation: Cleanup done
Event: 7.163 Executing VM operation: G1CollectForAllocation
Event: 7.177 Executing VM operation: G1CollectForAllocation done
Event: 8.178 Executing VM operation: Cleanup
Event: 8.178 Executing VM operation: Cleanup done

Events (20 events):
Event: 3.648 loading class java/awt/GridBagLayoutInfo
Event: 3.649 loading class java/awt/GridBagLayoutInfo done
Event: 4.028 Thread 0x00007f6978212710 Thread exited: 0x00007f6978212710
Event: 5.520 Thread 0x00007f69781b6810 Thread added: 0x00007f69781b6810
Event: 5.522 Thread 0x00007f69d03e8060 Thread exited: 0x00007f69d03e8060
Event: 5.523 Protecting memory [0x00007f698e4c7000,0x00007f698e4cb000] with protection modes 0
Event: 5.905 Thread 0x00007f69781b6810 Thread exited: 0x00007f69781b6810
Event: 6.094 loading class jdk/internal/access/foreign/MemorySegmentProxy
Event: 6.094 loading class jdk/internal/access/foreign/MemorySegmentProxy done
Event: 7.083 loading class sun/awt/X11/XMotionEvent
Event: 7.084 loading class sun/awt/X11/XMotionEvent done
Event: 7.186 Thread 0x00007f69740e3c20 Thread added: 0x00007f69740e3c20
Event: 7.186 Protecting memory [0x00007f698e4c7000,0x00007f698e4cb000] with protection modes 0
Event: 8.214 Thread 0x00007f69740e3c20 Thread exited: 0x00007f69740e3c20
Event: 8.249 loading class sun/awt/X11/XButtonEvent
Event: 8.250 loading class sun/awt/X11/XButtonEvent done
Event: 8.250 loading class javax/swing/JInternalFrame
Event: 8.251 loading class javax/swing/JInternalFrame done
Event: 8.259 loading class sun/awt/im/CompositionArea
Event: 8.260 loading class sun/awt/im/CompositionArea done


Dynamic libraries:
707800000-717200000 rw-p 00000000 00:00 0 
717200000-7ffc00000 ---p 00000000 00:00 0 
7ffc00000-7ffd00000 rw-p 00000000 00:00 0 
7ffd00000-7ffd76000 rw-p 00c9b000 08:11 9309494                          /home/paul/installations/jdk-17.0.4.1+1/lib/server/classes.jsa
7ffd76000-7ffe00000 rw-p 00000000 00:00 0 
7ffe00000-7ffe82000 rw-p 00c19000 08:11 9309494                          /home/paul/installations/jdk-17.0.4.1+1/lib/server/classes.jsa
7ffe82000-800000000 rw-p 00000000 00:00 0 
800000000-800457000 rw-p 00001000 08:11 9309494                          /home/paul/installations/jdk-17.0.4.1+1/lib/server/classes.jsa
800457000-800be0000 r--p 00458000 08:11 9309494                          /home/paul/installations/jdk-17.0.4.1+1/lib/server/classes.jsa
800be0000-800c00000 ---p 00000000 00:00 0 
800c00000-800c40000 rw-p 00000000 00:00 0 
800c40000-800cc0000 rw-p 00000000 00:00 0 
800cc0000-800ce0000 rw-p 00000000 00:00 0 
800ce0000-800d40000 rw-p 00000000 00:00 0 
800d40000-800da0000 rw-p 00000000 00:00 0 
800da0000-800dc0000 ---p 00000000 00:00 0 
800dc0000-800df0000 rw-p 00000000 00:00 0 
800df0000-840c00000 ---p 00000000 00:00 0 
55aa83a1c000-55aa83a1d000 r--p 00000000 08:11 9309550                    /home/paul/installations/jdk-17.0.4.1+1/bin/java
55aa83a1d000-55aa83a1e000 r-xp 00001000 08:11 9309550                    /home/paul/installations/jdk-17.0.4.1+1/bin/java
55aa83a1e000-55aa83a1f000 r--p 00002000 08:11 9309550                    /home/paul/installations/jdk-17.0.4.1+1/bin/java
55aa83a1f000-55aa83a20000 r--p 00002000 08:11 9309550                    /home/paul/installations/jdk-17.0.4.1+1/bin/java
55aa83a20000-55aa83a21000 rw-p 00003000 08:11 9309550                    /home/paul/installations/jdk-17.0.4.1+1/bin/java
55aa83d7c000-55aa83d9d000 rw-p 00000000 00:00 0                          [heap]
7f6934000000-7f6934021000 rw-p 00000000 00:00 0 
7f6934021000-7f6938000000 ---p 00000000 00:00 0 
7f693c000000-7f693c021000 rw-p 00000000 00:00 0 
7f693c021000-7f6940000000 ---p 00000000 00:00 0 
7f6940000000-7f6940021000 rw-p 00000000 00:00 0 
7f6940021000-7f6944000000 ---p 00000000 00:00 0 
7f6944000000-7f6944021000 rw-p 00000000 00:00 0 
7f6944021000-7f6948000000 ---p 00000000 00:00 0 
7f6948000000-7f6948021000 rw-p 00000000 00:00 0 
7f6948021000-7f694c000000 ---p 00000000 00:00 0 
7f694c000000-7f694c021000 rw-p 00000000 00:00 0 
7f694c021000-7f6950000000 ---p 00000000 00:00 0 
7f6950000000-7f69500d6000 rw-p 00000000 00:00 0 
7f69500d6000-7f6954000000 ---p 00000000 00:00 0 
7f6954000000-7f6954027000 rw-p 00000000 00:00 0 
7f6954027000-7f6958000000 ---p 00000000 00:00 0 
7f6958000000-7f695913e000 rw-p 00000000 00:00 0 
7f695913e000-7f695c000000 ---p 00000000 00:00 0 
7f695c000000-7f695c021000 rw-p 00000000 00:00 0 
7f695c021000-7f6960000000 ---p 00000000 00:00 0 
7f6960000000-7f6960021000 rw-p 00000000 00:00 0 
7f6960021000-7f6964000000 ---p 00000000 00:00 0 
7f6964000000-7f6964021000 rw-p 00000000 00:00 0 
7f6964021000-7f6968000000 ---p 00000000 00:00 0 
7f6968000000-7f6968021000 rw-p 00000000 00:00 0 
7f6968021000-7f696c000000 ---p 00000000 00:00 0 
7f696c000000-7f696c021000 rw-p 00000000 00:00 0 
7f696c021000-7f6970000000 ---p 00000000 00:00 0 
7f6970000000-7f6970021000 rw-p 00000000 00:00 0 
7f6970021000-7f6974000000 ---p 00000000 00:00 0 
7f6974000000-7f69752f0000 rw-p 00000000 00:00 0 
7f69752f0000-7f6978000000 ---p 00000000 00:00 0 
7f6978000000-7f697856a000 rw-p 00000000 00:00 0 
7f697856a000-7f697c000000 ---p 00000000 00:00 0 
7f697c000000-7f697c021000 rw-p 00000000 00:00 0 
7f697c021000-7f6980000000 ---p 00000000 00:00 0 
7f6980000000-7f6980021000 rw-p 00000000 00:00 0 
7f6980021000-7f6984000000 ---p 00000000 00:00 0 
7f6984000000-7f6984021000 rw-p 00000000 00:00 0 
7f6984021000-7f6988000000 ---p 00000000 00:00 0 
7f6988000000-7f6988021000 rw-p 00000000 00:00 0 
7f6988021000-7f698c000000 ---p 00000000 00:00 0 
7f698d200000-7f698d2af000 r-xp 00000000 08:02 262316                     /tmp/sqlite-3.7.151-amd64-libsqlitejdbc.so
7f698d2af000-7f698d4af000 ---p 000af000 08:02 262316                     /tmp/sqlite-3.7.151-amd64-libsqlitejdbc.so
7f698d4af000-7f698d4b1000 r--p 000af000 08:02 262316                     /tmp/sqlite-3.7.151-amd64-libsqlitejdbc.so
7f698d4b1000-7f698d4b3000 rw-p 000b1000 08:02 262316                     /tmp/sqlite-3.7.151-amd64-libsqlitejdbc.so
7f698d4b3000-7f698d4b4000 rw-p 00000000 00:00 0 
7f698d4fa000-7f698d4fb000 ---p 00000000 00:00 0 
7f698d4fb000-7f698d5fc000 rw-p 00000000 00:00 0 
7f698d5fc000-7f698d5fd000 ---p 00000000 00:00 0 
7f698d5fd000-7f698d6fe000 rw-p 00000000 00:00 0 
7f698d6fe000-7f698d6ff000 ---p 00000000 00:00 0 
7f698d6ff000-7f698d900000 rw-p 00000000 00:00 0 
7f698d900000-7f698d940000 rw-p 00000000 00:00 0 
7f698d940000-7f698d980000 rw-p 00000000 00:00 0 
7f698d980000-7f698db00000 rw-p 00000000 00:00 0 
7f698db00000-7f698dc50000 rw-p 00000000 00:00 0 
7f698dc50000-7f698dc80000 ---p 00000000 00:00 0 
7f698dc80000-7f698dcf0000 rw-p 00000000 00:00 0 
7f698dcf0000-7f698dd00000 ---p 00000000 00:00 0 
7f698dd00000-7f698de00000 rw-p 00000000 00:00 0 
7f698de00000-7f698e000000 ---p 00000000 00:00 0 
7f698e0c5000-7f698e0c6000 ---p 00000000 00:00 0 
7f698e0c6000-7f698e1c7000 rw-p 00000000 00:00 0 
7f698e1c7000-7f698e1cb000 ---p 00000000 00:00 0 
7f698e1cb000-7f698e2c7000 rw-p 00000000 00:00 0 
7f698e2c7000-7f698e2cb000 ---p 00000000 00:00 0 
7f698e2cb000-7f698e3c7000 rw-p 00000000 00:00 0 
7f698e3c7000-7f698e3cb000 ---p 00000000 00:00 0 
7f698e3cb000-7f698e4c7000 rw-p 00000000 00:00 0 
7f698e4c7000-7f698e4cb000 ---p 00000000 00:00 0 
7f698e4cb000-7f698e5c7000 rw-p 00000000 00:00 0 
7f698e5c7000-7f698e5cb000 ---p 00000000 00:00 0 
7f698e5cb000-7f698e6c7000 rw-p 00000000 00:00 0 
7f698e6c7000-7f698e6cb000 ---p 00000000 00:00 0 
7f698e6cb000-7f698e7c7000 rw-p 00000000 00:00 0 
7f698e7c7000-7f698e7cb000 ---p 00000000 00:00 0 
7f698e7cb000-7f698e8c7000 rw-p 00000000 00:00 0 
7f698e8c7000-7f698e8c9000 r--p 00000000 08:02 531898                     /usr/lib/x86_64-linux-gnu/libXfixes.so.3.1.0
7f698e8c9000-7f698e8cc000 r-xp 00002000 08:02 531898                     /usr/lib/x86_64-linux-gnu/libXfixes.so.3.1.0
7f698e8cc000-7f698e8cd000 r--p 00005000 08:02 531898                     /usr/lib/x86_64-linux-gnu/libXfixes.so.3.1.0
7f698e8cd000-7f698e8ce000 r--p 00006000 08:02 531898                     /usr/lib/x86_64-linux-gnu/libXfixes.so.3.1.0
7f698e8ce000-7f698e8cf000 rw-p 00007000 08:02 531898                     /usr/lib/x86_64-linux-gnu/libXfixes.so.3.1.0
7f698e8cf000-7f698e8d1000 r--p 00000000 08:02 531890                     /usr/lib/x86_64-linux-gnu/libXcursor.so.1.0.2
7f698e8d1000-7f698e8d7000 r-xp 00002000 08:02 531890                     /usr/lib/x86_64-linux-gnu/libXcursor.so.1.0.2
7f698e8d7000-7f698e8d9000 r--p 00008000 08:02 531890                     /usr/lib/x86_64-linux-gnu/libXcursor.so.1.0.2
7f698e8d9000-7f698e8da000 r--p 00009000 08:02 531890                     /usr/lib/x86_64-linux-gnu/libXcursor.so.1.0.2
7f698e8da000-7f698e8db000 rw-p 0000a000 08:02 531890                     /usr/lib/x86_64-linux-gnu/libXcursor.so.1.0.2
7f698e8db000-7f698e8dc000 r--p 00000000 08:02 532168                     /usr/lib/x86_64-linux-gnu/libbrotlicommon.so.1.0.9
7f698e8dc000-7f698e8dd000 r-xp 00001000 08:02 532168                     /usr/lib/x86_64-linux-gnu/libbrotlicommon.so.1.0.9
7f698e8dd000-7f698e8fc000 r--p 00002000 08:02 532168                     /usr/lib/x86_64-linux-gnu/libbrotlicommon.so.1.0.9
7f698e8fc000-7f698e8fd000 r--p 00020000 08:02 532168                     /usr/lib/x86_64-linux-gnu/libbrotlicommon.so.1.0.9
7f698e8fd000-7f698e8fe000 rw-p 00021000 08:02 532168                     /usr/lib/x86_64-linux-gnu/libbrotlicommon.so.1.0.9
7f698e8fe000-7f698e8ff000 r--p 00000000 08:02 532170                     /usr/lib/x86_64-linux-gnu/libbrotlidec.so.1.0.9
7f698e8ff000-7f698e907000 r-xp 00001000 08:02 532170                     /usr/lib/x86_64-linux-gnu/libbrotlidec.so.1.0.9
7f698e907000-7f698e90a000 r--p 00009000 08:02 532170                     /usr/lib/x86_64-linux-gnu/libbrotlidec.so.1.0.9
7f698e90a000-7f698e90b000 r--p 0000b000 08:02 532170                     /usr/lib/x86_64-linux-gnu/libbrotlidec.so.1.0.9
7f698e90b000-7f698e90c000 rw-p 0000c000 08:02 532170                     /usr/lib/x86_64-linux-gnu/libbrotlidec.so.1.0.9
7f698e90c000-7f698e911000 r--p 00000000 08:02 533075                     /usr/lib/x86_64-linux-gnu/libpng16.so.16.37.0
7f698e911000-7f698e93a000 r-xp 00005000 08:02 533075                     /usr/lib/x86_64-linux-gnu/libpng16.so.16.37.0
7f698e93a000-7f698e945000 r--p 0002e000 08:02 533075                     /usr/lib/x86_64-linux-gnu/libpng16.so.16.37.0
7f698e945000-7f698e946000 r--p 00038000 08:02 533075                     /usr/lib/x86_64-linux-gnu/libpng16.so.16.37.0
7f698e946000-7f698e947000 rw-p 00039000 08:02 533075                     /usr/lib/x86_64-linux-gnu/libpng16.so.16.37.0
7f698e947000-7f698e954000 r--p 00000000 08:02 532450                     /usr/lib/x86_64-linux-gnu/libfreetype.so.6.18.1
7f698e954000-7f698e9dd000 r-xp 0000d000 08:02 532450                     /usr/lib/x86_64-linux-gnu/libfreetype.so.6.18.1
7f698e9dd000-7f698ea06000 r--p 00096000 08:02 532450                     /usr/lib/x86_64-linux-gnu/libfreetype.so.6.18.1
7f698ea06000-7f698ea07000 ---p 000bf000 08:02 532450                     /usr/lib/x86_64-linux-gnu/libfreetype.so.6.18.1
7f698ea07000-7f698ea0e000 r--p 000bf000 08:02 532450                     /usr/lib/x86_64-linux-gnu/libfreetype.so.6.18.1
7f698ea0e000-7f698ea0f000 rw-p 000c6000 08:02 532450                     /usr/lib/x86_64-linux-gnu/libfreetype.so.6.18.1
7f698ea1f000-7f698ea26000 r--s 00000000 08:02 1050014                    /usr/lib/x86_64-linux-gnu/gconv/gconv-modules.cache
7f698ea26000-7f698ea2c000 r--p 00000000 08:11 9309470                    /home/paul/installations/jdk-17.0.4.1+1/lib/libfontmanager.so
7f698ea2c000-7f698eb66000 r-xp 00006000 08:11 9309470                    /home/paul/installations/jdk-17.0.4.1+1/lib/libfontmanager.so
7f698eb66000-7f698eba7000 r--p 00140000 08:11 9309470                    /home/paul/installations/jdk-17.0.4.1+1/lib/libfontmanager.so
7f698eba7000-7f698eba9000 r--p 00180000 08:11 9309470                    /home/paul/installations/jdk-17.0.4.1+1/lib/libfontmanager.so
7f698eba9000-7f698ebaa000 rw-p 00182000 08:11 9309470                    /home/paul/installations/jdk-17.0.4.1+1/lib/libfontmanager.so
7f698ebaa000-7f698ebab000 rw-p 00000000 00:00 0 
7f698ebab000-7f698ebad000 r--p 00000000 08:02 532840                     /usr/lib/x86_64-linux-gnu/libmd.so.0.0.5
7f698ebad000-7f698ebb4000 r-xp 00002000 08:02 532840                     /usr/lib/x86_64-linux-gnu/libmd.so.0.0.5
7f698ebb4000-7f698ebb6000 r--p 00009000 08:02 532840                     /usr/lib/x86_64-linux-gnu/libmd.so.0.0.5
7f698ebb6000-7f698ebb7000 r--p 0000a000 08:02 532840                     /usr/lib/x86_64-linux-gnu/libmd.so.0.0.5
7f698ebb7000-7f698ebb8000 rw-p 0000b000 08:02 532840                     /usr/lib/x86_64-linux-gnu/libmd.so.0.0.5
7f698ebb8000-7f698ebbc000 r--p 00000000 08:02 532174                     /usr/lib/x86_64-linux-gnu/libbsd.so.0.11.5
7f698ebbc000-7f698ebc9000 r-xp 00004000 08:02 532174                     /usr/lib/x86_64-linux-gnu/libbsd.so.0.11.5
7f698ebc9000-7f698ebcc000 r--p 00011000 08:02 532174                     /usr/lib/x86_64-linux-gnu/libbsd.so.0.11.5
7f698ebcc000-7f698ebcd000 ---p 00014000 08:02 532174                     /usr/lib/x86_64-linux-gnu/libbsd.so.0.11.5
7f698ebcd000-7f698ebce000 r--p 00014000 08:02 532174                     /usr/lib/x86_64-linux-gnu/libbsd.so.0.11.5
7f698ebce000-7f698ebcf000 rw-p 00015000 08:02 532174                     /usr/lib/x86_64-linux-gnu/libbsd.so.0.11.5
7f698ebcf000-7f698ebd0000 rw-p 00000000 00:00 0 
7f698ebd0000-7f698ebd2000 r--p 00000000 08:02 531894                     /usr/lib/x86_64-linux-gnu/libXdmcp.so.6.0.0
7f698ebd2000-7f698ebd4000 r-xp 00002000 08:02 531894                     /usr/lib/x86_64-linux-gnu/libXdmcp.so.6.0.0
7f698ebd4000-7f698ebd6000 r--p 00004000 08:02 531894                     /usr/lib/x86_64-linux-gnu/libXdmcp.so.6.0.0
7f698ebd6000-7f698ebd7000 r--p 00005000 08:02 531894                     /usr/lib/x86_64-linux-gnu/libXdmcp.so.6.0.0
7f698ebd7000-7f698ebd8000 rw-p 00006000 08:02 531894                     /usr/lib/x86_64-linux-gnu/libXdmcp.so.6.0.0
7f698ebd8000-7f698ebd9000 r--p 00000000 08:02 531883                     /usr/lib/x86_64-linux-gnu/libXau.so.6.0.0
7f698ebd9000-7f698ebdb000 r-xp 00001000 08:02 531883                     /usr/lib/x86_64-linux-gnu/libXau.so.6.0.0
7f698ebdb000-7f698ebdc000 r--p 00003000 08:02 531883                     /usr/lib/x86_64-linux-gnu/libXau.so.6.0.0
7f698ebdc000-7f698ebdd000 r--p 00003000 08:02 531883                     /usr/lib/x86_64-linux-gnu/libXau.so.6.0.0
7f698ebdd000-7f698ebde000 rw-p 00004000 08:02 531883                     /usr/lib/x86_64-linux-gnu/libXau.so.6.0.0
7f698ebde000-7f698ebe9000 r--p 00000000 08:02 533496                     /usr/lib/x86_64-linux-gnu/libxcb.so.1.1.0
7f698ebe9000-7f698ebfd000 r-xp 0000b000 08:02 533496                     /usr/lib/x86_64-linux-gnu/libxcb.so.1.1.0
7f698ebfd000-7f698ec06000 r--p 0001f000 08:02 533496                     /usr/lib/x86_64-linux-gnu/libxcb.so.1.1.0
7f698ec06000-7f698ec07000 r--p 00027000 08:02 533496                     /usr/lib/x86_64-linux-gnu/libxcb.so.1.1.0
7f698ec07000-7f698ec08000 rw-p 00028000 08:02 533496                     /usr/lib/x86_64-linux-gnu/libxcb.so.1.1.0
7f698ec08000-7f698ec0b000 r--p 00000000 08:02 531904                     /usr/lib/x86_64-linux-gnu/libXi.so.6.1.0
7f698ec0b000-7f698ec17000 r-xp 00003000 08:02 531904                     /usr/lib/x86_64-linux-gnu/libXi.so.6.1.0
7f698ec17000-7f698ec1a000 r--p 0000f000 08:02 531904                     /usr/lib/x86_64-linux-gnu/libXi.so.6.1.0
7f698ec1a000-7f698ec1b000 r--p 00011000 08:02 531904                     /usr/lib/x86_64-linux-gnu/libXi.so.6.1.0
7f698ec1b000-7f698ec1c000 rw-p 00012000 08:02 531904                     /usr/lib/x86_64-linux-gnu/libXi.so.6.1.0
7f698ec1c000-7f698ec1e000 r--p 00000000 08:02 531916                     /usr/lib/x86_64-linux-gnu/libXrender.so.1.3.0
7f698ec1e000-7f698ec25000 r-xp 00002000 08:02 531916                     /usr/lib/x86_64-linux-gnu/libXrender.so.1.3.0
7f698ec25000-7f698ec27000 r--p 00009000 08:02 531916                     /usr/lib/x86_64-linux-gnu/libXrender.so.1.3.0
7f698ec27000-7f698ec28000 r--p 0000a000 08:02 531916                     /usr/lib/x86_64-linux-gnu/libXrender.so.1.3.0
7f698ec28000-7f698ec29000 rw-p 0000b000 08:02 531916                     /usr/lib/x86_64-linux-gnu/libXrender.so.1.3.0
7f698ec29000-7f698ec42000 r--p 00000000 08:02 531879                     /usr/lib/x86_64-linux-gnu/libX11.so.6.4.0
7f698ec42000-7f698ecce000 r-xp 00019000 08:02 531879                     /usr/lib/x86_64-linux-gnu/libX11.so.6.4.0
7f698ecce000-7f698ed63000 r--p 000a5000 08:02 531879                     /usr/lib/x86_64-linux-gnu/libX11.so.6.4.0
7f698ed63000-7f698ed64000 ---p 0013a000 08:02 531879                     /usr/lib/x86_64-linux-gnu/libX11.so.6.4.0
7f698ed64000-7f698ed65000 r--p 0013a000 08:02 531879                     /usr/lib/x86_64-linux-gnu/libX11.so.6.4.0
7f698ed65000-7f698ed69000 rw-p 0013b000 08:02 531879                     /usr/lib/x86_64-linux-gnu/libX11.so.6.4.0
7f698ed69000-7f698ed6d000 r--p 00000000 08:02 531896                     /usr/lib/x86_64-linux-gnu/libXext.so.6.4.0
7f698ed6d000-7f698ed78000 r-xp 00004000 08:02 531896                     /usr/lib/x86_64-linux-gnu/libXext.so.6.4.0
7f698ed78000-7f698ed7c000 r--p 0000f000 08:02 531896                     /usr/lib/x86_64-linux-gnu/libXext.so.6.4.0
7f698ed7c000-7f698ed7d000 r--p 00012000 08:02 531896                     /usr/lib/x86_64-linux-gnu/libXext.so.6.4.0
7f698ed7d000-7f698ed7e000 rw-p 00013000 08:02 531896                     /usr/lib/x86_64-linux-gnu/libXext.so.6.4.0
7f698ed80000-7f698ed81000 r--p 00000000 08:02 531906                     /usr/lib/x86_64-linux-gnu/libXinerama.so.1.0.0
7f698ed81000-7f698ed82000 r-xp 00001000 08:02 531906                     /usr/lib/x86_64-linux-gnu/libXinerama.so.1.0.0
7f698ed82000-7f698ed83000 r--p 00002000 08:02 531906                     /usr/lib/x86_64-linux-gnu/libXinerama.so.1.0.0
7f698ed83000-7f698ed84000 r--p 00003000 08:02 531906                     /usr/lib/x86_64-linux-gnu/libXinerama.so.1.0.0
7f698ed84000-7f698ed85000 rw-p 00004000 08:02 531906                     /usr/lib/x86_64-linux-gnu/libXinerama.so.1.0.0
7f698ed85000-7f698ed89000 r--p 00000000 08:11 9309486                    /home/paul/installations/jdk-17.0.4.1+1/lib/libverify.so
7f698ed89000-7f698ed90000 r-xp 00004000 08:11 9309486                    /home/paul/installations/jdk-17.0.4.1+1/lib/libverify.so
7f698ed90000-7f698ed92000 r--p 0000b000 08:11 9309486                    /home/paul/installations/jdk-17.0.4.1+1/lib/libverify.so
7f698ed92000-7f698ed94000 r--p 0000c000 08:11 9309486                    /home/paul/installations/jdk-17.0.4.1+1/lib/libverify.so
7f698ed94000-7f698ed95000 rw-p 0000e000 08:11 9309486                    /home/paul/installations/jdk-17.0.4.1+1/lib/libverify.so
7f698ed95000-7f698eda5000 r--p 00000000 08:11 9309521                    /home/paul/installations/jdk-17.0.4.1+1/lib/libawt_xawt.so
7f698eda5000-7f698ede2000 r-xp 00010000 08:11 9309521                    /home/paul/installations/jdk-17.0.4.1+1/lib/libawt_xawt.so
7f698ede2000-7f698edf3000 r--p 0004d000 08:11 9309521                    /home/paul/installations/jdk-17.0.4.1+1/lib/libawt_xawt.so
7f698edf3000-7f698edf4000 ---p 0005e000 08:11 9309521                    /home/paul/installations/jdk-17.0.4.1+1/lib/libawt_xawt.so
7f698edf4000-7f698edf5000 r--p 0005e000 08:11 9309521                    /home/paul/installations/jdk-17.0.4.1+1/lib/libawt_xawt.so
7f698edf5000-7f698edf7000 rw-p 0005f000 08:11 9309521                    /home/paul/installations/jdk-17.0.4.1+1/lib/libawt_xawt.so
7f698edf7000-7f698edf9000 rw-p 00000000 00:00 0 
7f698edf9000-7f698ee26000 r--p 00000000 08:11 9309505                    /home/paul/installations/jdk-17.0.4.1+1/lib/libawt.so
7f698ee26000-7f698eea8000 r-xp 0002d000 08:11 9309505                    /home/paul/installations/jdk-17.0.4.1+1/lib/libawt.so
7f698eea8000-7f698eeb5000 r--p 000af000 08:11 9309505                    /home/paul/installations/jdk-17.0.4.1+1/lib/libawt.so
7f698eeb5000-7f698eeb6000 r--p 000bb000 08:11 9309505                    /home/paul/installations/jdk-17.0.4.1+1/lib/libawt.so
7f698eeb6000-7f698eec1000 rw-p 000bc000 08:11 9309505                    /home/paul/installations/jdk-17.0.4.1+1/lib/libawt.so
7f698eec1000-7f698eee6000 rw-p 00000000 00:00 0 
7f698eee6000-7f698eee7000 ---p 00000000 00:00 0 
7f698eee7000-7f698efe8000 rw-p 00000000 00:00 0 
7f698efe8000-7f698efec000 ---p 00000000 00:00 0 
7f698efec000-7f698f0e8000 rw-p 00000000 00:00 0 
7f698f0e8000-7f698f0ec000 ---p 00000000 00:00 0 
7f698f0ec000-7f698f219000 rw-p 00000000 00:00 0 
7f698f219000-7f6990000000 r--p 00000000 08:02 530024                     /usr/lib/locale/locale-archive
7f6990000000-7f6990021000 rw-p 00000000 00:00 0 
7f6990021000-7f6994000000 ---p 00000000 00:00 0 
7f6994000000-7f6994021000 rw-p 00000000 00:00 0 
7f6994021000-7f6998000000 ---p 00000000 00:00 0 
7f6998000000-7f6998021000 rw-p 00000000 00:00 0 
7f6998021000-7f699c000000 ---p 00000000 00:00 0 
7f699c000000-7f699c021000 rw-p 00000000 00:00 0 
7f699c021000-7f69a0000000 ---p 00000000 00:00 0 
7f69a0000000-7f69a0021000 rw-p 00000000 00:00 0 
7f69a0021000-7f69a4000000 ---p 00000000 00:00 0 
7f69a4000000-7f69a4021000 rw-p 00000000 00:00 0 
7f69a4021000-7f69a8000000 ---p 00000000 00:00 0 
7f69a8000000-7f69a8021000 rw-p 00000000 00:00 0 
7f69a8021000-7f69ac000000 ---p 00000000 00:00 0 
7f69ac000000-7f69ac004000 ---p 00000000 00:00 0 
7f69ac004000-7f69ac100000 rw-p 00000000 00:00 0 
7f69ac100000-7f69ac104000 ---p 00000000 00:00 0 
7f69ac104000-7f69ac200000 rw-p 00000000 00:00 0 
7f69ac200000-7f69ac204000 ---p 00000000 00:00 0 
7f69ac204000-7f69ac300000 rw-p 00000000 00:00 0 
7f69ac300000-7f69ac304000 ---p 00000000 00:00 0 
7f69ac304000-7f69ac400000 rw-p 00000000 00:00 0 
7f69ac400000-7f69ac404000 ---p 00000000 00:00 0 
7f69ac404000-7f69ac500000 rw-p 00000000 00:00 0 
7f69ac500000-7f69ac504000 ---p 00000000 00:00 0 
7f69ac504000-7f69ac600000 rw-p 00000000 00:00 0 
7f69ac600000-7f69ac604000 ---p 00000000 00:00 0 
7f69ac604000-7f69ac700000 rw-p 00000000 00:00 0 
7f69ac700000-7f69ac704000 ---p 00000000 00:00 0 
7f69ac704000-7f69acc00000 rw-p 00000000 00:00 0 
7f69acc00000-7f69acd00000 rw-p 00000000 00:00 0 
7f69acd00000-7f69ace40000 rw-p 00000000 00:00 0 
7f69ace40000-7f69ace80000 rw-p 00000000 00:00 0 
7f69ace80000-7f69acf00000 rw-p 00000000 00:00 0 
7f69acf00000-7f69ad000000 rw-p 00000000 00:00 0 
7f69ad002000-7f69ad004000 r--p 00000000 08:02 531922                     /usr/lib/x86_64-linux-gnu/libXtst.so.6.1.0
7f69ad004000-7f69ad007000 r-xp 00002000 08:02 531922                     /usr/lib/x86_64-linux-gnu/libXtst.so.6.1.0
7f69ad007000-7f69ad008000 r--p 00005000 08:02 531922                     /usr/lib/x86_64-linux-gnu/libXtst.so.6.1.0
7f69ad008000-7f69ad009000 r--p 00005000 08:02 531922                     /usr/lib/x86_64-linux-gnu/libXtst.so.6.1.0
7f69ad009000-7f69ad00a000 rw-p 00006000 08:02 531922                     /usr/lib/x86_64-linux-gnu/libXtst.so.6.1.0
7f69ad00a000-7f69ad00c000 r--p 00000000 08:11 9309462                    /home/paul/installations/jdk-17.0.4.1+1/lib/libzip.so
7f69ad00c000-7f69ad010000 r-xp 00002000 08:11 9309462                    /home/paul/installations/jdk-17.0.4.1+1/lib/libzip.so
7f69ad010000-7f69ad012000 r--p 00006000 08:11 9309462                    /home/paul/installations/jdk-17.0.4.1+1/lib/libzip.so
7f69ad012000-7f69ad013000 r--p 00007000 08:11 9309462                    /home/paul/installations/jdk-17.0.4.1+1/lib/libzip.so
7f69ad013000-7f69ad014000 rw-p 00008000 08:11 9309462                    /home/paul/installations/jdk-17.0.4.1+1/lib/libzip.so
7f69ad014000-7f69ad018000 r--p 00000000 08:11 9309509                    /home/paul/installations/jdk-17.0.4.1+1/lib/libnet.so
7f69ad018000-7f69ad026000 r-xp 00004000 08:11 9309509                    /home/paul/installations/jdk-17.0.4.1+1/lib/libnet.so
7f69ad026000-7f69ad02a000 r--p 00012000 08:11 9309509                    /home/paul/installations/jdk-17.0.4.1+1/lib/libnet.so
7f69ad02a000-7f69ad02b000 r--p 00015000 08:11 9309509                    /home/paul/installations/jdk-17.0.4.1+1/lib/libnet.so
7f69ad02b000-7f69ad02c000 rw-p 00016000 08:11 9309509                    /home/paul/installations/jdk-17.0.4.1+1/lib/libnet.so
7f69ad02c000-7f69ad033000 r--p 00000000 08:11 9309489                    /home/paul/installations/jdk-17.0.4.1+1/lib/libnio.so
7f69ad033000-7f69ad03c000 r-xp 00007000 08:11 9309489                    /home/paul/installations/jdk-17.0.4.1+1/lib/libnio.so
7f69ad03c000-7f69ad040000 r--p 00010000 08:11 9309489                    /home/paul/installations/jdk-17.0.4.1+1/lib/libnio.so
7f69ad040000-7f69ad041000 ---p 00014000 08:11 9309489                    /home/paul/installations/jdk-17.0.4.1+1/lib/libnio.so
7f69ad041000-7f69ad042000 r--p 00014000 08:11 9309489                    /home/paul/installations/jdk-17.0.4.1+1/lib/libnio.so
7f69ad042000-7f69ad043000 rw-p 00015000 08:11 9309489                    /home/paul/installations/jdk-17.0.4.1+1/lib/libnio.so
7f69ad043000-7f69ad044000 ---p 00000000 00:00 0 
7f69ad044000-7f69ad145000 rw-p 00000000 00:00 0 
7f69ad145000-7f69ad14a000 r--p 00000000 08:11 9309471                    /home/paul/installations/jdk-17.0.4.1+1/lib/libjsvml.so
7f69ad14a000-7f69ad18b000 r-xp 00005000 08:11 9309471                    /home/paul/installations/jdk-17.0.4.1+1/lib/libjsvml.so
7f69ad18b000-7f69ad214000 r--p 00046000 08:11 9309471                    /home/paul/installations/jdk-17.0.4.1+1/lib/libjsvml.so
7f69ad214000-7f69ad215000 r--p 000ce000 08:11 9309471                    /home/paul/installations/jdk-17.0.4.1+1/lib/libjsvml.so
7f69ad215000-7f69ad216000 rw-p 000cf000 08:11 9309471                    /home/paul/installations/jdk-17.0.4.1+1/lib/libjsvml.so
7f69ad216000-7f69ad2f2000 rw-p 00000000 00:00 0 
7f69ad2f2000-7f69ad2f3000 ---p 00000000 00:00 0 
7f69ad2f3000-7f69ad3f4000 rw-p 00000000 00:00 0 
7f69ad3f4000-7f69ad3f5000 ---p 00000000 00:00 0 
7f69ad3f5000-7f69af8fa000 rw-p 00000000 00:00 0 
7f69af8fa000-7f69af8fb000 ---p 00000000 00:00 0 
7f69af8fb000-7f69af9fc000 rw-p 00000000 00:00 0 
7f69af9fc000-7f69af9fd000 ---p 00000000 00:00 0 
7f69af9fd000-7f69afafe000 rw-p 00000000 00:00 0 
7f69afafe000-7f69afaff000 ---p 00000000 00:00 0 
7f69afaff000-7f69affe8000 rw-p 00000000 00:00 0 
7f69affe8000-7f69b3a10000 ---p 00000000 00:00 0 
7f69b3a10000-7f69b3e08000 rw-p 00000000 00:00 0 
7f69b3e08000-7f69b7830000 ---p 00000000 00:00 0 
7f69b7830000-7f69b78bd000 rw-p 00000000 00:00 0 
7f69b78bd000-7f69b8002000 ---p 00000000 00:00 0 
7f69b8002000-7f69b8081000 rw-p 00000000 00:00 0 
7f69b8081000-7f69b87c6000 ---p 00000000 00:00 0 
7f69b87c6000-7f69b8845000 rw-p 00000000 00:00 0 
7f69b8845000-7f69b8f8a000 ---p 00000000 00:00 0 
7f69b8f8a000-7f69b9395000 rw-p 00000000 00:00 0 
7f69b9395000-7f69b947b000 ---p 00000000 00:00 0 
7f69b947b000-7f69b96eb000 rwxp 00000000 00:00 0 
7f69b96eb000-7f69b9a0c000 ---p 00000000 00:00 0 
7f69b9a0c000-7f69b9f7c000 rwxp 00000000 00:00 0 
7f69b9f7c000-7f69c0f43000 ---p 00000000 00:00 0 
7f69c0f43000-7f69c11b3000 rwxp 00000000 00:00 0 
7f69c11b3000-7f69c847b000 ---p 00000000 00:00 0 
7f69c847b000-7f69d0000000 r--s 00000000 08:11 9309508                    /home/paul/installations/jdk-17.0.4.1+1/lib/modules
7f69d0000000-7f69d06df000 rw-p 00000000 00:00 0 
7f69d06df000-7f69d4000000 ---p 00000000 00:00 0 
7f69d4000000-7f69d408f000 rw-p 00000000 00:00 0 
7f69d408f000-7f69d416f000 ---p 00000000 00:00 0 
7f69d416f000-7f69d417c000 r--p 00000000 08:11 9309518                    /home/paul/installations/jdk-17.0.4.1+1/lib/libjava.so
7f69d417c000-7f69d418e000 r-xp 0000d000 08:11 9309518                    /home/paul/installations/jdk-17.0.4.1+1/lib/libjava.so
7f69d418e000-7f69d4194000 r--p 0001f000 08:11 9309518                    /home/paul/installations/jdk-17.0.4.1+1/lib/libjava.so
7f69d4194000-7f69d4195000 ---p 00025000 08:11 9309518                    /home/paul/installations/jdk-17.0.4.1+1/lib/libjava.so
7f69d4195000-7f69d4196000 r--p 00025000 08:11 9309518                    /home/paul/installations/jdk-17.0.4.1+1/lib/libjava.so
7f69d4196000-7f69d4197000 rw-p 00026000 08:11 9309518                    /home/paul/installations/jdk-17.0.4.1+1/lib/libjava.so
7f69d4197000-7f69d4198000 rw-p 00000000 00:00 0 
7f69d4198000-7f69d419c000 r--p 00000000 08:11 9309464                    /home/paul/installations/jdk-17.0.4.1+1/lib/libjimage.so
7f69d419c000-7f69d41af000 r-xp 00004000 08:11 9309464                    /home/paul/installations/jdk-17.0.4.1+1/lib/libjimage.so
7f69d41af000-7f69d41b5000 r--p 00017000 08:11 9309464                    /home/paul/installations/jdk-17.0.4.1+1/lib/libjimage.so
7f69d41b5000-7f69d41b7000 r--p 0001c000 08:11 9309464                    /home/paul/installations/jdk-17.0.4.1+1/lib/libjimage.so
7f69d41b7000-7f69d41b8000 rw-p 0001e000 08:11 9309464                    /home/paul/installations/jdk-17.0.4.1+1/lib/libjimage.so
7f69d41b8000-7f69d41bc000 ---p 00000000 00:00 0 
7f69d41bc000-7f69d42b8000 rw-p 00000000 00:00 0 
7f69d42b8000-7f69d42c6000 r--p 00000000 08:02 532829                     /usr/lib/x86_64-linux-gnu/libm.so.6
7f69d42c6000-7f69d4342000 r-xp 0000e000 08:02 532829                     /usr/lib/x86_64-linux-gnu/libm.so.6
7f69d4342000-7f69d439d000 r--p 0008a000 08:02 532829                     /usr/lib/x86_64-linux-gnu/libm.so.6
7f69d439d000-7f69d439e000 r--p 000e4000 08:02 532829                     /usr/lib/x86_64-linux-gnu/libm.so.6
7f69d439e000-7f69d439f000 rw-p 000e5000 08:02 532829                     /usr/lib/x86_64-linux-gnu/libm.so.6
7f69d439f000-7f69d43a0000 r--p 00000000 08:02 533154                     /usr/lib/x86_64-linux-gnu/librt.so.1
7f69d43a0000-7f69d43a1000 r-xp 00001000 08:02 533154                     /usr/lib/x86_64-linux-gnu/librt.so.1
7f69d43a1000-7f69d43a2000 r--p 00002000 08:02 533154                     /usr/lib/x86_64-linux-gnu/librt.so.1
7f69d43a2000-7f69d43a3000 r--p 00002000 08:02 533154                     /usr/lib/x86_64-linux-gnu/librt.so.1
7f69d43a3000-7f69d43a4000 rw-p 00003000 08:02 533154                     /usr/lib/x86_64-linux-gnu/librt.so.1
7f69d43a4000-7f69d45f5000 r--p 00000000 08:11 9309495                    /home/paul/installations/jdk-17.0.4.1+1/lib/server/libjvm.so
7f69d45f5000-7f69d530e000 r-xp 00251000 08:11 9309495                    /home/paul/installations/jdk-17.0.4.1+1/lib/server/libjvm.so
7f69d530e000-7f69d5599000 r--p 00f6a000 08:11 9309495                    /home/paul/installations/jdk-17.0.4.1+1/lib/server/libjvm.so
7f69d5599000-7f69d5652000 r--p 011f4000 08:11 9309495                    /home/paul/installations/jdk-17.0.4.1+1/lib/server/libjvm.so
7f69d5652000-7f69d5687000 rw-p 012ad000 08:11 9309495                    /home/paul/installations/jdk-17.0.4.1+1/lib/server/libjvm.so
7f69d5687000-7f69d56e4000 rw-p 00000000 00:00 0 
7f69d56e4000-7f69d570c000 r--p 00000000 08:02 532178                     /usr/lib/x86_64-linux-gnu/libc.so.6
7f69d570c000-7f69d58a1000 r-xp 00028000 08:02 532178                     /usr/lib/x86_64-linux-gnu/libc.so.6
7f69d58a1000-7f69d58f9000 r--p 001bd000 08:02 532178                     /usr/lib/x86_64-linux-gnu/libc.so.6
7f69d58f9000-7f69d58fd000 r--p 00214000 08:02 532178                     /usr/lib/x86_64-linux-gnu/libc.so.6
7f69d58fd000-7f69d58ff000 rw-p 00218000 08:02 532178                     /usr/lib/x86_64-linux-gnu/libc.so.6
7f69d58ff000-7f69d590c000 rw-p 00000000 00:00 0 
7f69d590c000-7f69d590d000 r--p 00000000 08:02 532320                     /usr/lib/x86_64-linux-gnu/libdl.so.2
7f69d590d000-7f69d590e000 r-xp 00001000 08:02 532320                     /usr/lib/x86_64-linux-gnu/libdl.so.2
7f69d590e000-7f69d590f000 r--p 00002000 08:02 532320                     /usr/lib/x86_64-linux-gnu/libdl.so.2
7f69d590f000-7f69d5910000 r--p 00002000 08:02 532320                     /usr/lib/x86_64-linux-gnu/libdl.so.2
7f69d5910000-7f69d5911000 rw-p 00003000 08:02 532320                     /usr/lib/x86_64-linux-gnu/libdl.so.2
7f69d5911000-7f69d5912000 r--p 00000000 08:02 533098                     /usr/lib/x86_64-linux-gnu/libpthread.so.0
7f69d5912000-7f69d5913000 r-xp 00001000 08:02 533098                     /usr/lib/x86_64-linux-gnu/libpthread.so.0
7f69d5913000-7f69d5914000 r--p 00002000 08:02 533098                     /usr/lib/x86_64-linux-gnu/libpthread.so.0
7f69d5914000-7f69d5915000 r--p 00002000 08:02 533098                     /usr/lib/x86_64-linux-gnu/libpthread.so.0
7f69d5915000-7f69d5916000 rw-p 00003000 08:02 533098                     /usr/lib/x86_64-linux-gnu/libpthread.so.0
7f69d5916000-7f69d5919000 r--p 00000000 08:11 9309492                    /home/paul/installations/jdk-17.0.4.1+1/lib/libjli.so
7f69d5919000-7f69d5923000 r-xp 00003000 08:11 9309492                    /home/paul/installations/jdk-17.0.4.1+1/lib/libjli.so
7f69d5923000-7f69d5926000 r--p 0000d000 08:11 9309492                    /home/paul/installations/jdk-17.0.4.1+1/lib/libjli.so
7f69d5926000-7f69d5927000 ---p 00010000 08:11 9309492                    /home/paul/installations/jdk-17.0.4.1+1/lib/libjli.so
7f69d5927000-7f69d5928000 r--p 00010000 08:11 9309492                    /home/paul/installations/jdk-17.0.4.1+1/lib/libjli.so
7f69d5928000-7f69d5929000 rw-p 00011000 08:11 9309492                    /home/paul/installations/jdk-17.0.4.1+1/lib/libjli.so
7f69d5929000-7f69d592b000 r--p 00000000 08:02 528807                     /usr/lib/x86_64-linux-gnu/libz.so.1.2.11
7f69d592b000-7f69d593c000 r-xp 00002000 08:02 528807                     /usr/lib/x86_64-linux-gnu/libz.so.1.2.11
7f69d593c000-7f69d5942000 r--p 00013000 08:02 528807                     /usr/lib/x86_64-linux-gnu/libz.so.1.2.11
7f69d5942000-7f69d5943000 ---p 00019000 08:02 528807                     /usr/lib/x86_64-linux-gnu/libz.so.1.2.11
7f69d5943000-7f69d5944000 r--p 00019000 08:02 528807                     /usr/lib/x86_64-linux-gnu/libz.so.1.2.11
7f69d5944000-7f69d5945000 rw-p 0001a000 08:02 528807                     /usr/lib/x86_64-linux-gnu/libz.so.1.2.11
7f69d5945000-7f69d5946000 r--p 00000000 08:02 1063953                    /usr/share/locale-langpack/en_GB/LC_MESSAGES/libc.mo
7f69d5946000-7f69d594b000 rw-p 00000000 00:00 0 
7f69d594b000-7f69d5952000 ---p 00000000 00:00 0 
7f69d5952000-7f69d595a000 rw-s 00000000 08:02 262351                     /tmp/hsperfdata_paul/14792
7f69d595a000-7f69d595b000 ---p 00000000 00:00 0 
7f69d595b000-7f69d595c000 r--p 00000000 00:00 0 
7f69d595c000-7f69d595e000 rw-p 00000000 00:00 0 
7f69d595e000-7f69d5960000 r--p 00000000 08:02 531841                     /usr/lib/x86_64-linux-gnu/ld-linux-x86-64.so.2
7f69d5960000-7f69d598a000 r-xp 00002000 08:02 531841                     /usr/lib/x86_64-linux-gnu/ld-linux-x86-64.so.2
7f69d598a000-7f69d5995000 r--p 0002c000 08:02 531841                     /usr/lib/x86_64-linux-gnu/ld-linux-x86-64.so.2
7f69d5995000-7f69d5996000 ---p 00000000 00:00 0 
7f69d5996000-7f69d5998000 r--p 00037000 08:02 531841                     /usr/lib/x86_64-linux-gnu/ld-linux-x86-64.so.2
7f69d5998000-7f69d599a000 rw-p 00039000 08:02 531841                     /usr/lib/x86_64-linux-gnu/ld-linux-x86-64.so.2
7ffdc01da000-7ffdc01fb000 rw-p 00000000 00:00 0                          [stack]
7ffdc0315000-7ffdc0319000 r--p 00000000 00:00 0                          [vvar]
7ffdc0319000-7ffdc031b000 r-xp 00000000 00:00 0                          [vdso]
ffffffffff600000-ffffffffff601000 --xp 00000000 00:00 0                  [vsyscall]


VM Arguments:
jvm_args: -Dfile.encoding=UTF-8 --module-path=/home/paul/Development/GitWorkspace/contacts/mycontacts/lib/ez-vcard-0.10.2.jar -XX:+ShowCodeDetailsInExceptionMessages 
java_command: org.lerot.mycontact.mcdb
java_class_path (initial): /home/paul/Development/GitWorkspace/contacts/mycontacts/bin:/home/paul/Development/GitWorkspace/contacts/mycontacts/lib/commons-lang3-3.3.2.jar:/home/paul/Development/GitWorkspace/contacts/mycontacts/lib/looks-2.1-pre2.jar:/home/paul/applications/MyWidgets.jar:/home/paul/Development/GitWorkspace/contacts/mycontacts/lib/commons-net-ftp-2.0.jar:/home/paul/Development/GitWorkspace/contacts/mycontacts/lib/imgscalr-lib-4.2.jar:/home/paul/Development/GitWorkspace/contacts/mycontacts/lib/itextpdf-5.5.3.jar:/home/paul/Development/GitWorkspace/contacts/mycontacts/lib/javabase64-1.3.1.jar:/home/paul/Development/GitWorkspace/contacts/mycontacts/lib/sqlite-jdbc-3.7.15-M1.jar:/home/paul/Development/GitWorkspace/contacts/mycontacts/lib/commons-codec-1.10.jar:/home/paul/Development/GitWorkspace/contacts/mycontacts/lib/javax.mail.jar:/home/paul/Development/GitWorkspace/contacts/mycontacts/lib/odfdom-java-0.8.7.jar:/home/paul/Development/GitWorkspace/contacts/mycontacts/lib/dom4j-1.6.1.jar
Launcher Type: SUN_STANDARD

[Global flags]
     intx CICompilerCount                          = 3                                         {product} {ergonomic}
     uint ConcGCThreads                            = 1                                         {product} {ergonomic}
     uint G1ConcRefinementThreads                  = 4                                         {product} {ergonomic}
   size_t G1HeapRegionSize                         = 2097152                                   {product} {ergonomic}
    uintx GCDrainStackTargetSize                   = 64                                        {product} {ergonomic}
   size_t InitialHeapSize                          = 262144000                                 {product} {ergonomic}
   size_t MarkStackSize                            = 4194304                                   {product} {ergonomic}
   size_t MaxHeapSize                              = 4169138176                                {product} {ergonomic}
   size_t MaxNewSize                               = 2499805184                                {product} {ergonomic}
   size_t MinHeapDeltaBytes                        = 2097152                                   {product} {ergonomic}
   size_t MinHeapSize                              = 8388608                                   {product} {ergonomic}
    uintx NonNMethodCodeHeapSize                   = 5832780                                {pd product} {ergonomic}
    uintx NonProfiledCodeHeapSize                  = 122912730                              {pd product} {ergonomic}
    uintx ProfiledCodeHeapSize                     = 122912730                              {pd product} {ergonomic}
    uintx ReservedCodeCacheSize                    = 251658240                              {pd product} {ergonomic}
     bool SegmentedCodeCache                       = true                                      {product} {ergonomic}
     bool ShowCodeDetailsInExceptionMessages       = true                                   {manageable} {command line}
   size_t SoftMaxHeapSize                          = 4169138176                             {manageable} {ergonomic}
     bool UseCompressedClassPointers               = true                           {product lp64_product} {ergonomic}
     bool UseCompressedOops                        = true                           {product lp64_product} {ergonomic}
     bool UseG1GC                                  = true                                      {product} {ergonomic}

Logging:
Log output configuration:
 #0: stdout all=warning uptime,level,tags
 #1: stderr all=off uptime,level,tags

Environment Variables:
JAVA_HOME=/usr/lib/jvm/java-11-openjdk-amd64
PATH=/home/paul/.local/bin:/usr/local/sbin:/usr/local/bin:/usr/sbin:/usr/bin:/sbin:/bin:/usr/games:/usr/local/games:/snap/bin:/snap/bin
USERNAME=paul
SHELL=/bin/bash
DISPLAY=:0
LANG=en_GB.UTF-8

Signal Handlers:
   SIGSEGV: crash_handler in libjvm.so, mask=11100100010111111101111111111110, flags=SA_RESTART|SA_SIGINFO
    SIGBUS: crash_handler in libjvm.so, mask=11100100010111111101111111111110, flags=SA_RESTART|SA_SIGINFO
    SIGFPE: crash_handler in libjvm.so, mask=11100100010111111101111111111110, flags=SA_RESTART|SA_SIGINFO
   SIGPIPE: javaSignalHandler in libjvm.so, mask=11100100010111111101111111111110, flags=SA_RESTART|SA_SIGINFO
   SIGXFSZ: javaSignalHandler in libjvm.so, mask=11100100010111111101111111111110, flags=SA_RESTART|SA_SIGINFO
    SIGILL: crash_handler in libjvm.so, mask=11100100010111111101111111111110, flags=SA_RESTART|SA_SIGINFO
   SIGUSR2: SR_handler in libjvm.so, mask=00100000000000000000000000000000, flags=SA_RESTART|SA_SIGINFO
    SIGHUP: UserHandler in libjvm.so, mask=11100100010111111101111111111110, flags=SA_RESTART|SA_SIGINFO
    SIGINT: UserHandler in libjvm.so, mask=11100100010111111101111111111110, flags=SA_RESTART|SA_SIGINFO
   SIGTERM: UserHandler in libjvm.so, mask=11100100010111111101111111111110, flags=SA_RESTART|SA_SIGINFO
   SIGQUIT: UserHandler in libjvm.so, mask=11100100010111111101111111111110, flags=SA_RESTART|SA_SIGINFO
  *** Handler was modified!
  *** Expected: javaSignalHandler in libjvm.so, mask=11100100110111111111111111111110, flags=SA_RESTART|SA_SIGINFO
   SIGTRAP: crash_handler in libjvm.so, mask=11100100010111111101111111111110, flags=SA_RESTART|SA_SIGINFO


---------------  S Y S T E M  ---------------

OS:
DISTRIB_ID=Ubuntu
DISTRIB_RELEASE=22.04
DISTRIB_CODENAME=jammy
DISTRIB_DESCRIPTION="Ubuntu 22.04.1 LTS"
uname: Linux 5.15.0-48-generic #54-Ubuntu SMP Fri Aug 26 13:26:29 UTC 2022 x86_64
OS uptime: 0 days 4:56 hours
libc: glibc 2.35 NPTL 2.35 
rlimit (soft/hard): STACK 8192k/infinity , CORE 0k/infinity , NPROC 63324/63324 , NOFILE 1048576/1048576 , AS infinity/infinity , CPU infinity/infinity , DATA infinity/infinity , FSIZE infinity/infinity , MEMLOCK 2035204k/2035204k
load average: 0.96 0.75 0.60

/proc/meminfo:
MemTotal:       16281652 kB
MemFree:         1934080 kB
MemAvailable:    9084776 kB
Buffers:          769944 kB
Cached:          6625584 kB
SwapCached:            0 kB
Active:          3388956 kB
Inactive:        8943344 kB
Active(anon):       3072 kB
Inactive(anon):  5733044 kB
Active(file):    3385884 kB
Inactive(file):  3210300 kB
Unevictable:      769304 kB
Mlocked:             208 kB
SwapTotal:             0 kB
SwapFree:              0 kB
Dirty:               212 kB
Writeback:             0 kB
AnonPages:       5706124 kB
Mapped:           805784 kB
Shmem:            805700 kB
KReclaimable:     890124 kB
Slab:            1048328 kB
SReclaimable:     890124 kB
SUnreclaim:       158204 kB
KernelStack:       25424 kB
PageTables:        52408 kB
NFS_Unstable:          0 kB
Bounce:                0 kB
WritebackTmp:          0 kB
CommitLimit:     8140824 kB
Committed_AS:   14654948 kB
VmallocTotal:   34359738367 kB
VmallocUsed:       54964 kB
VmallocChunk:          0 kB
Percpu:             4000 kB
HardwareCorrupted:     0 kB
AnonHugePages:         0 kB
ShmemHugePages:        0 kB
ShmemPmdMapped:        0 kB
FileHugePages:         0 kB
FilePmdMapped:         0 kB
HugePages_Total:       0
HugePages_Free:        0
HugePages_Rsvd:        0
HugePages_Surp:        0
Hugepagesize:       2048 kB
Hugetlb:               0 kB
DirectMap4k:      379388 kB
DirectMap2M:    15245312 kB
DirectMap1G:     2097152 kB

/sys/kernel/mm/transparent_hugepage/enabled: always [madvise] never
/sys/kernel/mm/transparent_hugepage/defrag (defrag/compaction efforts parameter): always defer defer+madvise [madvise] never

Process Memory:
Virtual Size: 7697780K (peak: 7757876K)
Resident Set Size: 237184K (peak: 237184K) (anon: 205136K, file: 32048K, shmem: 0K)
Swapped out: 0K
C-Heap outstanding allocations: 48283K, retained: 18616K
glibc malloc tunables: (default)

/proc/sys/kernel/threads-max (system-wide limit on the number of threads): 126648
/proc/sys/vm/max_map_count (maximum number of memory map areas a process may have): 65530
/proc/sys/kernel/pid_max (system-wide limit on number of process identifiers): 4194304

container (cgroup) information:
container_type: cgroupv2
cpu_cpuset_cpus: not supported
cpu_memory_nodes: not supported
active_processor_count: 4
cpu_quota: not supported
cpu_period: not supported
cpu_shares: not supported
memory_limit_in_bytes: unlimited
memory_and_swap_limit_in_bytes: unlimited
memory_soft_limit_in_bytes: unlimited
memory_usage_in_bytes: 4182140 k
memory_max_usage_in_bytes: not supported
maximum number of tasks: 18997
current number of tasks: 555

Steal ticks since vm start: 0
Steal ticks percentage since vm start:  0.000

CPU: total 4 (initial active 4) (2 cores per cpu, 2 threads per core) family 6 model 61 stepping 4 microcode 0x2f, cx8, cmov, fxsr, ht, mmx, 3dnowpref, sse, sse2, sse3, ssse3, sse4.1, sse4.2, popcnt, lzcnt, tsc, tscinvbit, avx, avx2, aes, erms, clmul, bmi1, bmi2, rtm, adx, fma, vzeroupper, clflush
CPU Model and flags from /proc/cpuinfo:
model name	: Intel(R) Core(TM) i5-5300U CPU @ 2.30GHz
flags		: fpu vme de pse tsc msr pae mce cx8 apic sep mtrr pge mca cmov pat pse36 clflush dts acpi mmx fxsr sse sse2 ss ht tm pbe syscall nx pdpe1gb rdtscp lm constant_tsc arch_perfmon pebs bts rep_good nopl xtopology nonstop_tsc cpuid aperfmperf pni pclmulqdq dtes64 monitor ds_cpl vmx smx est tm2 ssse3 sdbg fma cx16 xtpr pdcm pcid sse4_1 sse4_2 x2apic movbe popcnt tsc_deadline_timer aes xsave avx f16c rdrand lahf_lm abm 3dnowprefetch cpuid_fault epb invpcid_single pti ssbd ibrs ibpb stibp tpr_shadow vnmi flexpriority ept vpid ept_ad fsgsbase tsc_adjust bmi1 hle avx2 smep bmi2 erms invpcid rtm rdseed adx smap intel_pt xsaveopt dtherm ida arat pln pts md_clear flush_l1d

Online cpus: 0-3
Offline cpus: 
BIOS frequency limitation: <Not Available>
Frequency switch latency (ns): 20000
Available cpu frequencies: <Not Available>
Current governor: schedutil
Core performance/turbo boost: <Not Available>

Memory: 4k page, physical 16281652k(1934080k free), swap 0k(0k free)
Page Sizes: 4k

vm_info: OpenJDK 64-Bit Server VM (17.0.4.1+1) for linux-amd64 JRE (17.0.4.1+1), built on Aug 12 2022 00:00:00 by "temurin" with gcc 10.3.0

END.
