#
# A fatal error has been detected by the Java Runtime Environment:
#
#  SIGSEGV (0xb) at pc=0x00007efc94309fc4, pid=21104, tid=0x00007efc92db3700
#
# JRE version: Java(TM) SE Runtime Environment (8.0_201-b09) (build 1.8.0_201-b09)
# Java VM: Java HotSpot(TM) 64-Bit Server VM (25.201-b09 mixed mode linux-amd64 compressed oops)
# Problematic frame:
# C  [libpthread.so.0+0xbfc4]  pthread_mutex_lock+0x4
#
# Failed to write core dump. Core dumps have been disabled. To enable core dumping, try "ulimit -c unlimited" before starting Java again
#
# If you would like to submit a bug report, please visit:
#   http://bugreport.java.com/bugreport/crash.jsp
# The crash happened outside the Java Virtual Machine in native code.
# See problematic frame for where to report the bug.
#

---------------  T H R E A D  ---------------

Current thread (0x00007efc8c00b800):  JavaThread "main" [_thread_in_native, id=21108, stack(0x00007efc92cb4000,0x00007efc92db4000)]

siginfo: si_signo: 11 (SIGSEGV), si_code: 128 (SI_KERNEL), si_addr: 0x0000000000000000

Registers:
RAX=0x00007efc240008d0, RBX=0x00007efc8c72c708, RCX=0x0000000000000002, RDX=0x00007efc8c72c708
RSP=0x00007efc92db2108, RBP=0x0000000000000002, RSI=0x0000000000000002, RDI=0x0002000700010005
R8 =0x00007efc8c00b800, R9 =0x0000000000000000, R10=0x0000000000000000, R11=0x00007efc614a6250
R12=0x00007efc8c72c708, R13=0x00007efc92db21a0, R14=0x00007efc92db2170, R15=0x00007efc8c00b800
RIP=0x00007efc94309fc4, EFLAGS=0x0000000000010206, CSGSFS=0x002b000000000033, ERR=0x0000000000000000
  TRAPNO=0x000000000000000d

Top of Stack: (sp=0x00007efc92db2108)
0x00007efc92db2108:   00007efc614598f1 0000007200000008
0x00007efc92db2118:   00007efc8c00b9f8 00007efc92db21b0
0x00007efc92db2128:   00007efc61459a06 00007efc92db21a0
0x00007efc92db2138:   00007efc8c00b9f8 00007efc935c8680
0x00007efc92db2148:   00007efc6141cd05 00007efc92db2170
0x00007efc92db2158:   00000000d9122eb8 0000000000000000
0x00007efc92db2168:   00007efc7d495258 00000000d9122eb8
0x00007efc92db2178:   0000000000000003 00007efc92db21d0
0x00007efc92db2188:   00000000db1fd950 00000000d8d127a8
0x00007efc92db2198:   00007efc7d5c38ec 0000000000000003
0x00007efc92db21a8:   00007efc8c07b310 0000000000000007
0x00007efc92db21b8:   00007efc7d58c038 0000000000000003
0x00007efc92db21c8:   0000000000000064 0000000000000000
0x00007efc92db21d8:   00007efc7d73d29c 00000000d8d127a8
0x00007efc92db21e8:   00000000d8d18968 00000000d8d127a8
0x00007efc92db21f8:   00007efc8c21c350 00007efc92db24f8
0x00007efc92db2208:   00007efc7d5f08a4 0000000000000000
0x00007efc92db2218:   000000000000ff00 00000000200055ee
0x00007efc92db2228:   0000000000000001 086469747e081304
0x00007efc92db2238:   0000000000000000 00ff00ff00ff00ff
0x00007efc92db2248:   00ff00ff00ff00ff 000000ff000000ff
0x00007efc92db2258:   0000000000000000 0000000000000000
0x00007efc92db2268:   0000000000000000 0000000000000000
0x00007efc92db2278:   00007efc7d0fe44f 0000000100174ff0
0x00007efc92db2288:   00007efc8c35ba10 0000000000000000
0x00007efc92db2298:   0000000000000000 0000000000000000
0x00007efc92db22a8:   000000000000ff00 00000000200055ee
0x00007efc92db22b8:   0000000000000001 00470d150208656d
0x00007efc92db22c8:   7364726f66666174 00ff00ff00ff00ff
0x00007efc92db22d8:   00ff00ff00ff00ff 000000ff000000ff
0x00007efc92db22e8:   00000000d8d0e750 00000000000002c1
0x00007efc92db22f8:   00000000d8d0e708 00000000d8d0e8e0 

Instructions: (pc=0x00007efc94309fc4)
0x00007efc94309fa4:   be 01 00 00 00 48 89 ef b8 ca 00 00 00 0f 05 e9
0x00007efc94309fb4:   73 ff ff ff e8 13 b7 ff ff 0f 1f 00 f3 0f 1e fa
0x00007efc94309fc4:   8b 47 10 89 c2 81 e2 7f 01 00 00 90 83 e0 7c 75
0x00007efc94309fd4:   7b 53 48 83 ec 10 85 d2 75 7a 8b 0d f4 63 01 00 

Register to memory mapping:

RAX=0x00007efc240008d0 is an unknown value
RBX=0x00007efc8c72c708 is an unknown value
RCX=0x0000000000000002 is an unknown value
RDX=0x00007efc8c72c708 is an unknown value
RSP=0x00007efc92db2108 is pointing into the stack for thread: 0x00007efc8c00b800
RBP=0x0000000000000002 is an unknown value
RSI=0x0000000000000002 is an unknown value
RDI=0x0002000700010005 is an unknown value
R8 =0x00007efc8c00b800 is a thread
R9 =0x0000000000000000 is an unknown value
R10=0x0000000000000000 is an unknown value
R11=0x00007efc614a6250: <offset 0x93250> in /tmp/sqlite-3.7.151-amd64-libsqlitejdbc.so at 0x00007efc61413000
R12=0x00007efc8c72c708 is an unknown value
R13=0x00007efc92db21a0 is pointing into the stack for thread: 0x00007efc8c00b800
R14=0x00007efc92db2170 is pointing into the stack for thread: 0x00007efc8c00b800
R15=0x00007efc8c00b800 is a thread


Stack: [0x00007efc92cb4000,0x00007efc92db4000],  sp=0x00007efc92db2108,  free space=1016k
Native frames: (J=compiled Java code, j=interpreted, Vv=VM code, C=native code)
C  [libpthread.so.0+0xbfc4]  pthread_mutex_lock+0x4

Java frames: (J=compiled Java code, j=interpreted, Vv=VM code)
J 1382  org.sqlite.NativeDB.column_text(JI)Ljava/lang/String; (0 bytes) @ 0x00007efc7d495118 [0x00007efc7d4950e0+0x38]
J 1680 C2 org.sqlite.RS.getString(Ljava/lang/String;)Ljava/lang/String; (10 bytes) @ 0x00007efc7d58c038 [0x00007efc7d58bfc0+0x78]
J 1820 C1 org.lerot.mycontact.mcAttributes.getAttributes(I)Lorg/lerot/mycontact/mcAttributes; (192 bytes) @ 0x00007efc7d5f08a4 [0x00007efc7d5ef8a0+0x1004]
J 1819 C1 org.lerot.mycontact.mcContact.fillContact()V (57 bytes) @ 0x00007efc7d5f4d4c [0x00007efc7d5f49a0+0x3ac]
j  org.lerot.mycontact.mcContacts.refreshAllContacts()V+161
j  org.lerot.mycontact.gui.selectorBox.searchTag(Ljava/lang/String;)Lorg/lerot/mycontact/mcContacts;+18
j  org.lerot.mycontact.gui.selectorBox.update()V+6
j  org.lerot.mycontact.gui.selectorBox.actionPerformed(Ljava/awt/event/ActionEvent;)V+43
j  javax.swing.JComboBox.fireActionEvent()V+126
j  javax.swing.JComboBox.setSelectedItem(Ljava/lang/Object;)V+134
j  javax.swing.JComboBox.setSelectedIndex(I)V+76
j  org.lerot.gui.widgets.jswDropDownBox.addElement(Ljava/lang/String;)V+13
j  org.lerot.mycontact.gui.selectorBox.setTaglist()V+52
j  org.lerot.mycontact.mcdb.<init>(II)V+1129
j  org.lerot.mycontact.mcdb.main([Ljava/lang/String;)V+43
v  ~StubRoutines::call_stub

---------------  P R O C E S S  ---------------

Java Threads: ( => current thread )
  0x00007efc8c556000 JavaThread "TimerQueue" daemon [_thread_blocked, id=21147, stack(0x00007efc618c7000,0x00007efc619c8000)]
  0x00007efc8c505000 JavaThread "AWT-EventQueue-0" [_thread_in_vm, id=21146, stack(0x00007efc619c8000,0x00007efc61ac9000)]
  0x00007efc8c50d800 JavaThread "AWT-Shutdown" [_thread_blocked, id=21145, stack(0x00007efc61ac9000,0x00007efc61bca000)]
  0x00007efc8c31a000 JavaThread "AWT-XAWT" daemon [_thread_in_native, id=21141, stack(0x00007efc62768000,0x00007efc62869000)]
  0x00007efc8c2e3800 JavaThread "Java2D Disposer" daemon [_thread_blocked, id=21140, stack(0x00007efc62869000,0x00007efc6296a000)]
  0x00007efc8c0e4800 JavaThread "Service Thread" daemon [_thread_blocked, id=21128, stack(0x00007efc78381000,0x00007efc78482000)]
  0x00007efc8c0bf800 JavaThread "C1 CompilerThread2" daemon [_thread_blocked, id=21127, stack(0x00007efc78483000,0x00007efc78583000)]
  0x00007efc8c0bd800 JavaThread "C2 CompilerThread1" daemon [_thread_in_native, id=21125, stack(0x00007efc78584000,0x00007efc78684000)]
  0x00007efc8c0ba800 JavaThread "C2 CompilerThread0" daemon [_thread_in_vm, id=21124, stack(0x00007efc78685000,0x00007efc78785000)]
  0x00007efc8c0b9000 JavaThread "Signal Dispatcher" daemon [_thread_blocked, id=21123, stack(0x00007efc78785000,0x00007efc78886000)]
  0x00007efc8c086000 JavaThread "Finalizer" daemon [_thread_blocked, id=21121, stack(0x00007efc78886000,0x00007efc78987000)]
  0x00007efc8c083800 JavaThread "Reference Handler" daemon [_thread_blocked, id=21120, stack(0x00007efc78987000,0x00007efc78a88000)]
=>0x00007efc8c00b800 JavaThread "main" [_thread_in_native, id=21108, stack(0x00007efc92cb4000,0x00007efc92db4000)]

Other Threads:
  0x00007efc8c07a000 VMThread [stack: 0x00007efc78a89000,0x00007efc78b89000] [id=21118]
  0x00007efc8c0e7800 WatcherThread [stack: 0x00007efc78281000,0x00007efc78381000] [id=21129]

VM state:not at safepoint (normal execution)

VM Mutex/Monitor currently owned by a thread: None

heap address: 0x0000000085200000, size: 1966 MB, Compressed Oops mode: 32-bit
Narrow klass base: 0x0000000000000000, Narrow klass shift: 3
Compressed class space size: 1073741824 Address: 0x0000000100000000

Heap:
 PSYoungGen      total 68608K, used 38236K [0x00000000d7100000, 0x00000000dfd00000, 0x0000000100000000)
  eden space 63488K, 52% used [0x00000000d7100000,0x00000000d915efc8,0x00000000daf00000)
  from space 5120K, 99% used [0x00000000daf00000,0x00000000db3f8050,0x00000000db400000)
  to   space 8192K, 0% used [0x00000000df500000,0x00000000df500000,0x00000000dfd00000)
 ParOldGen       total 84992K, used 8288K [0x0000000085200000, 0x000000008a500000, 0x00000000d7100000)
  object space 84992K, 9% used [0x0000000085200000,0x0000000085a18190,0x000000008a500000)
 Metaspace       used 20257K, capacity 20502K, committed 20864K, reserved 1067008K
  class space    used 2567K, capacity 2643K, committed 2688K, reserved 1048576K

Card table byte_map: [0x00007efc91e61000,0x00007efc92239000] byte_map_base: 0x00007efc91a38000

Marking Bits: (ParMarkBitMap*) 0x00007efc93eced80
 Begin Bits: [0x00007efc79290000, 0x00007efc7b148000)
 End Bits:   [0x00007efc7b148000, 0x00007efc7d000000)

Polling page: 0x00007efc94387000

CodeCache: size=245760Kb used=8056Kb max_used=8388Kb free=237704Kb
 bounds [0x00007efc7d000000, 0x00007efc7d850000, 0x00007efc8c000000]
 total_blobs=2941 nmethods=2343 adapters=511
 compilation: enabled

Compilation events (10 events):
Event: 13.456 Thread 0x00007efc8c0bf800 nmethod 2612 0x00007efc7d2b4050 code [0x00007efc7d2b4300, 0x00007efc7d2b5648]
Event: 13.545 Thread 0x00007efc8c0ba800 2613       4       java.lang.Integer::parseInt (7 bytes)
Event: 13.557 Thread 0x00007efc8c0ba800 nmethod 2613 0x00007efc7d4f3f10 code [0x00007efc7d4f40a0, 0x00007efc7d4f45f8]
Event: 13.583 Thread 0x00007efc8c0bf800 2614       1       java.lang.reflect.Field::getDeclaringClass (5 bytes)
Event: 13.584 Thread 0x00007efc8c0bf800 nmethod 2614 0x00007efc7d1a2250 code [0x00007efc7d1a23a0, 0x00007efc7d1a24b0]
Event: 13.603 Thread 0x00007efc8c0bf800 2616       3       org.lerot.mycontact.mcKeyValueDataType::makeArray (255 bytes)
Event: 13.611 Thread 0x00007efc8c0bf800 nmethod 2616 0x00007efc7d566510 code [0x00007efc7d566aa0, 0x00007efc7d56a9e8]
Event: 13.611 Thread 0x00007efc8c0bf800 2615       3       org.lerot.mycontact.mcNameDataType::makeArray (13 bytes)
Event: 13.612 Thread 0x00007efc8c0bf800 nmethod 2615 0x00007efc7d44af10 code [0x00007efc7d44b080, 0x00007efc7d44b2a8]
Event: 13.620 Thread 0x00007efc8c0ba800 2617       4       java.util.regex.Pattern$BnM::match (161 bytes)

GC Heap History (10 events):
Event: 3.708 GC heap before
{Heap before GC invocations=1 (full 0):
 PSYoungGen      total 36864K, used 31744K [0x00000000d7100000, 0x00000000d9a00000, 0x0000000100000000)
  eden space 31744K, 100% used [0x00000000d7100000,0x00000000d9000000,0x00000000d9000000)
  from space 5120K, 0% used [0x00000000d9500000,0x00000000d9500000,0x00000000d9a00000)
  to   space 5120K, 0% used [0x00000000d9000000,0x00000000d9000000,0x00000000d9500000)
 ParOldGen       total 84992K, used 0K [0x0000000085200000, 0x000000008a500000, 0x00000000d7100000)
  object space 84992K, 0% used [0x0000000085200000,0x0000000085200000,0x000000008a500000)
 Metaspace       used 18700K, capacity 18892K, committed 19328K, reserved 1067008K
  class space    used 2486K, capacity 2578K, committed 2688K, reserved 1048576K
Event: 3.731 GC heap after
Heap after GC invocations=1 (full 0):
 PSYoungGen      total 36864K, used 5119K [0x00000000d7100000, 0x00000000d9a00000, 0x0000000100000000)
  eden space 31744K, 0% used [0x00000000d7100000,0x00000000d7100000,0x00000000d9000000)
  from space 5120K, 99% used [0x00000000d9000000,0x00000000d94ffcf0,0x00000000d9500000)
  to   space 5120K, 0% used [0x00000000d9500000,0x00000000d9500000,0x00000000d9a00000)
 ParOldGen       total 84992K, used 1653K [0x0000000085200000, 0x000000008a500000, 0x00000000d7100000)
  object space 84992K, 1% used [0x0000000085200000,0x000000008539d440,0x000000008a500000)
 Metaspace       used 18700K, capacity 18892K, committed 19328K, reserved 1067008K
  class space    used 2486K, capacity 2578K, committed 2688K, reserved 1048576K
}
Event: 5.787 GC heap before
{Heap before GC invocations=2 (full 0):
 PSYoungGen      total 36864K, used 36863K [0x00000000d7100000, 0x00000000d9a00000, 0x0000000100000000)
  eden space 31744K, 100% used [0x00000000d7100000,0x00000000d9000000,0x00000000d9000000)
  from space 5120K, 99% used [0x00000000d9000000,0x00000000d94ffcf0,0x00000000d9500000)
  to   space 5120K, 0% used [0x00000000d9500000,0x00000000d9500000,0x00000000d9a00000)
 ParOldGen       total 84992K, used 1653K [0x0000000085200000, 0x000000008a500000, 0x00000000d7100000)
  object space 84992K, 1% used [0x0000000085200000,0x000000008539d440,0x000000008a500000)
 Metaspace       used 18983K, capacity 19218K, committed 19584K, reserved 1067008K
  class space    used 2488K, capacity 2579K, committed 2688K, reserved 1048576K
Event: 5.811 GC heap after
Heap after GC invocations=2 (full 0):
 PSYoungGen      total 36864K, used 5104K [0x00000000d7100000, 0x00000000d9a00000, 0x0000000100000000)
  eden space 31744K, 0% used [0x00000000d7100000,0x00000000d7100000,0x00000000d9000000)
  from space 5120K, 99% used [0x00000000d9500000,0x00000000d99fc040,0x00000000d9a00000)
  to   space 5120K, 0% used [0x00000000d9000000,0x00000000d9000000,0x00000000d9500000)
 ParOldGen       total 84992K, used 3545K [0x0000000085200000, 0x000000008a500000, 0x00000000d7100000)
  object space 84992K, 4% used [0x0000000085200000,0x0000000085576598,0x000000008a500000)
 Metaspace       used 18983K, capacity 19218K, committed 19584K, reserved 1067008K
  class space    used 2488K, capacity 2579K, committed 2688K, reserved 1048576K
}
Event: 7.656 GC heap before
{Heap before GC invocations=3 (full 0):
 PSYoungGen      total 36864K, used 36848K [0x00000000d7100000, 0x00000000d9a00000, 0x0000000100000000)
  eden space 31744K, 100% used [0x00000000d7100000,0x00000000d9000000,0x00000000d9000000)
  from space 5120K, 99% used [0x00000000d9500000,0x00000000d99fc040,0x00000000d9a00000)
  to   space 5120K, 0% used [0x00000000d9000000,0x00000000d9000000,0x00000000d9500000)
 ParOldGen       total 84992K, used 3545K [0x0000000085200000, 0x000000008a500000, 0x00000000d7100000)
  object space 84992K, 4% used [0x0000000085200000,0x0000000085576598,0x000000008a500000)
 Metaspace       used 19929K, capacity 20182K, committed 20608K, reserved 1067008K
  class space    used 2550K, capacity 2643K, committed 2688K, reserved 1048576K
Event: 7.690 GC heap after
Heap after GC invocations=3 (full 0):
 PSYoungGen      total 36864K, used 5088K [0x00000000d7100000, 0x00000000db900000, 0x0000000100000000)
  eden space 31744K, 0% used [0x00000000d7100000,0x00000000d7100000,0x00000000d9000000)
  from space 5120K, 99% used [0x00000000d9000000,0x00000000d94f8070,0x00000000d9500000)
  to   space 5120K, 0% used [0x00000000db400000,0x00000000db400000,0x00000000db900000)
 ParOldGen       total 84992K, used 5200K [0x0000000085200000, 0x000000008a500000, 0x00000000d7100000)
  object space 84992K, 6% used [0x0000000085200000,0x0000000085714048,0x000000008a500000)
 Metaspace       used 19929K, capacity 20182K, committed 20608K, reserved 1067008K
  class space    used 2550K, capacity 2643K, committed 2688K, reserved 1048576K
}
Event: 8.999 GC heap before
{Heap before GC invocations=4 (full 0):
 PSYoungGen      total 36864K, used 36832K [0x00000000d7100000, 0x00000000db900000, 0x0000000100000000)
  eden space 31744K, 100% used [0x00000000d7100000,0x00000000d9000000,0x00000000d9000000)
  from space 5120K, 99% used [0x00000000d9000000,0x00000000d94f8070,0x00000000d9500000)
  to   space 5120K, 0% used [0x00000000db400000,0x00000000db400000,0x00000000db900000)
 ParOldGen       total 84992K, used 5200K [0x0000000085200000, 0x000000008a500000, 0x00000000d7100000)
  object space 84992K, 6% used [0x0000000085200000,0x0000000085714048,0x000000008a500000)
 Metaspace       used 20100K, capacity 20310K, committed 20608K, reserved 1067008K
  class space    used 2567K, capacity 2643K, committed 2688K, reserved 1048576K
Event: 9.020 GC heap after
Heap after GC invocations=4 (full 0):
 PSYoungGen      total 68608K, used 5104K [0x00000000d7100000, 0x00000000db900000, 0x0000000100000000)
  eden space 63488K, 0% used [0x00000000d7100000,0x00000000d7100000,0x00000000daf00000)
  from space 5120K, 99% used [0x00000000db400000,0x00000000db8fc040,0x00000000db900000)
  to   space 5120K, 0% used [0x00000000daf00000,0x00000000daf00000,0x00000000db400000)
 ParOldGen       total 84992K, used 5808K [0x0000000085200000, 0x000000008a500000, 0x00000000d7100000)
  object space 84992K, 6% used [0x0000000085200000,0x00000000857ac048,0x000000008a500000)
 Metaspace       used 20100K, capacity 20310K, committed 20608K, reserved 1067008K
  class space    used 2567K, capacity 2643K, committed 2688K, reserved 1048576K
}
Event: 12.297 GC heap before
{Heap before GC invocations=5 (full 0):
 PSYoungGen      total 68608K, used 68592K [0x00000000d7100000, 0x00000000db900000, 0x0000000100000000)
  eden space 63488K, 100% used [0x00000000d7100000,0x00000000daf00000,0x00000000daf00000)
  from space 5120K, 99% used [0x00000000db400000,0x00000000db8fc040,0x00000000db900000)
  to   space 5120K, 0% used [0x00000000daf00000,0x00000000daf00000,0x00000000db400000)
 ParOldGen       total 84992K, used 5808K [0x0000000085200000, 0x000000008a500000, 0x00000000d7100000)
  object space 84992K, 6% used [0x0000000085200000,0x00000000857ac048,0x000000008a500000)
 Metaspace       used 20249K, capacity 20502K, committed 20864K, reserved 1067008K
  class space    used 2567K, capacity 2643K, committed 2688K, reserved 1048576K
Event: 12.329 GC heap after
Heap after GC invocations=5 (full 0):
 PSYoungGen      total 68608K, used 5088K [0x00000000d7100000, 0x00000000dfd00000, 0x0000000100000000)
  eden space 63488K, 0% used [0x00000000d7100000,0x00000000d7100000,0x00000000daf00000)
  from space 5120K, 99% used [0x00000000daf00000,0x00000000db3f8050,0x00000000db400000)
  to   space 8192K, 0% used [0x00000000df500000,0x00000000df500000,0x00000000dfd00000)
 ParOldGen       total 84992K, used 8288K [0x0000000085200000, 0x000000008a500000, 0x00000000d7100000)
  object space 84992K, 9% used [0x0000000085200000,0x0000000085a18190,0x000000008a500000)
 Metaspace       used 20249K, capacity 20502K, committed 20864K, reserved 1067008K
  class space    used 2567K, capacity 2643K, committed 2688K, reserved 1048576K
}

Deoptimization events (10 events):
Event: 6.211 Thread 0x00007efc8c505000 Uncommon trap: reason=class_check action=maybe_recompile pc=0x00007efc7d50636c method=java.util.regex.Matcher.search(I)Z @ 86
Event: 6.211 Thread 0x00007efc8c505000 Uncommon trap: reason=class_check action=maybe_recompile pc=0x00007efc7d50636c method=java.util.regex.Matcher.search(I)Z @ 86
Event: 6.214 Thread 0x00007efc8c505000 Uncommon trap: reason=class_check action=maybe_recompile pc=0x00007efc7d50636c method=java.util.regex.Matcher.search(I)Z @ 86
Event: 6.214 Thread 0x00007efc8c505000 Uncommon trap: reason=class_check action=maybe_recompile pc=0x00007efc7d50636c method=java.util.regex.Matcher.search(I)Z @ 86
Event: 6.433 Thread 0x00007efc8c00b800 Uncommon trap: reason=bimorphic action=maybe_recompile pc=0x00007efc7d2f893c method=java.util.HashMap.putVal(ILjava/lang/Object;Ljava/lang/Object;ZZ)Ljava/lang/Object; @ 253
Event: 7.011 Thread 0x00007efc8c00b800 Uncommon trap: reason=class_check action=maybe_recompile pc=0x00007efc7d637914 method=java.util.regex.Pattern$BmpCharProperty.match(Ljava/util/regex/Matcher;ILjava/lang/CharSequence;)Z @ 31
Event: 7.021 Thread 0x00007efc8c00b800 Uncommon trap: reason=class_check action=maybe_recompile pc=0x00007efc7d637914 method=java.util.regex.Pattern$BmpCharProperty.match(Ljava/util/regex/Matcher;ILjava/lang/CharSequence;)Z @ 31
Event: 7.069 Thread 0x00007efc8c00b800 Uncommon trap: reason=class_check action=maybe_recompile pc=0x00007efc7d637914 method=java.util.regex.Pattern$BmpCharProperty.match(Ljava/util/regex/Matcher;ILjava/lang/CharSequence;)Z @ 31
Event: 7.077 Thread 0x00007efc8c00b800 Uncommon trap: reason=class_check action=maybe_recompile pc=0x00007efc7d637914 method=java.util.regex.Pattern$BmpCharProperty.match(Ljava/util/regex/Matcher;ILjava/lang/CharSequence;)Z @ 31
Event: 8.779 Thread 0x00007efc8c505000 Uncommon trap: reason=unstable_if action=reinterpret pc=0x00007efc7d75a8c4 method=java.util.HashMap.removeNode(ILjava/lang/Object;Ljava/lang/Object;ZZ)Ljava/util/HashMap$Node; @ 34

Classes redefined (0 events):
No events

Internal exceptions (10 events):
Event: 11.536 Thread 0x00007efc8c00b800 Implicit null exception at 0x00007efc7d41ec24 to 0x00007efc7d41f713
Event: 11.536 Thread 0x00007efc8c00b800 Exception <a 'java/lang/NullPointerException'> (0x00000000da3b64b8) thrown at [/HUDSON/workspace/8-2-build-linux-amd64/jdk8u201/12317/hotspot/src/share/vm/runtime/sharedRuntime.cpp, line 605]
Event: 11.541 Thread 0x00007efc8c00b800 Implicit null exception at 0x00007efc7d41ec24 to 0x00007efc7d41f713
Event: 11.541 Thread 0x00007efc8c00b800 Exception <a 'java/lang/NullPointerException'> (0x00000000da3e4878) thrown at [/HUDSON/workspace/8-2-build-linux-amd64/jdk8u201/12317/hotspot/src/share/vm/runtime/sharedRuntime.cpp, line 605]
Event: 13.626 Thread 0x00007efc8c505000 Implicit null exception at 0x00007efc7d41ec24 to 0x00007efc7d41f713
Event: 13.627 Thread 0x00007efc8c505000 Exception <a 'java/lang/NullPointerException'> (0x00000000d9114e78) thrown at [/HUDSON/workspace/8-2-build-linux-amd64/jdk8u201/12317/hotspot/src/share/vm/runtime/sharedRuntime.cpp, line 605]
Event: 13.627 Thread 0x00007efc8c505000 Implicit null exception at 0x00007efc7d41ec24 to 0x00007efc7d41f713
Event: 13.627 Thread 0x00007efc8c505000 Exception <a 'java/lang/NullPointerException'> (0x00000000d9115300) thrown at [/HUDSON/workspace/8-2-build-linux-amd64/jdk8u201/12317/hotspot/src/share/vm/runtime/sharedRuntime.cpp, line 605]
Event: 13.630 Thread 0x00007efc8c505000 Implicit null exception at 0x00007efc7d41ec24 to 0x00007efc7d41f713
Event: 13.630 Thread 0x00007efc8c505000 Exception <a 'java/lang/NullPointerException'> (0x00000000d911f1e8) thrown at [/HUDSON/workspace/8-2-build-linux-amd64/jdk8u201/12317/hotspot/src/share/vm/runtime/sharedRuntime.cpp, line 605]

Events (10 events):
Event: 13.624 Executing VM operation: RevokeBias
Event: 13.624 Executing VM operation: RevokeBias done
Event: 13.624 Executing VM operation: RevokeBias
Event: 13.624 Executing VM operation: RevokeBias done
Event: 13.625 Executing VM operation: RevokeBias
Event: 13.625 Executing VM operation: RevokeBias done
Event: 13.625 Executing VM operation: BulkRevokeBias
Event: 13.625 Executing VM operation: BulkRevokeBias done
Event: 13.631 Executing VM operation: RevokeBias
Event: 13.631 Executing VM operation: RevokeBias done


Dynamic libraries:
00400000-00401000 r-xp 00000000 08:02 10231385                           /usr/lib/jvm/java-8-oracle/bin/java
00600000-00601000 r--p 00000000 08:02 10231385                           /usr/lib/jvm/java-8-oracle/bin/java
00601000-00602000 rw-p 00001000 08:02 10231385                           /usr/lib/jvm/java-8-oracle/bin/java
017cd000-017ee000 rw-p 00000000 00:00 0                                  [heap]
85200000-8a500000 rw-p 00000000 00:00 0 
8a500000-d7100000 ---p 00000000 00:00 0 
d7100000-dfd00000 rw-p 00000000 00:00 0 
dfd00000-100000000 ---p 00000000 00:00 0 
100000000-1002a0000 rw-p 00000000 00:00 0 
1002a0000-140000000 ---p 00000000 00:00 0 
7efc24000000-7efc2419f000 rw-p 00000000 00:00 0 
7efc2419f000-7efc28000000 ---p 00000000 00:00 0 
7efc28000000-7efc28021000 rw-p 00000000 00:00 0 
7efc28021000-7efc2c000000 ---p 00000000 00:00 0 
7efc2c000000-7efc2c021000 rw-p 00000000 00:00 0 
7efc2c021000-7efc30000000 ---p 00000000 00:00 0 
7efc30000000-7efc30029000 rw-p 00000000 00:00 0 
7efc30029000-7efc34000000 ---p 00000000 00:00 0 
7efc34fff000-7efc38000000 rw-p 00000000 00:00 0 
7efc38000000-7efc38021000 rw-p 00000000 00:00 0 
7efc38021000-7efc3c000000 ---p 00000000 00:00 0 
7efc3c000000-7efc3c032000 rw-p 00000000 00:00 0 
7efc3c032000-7efc40000000 ---p 00000000 00:00 0 
7efc40000000-7efc40021000 rw-p 00000000 00:00 0 
7efc40021000-7efc44000000 ---p 00000000 00:00 0 
7efc44000000-7efc44021000 rw-p 00000000 00:00 0 
7efc44021000-7efc48000000 ---p 00000000 00:00 0 
7efc48000000-7efc4947d000 rw-p 00000000 00:00 0 
7efc4947d000-7efc4c000000 ---p 00000000 00:00 0 
7efc4c000000-7efc4c6d4000 rw-p 00000000 00:00 0 
7efc4c6d4000-7efc50000000 ---p 00000000 00:00 0 
7efc50000000-7efc50021000 rw-p 00000000 00:00 0 
7efc50021000-7efc54000000 ---p 00000000 00:00 0 
7efc54000000-7efc54ae0000 rw-p 00000000 00:00 0 
7efc54ae0000-7efc58000000 ---p 00000000 00:00 0 
7efc58000000-7efc58021000 rw-p 00000000 00:00 0 
7efc58021000-7efc5c000000 ---p 00000000 00:00 0 
7efc5c000000-7efc5c021000 rw-p 00000000 00:00 0 
7efc5c021000-7efc60000000 ---p 00000000 00:00 0 
7efc60ded000-7efc611d3000 rw-p 00000000 00:00 0 
7efc611d3000-7efc61213000 ---p 00000000 00:00 0 
7efc61213000-7efc61413000 rw-p 00000000 00:00 0 
7efc61413000-7efc614c2000 r-xp 00000000 08:02 4980803                    /tmp/sqlite-3.7.151-amd64-libsqlitejdbc.so
7efc614c2000-7efc616c2000 ---p 000af000 08:02 4980803                    /tmp/sqlite-3.7.151-amd64-libsqlitejdbc.so
7efc616c2000-7efc616c4000 r--p 000af000 08:02 4980803                    /tmp/sqlite-3.7.151-amd64-libsqlitejdbc.so
7efc616c4000-7efc616c6000 rw-p 000b1000 08:02 4980803                    /tmp/sqlite-3.7.151-amd64-libsqlitejdbc.so
7efc616c6000-7efc618c7000 rw-p 00000000 00:00 0 
7efc618c7000-7efc618ca000 ---p 00000000 00:00 0 
7efc618ca000-7efc619c8000 rw-p 00000000 00:00 0 
7efc619c8000-7efc619cb000 ---p 00000000 00:00 0 
7efc619cb000-7efc61ac9000 rw-p 00000000 00:00 0 
7efc61ac9000-7efc61acc000 ---p 00000000 00:00 0 
7efc61acc000-7efc61dca000 rw-p 00000000 00:00 0 
7efc61dca000-7efc61e36000 r-xp 00000000 08:02 10621126                   /usr/lib/jvm/java-8-oracle/jre/lib/amd64/libt2k.so
7efc61e36000-7efc62036000 ---p 0006c000 08:02 10621126                   /usr/lib/jvm/java-8-oracle/jre/lib/amd64/libt2k.so
7efc62036000-7efc6203c000 r--p 0006c000 08:02 10621126                   /usr/lib/jvm/java-8-oracle/jre/lib/amd64/libt2k.so
7efc6203c000-7efc6203d000 rw-p 00072000 08:02 10621126                   /usr/lib/jvm/java-8-oracle/jre/lib/amd64/libt2k.so
7efc6203d000-7efc6204e000 r-xp 00000000 08:02 10621167                   /usr/lib/jvm/java-8-oracle/jre/lib/amd64/libnio.so
7efc6204e000-7efc6224d000 ---p 00011000 08:02 10621167                   /usr/lib/jvm/java-8-oracle/jre/lib/amd64/libnio.so
7efc6224d000-7efc6224e000 r--p 00010000 08:02 10621167                   /usr/lib/jvm/java-8-oracle/jre/lib/amd64/libnio.so
7efc6224e000-7efc6224f000 rw-p 00011000 08:02 10621167                   /usr/lib/jvm/java-8-oracle/jre/lib/amd64/libnio.so
7efc6224f000-7efc62265000 r-xp 00000000 08:02 10621164                   /usr/lib/jvm/java-8-oracle/jre/lib/amd64/libnet.so
7efc62265000-7efc62465000 ---p 00016000 08:02 10621164                   /usr/lib/jvm/java-8-oracle/jre/lib/amd64/libnet.so
7efc62465000-7efc62466000 r--p 00016000 08:02 10621164                   /usr/lib/jvm/java-8-oracle/jre/lib/amd64/libnet.so
7efc62466000-7efc62467000 rw-p 00017000 08:02 10621164                   /usr/lib/jvm/java-8-oracle/jre/lib/amd64/libnet.so
7efc62467000-7efc62667000 rw-p 00000000 00:00 0 
7efc62667000-7efc6266a000 ---p 00000000 00:00 0 
7efc6266a000-7efc62768000 rw-p 00000000 00:00 0 
7efc62768000-7efc6276b000 ---p 00000000 00:00 0 
7efc6276b000-7efc62869000 rw-p 00000000 00:00 0 
7efc62869000-7efc6286c000 ---p 00000000 00:00 0 
7efc6286c000-7efc6296a000 rw-p 00000000 00:00 0 
7efc6296a000-7efc6296d000 r--p 00000000 08:02 9961555                    /lib/x86_64-linux-gnu/libgcc_s.so.1
7efc6296d000-7efc6297f000 r-xp 00003000 08:02 9961555                    /lib/x86_64-linux-gnu/libgcc_s.so.1
7efc6297f000-7efc62983000 r--p 00015000 08:02 9961555                    /lib/x86_64-linux-gnu/libgcc_s.so.1
7efc62983000-7efc62984000 r--p 00018000 08:02 9961555                    /lib/x86_64-linux-gnu/libgcc_s.so.1
7efc62984000-7efc62985000 rw-p 00019000 08:02 9961555                    /lib/x86_64-linux-gnu/libgcc_s.so.1
7efc62985000-7efc629e2000 r-xp 00000000 08:02 10621144                   /usr/lib/jvm/java-8-oracle/jre/lib/amd64/libfontmanager.so
7efc629e2000-7efc62be2000 ---p 0005d000 08:02 10621144                   /usr/lib/jvm/java-8-oracle/jre/lib/amd64/libfontmanager.so
7efc62be2000-7efc62be5000 r--p 0005d000 08:02 10621144                   /usr/lib/jvm/java-8-oracle/jre/lib/amd64/libfontmanager.so
7efc62be5000-7efc62be6000 rw-p 00060000 08:02 10621144                   /usr/lib/jvm/java-8-oracle/jre/lib/amd64/libfontmanager.so
7efc62be6000-7efc62bea000 r--p 00000000 08:02 10226471                   /usr/lib/x86_64-linux-gnu/libbsd.so.0.10.0
7efc62bea000-7efc62bf9000 r-xp 00004000 08:02 10226471                   /usr/lib/x86_64-linux-gnu/libbsd.so.0.10.0
7efc62bf9000-7efc62bfc000 r--p 00013000 08:02 10226471                   /usr/lib/x86_64-linux-gnu/libbsd.so.0.10.0
7efc62bfc000-7efc62bfd000 ---p 00016000 08:02 10226471                   /usr/lib/x86_64-linux-gnu/libbsd.so.0.10.0
7efc62bfd000-7efc62bfe000 r--p 00016000 08:02 10226471                   /usr/lib/x86_64-linux-gnu/libbsd.so.0.10.0
7efc62bfe000-7efc62bff000 rw-p 00017000 08:02 10226471                   /usr/lib/x86_64-linux-gnu/libbsd.so.0.10.0
7efc62bff000-7efc62c00000 rw-p 00000000 00:00 0 
7efc62c00000-7efc62c05000 r-xp 00000000 08:02 10229326                   /usr/lib/x86_64-linux-gnu/libXtst.so.6.1.0
7efc62c05000-7efc62e04000 ---p 00005000 08:02 10229326                   /usr/lib/x86_64-linux-gnu/libXtst.so.6.1.0
7efc62e04000-7efc62e05000 r--p 00004000 08:02 10229326                   /usr/lib/x86_64-linux-gnu/libXtst.so.6.1.0
7efc62e05000-7efc62e06000 rw-p 00005000 08:02 10229326                   /usr/lib/x86_64-linux-gnu/libXtst.so.6.1.0
7efc62e06000-7efc62e0f000 r-xp 00000000 08:02 10229320                   /usr/lib/x86_64-linux-gnu/libXrender.so.1.3.0
7efc62e0f000-7efc6300e000 ---p 00009000 08:02 10229320                   /usr/lib/x86_64-linux-gnu/libXrender.so.1.3.0
7efc6300e000-7efc6300f000 r--p 00008000 08:02 10229320                   /usr/lib/x86_64-linux-gnu/libXrender.so.1.3.0
7efc6300f000-7efc63010000 rw-p 00009000 08:02 10229320                   /usr/lib/x86_64-linux-gnu/libXrender.so.1.3.0
7efc63010000-7efc63063000 r-xp 00000000 08:02 10621171                   /usr/lib/jvm/java-8-oracle/jre/lib/amd64/libawt_xawt.so
7efc63063000-7efc63262000 ---p 00053000 08:02 10621171                   /usr/lib/jvm/java-8-oracle/jre/lib/amd64/libawt_xawt.so
7efc63262000-7efc63263000 r--p 00052000 08:02 10621171                   /usr/lib/jvm/java-8-oracle/jre/lib/amd64/libawt_xawt.so
7efc63263000-7efc63266000 rw-p 00053000 08:02 10621171                   /usr/lib/jvm/java-8-oracle/jre/lib/amd64/libawt_xawt.so
7efc63266000-7efc63267000 rw-p 00000000 00:00 0 
7efc63267000-7efc63307000 r-xp 00000000 08:02 10621157                   /usr/lib/jvm/java-8-oracle/jre/lib/amd64/libawt.so
7efc63307000-7efc63506000 ---p 000a0000 08:02 10621157                   /usr/lib/jvm/java-8-oracle/jre/lib/amd64/libawt.so
7efc63506000-7efc63507000 r--p 0009f000 08:02 10621157                   /usr/lib/jvm/java-8-oracle/jre/lib/amd64/libawt.so
7efc63507000-7efc63512000 rw-p 000a0000 08:02 10621157                   /usr/lib/jvm/java-8-oracle/jre/lib/amd64/libawt.so
7efc63512000-7efc63537000 rw-p 00000000 00:00 0 
7efc63537000-7efc64000000 r--p 00000000 08:02 10223878                   /usr/lib/locale/locale-archive
7efc64000000-7efc64021000 rw-p 00000000 00:00 0 
7efc64021000-7efc68000000 ---p 00000000 00:00 0 
7efc68000000-7efc68029000 rw-p 00000000 00:00 0 
7efc68029000-7efc6c000000 ---p 00000000 00:00 0 
7efc6c000000-7efc6c021000 rw-p 00000000 00:00 0 
7efc6c021000-7efc70000000 ---p 00000000 00:00 0 
7efc70000000-7efc70021000 rw-p 00000000 00:00 0 
7efc70021000-7efc74000000 ---p 00000000 00:00 0 
7efc74000000-7efc74021000 rw-p 00000000 00:00 0 
7efc74021000-7efc78000000 ---p 00000000 00:00 0 
7efc78001000-7efc78003000 r--p 00000000 08:02 10229307                   /usr/lib/x86_64-linux-gnu/libXfixes.so.3.1.0
7efc78003000-7efc78006000 r-xp 00002000 08:02 10229307                   /usr/lib/x86_64-linux-gnu/libXfixes.so.3.1.0
7efc78006000-7efc78007000 r--p 00005000 08:02 10229307                   /usr/lib/x86_64-linux-gnu/libXfixes.so.3.1.0
7efc78007000-7efc78008000 r--p 00005000 08:02 10229307                   /usr/lib/x86_64-linux-gnu/libXfixes.so.3.1.0
7efc78008000-7efc78009000 rw-p 00006000 08:02 10229307                   /usr/lib/x86_64-linux-gnu/libXfixes.so.3.1.0
7efc78009000-7efc7800c000 r--p 00000000 08:02 10235749                   /usr/lib/x86_64-linux-gnu/libXcursor.so.1.0.2
7efc7800c000-7efc78012000 r-xp 00003000 08:02 10235749                   /usr/lib/x86_64-linux-gnu/libXcursor.so.1.0.2
7efc78012000-7efc78014000 r--p 00009000 08:02 10235749                   /usr/lib/x86_64-linux-gnu/libXcursor.so.1.0.2
7efc78014000-7efc78015000 r--p 0000a000 08:02 10235749                   /usr/lib/x86_64-linux-gnu/libXcursor.so.1.0.2
7efc78015000-7efc78016000 rw-p 0000b000 08:02 10235749                   /usr/lib/x86_64-linux-gnu/libXcursor.so.1.0.2
7efc78016000-7efc78018000 r--p 00000000 08:02 10230722                   /usr/lib/x86_64-linux-gnu/libXdmcp.so.6.0.0
7efc78018000-7efc7801a000 r-xp 00002000 08:02 10230722                   /usr/lib/x86_64-linux-gnu/libXdmcp.so.6.0.0
7efc7801a000-7efc7801c000 r--p 00004000 08:02 10230722                   /usr/lib/x86_64-linux-gnu/libXdmcp.so.6.0.0
7efc7801c000-7efc7801d000 r--p 00005000 08:02 10230722                   /usr/lib/x86_64-linux-gnu/libXdmcp.so.6.0.0
7efc7801d000-7efc7801e000 rw-p 00006000 08:02 10230722                   /usr/lib/x86_64-linux-gnu/libXdmcp.so.6.0.0
7efc7801e000-7efc7801f000 r--p 00000000 08:02 10225725                   /usr/lib/x86_64-linux-gnu/libXau.so.6.0.0
7efc7801f000-7efc78021000 r-xp 00001000 08:02 10225725                   /usr/lib/x86_64-linux-gnu/libXau.so.6.0.0
7efc78021000-7efc78022000 r--p 00003000 08:02 10225725                   /usr/lib/x86_64-linux-gnu/libXau.so.6.0.0
7efc78022000-7efc78023000 r--p 00003000 08:02 10225725                   /usr/lib/x86_64-linux-gnu/libXau.so.6.0.0
7efc78023000-7efc78024000 rw-p 00004000 08:02 10225725                   /usr/lib/x86_64-linux-gnu/libXau.so.6.0.0
7efc78024000-7efc7802f000 r--p 00000000 08:02 10225477                   /usr/lib/x86_64-linux-gnu/libxcb.so.1.1.0
7efc7802f000-7efc78043000 r-xp 0000b000 08:02 10225477                   /usr/lib/x86_64-linux-gnu/libxcb.so.1.1.0
7efc78043000-7efc7804c000 r--p 0001f000 08:02 10225477                   /usr/lib/x86_64-linux-gnu/libxcb.so.1.1.0
7efc7804c000-7efc7804d000 r--p 00027000 08:02 10225477                   /usr/lib/x86_64-linux-gnu/libxcb.so.1.1.0
7efc7804d000-7efc7804e000 rw-p 00028000 08:02 10225477                   /usr/lib/x86_64-linux-gnu/libxcb.so.1.1.0
7efc7804e000-7efc78050000 r--p 00000000 08:02 10229317                   /usr/lib/x86_64-linux-gnu/libXi.so.6.1.0
7efc78050000-7efc7805b000 r-xp 00002000 08:02 10229317                   /usr/lib/x86_64-linux-gnu/libXi.so.6.1.0
7efc7805b000-7efc7805e000 r--p 0000d000 08:02 10229317                   /usr/lib/x86_64-linux-gnu/libXi.so.6.1.0
7efc7805e000-7efc7805f000 r--p 0000f000 08:02 10229317                   /usr/lib/x86_64-linux-gnu/libXi.so.6.1.0
7efc7805f000-7efc78060000 rw-p 00010000 08:02 10229317                   /usr/lib/x86_64-linux-gnu/libXi.so.6.1.0
7efc78060000-7efc78078000 r--p 00000000 08:02 10228499                   /usr/lib/x86_64-linux-gnu/libX11.so.6.3.0
7efc78078000-7efc78103000 r-xp 00018000 08:02 10228499                   /usr/lib/x86_64-linux-gnu/libX11.so.6.3.0
7efc78103000-7efc78197000 r--p 000a3000 08:02 10228499                   /usr/lib/x86_64-linux-gnu/libX11.so.6.3.0
7efc78197000-7efc78198000 ---p 00137000 08:02 10228499                   /usr/lib/x86_64-linux-gnu/libX11.so.6.3.0
7efc78198000-7efc78199000 r--p 00137000 08:02 10228499                   /usr/lib/x86_64-linux-gnu/libX11.so.6.3.0
7efc78199000-7efc7819d000 rw-p 00138000 08:02 10228499                   /usr/lib/x86_64-linux-gnu/libX11.so.6.3.0
7efc7819d000-7efc781a1000 r--p 00000000 08:02 10231132                   /usr/lib/x86_64-linux-gnu/libXext.so.6.4.0
7efc781a1000-7efc781ac000 r-xp 00004000 08:02 10231132                   /usr/lib/x86_64-linux-gnu/libXext.so.6.4.0
7efc781ac000-7efc781b0000 r--p 0000f000 08:02 10231132                   /usr/lib/x86_64-linux-gnu/libXext.so.6.4.0
7efc781b0000-7efc781b1000 r--p 00012000 08:02 10231132                   /usr/lib/x86_64-linux-gnu/libXext.so.6.4.0
7efc781b1000-7efc781b2000 rw-p 00013000 08:02 10231132                   /usr/lib/x86_64-linux-gnu/libXext.so.6.4.0
7efc781d3000-7efc781d7000 r--s 000a1000 08:02 10490881                   /usr/lib/jvm/java-8-oracle/jre/lib/jsse.jar
7efc781d7000-7efc781ea000 r--s 00345000 08:02 10490862                   /usr/lib/jvm/java-8-oracle/jre/lib/resources.jar
7efc781ea000-7efc781f2000 r--s 00099000 08:02 6039623                    /home/paul/workspace/MyContactsv12/lib/javax.mail.jar
7efc781f2000-7efc781f9000 r--s 00062000 08:02 6039513                    /home/paul/workspace/MyContactsv12/lib/ez-vcard-0.10.5.jar
7efc781f9000-7efc781ff000 r--s 00033000 08:02 6040483                    /home/paul/workspace/MyContactsv12/lib/jaxen-1.1.6.jar
7efc781ff000-7efc78206000 r--s 0003f000 08:02 6039510                    /home/paul/workspace/MyContactsv12/lib/commons-codec-1.10.jar
7efc78206000-7efc7820f000 r--s 0002d000 08:02 6040493                    /home/paul/workspace/MyContactsv12/lib/xml-apis.jar
7efc7820f000-7efc78228000 r--s 00135000 08:02 6040503                    /home/paul/workspace/MyContactsv12/lib/xercesImpl.jar
7efc78228000-7efc7822a000 r--s 00380000 08:02 6040508                    /home/paul/workspace/MyContactsv12/lib/sqlite-jdbc-3.7.15-M1.jar
7efc7822a000-7efc78231000 r--s 00069000 08:02 6040489                    /home/paul/workspace/MyContactsv12/lib/simple-odf-0.6.6.jar
7efc78231000-7efc78277000 r--s 002ec000 08:02 6040499                    /home/paul/workspace/MyContactsv12/lib/odfdom-java-0.8.7.jar
7efc78277000-7efc78280000 r--s 00055000 08:02 6040486                    /home/paul/workspace/MyContactsv12/lib/looks-2.1-pre2.jar
7efc78280000-7efc78281000 ---p 00000000 00:00 0 
7efc78281000-7efc78381000 rw-p 00000000 00:00 0 
7efc78381000-7efc78384000 ---p 00000000 00:00 0 
7efc78384000-7efc78482000 rw-p 00000000 00:00 0 
7efc78482000-7efc78483000 ---p 00000000 00:00 0 
7efc78483000-7efc78486000 ---p 00000000 00:00 0 
7efc78486000-7efc78583000 rw-p 00000000 00:00 0 
7efc78583000-7efc78584000 ---p 00000000 00:00 0 
7efc78584000-7efc78587000 ---p 00000000 00:00 0 
7efc78587000-7efc78684000 rw-p 00000000 00:00 0 
7efc78684000-7efc78685000 ---p 00000000 00:00 0 
7efc78685000-7efc78688000 ---p 00000000 00:00 0 
7efc78688000-7efc78785000 rw-p 00000000 00:00 0 
7efc78785000-7efc78788000 ---p 00000000 00:00 0 
7efc78788000-7efc78886000 rw-p 00000000 00:00 0 
7efc78886000-7efc78889000 ---p 00000000 00:00 0 
7efc78889000-7efc78987000 rw-p 00000000 00:00 0 
7efc78987000-7efc7898a000 ---p 00000000 00:00 0 
7efc7898a000-7efc78a88000 rw-p 00000000 00:00 0 
7efc78a88000-7efc78a89000 ---p 00000000 00:00 0 
7efc78a89000-7efc7d000000 rw-p 00000000 00:00 0 
7efc7d000000-7efc7d850000 rwxp 00000000 00:00 0 
7efc7d850000-7efc8c000000 ---p 00000000 00:00 0 
7efc8c000000-7efc8c817000 rw-p 00000000 00:00 0 
7efc8c817000-7efc90000000 ---p 00000000 00:00 0 
7efc90000000-7efc90005000 r--s 002f9000 08:02 10490822                   /usr/lib/jvm/java-8-oracle/jre/lib/charsets.jar
7efc90005000-7efc90007000 r--s 00000000 08:02 6040476                    /home/paul/workspace/MyContactsv12/lib/javabase64-1.3.1.jar
7efc90007000-7efc9001d000 r--s 001f6000 08:02 6040497                    /home/paul/workspace/MyContactsv12/lib/itextpdf-5.5.3.jar
7efc9001d000-7efc9001f000 r--s 00036000 08:02 6040472                    /home/paul/workspace/MyContactsv12/lib/imgscalr-lib-4.2.jar
7efc9001f000-7efc90024000 r--s 00048000 08:02 6040480                    /home/paul/workspace/MyContactsv12/lib/dom4j-1.6.1.jar
7efc90024000-7efc90027000 r--s 00014000 08:02 6040471                    /home/paul/workspace/MyContactsv12/lib/commons-net-ftp-2.0.jar
7efc90027000-7efc90923000 rw-p 00000000 00:00 0 
7efc90923000-7efc90afd000 r--s 03d6f000 08:02 10490824                   /usr/lib/jvm/java-8-oracle/jre/lib/rt.jar
7efc90afd000-7efc917cd000 rw-p 00000000 00:00 0 
7efc917cd000-7efc917ce000 ---p 00000000 00:00 0 
7efc917ce000-7efc918ce000 rw-p 00000000 00:00 0 
7efc918ce000-7efc918cf000 ---p 00000000 00:00 0 
7efc918cf000-7efc919cf000 rw-p 00000000 00:00 0 
7efc919cf000-7efc919d0000 ---p 00000000 00:00 0 
7efc919d0000-7efc91ad0000 rw-p 00000000 00:00 0 
7efc91ad0000-7efc91ad1000 ---p 00000000 00:00 0 
7efc91ad1000-7efc91bfb000 rw-p 00000000 00:00 0 
7efc91bfb000-7efc91e61000 ---p 00000000 00:00 0 
7efc91e61000-7efc91e8b000 rw-p 00000000 00:00 0 
7efc91e8b000-7efc920f0000 ---p 00000000 00:00 0 
7efc920f0000-7efc92137000 rw-p 00000000 00:00 0 
7efc92137000-7efc92238000 ---p 00000000 00:00 0 
7efc92238000-7efc9225b000 rw-p 00000000 00:00 0 
7efc9225b000-7efc925f9000 ---p 00000000 00:00 0 
7efc925f9000-7efc92614000 r-xp 00000000 08:02 10621160                   /usr/lib/jvm/java-8-oracle/jre/lib/amd64/libzip.so
7efc92614000-7efc92813000 ---p 0001b000 08:02 10621160                   /usr/lib/jvm/java-8-oracle/jre/lib/amd64/libzip.so
7efc92813000-7efc92814000 r--p 0001a000 08:02 10621160                   /usr/lib/jvm/java-8-oracle/jre/lib/amd64/libzip.so
7efc92814000-7efc92815000 rw-p 0001b000 08:02 10621160                   /usr/lib/jvm/java-8-oracle/jre/lib/amd64/libzip.so
7efc92815000-7efc9281a000 r--p 00000000 08:02 9961567                    /lib/x86_64-linux-gnu/libnsl-2.31.so
7efc9281a000-7efc9282a000 r-xp 00005000 08:02 9961567                    /lib/x86_64-linux-gnu/libnsl-2.31.so
7efc9282a000-7efc9282e000 r--p 00015000 08:02 9961567                    /lib/x86_64-linux-gnu/libnsl-2.31.so
7efc9282e000-7efc9282f000 r--p 00018000 08:02 9961567                    /lib/x86_64-linux-gnu/libnsl-2.31.so
7efc9282f000-7efc92830000 rw-p 00019000 08:02 9961567                    /lib/x86_64-linux-gnu/libnsl-2.31.so
7efc92830000-7efc92832000 rw-p 00000000 00:00 0 
7efc92832000-7efc92833000 r--p 00000000 08:02 12089370                   /usr/share/locale-langpack/en_GB/LC_MESSAGES/libc.mo
7efc92833000-7efc9283a000 r--s 0005e000 08:02 6040478                    /home/paul/workspace/MyContactsv12/lib/commons-lang3-3.3.2.jar
7efc9283a000-7efc9283c000 r--s 00036000 08:02 10095380                   /home/paul/workspace/myWidgets/lib/imgscalr-lib-4.2.jar
7efc9283c000-7efc92843000 r--s 0003f000 08:02 10095379                   /home/paul/workspace/myWidgets/lib/commons-codec-1.10.jar
7efc92843000-7efc9286a000 rw-p 00000000 00:00 0 
7efc9286a000-7efc92896000 r-xp 00000000 08:02 10621154                   /usr/lib/jvm/java-8-oracle/jre/lib/amd64/libjava.so
7efc92896000-7efc92a96000 ---p 0002c000 08:02 10621154                   /usr/lib/jvm/java-8-oracle/jre/lib/amd64/libjava.so
7efc92a96000-7efc92a97000 r--p 0002c000 08:02 10621154                   /usr/lib/jvm/java-8-oracle/jre/lib/amd64/libjava.so
7efc92a97000-7efc92a99000 rw-p 0002d000 08:02 10621154                   /usr/lib/jvm/java-8-oracle/jre/lib/amd64/libjava.so
7efc92a99000-7efc92aa6000 r-xp 00000000 08:02 10621159                   /usr/lib/jvm/java-8-oracle/jre/lib/amd64/libverify.so
7efc92aa6000-7efc92ca5000 ---p 0000d000 08:02 10621159                   /usr/lib/jvm/java-8-oracle/jre/lib/amd64/libverify.so
7efc92ca5000-7efc92ca7000 r--p 0000c000 08:02 10621159                   /usr/lib/jvm/java-8-oracle/jre/lib/amd64/libverify.so
7efc92ca7000-7efc92ca8000 rw-p 0000e000 08:02 10621159                   /usr/lib/jvm/java-8-oracle/jre/lib/amd64/libverify.so
7efc92ca8000-7efc92cab000 r--p 00000000 08:02 9961663                    /lib/x86_64-linux-gnu/librt-2.31.so
7efc92cab000-7efc92caf000 r-xp 00003000 08:02 9961663                    /lib/x86_64-linux-gnu/librt-2.31.so
7efc92caf000-7efc92cb0000 r--p 00007000 08:02 9961663                    /lib/x86_64-linux-gnu/librt-2.31.so
7efc92cb0000-7efc92cb1000 ---p 00008000 08:02 9961663                    /lib/x86_64-linux-gnu/librt-2.31.so
7efc92cb1000-7efc92cb2000 r--p 00008000 08:02 9961663                    /lib/x86_64-linux-gnu/librt-2.31.so
7efc92cb2000-7efc92cb3000 rw-p 00009000 08:02 9961663                    /lib/x86_64-linux-gnu/librt-2.31.so
7efc92cb3000-7efc92cb4000 ---p 00000000 00:00 0 
7efc92cb4000-7efc92cb7000 ---p 00000000 00:00 0 
7efc92cb7000-7efc92db4000 rw-p 00000000 00:00 0 
7efc92db4000-7efc92dc3000 r--p 00000000 08:02 9961553                    /lib/x86_64-linux-gnu/libm-2.31.so
7efc92dc3000-7efc92e6a000 r-xp 0000f000 08:02 9961553                    /lib/x86_64-linux-gnu/libm-2.31.so
7efc92e6a000-7efc92f01000 r--p 000b6000 08:02 9961553                    /lib/x86_64-linux-gnu/libm-2.31.so
7efc92f01000-7efc92f02000 r--p 0014c000 08:02 9961553                    /lib/x86_64-linux-gnu/libm-2.31.so
7efc92f02000-7efc92f03000 rw-p 0014d000 08:02 9961553                    /lib/x86_64-linux-gnu/libm-2.31.so
7efc92f03000-7efc93beb000 r-xp 00000000 08:02 10621136                   /usr/lib/jvm/java-8-oracle/jre/lib/amd64/server/libjvm.so
7efc93beb000-7efc93dea000 ---p 00ce8000 08:02 10621136                   /usr/lib/jvm/java-8-oracle/jre/lib/amd64/server/libjvm.so
7efc93dea000-7efc93e80000 r--p 00ce7000 08:02 10621136                   /usr/lib/jvm/java-8-oracle/jre/lib/amd64/server/libjvm.so
7efc93e80000-7efc93eb1000 rw-p 00d7d000 08:02 10621136                   /usr/lib/jvm/java-8-oracle/jre/lib/amd64/server/libjvm.so
7efc93eb1000-7efc93eee000 rw-p 00000000 00:00 0 
7efc93eee000-7efc93f13000 r--p 00000000 08:02 9961544                    /lib/x86_64-linux-gnu/libc-2.31.so
7efc93f13000-7efc9408b000 r-xp 00025000 08:02 9961544                    /lib/x86_64-linux-gnu/libc-2.31.so
7efc9408b000-7efc940d5000 r--p 0019d000 08:02 9961544                    /lib/x86_64-linux-gnu/libc-2.31.so
7efc940d5000-7efc940d6000 ---p 001e7000 08:02 9961544                    /lib/x86_64-linux-gnu/libc-2.31.so
7efc940d6000-7efc940d9000 r--p 001e7000 08:02 9961544                    /lib/x86_64-linux-gnu/libc-2.31.so
7efc940d9000-7efc940dc000 rw-p 001ea000 08:02 9961544                    /lib/x86_64-linux-gnu/libc-2.31.so
7efc940dc000-7efc940e0000 rw-p 00000000 00:00 0 
7efc940e0000-7efc940e1000 r--p 00000000 08:02 9961548                    /lib/x86_64-linux-gnu/libdl-2.31.so
7efc940e1000-7efc940e3000 r-xp 00001000 08:02 9961548                    /lib/x86_64-linux-gnu/libdl-2.31.so
7efc940e3000-7efc940e4000 r--p 00003000 08:02 9961548                    /lib/x86_64-linux-gnu/libdl-2.31.so
7efc940e4000-7efc940e5000 r--p 00003000 08:02 9961548                    /lib/x86_64-linux-gnu/libdl-2.31.so
7efc940e5000-7efc940e6000 rw-p 00004000 08:02 9961548                    /lib/x86_64-linux-gnu/libdl-2.31.so
7efc940e6000-7efc940fd000 r-xp 00000000 08:02 10490691                   /usr/lib/jvm/java-8-oracle/lib/amd64/jli/libjli.so
7efc940fd000-7efc942fc000 ---p 00017000 08:02 10490691                   /usr/lib/jvm/java-8-oracle/lib/amd64/jli/libjli.so
7efc942fc000-7efc942fd000 r--p 00016000 08:02 10490691                   /usr/lib/jvm/java-8-oracle/lib/amd64/jli/libjli.so
7efc942fd000-7efc942fe000 rw-p 00017000 08:02 10490691                   /usr/lib/jvm/java-8-oracle/lib/amd64/jli/libjli.so
7efc942fe000-7efc94305000 r--p 00000000 08:02 9961661                    /lib/x86_64-linux-gnu/libpthread-2.31.so
7efc94305000-7efc94316000 r-xp 00007000 08:02 9961661                    /lib/x86_64-linux-gnu/libpthread-2.31.so
7efc94316000-7efc9431b000 r--p 00018000 08:02 9961661                    /lib/x86_64-linux-gnu/libpthread-2.31.so
7efc9431b000-7efc9431c000 r--p 0001c000 08:02 9961661                    /lib/x86_64-linux-gnu/libpthread-2.31.so
7efc9431c000-7efc9431d000 rw-p 0001d000 08:02 9961661                    /lib/x86_64-linux-gnu/libpthread-2.31.so
7efc9431d000-7efc94323000 rw-p 00000000 00:00 0 
7efc94323000-7efc9432b000 rw-s 00000000 08:02 5113081                    /tmp/hsperfdata_paul/21104
7efc9432b000-7efc9432e000 r--p 00000000 08:02 9961655                    /lib/x86_64-linux-gnu/libnss_files-2.31.so
7efc9432e000-7efc94335000 r-xp 00003000 08:02 9961655                    /lib/x86_64-linux-gnu/libnss_files-2.31.so
7efc94335000-7efc94337000 r--p 0000a000 08:02 9961655                    /lib/x86_64-linux-gnu/libnss_files-2.31.so
7efc94337000-7efc94338000 r--p 0000b000 08:02 9961655                    /lib/x86_64-linux-gnu/libnss_files-2.31.so
7efc94338000-7efc94339000 rw-p 0000c000 08:02 9961655                    /lib/x86_64-linux-gnu/libnss_files-2.31.so
7efc94339000-7efc9433f000 rw-p 00000000 00:00 0 
7efc9433f000-7efc94342000 r--p 00000000 08:02 9961658                    /lib/x86_64-linux-gnu/libnss_nis-2.31.so
7efc94342000-7efc9434a000 r-xp 00003000 08:02 9961658                    /lib/x86_64-linux-gnu/libnss_nis-2.31.so
7efc9434a000-7efc9434c000 r--p 0000b000 08:02 9961658                    /lib/x86_64-linux-gnu/libnss_nis-2.31.so
7efc9434c000-7efc9434d000 r--p 0000c000 08:02 9961658                    /lib/x86_64-linux-gnu/libnss_nis-2.31.so
7efc9434d000-7efc9434e000 rw-p 0000d000 08:02 9961658                    /lib/x86_64-linux-gnu/libnss_nis-2.31.so
7efc9434e000-7efc94350000 r--p 00000000 08:02 9961568                    /lib/x86_64-linux-gnu/libnss_compat-2.31.so
7efc94350000-7efc94357000 r-xp 00002000 08:02 9961568                    /lib/x86_64-linux-gnu/libnss_compat-2.31.so
7efc94357000-7efc94358000 r--p 00009000 08:02 9961568                    /lib/x86_64-linux-gnu/libnss_compat-2.31.so
7efc94358000-7efc94359000 r--p 00009000 08:02 9961568                    /lib/x86_64-linux-gnu/libnss_compat-2.31.so
7efc94359000-7efc9435a000 rw-p 0000a000 08:02 9961568                    /lib/x86_64-linux-gnu/libnss_compat-2.31.so
7efc9435a000-7efc9435b000 rw-p 00000000 00:00 0 
7efc9435b000-7efc9435c000 r--p 00000000 08:02 9961500                    /lib/x86_64-linux-gnu/ld-2.31.so
7efc9435c000-7efc9437f000 r-xp 00001000 08:02 9961500                    /lib/x86_64-linux-gnu/ld-2.31.so
7efc9437f000-7efc94387000 r--p 00024000 08:02 9961500                    /lib/x86_64-linux-gnu/ld-2.31.so
7efc94387000-7efc94388000 r--p 00000000 00:00 0 
7efc94388000-7efc94389000 r--p 0002c000 08:02 9961500                    /lib/x86_64-linux-gnu/ld-2.31.so
7efc94389000-7efc9438a000 rw-p 0002d000 08:02 9961500                    /lib/x86_64-linux-gnu/ld-2.31.so
7efc9438a000-7efc9438b000 rw-p 00000000 00:00 0 
7ffd71de9000-7ffd71e0a000 rw-p 00000000 00:00 0                          [stack]
7ffd71fdf000-7ffd71fe2000 r--p 00000000 00:00 0                          [vvar]
7ffd71fe2000-7ffd71fe3000 r-xp 00000000 00:00 0                          [vdso]
ffffffffff600000-ffffffffff601000 --xp 00000000 00:00 0                  [vsyscall]

VM Arguments:
jvm_args: -Dfile.encoding=UTF-8 
java_command: org.lerot.mycontact.mcdb
java_class_path (initial): /home/paul/workspace/MyContactsv12/bin:/home/paul/workspace/myWidgets/bin:/home/paul/workspace/myWidgets/lib/commons-codec-1.10.jar:/home/paul/workspace/myWidgets/lib/imgscalr-lib-4.2.jar:/home/paul/workspace/MyContactsv12/lib/commons-lang3-3.3.2.jar:/home/paul/workspace/MyContactsv12/lib/commons-net-ftp-2.0.jar:/home/paul/workspace/MyContactsv12/lib/dom4j-1.6.1.jar:/home/paul/workspace/MyContactsv12/lib/imgscalr-lib-4.2.jar:/home/paul/workspace/MyContactsv12/lib/itextpdf-5.5.3.jar:/home/paul/workspace/MyContactsv12/lib/javabase64-1.3.1.jar:/home/paul/workspace/MyContactsv12/lib/looks-2.1-pre2.jar:/home/paul/workspace/MyContactsv12/lib/odfdom-java-0.8.7.jar:/home/paul/workspace/MyContactsv12/lib/simple-odf-0.6.6.jar:/home/paul/workspace/MyContactsv12/lib/sqlite-jdbc-3.7.15-M1.jar:/home/paul/workspace/MyContactsv12/lib/xercesImpl.jar:/home/paul/workspace/MyContactsv12/lib/xml-apis.jar:/home/paul/workspace/MyContactsv12/lib/commons-codec-1.10.jar:/home/paul/workspace/MyContactsv12/lib/jaxen-1.1.6.jar:/home/paul/workspace/MyContactsv12/lib/ez-vcard-0.10.5.jar:/home/paul/workspace/MyContactsv12/lib/javax.mail.jar
Launcher Type: SUN_STANDARD

Environment Variables:
JAVA_HOME=/usr/lib/jvm/java-8-oracle
PATH=/usr/local/sbin:/usr/local/bin:/usr/sbin:/usr/bin:/sbin:/bin:/usr/games:/usr/local/games:/snap/bin:/usr/lib/jvm/java-8-oracle/bin:/usr/lib/jvm/java-8-oracle/db/bin:/usr/lib/jvm/java-8-oracle/jre/bin
SHELL=/bin/bash
DISPLAY=:0

Signal Handlers:
SIGSEGV: [libjvm.so+0xad3e60], sa_mask[0]=11111111011111111101111111111110, sa_flags=SA_RESTART|SA_SIGINFO
SIGBUS: [libjvm.so+0xad3e60], sa_mask[0]=11111111011111111101111111111110, sa_flags=SA_RESTART|SA_SIGINFO
SIGFPE: [libjvm.so+0x90b880], sa_mask[0]=11111111011111111101111111111110, sa_flags=SA_RESTART|SA_SIGINFO
SIGPIPE: [libjvm.so+0x90b880], sa_mask[0]=11111111011111111101111111111110, sa_flags=SA_RESTART|SA_SIGINFO
SIGXFSZ: [libjvm.so+0x90b880], sa_mask[0]=11111111011111111101111111111110, sa_flags=SA_RESTART|SA_SIGINFO
SIGILL: [libjvm.so+0x90b880], sa_mask[0]=11111111011111111101111111111110, sa_flags=SA_RESTART|SA_SIGINFO
SIGUSR1: SIG_DFL, sa_mask[0]=00000000000000000000000000000000, sa_flags=none
SIGUSR2: [libjvm.so+0x90b750], sa_mask[0]=00100000000000000000000000000000, sa_flags=SA_RESTART|SA_SIGINFO
SIGHUP: [libjvm.so+0x90bd70], sa_mask[0]=11111111011111111101111111111110, sa_flags=SA_RESTART|SA_SIGINFO
SIGINT: [libjvm.so+0x90bd70], sa_mask[0]=11111111011111111101111111111110, sa_flags=SA_RESTART|SA_SIGINFO
SIGTERM: [libjvm.so+0x90bd70], sa_mask[0]=11111111011111111101111111111110, sa_flags=SA_RESTART|SA_SIGINFO
SIGQUIT: [libjvm.so+0x90bd70], sa_mask[0]=11111111011111111101111111111110, sa_flags=SA_RESTART|SA_SIGINFO


---------------  S Y S T E M  ---------------

OS:DISTRIB_ID=Ubuntu
DISTRIB_RELEASE=20.04
DISTRIB_CODENAME=focal
DISTRIB_DESCRIPTION="Ubuntu 20.04.3 LTS"

uname:Linux 5.4.0-91-generic #102-Ubuntu SMP Fri Nov 5 16:31:28 UTC 2021 x86_64
libc:glibc 2.31 NPTL 2.31 
rlimit: STACK 8192k, CORE 0k, NPROC 31218, NOFILE 1048576, AS infinity
load average:1.38 1.05 0.87

/proc/meminfo:
MemTotal:        8051416 kB
MemFree:          441844 kB
MemAvailable:    3521768 kB
Buffers:          632452 kB
Cached:          2794788 kB
SwapCached:          440 kB
Active:          4807508 kB
Inactive:        2128272 kB
Active(anon):    3050212 kB
Inactive(anon):   789204 kB
Active(file):    1757296 kB
Inactive(file):  1339068 kB
Unevictable:       45344 kB
Mlocked:             272 kB
SwapTotal:       2097148 kB
SwapFree:        2090492 kB
Dirty:               796 kB
Writeback:             0 kB
AnonPages:       3553696 kB
Mapped:           816388 kB
Shmem:            337144 kB
KReclaimable:     293444 kB
Slab:             492060 kB
SReclaimable:     293444 kB
SUnreclaim:       198616 kB
KernelStack:       21344 kB
PageTables:        39184 kB
NFS_Unstable:          0 kB
Bounce:                0 kB
WritebackTmp:          0 kB
CommitLimit:     6122856 kB
Committed_AS:   11090080 kB
VmallocTotal:   34359738367 kB
VmallocUsed:       45456 kB
VmallocChunk:          0 kB
Percpu:             4720 kB
HardwareCorrupted:     0 kB
AnonHugePages:         0 kB
ShmemHugePages:        0 kB
ShmemPmdMapped:        0 kB
FileHugePages:         0 kB
FilePmdMapped:         0 kB
CmaTotal:              0 kB
CmaFree:               0 kB
HugePages_Total:       0
HugePages_Free:        0
HugePages_Rsvd:        0
HugePages_Surp:        0
Hugepagesize:       2048 kB
Hugetlb:               0 kB
DirectMap4k:      496144 kB
DirectMap2M:     7792640 kB

container (cgroup) information:
container_type: cgroupv1
cpu_cpuset_cpus: 0-3
cpu_memory_nodes: 0
active_processor_count: 4
cpu_quota: -1
cpu_period: 100000
cpu_shares: -1
memory_limit_in_bytes: -1
memory_and_swap_limit_in_bytes: -2
memory_soft_limit_in_bytes: -1
memory_usage_in_bytes: 5008547840
memory_max_usage_in_bytes: 5339574272


CPU:total 4 (initial active 4) (4 cores per cpu, 1 threads per core) family 6 model 76 stepping 3, cmov, cx8, fxsr, mmx, sse, sse2, sse3, ssse3, sse4.1, sse4.2, popcnt, aes, clmul, erms, 3dnowpref, tsc, tscinvbit

/proc/cpuinfo:
processor	: 0
vendor_id	: GenuineIntel
cpu family	: 6
model		: 76
model name	: Intel(R) Celeron(R) CPU  N3150  @ 1.60GHz
stepping	: 3
microcode	: 0x368
cpu MHz		: 2080.000
cache size	: 1024 KB
physical id	: 0
siblings	: 4
core id		: 0
cpu cores	: 4
apicid		: 0
initial apicid	: 0
fpu		: yes
fpu_exception	: yes
cpuid level	: 11
wp		: yes
flags		: fpu vme de pse tsc msr pae mce cx8 apic sep mtrr pge mca cmov pat pse36 clflush dts acpi mmx fxsr sse sse2 ss ht tm pbe syscall nx rdtscp lm constant_tsc arch_perfmon pebs bts rep_good nopl xtopology tsc_reliable nonstop_tsc cpuid aperfmperf tsc_known_freq pni pclmulqdq dtes64 monitor ds_cpl vmx est tm2 ssse3 cx16 xtpr pdcm sse4_1 sse4_2 movbe popcnt tsc_deadline_timer aes rdrand lahf_lm 3dnowprefetch epb pti ibrs ibpb stibp tpr_shadow vnmi flexpriority ept vpid tsc_adjust smep erms dtherm ida arat md_clear
bugs		: cpu_meltdown spectre_v1 spectre_v2 mds msbds_only
bogomips	: 3200.00
clflush size	: 64
cache_alignment	: 64
address sizes	: 36 bits physical, 48 bits virtual
power management:

processor	: 1
vendor_id	: GenuineIntel
cpu family	: 6
model		: 76
model name	: Intel(R) Celeron(R) CPU  N3150  @ 1.60GHz
stepping	: 3
microcode	: 0x368
cpu MHz		: 2080.120
cache size	: 1024 KB
physical id	: 0
siblings	: 4
core id		: 1
cpu cores	: 4
apicid		: 2
initial apicid	: 2
fpu		: yes
fpu_exception	: yes
cpuid level	: 11
wp		: yes
flags		: fpu vme de pse tsc msr pae mce cx8 apic sep mtrr pge mca cmov pat pse36 clflush dts acpi mmx fxsr sse sse2 ss ht tm pbe syscall nx rdtscp lm constant_tsc arch_perfmon pebs bts rep_good nopl xtopology tsc_reliable nonstop_tsc cpuid aperfmperf tsc_known_freq pni pclmulqdq dtes64 monitor ds_cpl vmx est tm2 ssse3 cx16 xtpr pdcm sse4_1 sse4_2 movbe popcnt tsc_deadline_timer aes rdrand lahf_lm 3dnowprefetch epb pti ibrs ibpb stibp tpr_shadow vnmi flexpriority ept vpid tsc_adjust smep erms dtherm ida arat md_clear
bugs		: cpu_meltdown spectre_v1 spectre_v2 mds msbds_only
bogomips	: 3200.00
clflush size	: 64
cache_alignment	: 64
address sizes	: 36 bits physical, 48 bits virtual
power management:

processor	: 2
vendor_id	: GenuineIntel
cpu family	: 6
model		: 76
model name	: Intel(R) Celeron(R) CPU  N3150  @ 1.60GHz
stepping	: 3
microcode	: 0x368
cpu MHz		: 620.847
cache size	: 1024 KB
physical id	: 0
siblings	: 4
core id		: 2
cpu cores	: 4
apicid		: 4
initial apicid	: 4
fpu		: yes
fpu_exception	: yes
cpuid level	: 11
wp		: yes
flags		: fpu vme de pse tsc msr pae mce cx8 apic sep mtrr pge mca cmov pat pse36 clflush dts acpi mmx fxsr sse sse2 ss ht tm pbe syscall nx rdtscp lm constant_tsc arch_perfmon pebs bts rep_good nopl xtopology tsc_reliable nonstop_tsc cpuid aperfmperf tsc_known_freq pni pclmulqdq dtes64 monitor ds_cpl vmx est tm2 ssse3 cx16 xtpr pdcm sse4_1 sse4_2 movbe popcnt tsc_deadline_timer aes rdrand lahf_lm 3dnowprefetch epb pti ibrs ibpb stibp tpr_shadow vnmi flexpriority ept vpid tsc_adjust smep erms dtherm ida arat md_clear
bugs		: cpu_meltdown spectre_v1 spectre_v2 mds msbds_only
bogomips	: 3200.00
clflush size	: 64
cache_alignment	: 64
address sizes	: 36 bits physical, 48 bits virtual
power management:

processor	: 3
vendor_id	: GenuineIntel
cpu family	: 6
model		: 76
model name	: Intel(R) Celeron(R) CPU  N3150  @ 1.60GHz
stepping	: 3
microcode	: 0x368
cpu MHz		: 1264.660
cache size	: 1024 KB
physical id	: 0
siblings	: 4
core id		: 3
cpu cores	: 4
apicid		: 6
initial apicid	: 6
fpu		: yes
fpu_exception	: yes
cpuid level	: 11
wp		: yes
flags		: fpu vme de pse tsc msr pae mce cx8 apic sep mtrr pge mca cmov pat pse36 clflush dts acpi mmx fxsr sse sse2 ss ht tm pbe syscall nx rdtscp lm constant_tsc arch_perfmon pebs bts rep_good nopl xtopology tsc_reliable nonstop_tsc cpuid aperfmperf tsc_known_freq pni pclmulqdq dtes64 monitor ds_cpl vmx est tm2 ssse3 cx16 xtpr pdcm sse4_1 sse4_2 movbe popcnt tsc_deadline_timer aes rdrand lahf_lm 3dnowprefetch epb pti ibrs ibpb stibp tpr_shadow vnmi flexpriority ept vpid tsc_adjust smep erms dtherm ida arat md_clear
bugs		: cpu_meltdown spectre_v1 spectre_v2 mds msbds_only
bogomips	: 3200.00
clflush size	: 64
cache_alignment	: 64
address sizes	: 36 bits physical, 48 bits virtual
power management:



Memory: 4k page, physical 8051416k(441844k free), swap 2097148k(2090492k free)

vm_info: Java HotSpot(TM) 64-Bit Server VM (25.201-b09) for linux-amd64 JRE (1.8.0_201-b09), built on Dec 15 2018 11:35:59 by "java_re" with gcc 7.3.0

time: Sun Dec 26 12:35:56 2021
timezone: GMT
elapsed time: 13 seconds (0d 0h 0m 13s)

