#
# A fatal error has been detected by the Java Runtime Environment:
#
#  SIGSEGV (0xb) at pc=0x00007f7ab83f1b01, pid=23334, tid=0x00007f7afc41b700
#
# JRE version: Java(TM) SE Runtime Environment (8.0_201-b09) (build 1.8.0_201-b09)
# Java VM: Java HotSpot(TM) 64-Bit Server VM (25.201-b09 mixed mode linux-amd64 compressed oops)
# Problematic frame:
# C  [sqlite-3.7.151-amd64-libsqlitejdbc.so+0x44b01]
#
# Failed to write core dump. Core dumps have been disabled. To enable core dumping, try "ulimit -c unlimited" before starting Java again
#
# If you would like to submit a bug report, please visit:
#   http://bugreport.java.com/bugreport/crash.jsp
# The crash happened outside the Java Virtual Machine in native code.
# See problematic frame for where to report the bug.
#

---------------  T H R E A D  ---------------

Current thread (0x00007f7b1870e800):  JavaThread "AWT-EventQueue-0" [_thread_in_native, id=23361, stack(0x00007f7afc31b000,0x00007f7afc41c000)]

siginfo: si_signo: 11 (SIGSEGV), si_code: 1 (SEGV_MAPERR), si_addr: 0x0000000000000018

Registers:
RAX=0x0000000000000000, RBX=0x0000000000000000, RCX=0x0000000000000003, RDX=0x0000000000000001
RSP=0x00007f7afc4183c8, RBP=0x00007f7afc418450, RSI=0x0000000000000000, RDI=0x0000000000000000
R8 =0x0000000000000000, R9 =0x00007f7aec003cb0, R10=0x00007f7afc418150, R11=0x0000000000000206
R12=0x00007f7ac00d8b98, R13=0x00007f7afc418440, R14=0x00007f7afc418410, R15=0x00007f7b1870e800
RIP=0x00007f7ab83f1b01, EFLAGS=0x0000000000010246, CSGSFS=0x002b000000000033, ERR=0x0000000000000004
  TRAPNO=0x000000000000000e

Top of Stack: (sp=0x00007f7afc4183c8)
0x00007f7afc4183c8:   00007f7ab83f3a19 00007f7afc418440
0x00007f7afc4183d8:   00007f7b1870e9f8 00007f7b1f33c680
0x00007f7afc4183e8:   00007f7ab83b6d05 00007f7afc418410
0x00007f7afc4183f8:   00000000d7b8b668 0000000000000000
0x00007f7afc418408:   00007f7b0933a918 00000000d7b8b668
0x00007f7afc418418:   0000000000000018 00000000d7badeb8
0x00007f7afc418428:   0000000084e00778 00000000d7b8c0d8
0x00007f7afc418438:   00007f7afc4184d0 0000000000000003
0x00007f7afc418448:   000000000000001f 0000000000000007
0x00007f7afc418458:   00007f7b09429c38 0000000600000000
0x00007f7afc418468:   00000000d7bade78 00007f7b1fc3ef8c
0x00007f7afc418478:   0000000084e00350 00000000d7b8c0d8
0x00007f7afc418488:   00000000d92e54e0 00000000d9057918
0x00007f7afc418498:   00000000d92e54c8 00007f7afc4185e0
0x00007f7afc4184a8:   00007f7b093b4574 00000000d7badab8
0x00007f7afc4184b8:   00007f7b1870e800 00007f7afc418500
0x00007f7afc4184c8:   00007f7b1f641e80 00000000d8e90608
0x00007f7afc4184d8:   00007f7b1870e800 00007f7a00000012
0x00007f7afc4184e8:   0000000000000000 00007f7afc418510
0x00007f7afc4184f8:   0000000000000003 00007f7afc418568
0x00007f7afc418508:   00007f7b090082bd 00007f7b090082bd
0x00007f7afc418518:   00000000d8e90608 00000000d7badab8
0x00007f7afc418528:   00000000d7badab8 00000000d7b8c0d8
0x00007f7afc418538:   00007f7afc418590 00007f7ab87c1028
0x00007f7afc418548:   0000000000000000 00007f7ab87bc4d8
0x00007f7afc418558:   0000000000000000 00007f7afc418578
0x00007f7afc418568:   00007f7afc4185e0 00007f7afc4185e0
0x00007f7afc418578:   00007f7b090082bd 00000000d9057918
0x00007f7afc418588:   00007f7b090082bd 00000000d7b8c0d8
0x00007f7afc418598:   00000000d7badab8 00007f7afc4185a0
0x00007f7afc4185a8:   00007f7ab8272679 00007f7afc418640
0x00007f7afc4185b8:   00007f7ab8273188 0000000000000000 

Instructions: (pc=0x00007f7ab83f1b01)
0x00007f7ab83f1ae1:   85 ff 53 48 89 fb 74 27 8b b7 8c 00 00 00 48 8b
0x00007f7ab83f1af1:   3f e8 39 fb ff ff 89 83 8c 00 00 00 48 8b 03 5b
0x00007f7ab83f1b01:   48 8b 78 18 e9 b6 63 fc ff 66 0f 1f 44 00 00 5b
0x00007f7ab83f1b11:   c3 66 66 66 66 66 2e 0f 1f 84 00 00 00 00 00 48 

Register to memory mapping:

RAX=0x0000000000000000 is an unknown value
RBX=0x0000000000000000 is an unknown value
RCX=0x0000000000000003 is an unknown value
RDX=0x0000000000000001 is an unknown value
RSP=0x00007f7afc4183c8 is pointing into the stack for thread: 0x00007f7b1870e800
RBP=0x00007f7afc418450 is pointing into the stack for thread: 0x00007f7b1870e800
RSI=0x0000000000000000 is an unknown value
RDI=0x0000000000000000 is an unknown value
R8 =0x0000000000000000 is an unknown value
R9 =0x00007f7aec003cb0 is an unknown value
R10=0x00007f7afc418150 is pointing into the stack for thread: 0x00007f7b1870e800
R11=0x0000000000000206 is an unknown value
R12=0x00007f7ac00d8b98 is an unknown value
R13=0x00007f7afc418440 is pointing into the stack for thread: 0x00007f7b1870e800
R14=0x00007f7afc418410 is pointing into the stack for thread: 0x00007f7b1870e800
R15=0x00007f7b1870e800 is a thread


Stack: [0x00007f7afc31b000,0x00007f7afc41c000],  sp=0x00007f7afc4183c8,  free space=1012k
Native frames: (J=compiled Java code, j=interpreted, Vv=VM code, C=native code)
C  [sqlite-3.7.151-amd64-libsqlitejdbc.so+0x44b01]
J 1128 C2 org.sqlite.RS.getString(Ljava/lang/String;)Ljava/lang/String; (10 bytes) @ 0x00007f7b09429c38 [0x00007f7b09429bc0+0x78]
J 954 C1 org.lerot.mycontact.mcAttribute.load(Ljava/sql/ResultSet;)V (117 bytes) @ 0x00007f7b093b4574 [0x00007f7b093b4180+0x3f4]
j  org.lerot.mycontact.mctagList.selectAllTags()V+97
j  org.lerot.mycontact.mctagList.reloadTags()V+1
j  org.lerot.mycontact.gui.editListPanel.initialise()V+9
j  org.lerot.mycontact.gui.OtherTabPanel.showOtherPanel()V+25
j  org.lerot.mycontact.gui.ToolsPanel.showToolsPanel()V+4
j  org.lerot.mycontact.gui.ToolsPanel.refresh()V+1
j  org.lerot.mycontact.mcdb.refresh()V+249
j  org.lerot.mycontact.mcdb.actionPerformed(Ljava/awt/event/ActionEvent;)V+106
j  org.lerot.mycontact.gui.widgets.jswPushButtonset.actionPerformed(Ljava/awt/event/ActionEvent;)V+33
j  javax.swing.AbstractButton.fireActionPerformed(Ljava/awt/event/ActionEvent;)V+83
j  javax.swing.AbstractButton$Handler.actionPerformed(Ljava/awt/event/ActionEvent;)V+5
j  javax.swing.DefaultButtonModel.fireActionPerformed(Ljava/awt/event/ActionEvent;)V+34
j  javax.swing.JToggleButton$ToggleButtonModel.setPressed(Z)V+148
j  javax.swing.plaf.basic.BasicButtonListener.mouseReleased(Ljava/awt/event/MouseEvent;)V+35
j  java.awt.Component.processMouseEvent(Ljava/awt/event/MouseEvent;)V+64
j  javax.swing.JComponent.processMouseEvent(Ljava/awt/event/MouseEvent;)V+23
j  java.awt.Component.processEvent(Ljava/awt/AWTEvent;)V+81
j  java.awt.Container.processEvent(Ljava/awt/AWTEvent;)V+18
j  java.awt.Component.dispatchEventImpl(Ljava/awt/AWTEvent;)V+589
j  java.awt.Container.dispatchEventImpl(Ljava/awt/AWTEvent;)V+42
j  java.awt.Component.dispatchEvent(Ljava/awt/AWTEvent;)V+2
j  java.awt.LightweightDispatcher.retargetMouseEvent(Ljava/awt/Component;ILjava/awt/event/MouseEvent;)V+349
j  java.awt.LightweightDispatcher.processMouseEvent(Ljava/awt/event/MouseEvent;)Z+155
j  java.awt.LightweightDispatcher.dispatchEvent(Ljava/awt/AWTEvent;)Z+50
j  java.awt.Container.dispatchEventImpl(Ljava/awt/AWTEvent;)V+12
j  java.awt.Window.dispatchEventImpl(Ljava/awt/AWTEvent;)V+19
j  java.awt.Component.dispatchEvent(Ljava/awt/AWTEvent;)V+2
j  java.awt.EventQueue.dispatchEventImpl(Ljava/awt/AWTEvent;Ljava/lang/Object;)V+41
j  java.awt.EventQueue.access$500(Ljava/awt/EventQueue;Ljava/awt/AWTEvent;Ljava/lang/Object;)V+3
j  java.awt.EventQueue$3.run()Ljava/lang/Void;+32
J 2119 C1 java.awt.EventQueue$3.run()Ljava/lang/Object; (5 bytes) @ 0x00007f7b096fad4c [0x00007f7b096facc0+0x8c]
v  ~StubRoutines::call_stub
V  [libjvm.so+0x68825b]  JavaCalls::call_helper(JavaValue*, methodHandle*, JavaCallArguments*, Thread*)+0xddb
V  [libjvm.so+0x7004b4]  JVM_DoPrivileged+0x4f4
J 1335  java.security.AccessController.doPrivileged(Ljava/security/PrivilegedAction;Ljava/security/AccessControlContext;)Ljava/lang/Object; (0 bytes) @ 0x00007f7b094ba2d5 [0x00007f7b094ba200+0xd5]
J 2142 C1 java.awt.EventQueue$4.run()Ljava/lang/Object; (5 bytes) @ 0x00007f7b0970aca4 [0x00007f7b0970a880+0x424]
v  ~StubRoutines::call_stub
V  [libjvm.so+0x68825b]  JavaCalls::call_helper(JavaValue*, methodHandle*, JavaCallArguments*, Thread*)+0xddb
V  [libjvm.so+0x7004b4]  JVM_DoPrivileged+0x4f4
J 1335  java.security.AccessController.doPrivileged(Ljava/security/PrivilegedAction;Ljava/security/AccessControlContext;)Ljava/lang/Object; (0 bytes) @ 0x00007f7b094ba2d5 [0x00007f7b094ba200+0xd5]
J 2115 C1 java.awt.EventQueue.dispatchEvent(Ljava/awt/AWTEvent;)V (80 bytes) @ 0x00007f7b09701374 [0x00007f7b09700500+0xe74]
j  java.awt.EventDispatchThread.pumpOneEventForFilters(I)V+140
j  java.awt.EventDispatchThread.pumpEventsForFilter(ILjava/awt/Conditional;Ljava/awt/EventFilter;)V+35
j  java.awt.EventDispatchThread.pumpEventsForHierarchy(ILjava/awt/Conditional;Ljava/awt/Component;)V+11
j  java.awt.EventDispatchThread.pumpEvents(ILjava/awt/Conditional;)V+4
j  java.awt.EventDispatchThread.pumpEvents(Ljava/awt/Conditional;)V+3
j  java.awt.EventDispatchThread.run()V+9
v  ~StubRoutines::call_stub
V  [libjvm.so+0x68825b]  JavaCalls::call_helper(JavaValue*, methodHandle*, JavaCallArguments*, Thread*)+0xddb
V  [libjvm.so+0x685b23]  JavaCalls::call_virtual(JavaValue*, KlassHandle, Symbol*, Symbol*, JavaCallArguments*, Thread*)+0x263
V  [libjvm.so+0x6860e7]  JavaCalls::call_virtual(JavaValue*, Handle, KlassHandle, Symbol*, Symbol*, Thread*)+0x47
V  [libjvm.so+0x6f225c]  thread_entry(JavaThread*, Thread*)+0x6c
V  [libjvm.so+0xa7bb6b]  JavaThread::thread_main_inner()+0xdb
V  [libjvm.so+0xa7be71]  JavaThread::run()+0x2d1
V  [libjvm.so+0x90d922]  java_start(Thread*)+0x102
C  [libpthread.so.0+0x76db]  start_thread+0xdb

Java frames: (J=compiled Java code, j=interpreted, Vv=VM code)
J 818  org.sqlite.NativeDB.column_text(JI)Ljava/lang/String; (0 bytes) @ 0x00007f7b0933a7d8 [0x00007f7b0933a7a0+0x38]
J 1128 C2 org.sqlite.RS.getString(Ljava/lang/String;)Ljava/lang/String; (10 bytes) @ 0x00007f7b09429c38 [0x00007f7b09429bc0+0x78]
J 954 C1 org.lerot.mycontact.mcAttribute.load(Ljava/sql/ResultSet;)V (117 bytes) @ 0x00007f7b093b4574 [0x00007f7b093b4180+0x3f4]
j  org.lerot.mycontact.mctagList.selectAllTags()V+97
j  org.lerot.mycontact.mctagList.reloadTags()V+1
j  org.lerot.mycontact.gui.editListPanel.initialise()V+9
j  org.lerot.mycontact.gui.OtherTabPanel.showOtherPanel()V+25
j  org.lerot.mycontact.gui.ToolsPanel.showToolsPanel()V+4
j  org.lerot.mycontact.gui.ToolsPanel.refresh()V+1
j  org.lerot.mycontact.mcdb.refresh()V+249
j  org.lerot.mycontact.mcdb.actionPerformed(Ljava/awt/event/ActionEvent;)V+106
j  org.lerot.mycontact.gui.widgets.jswPushButtonset.actionPerformed(Ljava/awt/event/ActionEvent;)V+33
j  javax.swing.AbstractButton.fireActionPerformed(Ljava/awt/event/ActionEvent;)V+83
j  javax.swing.AbstractButton$Handler.actionPerformed(Ljava/awt/event/ActionEvent;)V+5
j  javax.swing.DefaultButtonModel.fireActionPerformed(Ljava/awt/event/ActionEvent;)V+34
j  javax.swing.JToggleButton$ToggleButtonModel.setPressed(Z)V+148
j  javax.swing.plaf.basic.BasicButtonListener.mouseReleased(Ljava/awt/event/MouseEvent;)V+35
j  java.awt.Component.processMouseEvent(Ljava/awt/event/MouseEvent;)V+64
j  javax.swing.JComponent.processMouseEvent(Ljava/awt/event/MouseEvent;)V+23
j  java.awt.Component.processEvent(Ljava/awt/AWTEvent;)V+81
j  java.awt.Container.processEvent(Ljava/awt/AWTEvent;)V+18
j  java.awt.Component.dispatchEventImpl(Ljava/awt/AWTEvent;)V+589
j  java.awt.Container.dispatchEventImpl(Ljava/awt/AWTEvent;)V+42
j  java.awt.Component.dispatchEvent(Ljava/awt/AWTEvent;)V+2
j  java.awt.LightweightDispatcher.retargetMouseEvent(Ljava/awt/Component;ILjava/awt/event/MouseEvent;)V+349
j  java.awt.LightweightDispatcher.processMouseEvent(Ljava/awt/event/MouseEvent;)Z+155
j  java.awt.LightweightDispatcher.dispatchEvent(Ljava/awt/AWTEvent;)Z+50
j  java.awt.Container.dispatchEventImpl(Ljava/awt/AWTEvent;)V+12
j  java.awt.Window.dispatchEventImpl(Ljava/awt/AWTEvent;)V+19
j  java.awt.Component.dispatchEvent(Ljava/awt/AWTEvent;)V+2
j  java.awt.EventQueue.dispatchEventImpl(Ljava/awt/AWTEvent;Ljava/lang/Object;)V+41
j  java.awt.EventQueue.access$500(Ljava/awt/EventQueue;Ljava/awt/AWTEvent;Ljava/lang/Object;)V+3
j  java.awt.EventQueue$3.run()Ljava/lang/Void;+32
J 2119 C1 java.awt.EventQueue$3.run()Ljava/lang/Object; (5 bytes) @ 0x00007f7b096fad4c [0x00007f7b096facc0+0x8c]
v  ~StubRoutines::call_stub
J 1335  java.security.AccessController.doPrivileged(Ljava/security/PrivilegedAction;Ljava/security/AccessControlContext;)Ljava/lang/Object; (0 bytes) @ 0x00007f7b094ba263 [0x00007f7b094ba200+0x63]
J 2142 C1 java.awt.EventQueue$4.run()Ljava/lang/Object; (5 bytes) @ 0x00007f7b0970aca4 [0x00007f7b0970a880+0x424]
v  ~StubRoutines::call_stub
J 1335  java.security.AccessController.doPrivileged(Ljava/security/PrivilegedAction;Ljava/security/AccessControlContext;)Ljava/lang/Object; (0 bytes) @ 0x00007f7b094ba263 [0x00007f7b094ba200+0x63]
J 2115 C1 java.awt.EventQueue.dispatchEvent(Ljava/awt/AWTEvent;)V (80 bytes) @ 0x00007f7b09701374 [0x00007f7b09700500+0xe74]
j  java.awt.EventDispatchThread.pumpOneEventForFilters(I)V+140
j  java.awt.EventDispatchThread.pumpEventsForFilter(ILjava/awt/Conditional;Ljava/awt/EventFilter;)V+35
j  java.awt.EventDispatchThread.pumpEventsForHierarchy(ILjava/awt/Conditional;Ljava/awt/Component;)V+11
j  java.awt.EventDispatchThread.pumpEvents(ILjava/awt/Conditional;)V+4
j  java.awt.EventDispatchThread.pumpEvents(Ljava/awt/Conditional;)V+3
j  java.awt.EventDispatchThread.run()V+9
v  ~StubRoutines::call_stub

---------------  P R O C E S S  ---------------

Java Threads: ( => current thread )
=>0x00007f7b1870e800 JavaThread "AWT-EventQueue-0" [_thread_in_native, id=23361, stack(0x00007f7afc31b000,0x00007f7afc41c000)]
  0x00007f7b186c2000 JavaThread "AWT-Shutdown" [_thread_blocked, id=23360, stack(0x00007f7afc21a000,0x00007f7afc31b000)]
  0x00007f7b18537000 JavaThread "TimerQueue" daemon [_thread_blocked, id=23359, stack(0x00007f7ab8861000,0x00007f7ab8962000)]
  0x00007f7b1837e800 JavaThread "AWT-XAWT" daemon [_thread_in_native, id=23355, stack(0x00007f7afc71d000,0x00007f7afc81e000)]
  0x00007f7b1834a800 JavaThread "Java2D Disposer" daemon [_thread_blocked, id=23354, stack(0x00007f7afcc2e000,0x00007f7afcd2f000)]
  0x00007f7b180d4800 JavaThread "Service Thread" daemon [_thread_blocked, id=23352, stack(0x00007f7afec27000,0x00007f7afed28000)]
  0x00007f7b180bf800 JavaThread "C1 CompilerThread2" daemon [_thread_in_vm, id=23351, stack(0x00007f7afed29000,0x00007f7afee29000)]
  0x00007f7b180bd800 JavaThread "C2 CompilerThread1" daemon [_thread_in_vm, id=23350, stack(0x00007f7afee2a000,0x00007f7afef2a000)]
  0x00007f7b180bb000 JavaThread "C2 CompilerThread0" daemon [_thread_in_native, id=23349, stack(0x00007f7afef2b000,0x00007f7aff02b000)]
  0x00007f7b180b9800 JavaThread "Signal Dispatcher" daemon [_thread_blocked, id=23348, stack(0x00007f7aff02b000,0x00007f7aff12c000)]
  0x00007f7b18086000 JavaThread "Finalizer" daemon [_thread_blocked, id=23347, stack(0x00007f7affafb000,0x00007f7affbfc000)]
  0x00007f7b18083800 JavaThread "Reference Handler" daemon [_thread_blocked, id=23346, stack(0x00007f7affbfc000,0x00007f7affcfd000)]
  0x00007f7b1800c000 JavaThread "main" [_thread_in_Java, id=23336, stack(0x00007f7b2078a000,0x00007f7b2088a000)]

Other Threads:
  0x00007f7b1807a000 VMThread [stack: 0x00007f7affcfe000,0x00007f7affdfe000] [id=23345]
  0x00007f7b180d7000 WatcherThread [stack: 0x00007f7afeb27000,0x00007f7afec27000] [id=23353]

VM state:not at safepoint (normal execution)

VM Mutex/Monitor currently owned by a thread: None

heap address: 0x0000000084e00000, size: 1970 MB, Compressed Oops mode: 32-bit
Narrow klass base: 0x0000000000000000, Narrow klass shift: 3
Compressed class space size: 1073741824 Address: 0x0000000100000000

Heap:
 PSYoungGen      total 36864K, used 18225K [0x00000000d6f80000, 0x00000000db780000, 0x0000000100000000)
  eden space 31744K, 41% used [0x00000000d6f80000,0x00000000d7c50798,0x00000000d8e80000)
  from space 5120K, 99% used [0x00000000d8e80000,0x00000000d937c040,0x00000000d9380000)
  to   space 5120K, 0% used [0x00000000db280000,0x00000000db280000,0x00000000db780000)
 ParOldGen       total 84992K, used 4197K [0x0000000084e00000, 0x000000008a100000, 0x00000000d6f80000)
  object space 84992K, 4% used [0x0000000084e00000,0x0000000085219640,0x000000008a100000)
 Metaspace       used 19327K, capacity 19548K, committed 19840K, reserved 1067008K
  class space    used 2497K, capacity 2580K, committed 2688K, reserved 1048576K

Card table byte_map: [0x00007f7b1d09b000,0x00007f7b1d475000] byte_map_base: 0x00007f7b1cc74000

Marking Bits: (ParMarkBitMap*) 0x00007f7b1fc42d80
 Begin Bits: [0x00007f7b05270000, 0x00007f7b07138000)
 End Bits:   [0x00007f7b07138000, 0x00007f7b09000000)

Polling page: 0x00007f7b208b2000

CodeCache: size=245760Kb used=7268Kb max_used=7268Kb free=238491Kb
 bounds [0x00007f7b09000000, 0x00007f7b09720000, 0x00007f7b18000000]
 total_blobs=2748 nmethods=2156 adapters=505
 compilation: enabled

Compilation events (10 events):
Event: 7.508 Thread 0x00007f7b180bf800 2149       1       sun.awt.SunHints$Value::getIndex (5 bytes)
Event: 7.508 Thread 0x00007f7b180bf800 nmethod 2149 0x00007f7b0910be50 code [0x00007f7b0910bfa0, 0x00007f7b0910c0b0]
Event: 7.530 Thread 0x00007f7b180bd800 2154  s    4       org.sqlite.DB::column_names (38 bytes)
Event: 7.538 Thread 0x00007f7b180bd800 nmethod 2154 0x00007f7b0970d410 code [0x00007f7b0970d580, 0x00007f7b0970d9f8]
Event: 7.627 Thread 0x00007f7b180bf800 2155   !   3       java.util.Vector$Itr::next (63 bytes)
Event: 7.629 Thread 0x00007f7b180bf800 nmethod 2155 0x00007f7b09716ed0 code [0x00007f7b097170a0, 0x00007f7b09717758]
Event: 7.633 Thread 0x00007f7b180bf800 2156       3       sun.nio.cs.UTF_8$Encoder::encodeArrayLoop (489 bytes)
Event: 7.641 Thread 0x00007f7b180bd800 2160       4       sun.awt.AWTAccessor::getComponentAccessor (18 bytes)
Event: 7.642 Thread 0x00007f7b180bd800 nmethod 2160 0x00007f7b09709f50 code [0x00007f7b0970a0a0, 0x00007f7b0970a118]
Event: 7.642 Thread 0x00007f7b180bf800 nmethod 2156 0x00007f7b09719410 code [0x00007f7b09719960, 0x00007f7b0971cf68]

GC Heap History (6 events):
Event: 3.077 GC heap before
{Heap before GC invocations=1 (full 0):
 PSYoungGen      total 36864K, used 31744K [0x00000000d6f80000, 0x00000000d9880000, 0x0000000100000000)
  eden space 31744K, 100% used [0x00000000d6f80000,0x00000000d8e80000,0x00000000d8e80000)
  from space 5120K, 0% used [0x00000000d9380000,0x00000000d9380000,0x00000000d9880000)
  to   space 5120K, 0% used [0x00000000d8e80000,0x00000000d8e80000,0x00000000d9380000)
 ParOldGen       total 84992K, used 0K [0x0000000084e00000, 0x000000008a100000, 0x00000000d6f80000)
  object space 84992K, 0% used [0x0000000084e00000,0x0000000084e00000,0x000000008a100000)
 Metaspace       used 15799K, capacity 16014K, committed 16256K, reserved 1062912K
  class space    used 2084K, capacity 2155K, committed 2176K, reserved 1048576K
Event: 3.099 GC heap after
Heap after GC invocations=1 (full 0):
 PSYoungGen      total 36864K, used 5088K [0x00000000d6f80000, 0x00000000d9880000, 0x0000000100000000)
  eden space 31744K, 0% used [0x00000000d6f80000,0x00000000d6f80000,0x00000000d8e80000)
  from space 5120K, 99% used [0x00000000d8e80000,0x00000000d9378230,0x00000000d9380000)
  to   space 5120K, 0% used [0x00000000d9380000,0x00000000d9380000,0x00000000d9880000)
 ParOldGen       total 84992K, used 722K [0x0000000084e00000, 0x000000008a100000, 0x00000000d6f80000)
  object space 84992K, 0% used [0x0000000084e00000,0x0000000084eb4aa8,0x000000008a100000)
 Metaspace       used 15799K, capacity 16014K, committed 16256K, reserved 1062912K
  class space    used 2084K, capacity 2155K, committed 2176K, reserved 1048576K
}
Event: 5.280 GC heap before
{Heap before GC invocations=2 (full 0):
 PSYoungGen      total 36864K, used 36832K [0x00000000d6f80000, 0x00000000d9880000, 0x0000000100000000)
  eden space 31744K, 100% used [0x00000000d6f80000,0x00000000d8e80000,0x00000000d8e80000)
  from space 5120K, 99% used [0x00000000d8e80000,0x00000000d9378230,0x00000000d9380000)
  to   space 5120K, 0% used [0x00000000d9380000,0x00000000d9380000,0x00000000d9880000)
 ParOldGen       total 84992K, used 722K [0x0000000084e00000, 0x000000008a100000, 0x00000000d6f80000)
  object space 84992K, 0% used [0x0000000084e00000,0x0000000084eb4aa8,0x000000008a100000)
 Metaspace       used 18661K, capacity 18908K, committed 19200K, reserved 1067008K
  class space    used 2430K, capacity 2516K, committed 2560K, reserved 1048576K
Event: 5.331 GC heap after
Heap after GC invocations=2 (full 0):
 PSYoungGen      total 36864K, used 5104K [0x00000000d6f80000, 0x00000000db780000, 0x0000000100000000)
  eden space 31744K, 0% used [0x00000000d6f80000,0x00000000d6f80000,0x00000000d8e80000)
  from space 5120K, 99% used [0x00000000d9380000,0x00000000d987c040,0x00000000d9880000)
  to   space 5120K, 0% used [0x00000000d8e80000,0x00000000d8e80000,0x00000000d9380000)
 ParOldGen       total 84992K, used 2300K [0x0000000084e00000, 0x000000008a100000, 0x00000000d6f80000)
  object space 84992K, 2% used [0x0000000084e00000,0x000000008503f310,0x000000008a100000)
 Metaspace       used 18661K, capacity 18908K, committed 19200K, reserved 1067008K
  class space    used 2430K, capacity 2516K, committed 2560K, reserved 1048576K
}
Event: 7.158 GC heap before
{Heap before GC invocations=3 (full 0):
 PSYoungGen      total 36864K, used 36848K [0x00000000d6f80000, 0x00000000db780000, 0x0000000100000000)
  eden space 31744K, 100% used [0x00000000d6f80000,0x00000000d8e80000,0x00000000d8e80000)
  from space 5120K, 99% used [0x00000000d9380000,0x00000000d987c040,0x00000000d9880000)
  to   space 5120K, 0% used [0x00000000d8e80000,0x00000000d8e80000,0x00000000d9380000)
 ParOldGen       total 84992K, used 2300K [0x0000000084e00000, 0x000000008a100000, 0x00000000d6f80000)
  object space 84992K, 2% used [0x0000000084e00000,0x000000008503f310,0x000000008a100000)
 Metaspace       used 19243K, capacity 19452K, committed 19712K, reserved 1067008K
  class space    used 2484K, capacity 2548K, committed 2560K, reserved 1048576K
Event: 7.186 GC heap after
Heap after GC invocations=3 (full 0):
 PSYoungGen      total 36864K, used 5104K [0x00000000d6f80000, 0x00000000db780000, 0x0000000100000000)
  eden space 31744K, 0% used [0x00000000d6f80000,0x00000000d6f80000,0x00000000d8e80000)
  from space 5120K, 99% used [0x00000000d8e80000,0x00000000d937c040,0x00000000d9380000)
  to   space 5120K, 0% used [0x00000000db280000,0x00000000db280000,0x00000000db780000)
 ParOldGen       total 84992K, used 4197K [0x0000000084e00000, 0x000000008a100000, 0x00000000d6f80000)
  object space 84992K, 4% used [0x0000000084e00000,0x0000000085219640,0x000000008a100000)
 Metaspace       used 19243K, capacity 19452K, committed 19712K, reserved 1067008K
  class space    used 2484K, capacity 2548K, committed 2560K, reserved 1048576K
}

Deoptimization events (10 events):
Event: 4.798 Thread 0x00007f7b1800c000 Uncommon trap: reason=unstable_if action=reinterpret pc=0x00007f7b0946a770 method=java.lang.String.compareTo(Ljava/lang/String;)I @ 38
Event: 4.878 Thread 0x00007f7b1800c000 Uncommon trap: reason=unstable_if action=reinterpret pc=0x00007f7b092d3fd4 method=java.lang.CharacterData.of(I)Ljava/lang/CharacterData; @ 4
Event: 4.933 Thread 0x00007f7b1800c000 Uncommon trap: reason=class_check action=maybe_recompile pc=0x00007f7b092bf244 method=java.util.HashMap.putVal(ILjava/lang/Object;Ljava/lang/Object;ZZ)Ljava/lang/Object; @ 253
Event: 4.947 Thread 0x00007f7b1800c000 Uncommon trap: reason=class_check action=maybe_recompile pc=0x00007f7b0957cc80 method=java.util.TreeMap.put(Ljava/lang/Object;Ljava/lang/Object;)Ljava/lang/Object; @ 127
Event: 5.017 Thread 0x00007f7b1800c000 Uncommon trap: reason=class_check action=maybe_recompile pc=0x00007f7b0957cc80 method=java.util.TreeMap.put(Ljava/lang/Object;Ljava/lang/Object;)Ljava/lang/Object; @ 127
Event: 5.019 Thread 0x00007f7b1800c000 Uncommon trap: reason=class_check action=maybe_recompile pc=0x00007f7b0957cc80 method=java.util.TreeMap.put(Ljava/lang/Object;Ljava/lang/Object;)Ljava/lang/Object; @ 127
Event: 5.258 Thread 0x00007f7b1870e800 Uncommon trap: reason=unstable_if action=reinterpret pc=0x00007f7b095da48c method=javax.swing.RepaintManager.addDirtyRegion0(Ljava/awt/Container;IIII)V @ 2
Event: 5.345 Thread 0x00007f7b1800c000 Uncommon trap: reason=unstable_if action=reinterpret pc=0x00007f7b095c5228 method=java.awt.Component.isValid()Z @ 11
Event: 5.857 Thread 0x00007f7b1870e800 Uncommon trap: reason=unstable_if action=reinterpret pc=0x00007f7b09524eb4 method=sun.awt.SunToolkit.getAppContext(Ljava/lang/Object;)Lsun/awt/AppContext; @ 4
Event: 5.871 Thread 0x00007f7b1870e800 Uncommon trap: reason=unstable_if action=reinterpret pc=0x00007f7b095047e8 method=sun.awt.SunToolkit.getAppContext(Ljava/lang/Object;)Lsun/awt/AppContext; @ 4

Classes redefined (0 events):
No events

Internal exceptions (10 events):
Event: 4.820 Thread 0x00007f7b1800c000 Exception <a 'java/lang/NullPointerException'> (0x00000000d8a88f38) thrown at [/HUDSON/workspace/8-2-build-linux-amd64/jdk8u201/12317/hotspot/src/share/vm/runtime/sharedRuntime.cpp, line 605]
Event: 4.821 Thread 0x00007f7b1800c000 Implicit null exception at 0x00007f7b0952cd64 to 0x00007f7b0952d853
Event: 4.821 Thread 0x00007f7b1800c000 Exception <a 'java/lang/NullPointerException'> (0x00000000d8a8b000) thrown at [/HUDSON/workspace/8-2-build-linux-amd64/jdk8u201/12317/hotspot/src/share/vm/runtime/sharedRuntime.cpp, line 605]
Event: 4.830 Thread 0x00007f7b1800c000 Implicit null exception at 0x00007f7b0952cd64 to 0x00007f7b0952d853
Event: 4.830 Thread 0x00007f7b1800c000 Exception <a 'java/lang/NullPointerException'> (0x00000000d8a9a008) thrown at [/HUDSON/workspace/8-2-build-linux-amd64/jdk8u201/12317/hotspot/src/share/vm/runtime/sharedRuntime.cpp, line 605]
Event: 4.835 Thread 0x00007f7b1800c000 Implicit null exception at 0x00007f7b0952cd64 to 0x00007f7b0952d853
Event: 4.835 Thread 0x00007f7b1800c000 Exception <a 'java/lang/NullPointerException'> (0x00000000d8aa3ff0) thrown at [/HUDSON/workspace/8-2-build-linux-amd64/jdk8u201/12317/hotspot/src/share/vm/runtime/sharedRuntime.cpp, line 605]
Event: 4.836 Thread 0x00007f7b1800c000 Implicit null exception at 0x00007f7b0952cd64 to 0x00007f7b0952d853
Event: 4.836 Thread 0x00007f7b1800c000 Exception <a 'java/lang/NullPointerException'> (0x00000000d8aa6150) thrown at [/HUDSON/workspace/8-2-build-linux-amd64/jdk8u201/12317/hotspot/src/share/vm/runtime/sharedRuntime.cpp, line 605]
Event: 6.106 Thread 0x00007f7b1870e800 Exception <a 'java/lang/UnsupportedOperationException': > (0x00000000d7b40720) thrown at [/HUDSON/workspace/8-2-build-linux-amd64/jdk8u201/12317/hotspot/src/share/vm/prims/jni.cpp, line 735]

Events (10 events):
Event: 7.506 loading class sun/awt/im/CompositionArea
Event: 7.506 loading class sun/awt/im/CompositionArea done
Event: 7.629 Executing VM operation: RevokeBias
Event: 7.629 Executing VM operation: RevokeBias done
Event: 7.630 loading class java/lang/Throwable$WrappedPrintStream
Event: 7.630 loading class java/lang/Throwable$PrintStreamOrWriter
Event: 7.630 loading class java/lang/Throwable$PrintStreamOrWriter done
Event: 7.630 loading class java/lang/Throwable$WrappedPrintStream done
Event: 7.639 Executing VM operation: RevokeBias
Event: 7.640 Executing VM operation: RevokeBias done


Dynamic libraries:
00400000-00401000 r-xp 00000000 08:02 10231385                           /usr/lib/jvm/java-8-oracle/bin/java
00600000-00601000 r--p 00000000 08:02 10231385                           /usr/lib/jvm/java-8-oracle/bin/java
00601000-00602000 rw-p 00001000 08:02 10231385                           /usr/lib/jvm/java-8-oracle/bin/java
00a3d000-00a5e000 rw-p 00000000 00:00 0                                  [heap]
84e00000-8a100000 rw-p 00000000 00:00 0 
8a100000-d6f80000 ---p 00000000 00:00 0 
d6f80000-db780000 rw-p 00000000 00:00 0 
db780000-100000000 ---p 00000000 00:00 0 
100000000-1002a0000 rw-p 00000000 00:00 0 
1002a0000-140000000 ---p 00000000 00:00 0 
7f7aafe00000-7f7aafec0000 rw-p 00000000 00:00 0 
7f7aafec0000-7f7ab0000000 ---p 00000000 00:00 0 
7f7ab0000000-7f7ab0021000 rw-p 00000000 00:00 0 
7f7ab0021000-7f7ab4000000 ---p 00000000 00:00 0 
7f7ab4000000-7f7ab4021000 rw-p 00000000 00:00 0 
7f7ab4021000-7f7ab8000000 ---p 00000000 00:00 0 
7f7ab81ad000-7f7ab83ad000 rw-p 00000000 00:00 0 
7f7ab83ad000-7f7ab845c000 r-xp 00000000 08:02 4980745                    /tmp/sqlite-3.7.151-amd64-libsqlitejdbc.so
7f7ab845c000-7f7ab865c000 ---p 000af000 08:02 4980745                    /tmp/sqlite-3.7.151-amd64-libsqlitejdbc.so
7f7ab865c000-7f7ab865e000 r--p 000af000 08:02 4980745                    /tmp/sqlite-3.7.151-amd64-libsqlitejdbc.so
7f7ab865e000-7f7ab8660000 rw-p 000b1000 08:02 4980745                    /tmp/sqlite-3.7.151-amd64-libsqlitejdbc.so
7f7ab8660000-7f7ab8861000 rw-p 00000000 00:00 0 
7f7ab8861000-7f7ab8864000 ---p 00000000 00:00 0 
7f7ab8864000-7f7ab8962000 rw-p 00000000 00:00 0 
7f7ab8962000-7f7ab89ce000 r-xp 00000000 08:02 10621126                   /usr/lib/jvm/java-8-oracle/jre/lib/amd64/libt2k.so
7f7ab89ce000-7f7ab8bce000 ---p 0006c000 08:02 10621126                   /usr/lib/jvm/java-8-oracle/jre/lib/amd64/libt2k.so
7f7ab8bce000-7f7ab8bd4000 r--p 0006c000 08:02 10621126                   /usr/lib/jvm/java-8-oracle/jre/lib/amd64/libt2k.so
7f7ab8bd4000-7f7ab8bd5000 rw-p 00072000 08:02 10621126                   /usr/lib/jvm/java-8-oracle/jre/lib/amd64/libt2k.so
7f7ab8bd5000-7f7ab8be6000 r-xp 00000000 08:02 10621167                   /usr/lib/jvm/java-8-oracle/jre/lib/amd64/libnio.so
7f7ab8be6000-7f7ab8de5000 ---p 00011000 08:02 10621167                   /usr/lib/jvm/java-8-oracle/jre/lib/amd64/libnio.so
7f7ab8de5000-7f7ab8de6000 r--p 00010000 08:02 10621167                   /usr/lib/jvm/java-8-oracle/jre/lib/amd64/libnio.so
7f7ab8de6000-7f7ab8de7000 rw-p 00011000 08:02 10621167                   /usr/lib/jvm/java-8-oracle/jre/lib/amd64/libnio.so
7f7ab8de7000-7f7abbde8000 rw-p 00000000 00:00 0 
7f7abbde8000-7f7abbdfe000 r-xp 00000000 08:02 10621164                   /usr/lib/jvm/java-8-oracle/jre/lib/amd64/libnet.so
7f7abbdfe000-7f7abbffe000 ---p 00016000 08:02 10621164                   /usr/lib/jvm/java-8-oracle/jre/lib/amd64/libnet.so
7f7abbffe000-7f7abbfff000 r--p 00016000 08:02 10621164                   /usr/lib/jvm/java-8-oracle/jre/lib/amd64/libnet.so
7f7abbfff000-7f7abc000000 rw-p 00017000 08:02 10621164                   /usr/lib/jvm/java-8-oracle/jre/lib/amd64/libnet.so
7f7abc000000-7f7abc02a000 rw-p 00000000 00:00 0 
7f7abc02a000-7f7ac0000000 ---p 00000000 00:00 0 
7f7ac0000000-7f7ac03e9000 rw-p 00000000 00:00 0 
7f7ac03e9000-7f7ac4000000 ---p 00000000 00:00 0 
7f7ac4000000-7f7ac4021000 rw-p 00000000 00:00 0 
7f7ac4021000-7f7ac8000000 ---p 00000000 00:00 0 
7f7ac8000000-7f7ac8045000 rw-p 00000000 00:00 0 
7f7ac8045000-7f7acc000000 ---p 00000000 00:00 0 
7f7acc000000-7f7acc021000 rw-p 00000000 00:00 0 
7f7acc021000-7f7ad0000000 ---p 00000000 00:00 0 
7f7ad0000000-7f7ad0021000 rw-p 00000000 00:00 0 
7f7ad0021000-7f7ad4000000 ---p 00000000 00:00 0 
7f7ad4000000-7f7ad446a000 rw-p 00000000 00:00 0 
7f7ad446a000-7f7ad8000000 ---p 00000000 00:00 0 
7f7ad8000000-7f7ad8579000 rw-p 00000000 00:00 0 
7f7ad8579000-7f7adc000000 ---p 00000000 00:00 0 
7f7adc000000-7f7adc9a4000 rw-p 00000000 00:00 0 
7f7adc9a4000-7f7ae0000000 ---p 00000000 00:00 0 
7f7ae0000000-7f7ae0021000 rw-p 00000000 00:00 0 
7f7ae0021000-7f7ae4000000 ---p 00000000 00:00 0 
7f7ae4000000-7f7ae4021000 rw-p 00000000 00:00 0 
7f7ae4021000-7f7ae8000000 ---p 00000000 00:00 0 
7f7ae8000000-7f7ae8021000 rw-p 00000000 00:00 0 
7f7ae8021000-7f7aec000000 ---p 00000000 00:00 0 
7f7aec000000-7f7aec021000 rw-p 00000000 00:00 0 
7f7aec021000-7f7af0000000 ---p 00000000 00:00 0 
7f7af0000000-7f7af0021000 rw-p 00000000 00:00 0 
7f7af0021000-7f7af4000000 ---p 00000000 00:00 0 
7f7af4000000-7f7af4021000 rw-p 00000000 00:00 0 
7f7af4021000-7f7af8000000 ---p 00000000 00:00 0 
7f7af8000000-7f7af8021000 rw-p 00000000 00:00 0 
7f7af8021000-7f7afc000000 ---p 00000000 00:00 0 
7f7afc01a000-7f7afc21a000 rw-p 00000000 00:00 0 
7f7afc21a000-7f7afc21d000 ---p 00000000 00:00 0 
7f7afc21d000-7f7afc31b000 rw-p 00000000 00:00 0 
7f7afc31b000-7f7afc31e000 ---p 00000000 00:00 0 
7f7afc31e000-7f7afc61c000 rw-p 00000000 00:00 0 
7f7afc61c000-7f7afc61f000 ---p 00000000 00:00 0 
7f7afc61f000-7f7afc71d000 rw-p 00000000 00:00 0 
7f7afc71d000-7f7afc720000 ---p 00000000 00:00 0 
7f7afc720000-7f7afc81e000 rw-p 00000000 00:00 0 
7f7afc81e000-7f7afc823000 r-xp 00000000 08:02 10229302                   /usr/lib/x86_64-linux-gnu/libXfixes.so.3.1.0
7f7afc823000-7f7afca22000 ---p 00005000 08:02 10229302                   /usr/lib/x86_64-linux-gnu/libXfixes.so.3.1.0
7f7afca22000-7f7afca23000 r--p 00004000 08:02 10229302                   /usr/lib/x86_64-linux-gnu/libXfixes.so.3.1.0
7f7afca23000-7f7afca24000 rw-p 00005000 08:02 10229302                   /usr/lib/x86_64-linux-gnu/libXfixes.so.3.1.0
7f7afca24000-7f7afca2d000 r-xp 00000000 08:02 10229294                   /usr/lib/x86_64-linux-gnu/libXcursor.so.1.0.2
7f7afca2d000-7f7afcc2c000 ---p 00009000 08:02 10229294                   /usr/lib/x86_64-linux-gnu/libXcursor.so.1.0.2
7f7afcc2c000-7f7afcc2d000 r--p 00008000 08:02 10229294                   /usr/lib/x86_64-linux-gnu/libXcursor.so.1.0.2
7f7afcc2d000-7f7afcc2e000 rw-p 00009000 08:02 10229294                   /usr/lib/x86_64-linux-gnu/libXcursor.so.1.0.2
7f7afcc2e000-7f7afcc31000 ---p 00000000 00:00 0 
7f7afcc31000-7f7afcd2f000 rw-p 00000000 00:00 0 
7f7afcd2f000-7f7afcd46000 r-xp 00000000 08:02 9962722                    /lib/x86_64-linux-gnu/libgcc_s.so.1
7f7afcd46000-7f7afcf45000 ---p 00017000 08:02 9962722                    /lib/x86_64-linux-gnu/libgcc_s.so.1
7f7afcf45000-7f7afcf46000 r--p 00016000 08:02 9962722                    /lib/x86_64-linux-gnu/libgcc_s.so.1
7f7afcf46000-7f7afcf47000 rw-p 00017000 08:02 9962722                    /lib/x86_64-linux-gnu/libgcc_s.so.1
7f7afcf47000-7f7afcfa4000 r-xp 00000000 08:02 10621144                   /usr/lib/jvm/java-8-oracle/jre/lib/amd64/libfontmanager.so
7f7afcfa4000-7f7afd1a4000 ---p 0005d000 08:02 10621144                   /usr/lib/jvm/java-8-oracle/jre/lib/amd64/libfontmanager.so
7f7afd1a4000-7f7afd1a7000 r--p 0005d000 08:02 10621144                   /usr/lib/jvm/java-8-oracle/jre/lib/amd64/libfontmanager.so
7f7afd1a7000-7f7afd1a8000 rw-p 00060000 08:02 10621144                   /usr/lib/jvm/java-8-oracle/jre/lib/amd64/libfontmanager.so
7f7afd1a8000-7f7afd1bb000 r-xp 00000000 08:02 9966217                    /lib/x86_64-linux-gnu/libbsd.so.0.8.7
7f7afd1bb000-7f7afd3ba000 ---p 00013000 08:02 9966217                    /lib/x86_64-linux-gnu/libbsd.so.0.8.7
7f7afd3ba000-7f7afd3bb000 r--p 00012000 08:02 9966217                    /lib/x86_64-linux-gnu/libbsd.so.0.8.7
7f7afd3bb000-7f7afd3bc000 rw-p 00013000 08:02 9966217                    /lib/x86_64-linux-gnu/libbsd.so.0.8.7
7f7afd3bc000-7f7afd3bd000 rw-p 00000000 00:00 0 
7f7afd3bd000-7f7afd3c2000 r-xp 00000000 08:02 10229298                   /usr/lib/x86_64-linux-gnu/libXdmcp.so.6.0.0
7f7afd3c2000-7f7afd5c1000 ---p 00005000 08:02 10229298                   /usr/lib/x86_64-linux-gnu/libXdmcp.so.6.0.0
7f7afd5c1000-7f7afd5c2000 r--p 00004000 08:02 10229298                   /usr/lib/x86_64-linux-gnu/libXdmcp.so.6.0.0
7f7afd5c2000-7f7afd5c3000 rw-p 00005000 08:02 10229298                   /usr/lib/x86_64-linux-gnu/libXdmcp.so.6.0.0
7f7afd5c3000-7f7afd5c5000 r-xp 00000000 08:02 10229287                   /usr/lib/x86_64-linux-gnu/libXau.so.6.0.0
7f7afd5c5000-7f7afd7c5000 ---p 00002000 08:02 10229287                   /usr/lib/x86_64-linux-gnu/libXau.so.6.0.0
7f7afd7c5000-7f7afd7c6000 r--p 00002000 08:02 10229287                   /usr/lib/x86_64-linux-gnu/libXau.so.6.0.0
7f7afd7c6000-7f7afd7c7000 rw-p 00003000 08:02 10229287                   /usr/lib/x86_64-linux-gnu/libXau.so.6.0.0
7f7afd7c7000-7f7afd7ed000 r-xp 00000000 08:02 10225479                   /usr/lib/x86_64-linux-gnu/libxcb.so.1.1.0
7f7afd7ed000-7f7afd9ed000 ---p 00026000 08:02 10225479                   /usr/lib/x86_64-linux-gnu/libxcb.so.1.1.0
7f7afd9ed000-7f7afd9ee000 r--p 00026000 08:02 10225479                   /usr/lib/x86_64-linux-gnu/libxcb.so.1.1.0
7f7afd9ee000-7f7afd9ef000 rw-p 00027000 08:02 10225479                   /usr/lib/x86_64-linux-gnu/libxcb.so.1.1.0
7f7afd9ef000-7f7afd9fe000 r-xp 00000000 08:02 10229308                   /usr/lib/x86_64-linux-gnu/libXi.so.6.1.0
7f7afd9fe000-7f7afdbfd000 ---p 0000f000 08:02 10229308                   /usr/lib/x86_64-linux-gnu/libXi.so.6.1.0
7f7afdbfd000-7f7afdbfe000 r--p 0000e000 08:02 10229308                   /usr/lib/x86_64-linux-gnu/libXi.so.6.1.0
7f7afdbfe000-7f7afdbff000 rw-p 0000f000 08:02 10229308                   /usr/lib/x86_64-linux-gnu/libXi.so.6.1.0
7f7afdbff000-7f7afdc04000 r-xp 00000000 08:02 10229326                   /usr/lib/x86_64-linux-gnu/libXtst.so.6.1.0
7f7afdc04000-7f7afde03000 ---p 00005000 08:02 10229326                   /usr/lib/x86_64-linux-gnu/libXtst.so.6.1.0
7f7afde03000-7f7afde04000 r--p 00004000 08:02 10229326                   /usr/lib/x86_64-linux-gnu/libXtst.so.6.1.0
7f7afde04000-7f7afde05000 rw-p 00005000 08:02 10229326                   /usr/lib/x86_64-linux-gnu/libXtst.so.6.1.0
7f7afde05000-7f7afde0e000 r-xp 00000000 08:02 10229320                   /usr/lib/x86_64-linux-gnu/libXrender.so.1.3.0
7f7afde0e000-7f7afe00d000 ---p 00009000 08:02 10229320                   /usr/lib/x86_64-linux-gnu/libXrender.so.1.3.0
7f7afe00d000-7f7afe00e000 r--p 00008000 08:02 10229320                   /usr/lib/x86_64-linux-gnu/libXrender.so.1.3.0
7f7afe00e000-7f7afe00f000 rw-p 00009000 08:02 10229320                   /usr/lib/x86_64-linux-gnu/libXrender.so.1.3.0
7f7afe00f000-7f7afe142000 r-xp 00000000 08:02 10232901                   /usr/lib/x86_64-linux-gnu/libX11.so.6.3.0
7f7afe142000-7f7afe342000 ---p 00133000 08:02 10232901                   /usr/lib/x86_64-linux-gnu/libX11.so.6.3.0
7f7afe342000-7f7afe343000 r--p 00133000 08:02 10232901                   /usr/lib/x86_64-linux-gnu/libX11.so.6.3.0
7f7afe343000-7f7afe347000 rw-p 00134000 08:02 10232901                   /usr/lib/x86_64-linux-gnu/libX11.so.6.3.0
7f7afe347000-7f7afe358000 r-xp 00000000 08:02 10229300                   /usr/lib/x86_64-linux-gnu/libXext.so.6.4.0
7f7afe358000-7f7afe557000 ---p 00011000 08:02 10229300                   /usr/lib/x86_64-linux-gnu/libXext.so.6.4.0
7f7afe557000-7f7afe558000 r--p 00010000 08:02 10229300                   /usr/lib/x86_64-linux-gnu/libXext.so.6.4.0
7f7afe558000-7f7afe559000 rw-p 00011000 08:02 10229300                   /usr/lib/x86_64-linux-gnu/libXext.so.6.4.0
7f7afe567000-7f7afe56b000 r--s 000a1000 08:02 10490881                   /usr/lib/jvm/java-8-oracle/jre/lib/jsse.jar
7f7afe56b000-7f7afe57e000 r--s 00345000 08:02 10490862                   /usr/lib/jvm/java-8-oracle/jre/lib/resources.jar
7f7afe57e000-7f7afe5d1000 r-xp 00000000 08:02 10621171                   /usr/lib/jvm/java-8-oracle/jre/lib/amd64/libawt_xawt.so
7f7afe5d1000-7f7afe7d0000 ---p 00053000 08:02 10621171                   /usr/lib/jvm/java-8-oracle/jre/lib/amd64/libawt_xawt.so
7f7afe7d0000-7f7afe7d1000 r--p 00052000 08:02 10621171                   /usr/lib/jvm/java-8-oracle/jre/lib/amd64/libawt_xawt.so
7f7afe7d1000-7f7afe7d4000 rw-p 00053000 08:02 10621171                   /usr/lib/jvm/java-8-oracle/jre/lib/amd64/libawt_xawt.so
7f7afe7d4000-7f7afe7d5000 rw-p 00000000 00:00 0 
7f7afe7d5000-7f7afe875000 r-xp 00000000 08:02 10621157                   /usr/lib/jvm/java-8-oracle/jre/lib/amd64/libawt.so
7f7afe875000-7f7afea74000 ---p 000a0000 08:02 10621157                   /usr/lib/jvm/java-8-oracle/jre/lib/amd64/libawt.so
7f7afea74000-7f7afea75000 r--p 0009f000 08:02 10621157                   /usr/lib/jvm/java-8-oracle/jre/lib/amd64/libawt.so
7f7afea75000-7f7afea80000 rw-p 000a0000 08:02 10621157                   /usr/lib/jvm/java-8-oracle/jre/lib/amd64/libawt.so
7f7afea80000-7f7afeaa5000 rw-p 00000000 00:00 0 
7f7afeaa5000-7f7afeaab000 r--s 00033000 08:02 3802807                    /home/paul/workspace/MyContactsv12/lib/jaxen-1.1.6.jar
7f7afeaab000-7f7afeab2000 r--s 0003f000 08:02 3802795                    /home/paul/workspace/MyContactsv12/lib/commons-codec-1.10.jar
7f7afeab2000-7f7afeab7000 r--s 00065000 08:02 3802794                    /home/paul/workspace/MyContactsv12/lib/commons-codec-1.10-javadoc.jar
7f7afeab7000-7f7afeac0000 r--s 0002d000 08:02 3802814                    /home/paul/workspace/MyContactsv12/lib/xml-apis.jar
7f7afeac0000-7f7afead9000 r--s 00135000 08:02 3802813                    /home/paul/workspace/MyContactsv12/lib/xercesImpl.jar
7f7afead9000-7f7afeae0000 r--s 00069000 08:02 3802811                    /home/paul/workspace/MyContactsv12/lib/simple-odf-0.6.6.jar
7f7afeae0000-7f7afeb26000 r--s 002ec000 08:02 3802810                    /home/paul/workspace/MyContactsv12/lib/odfdom-java-0.8.7.jar
7f7afeb26000-7f7afeb27000 ---p 00000000 00:00 0 
7f7afeb27000-7f7afec27000 rw-p 00000000 00:00 0 
7f7afec27000-7f7afec2a000 ---p 00000000 00:00 0 
7f7afec2a000-7f7afed28000 rw-p 00000000 00:00 0 
7f7afed28000-7f7afed29000 ---p 00000000 00:00 0 
7f7afed29000-7f7afed2c000 ---p 00000000 00:00 0 
7f7afed2c000-7f7afee29000 rw-p 00000000 00:00 0 
7f7afee29000-7f7afee2a000 ---p 00000000 00:00 0 
7f7afee2a000-7f7afee2d000 ---p 00000000 00:00 0 
7f7afee2d000-7f7afef2a000 rw-p 00000000 00:00 0 
7f7afef2a000-7f7afef2b000 ---p 00000000 00:00 0 
7f7afef2b000-7f7afef2e000 ---p 00000000 00:00 0 
7f7afef2e000-7f7aff02b000 rw-p 00000000 00:00 0 
7f7aff02b000-7f7aff02e000 ---p 00000000 00:00 0 
7f7aff02e000-7f7aff12c000 rw-p 00000000 00:00 0 
7f7aff12c000-7f7affafb000 r--p 00000000 08:02 10228265                   /usr/lib/locale/locale-archive
7f7affafb000-7f7affafe000 ---p 00000000 00:00 0 
7f7affafe000-7f7affbfc000 rw-p 00000000 00:00 0 
7f7affbfc000-7f7affbff000 ---p 00000000 00:00 0 
7f7affbff000-7f7affcfd000 rw-p 00000000 00:00 0 
7f7affcfd000-7f7affcfe000 ---p 00000000 00:00 0 
7f7affcfe000-7f7b00000000 rw-p 00000000 00:00 0 
7f7b00000000-7f7b00021000 rw-p 00000000 00:00 0 
7f7b00021000-7f7b04000000 ---p 00000000 00:00 0 
7f7b04002000-7f7b04004000 r--s 00380000 08:02 3802812                    /home/paul/workspace/MyContactsv12/lib/sqlite-jdbc-3.7.15-M1.jar
7f7b04004000-7f7b04040000 r--s 00337000 08:02 3802809                    /home/paul/workspace/MyContactsv12/lib/odfdom-java-0.8.7-sources.jar
7f7b04040000-7f7b04045000 r--s 002f9000 08:02 10490822                   /usr/lib/jvm/java-8-oracle/jre/lib/charsets.jar
7f7b04045000-7f7b0404e000 r--s 00055000 08:02 3802808                    /home/paul/workspace/MyContactsv12/lib/looks-2.1-pre2.jar
7f7b0404e000-7f7b04050000 r--s 00000000 08:02 3802806                    /home/paul/workspace/MyContactsv12/lib/javabase64-1.3.1.jar
7f7b04050000-7f7b04066000 r--s 001f6000 08:02 3802805                    /home/paul/workspace/MyContactsv12/lib/itextpdf-5.5.3.jar
7f7b04066000-7f7b09000000 rw-p 00000000 00:00 0 
7f7b09000000-7f7b09720000 rwxp 00000000 00:00 0 
7f7b09720000-7f7b18000000 ---p 00000000 00:00 0 
7f7b18000000-7f7b188c5000 rw-p 00000000 00:00 0 
7f7b188c5000-7f7b1c000000 ---p 00000000 00:00 0 
7f7b1c000000-7f7b1c002000 r--s 00036000 08:02 3802804                    /home/paul/workspace/MyContactsv12/lib/imgscalr-lib-4.2.jar
7f7b1c002000-7f7b1c007000 r--s 00048000 08:02 3802803                    /home/paul/workspace/MyContactsv12/lib/dom4j-1.6.1.jar
7f7b1c007000-7f7b1c3dd000 rw-p 00000000 00:00 0 
7f7b1c3dd000-7f7b1c5b7000 r--s 03d6f000 08:02 10490824                   /usr/lib/jvm/java-8-oracle/jre/lib/rt.jar
7f7b1c5b7000-7f7b1ca06000 rw-p 00000000 00:00 0 
7f7b1ca06000-7f7b1ca07000 ---p 00000000 00:00 0 
7f7b1ca07000-7f7b1cb07000 rw-p 00000000 00:00 0 
7f7b1cb07000-7f7b1cb08000 ---p 00000000 00:00 0 
7f7b1cb08000-7f7b1cc08000 rw-p 00000000 00:00 0 
7f7b1cc08000-7f7b1cc09000 ---p 00000000 00:00 0 
7f7b1cc09000-7f7b1cd09000 rw-p 00000000 00:00 0 
7f7b1cd09000-7f7b1cd0a000 ---p 00000000 00:00 0 
7f7b1cd0a000-7f7b1ce34000 rw-p 00000000 00:00 0 
7f7b1ce34000-7f7b1d09b000 ---p 00000000 00:00 0 
7f7b1d09b000-7f7b1d0c5000 rw-p 00000000 00:00 0 
7f7b1d0c5000-7f7b1d32b000 ---p 00000000 00:00 0 
7f7b1d32b000-7f7b1d350000 rw-p 00000000 00:00 0 
7f7b1d350000-7f7b1d474000 ---p 00000000 00:00 0 
7f7b1d474000-7f7b1d492000 rw-p 00000000 00:00 0 
7f7b1d492000-7f7b1d835000 ---p 00000000 00:00 0 
7f7b1d835000-7f7b1d850000 r-xp 00000000 08:02 10621160                   /usr/lib/jvm/java-8-oracle/jre/lib/amd64/libzip.so
7f7b1d850000-7f7b1da4f000 ---p 0001b000 08:02 10621160                   /usr/lib/jvm/java-8-oracle/jre/lib/amd64/libzip.so
7f7b1da4f000-7f7b1da50000 r--p 0001a000 08:02 10621160                   /usr/lib/jvm/java-8-oracle/jre/lib/amd64/libzip.so
7f7b1da50000-7f7b1da51000 rw-p 0001b000 08:02 10621160                   /usr/lib/jvm/java-8-oracle/jre/lib/amd64/libzip.so
7f7b1da51000-7f7b1da5c000 r-xp 00000000 08:02 9966311                    /lib/x86_64-linux-gnu/libnss_files-2.27.so
7f7b1da5c000-7f7b1dc5b000 ---p 0000b000 08:02 9966311                    /lib/x86_64-linux-gnu/libnss_files-2.27.so
7f7b1dc5b000-7f7b1dc5c000 r--p 0000a000 08:02 9966311                    /lib/x86_64-linux-gnu/libnss_files-2.27.so
7f7b1dc5c000-7f7b1dc5d000 rw-p 0000b000 08:02 9966311                    /lib/x86_64-linux-gnu/libnss_files-2.27.so
7f7b1dc5d000-7f7b1dc63000 rw-p 00000000 00:00 0 
7f7b1dc63000-7f7b1dc7a000 r-xp 00000000 08:02 9966305                    /lib/x86_64-linux-gnu/libnsl-2.27.so
7f7b1dc7a000-7f7b1de79000 ---p 00017000 08:02 9966305                    /lib/x86_64-linux-gnu/libnsl-2.27.so
7f7b1de79000-7f7b1de7a000 r--p 00016000 08:02 9966305                    /lib/x86_64-linux-gnu/libnsl-2.27.so
7f7b1de7a000-7f7b1de7b000 rw-p 00017000 08:02 9966305                    /lib/x86_64-linux-gnu/libnsl-2.27.so
7f7b1de7b000-7f7b1de7d000 rw-p 00000000 00:00 0 
7f7b1de7d000-7f7b1de88000 r-xp 00000000 08:02 9966322                    /lib/x86_64-linux-gnu/libnss_nis-2.27.so
7f7b1de88000-7f7b1e087000 ---p 0000b000 08:02 9966322                    /lib/x86_64-linux-gnu/libnss_nis-2.27.so
7f7b1e087000-7f7b1e088000 r--p 0000a000 08:02 9966322                    /lib/x86_64-linux-gnu/libnss_nis-2.27.so
7f7b1e088000-7f7b1e089000 rw-p 0000b000 08:02 9966322                    /lib/x86_64-linux-gnu/libnss_nis-2.27.so
7f7b1e089000-7f7b1e091000 r-xp 00000000 08:02 9966307                    /lib/x86_64-linux-gnu/libnss_compat-2.27.so
7f7b1e091000-7f7b1e291000 ---p 00008000 08:02 9966307                    /lib/x86_64-linux-gnu/libnss_compat-2.27.so
7f7b1e291000-7f7b1e292000 r--p 00008000 08:02 9966307                    /lib/x86_64-linux-gnu/libnss_compat-2.27.so
7f7b1e292000-7f7b1e293000 rw-p 00009000 08:02 9966307                    /lib/x86_64-linux-gnu/libnss_compat-2.27.so
7f7b1e293000-7f7b1e2bf000 r-xp 00000000 08:02 10621154                   /usr/lib/jvm/java-8-oracle/jre/lib/amd64/libjava.so
7f7b1e2bf000-7f7b1e4bf000 ---p 0002c000 08:02 10621154                   /usr/lib/jvm/java-8-oracle/jre/lib/amd64/libjava.so
7f7b1e4bf000-7f7b1e4c0000 r--p 0002c000 08:02 10621154                   /usr/lib/jvm/java-8-oracle/jre/lib/amd64/libjava.so
7f7b1e4c0000-7f7b1e4c2000 rw-p 0002d000 08:02 10621154                   /usr/lib/jvm/java-8-oracle/jre/lib/amd64/libjava.so
7f7b1e4c2000-7f7b1e4cf000 r-xp 00000000 08:02 10621159                   /usr/lib/jvm/java-8-oracle/jre/lib/amd64/libverify.so
7f7b1e4cf000-7f7b1e6ce000 ---p 0000d000 08:02 10621159                   /usr/lib/jvm/java-8-oracle/jre/lib/amd64/libverify.so
7f7b1e6ce000-7f7b1e6d0000 r--p 0000c000 08:02 10621159                   /usr/lib/jvm/java-8-oracle/jre/lib/amd64/libverify.so
7f7b1e6d0000-7f7b1e6d1000 rw-p 0000e000 08:02 10621159                   /usr/lib/jvm/java-8-oracle/jre/lib/amd64/libverify.so
7f7b1e6d1000-7f7b1e6d8000 r-xp 00000000 08:02 9966362                    /lib/x86_64-linux-gnu/librt-2.27.so
7f7b1e6d8000-7f7b1e8d7000 ---p 00007000 08:02 9966362                    /lib/x86_64-linux-gnu/librt-2.27.so
7f7b1e8d7000-7f7b1e8d8000 r--p 00006000 08:02 9966362                    /lib/x86_64-linux-gnu/librt-2.27.so
7f7b1e8d8000-7f7b1e8d9000 rw-p 00007000 08:02 9966362                    /lib/x86_64-linux-gnu/librt-2.27.so
7f7b1e8d9000-7f7b1ea76000 r-xp 00000000 08:02 9966284                    /lib/x86_64-linux-gnu/libm-2.27.so
7f7b1ea76000-7f7b1ec75000 ---p 0019d000 08:02 9966284                    /lib/x86_64-linux-gnu/libm-2.27.so
7f7b1ec75000-7f7b1ec76000 r--p 0019c000 08:02 9966284                    /lib/x86_64-linux-gnu/libm-2.27.so
7f7b1ec76000-7f7b1ec77000 rw-p 0019d000 08:02 9966284                    /lib/x86_64-linux-gnu/libm-2.27.so
7f7b1ec77000-7f7b1f95f000 r-xp 00000000 08:02 10621136                   /usr/lib/jvm/java-8-oracle/jre/lib/amd64/server/libjvm.so
7f7b1f95f000-7f7b1fb5e000 ---p 00ce8000 08:02 10621136                   /usr/lib/jvm/java-8-oracle/jre/lib/amd64/server/libjvm.so
7f7b1fb5e000-7f7b1fbf4000 r--p 00ce7000 08:02 10621136                   /usr/lib/jvm/java-8-oracle/jre/lib/amd64/server/libjvm.so
7f7b1fbf4000-7f7b1fc25000 rw-p 00d7d000 08:02 10621136                   /usr/lib/jvm/java-8-oracle/jre/lib/amd64/server/libjvm.so
7f7b1fc25000-7f7b1fc60000 rw-p 00000000 00:00 0 
7f7b1fc60000-7f7b1fe47000 r-xp 00000000 08:02 9966221                    /lib/x86_64-linux-gnu/libc-2.27.so
7f7b1fe47000-7f7b20047000 ---p 001e7000 08:02 9966221                    /lib/x86_64-linux-gnu/libc-2.27.so
7f7b20047000-7f7b2004b000 r--p 001e7000 08:02 9966221                    /lib/x86_64-linux-gnu/libc-2.27.so
7f7b2004b000-7f7b2004d000 rw-p 001eb000 08:02 9966221                    /lib/x86_64-linux-gnu/libc-2.27.so
7f7b2004d000-7f7b20051000 rw-p 00000000 00:00 0 
7f7b20051000-7f7b20054000 r-xp 00000000 08:02 9966244                    /lib/x86_64-linux-gnu/libdl-2.27.so
7f7b20054000-7f7b20253000 ---p 00003000 08:02 9966244                    /lib/x86_64-linux-gnu/libdl-2.27.so
7f7b20253000-7f7b20254000 r--p 00002000 08:02 9966244                    /lib/x86_64-linux-gnu/libdl-2.27.so
7f7b20254000-7f7b20255000 rw-p 00003000 08:02 9966244                    /lib/x86_64-linux-gnu/libdl-2.27.so
7f7b20255000-7f7b2026c000 r-xp 00000000 08:02 10490691                   /usr/lib/jvm/java-8-oracle/lib/amd64/jli/libjli.so
7f7b2026c000-7f7b2046b000 ---p 00017000 08:02 10490691                   /usr/lib/jvm/java-8-oracle/lib/amd64/jli/libjli.so
7f7b2046b000-7f7b2046c000 r--p 00016000 08:02 10490691                   /usr/lib/jvm/java-8-oracle/lib/amd64/jli/libjli.so
7f7b2046c000-7f7b2046d000 rw-p 00017000 08:02 10490691                   /usr/lib/jvm/java-8-oracle/lib/amd64/jli/libjli.so
7f7b2046d000-7f7b20487000 r-xp 00000000 08:02 9966354                    /lib/x86_64-linux-gnu/libpthread-2.27.so
7f7b20487000-7f7b20686000 ---p 0001a000 08:02 9966354                    /lib/x86_64-linux-gnu/libpthread-2.27.so
7f7b20686000-7f7b20687000 r--p 00019000 08:02 9966354                    /lib/x86_64-linux-gnu/libpthread-2.27.so
7f7b20687000-7f7b20688000 rw-p 0001a000 08:02 9966354                    /lib/x86_64-linux-gnu/libpthread-2.27.so
7f7b20688000-7f7b2068c000 rw-p 00000000 00:00 0 
7f7b2068c000-7f7b206b3000 r-xp 00000000 08:02 9966193                    /lib/x86_64-linux-gnu/ld-2.27.so
7f7b206b3000-7f7b206b4000 r--p 00000000 08:02 12061541                   /usr/share/locale-langpack/en_GB/LC_MESSAGES/libc.mo
7f7b206b4000-7f7b206b7000 r--s 00014000 08:02 3802802                    /home/paul/workspace/MyContactsv12/lib/commons-net-ftp-2.0.jar
7f7b206b7000-7f7b206be000 r--s 0005e000 08:02 3802801                    /home/paul/workspace/MyContactsv12/lib/commons-lang3-3.3.2.jar
7f7b206be000-7f7b20789000 rw-p 00000000 00:00 0 
7f7b20789000-7f7b2078a000 ---p 00000000 00:00 0 
7f7b2078a000-7f7b2078d000 ---p 00000000 00:00 0 
7f7b2078d000-7f7b2088e000 rw-p 00000000 00:00 0 
7f7b2088e000-7f7b20897000 r--s 000fe000 08:02 3802800                    /home/paul/workspace/MyContactsv12/lib/commons-lang3-3.3.2-javadoc.jar
7f7b20897000-7f7b20898000 r--s 0000f000 08:02 3802799                    /home/paul/workspace/MyContactsv12/lib/commons-csv-1.0-20140619.182652-287-javadoc.jar
7f7b20898000-7f7b2089f000 r--s 0003a000 08:02 3802798                    /home/paul/workspace/MyContactsv12/lib/commons-codec-1.9.jar
7f7b2089f000-7f7b208a4000 r--s 0003f000 08:02 3802797                    /home/paul/workspace/MyContactsv12/lib/commons-codec-1.9-sources.jar
7f7b208a4000-7f7b208a9000 r--s 0005e000 08:02 3802796                    /home/paul/workspace/MyContactsv12/lib/commons-codec-1.9-javadoc.jar
7f7b208a9000-7f7b208b1000 rw-s 00000000 08:02 5247920                    /tmp/hsperfdata_paul/23334
7f7b208b1000-7f7b208b2000 rw-p 00000000 00:00 0 
7f7b208b2000-7f7b208b3000 r--p 00000000 00:00 0 
7f7b208b3000-7f7b208b4000 r--p 00027000 08:02 9966193                    /lib/x86_64-linux-gnu/ld-2.27.so
7f7b208b4000-7f7b208b5000 rw-p 00028000 08:02 9966193                    /lib/x86_64-linux-gnu/ld-2.27.so
7f7b208b5000-7f7b208b6000 rw-p 00000000 00:00 0 
7ffca5a32000-7ffca5a53000 rw-p 00000000 00:00 0                          [stack]
7ffca5bd5000-7ffca5bd8000 r--p 00000000 00:00 0                          [vvar]
7ffca5bd8000-7ffca5bda000 r-xp 00000000 00:00 0                          [vdso]
ffffffffff600000-ffffffffff601000 r-xp 00000000 00:00 0                  [vsyscall]

VM Arguments:
jvm_args: -Dfile.encoding=UTF-8 
java_command: org.lerot.mycontact.mcdb
java_class_path (initial): /home/paul/workspace/MyContactsv12/bin:/home/paul/workspace/MyContactsv12/lib/commons-codec-1.9-javadoc.jar:/home/paul/workspace/MyContactsv12/lib/commons-codec-1.9-sources.jar:/home/paul/workspace/MyContactsv12/lib/commons-codec-1.9.jar:/home/paul/workspace/MyContactsv12/lib/commons-csv-1.0-20140619.182652-287-javadoc.jar:/home/paul/workspace/MyContactsv12/lib/commons-lang3-3.3.2-javadoc.jar:/home/paul/workspace/MyContactsv12/lib/commons-lang3-3.3.2.jar:/home/paul/workspace/MyContactsv12/lib/commons-net-ftp-2.0.jar:/home/paul/workspace/MyContactsv12/lib/dom4j-1.6.1.jar:/home/paul/workspace/MyContactsv12/lib/imgscalr-lib-4.2.jar:/home/paul/workspace/MyContactsv12/lib/itextpdf-5.5.3.jar:/home/paul/workspace/MyContactsv12/lib/javabase64-1.3.1.jar:/home/paul/workspace/MyContactsv12/lib/looks-2.1-pre2.jar:/home/paul/workspace/MyContactsv12/lib/odfdom-java-0.8.7-sources.jar:/home/paul/workspace/MyContactsv12/lib/odfdom-java-0.8.7.jar:/home/paul/workspace/MyContactsv12/lib/simple-odf-0.6.6.jar:/home/paul/workspace/MyContactsv12/lib/sqlite-jdbc-3.7.15-M1.jar:/home/paul/workspace/MyContactsv12/lib/xercesImpl.jar:/home/paul/workspace/MyContactsv12/lib/xml-apis.jar:/home/paul/workspace/MyContactsv12/lib/commons-codec-1.10-javadoc.jar:/home/paul/workspace/MyContactsv12/lib/commons-codec-1.10.jar:/home/paul/workspace/MyContactsv12/lib/jaxen-1.1.6.jar
Launcher Type: SUN_STANDARD

Environment Variables:
JAVA_HOME=/usr/lib/jvm/java-8-oracle
PATH=/usr/local/sbin:/usr/local/bin:/usr/sbin:/usr/bin:/sbin:/bin:/usr/games:/usr/local/games:/snap/bin:/usr/lib/jvm/java-8-oracle/bin:/usr/lib/jvm/java-8-oracle/db/bin:/usr/lib/jvm/java-8-oracle/jre/bin
SHELL=/bin/bash
DISPLAY=:0

Signal Handlers:
SIGSEGV: [libjvm.so+0xad3e60], sa_mask[0]=11111111011111111101111111111110, sa_flags=SA_RESTART|SA_SIGINFO
SIGBUS: [libjvm.so+0xad3e60], sa_mask[0]=11111111011111111101111111111110, sa_flags=SA_RESTART|SA_SIGINFO
SIGFPE: [libjvm.so+0x90b880], sa_mask[0]=11111111011111111101111111111110, sa_flags=SA_RESTART|SA_SIGINFO
SIGPIPE: [libjvm.so+0x90b880], sa_mask[0]=11111111011111111101111111111110, sa_flags=SA_RESTART|SA_SIGINFO
SIGXFSZ: [libjvm.so+0x90b880], sa_mask[0]=11111111011111111101111111111110, sa_flags=SA_RESTART|SA_SIGINFO
SIGILL: [libjvm.so+0x90b880], sa_mask[0]=11111111011111111101111111111110, sa_flags=SA_RESTART|SA_SIGINFO
SIGUSR1: SIG_DFL, sa_mask[0]=00000000000000000000000000000000, sa_flags=none
SIGUSR2: [libjvm.so+0x90b750], sa_mask[0]=00100000000000000000000000000000, sa_flags=SA_RESTART|SA_SIGINFO
SIGHUP: [libjvm.so+0x90bd70], sa_mask[0]=11111111011111111101111111111110, sa_flags=SA_RESTART|SA_SIGINFO
SIGINT: [libjvm.so+0x90bd70], sa_mask[0]=11111111011111111101111111111110, sa_flags=SA_RESTART|SA_SIGINFO
SIGTERM: [libjvm.so+0x90bd70], sa_mask[0]=11111111011111111101111111111110, sa_flags=SA_RESTART|SA_SIGINFO
SIGQUIT: [libjvm.so+0x90bd70], sa_mask[0]=11111111011111111101111111111110, sa_flags=SA_RESTART|SA_SIGINFO


---------------  S Y S T E M  ---------------

OS:DISTRIB_ID=Ubuntu
DISTRIB_RELEASE=18.04
DISTRIB_CODENAME=bionic
DISTRIB_DESCRIPTION="Ubuntu 18.04.3 LTS"

uname:Linux 4.15.0-70-generic #79-Ubuntu SMP Tue Nov 12 10:36:11 UTC 2019 x86_64
libc:glibc 2.27 NPTL 2.27 
rlimit: STACK 8192k, CORE 0k, NPROC 30802, NOFILE 1048576, AS infinity
load average:0.79 0.70 0.57

/proc/meminfo:
MemTotal:        8067284 kB
MemFree:         1793104 kB
MemAvailable:    4623612 kB
Buffers:          545640 kB
Cached:          2456808 kB
SwapCached:            0 kB
Active:          4309472 kB
Inactive:        1432736 kB
Active(anon):    2741216 kB
Inactive(anon):   200348 kB
Active(file):    1568256 kB
Inactive(file):  1232388 kB
Unevictable:         144 kB
Mlocked:             144 kB
SwapTotal:       2097148 kB
SwapFree:        2097148 kB
Dirty:               120 kB
Writeback:             0 kB
AnonPages:       2739960 kB
Mapped:           528420 kB
Shmem:            201808 kB
Slab:             396260 kB
SReclaimable:     338792 kB
SUnreclaim:        57468 kB
KernelStack:       13456 kB
PageTables:        50216 kB
NFS_Unstable:          0 kB
Bounce:                0 kB
WritebackTmp:          0 kB
CommitLimit:     6130788 kB
Committed_AS:    7559032 kB
VmallocTotal:   34359738367 kB
VmallocUsed:           0 kB
VmallocChunk:          0 kB
HardwareCorrupted:     0 kB
AnonHugePages:         0 kB
ShmemHugePages:        0 kB
ShmemPmdMapped:        0 kB
CmaTotal:              0 kB
CmaFree:               0 kB
HugePages_Total:       0
HugePages_Free:        0
HugePages_Rsvd:        0
HugePages_Surp:        0
Hugepagesize:       2048 kB
DirectMap4k:      238096 kB
DirectMap2M:     8050688 kB

container (cgroup) information:
container_type: cgroupv1
cpu_cpuset_cpus: 0-3
cpu_memory_nodes: 0
active_processor_count: 4
cpu_quota: -1
cpu_period: 100000
cpu_shares: -1
memory_limit_in_bytes: -1
memory_and_swap_limit_in_bytes: -2
memory_soft_limit_in_bytes: -1
memory_usage_in_bytes: 5880602624
memory_max_usage_in_bytes: 0


CPU:total 4 (initial active 4) (4 cores per cpu, 1 threads per core) family 6 model 76 stepping 3, cmov, cx8, fxsr, mmx, sse, sse2, sse3, ssse3, sse4.1, sse4.2, popcnt, aes, clmul, erms, 3dnowpref, tsc, tscinvbit

/proc/cpuinfo:
processor	: 0
vendor_id	: GenuineIntel
cpu family	: 6
model		: 76
model name	: Intel(R) Celeron(R) CPU  N3150  @ 1.60GHz
stepping	: 3
microcode	: 0x368
cpu MHz		: 2080.000
cache size	: 1024 KB
physical id	: 0
siblings	: 4
core id		: 0
cpu cores	: 4
apicid		: 0
initial apicid	: 0
fpu		: yes
fpu_exception	: yes
cpuid level	: 11
wp		: yes
flags		: fpu vme de pse tsc msr pae mce cx8 apic sep mtrr pge mca cmov pat pse36 clflush dts acpi mmx fxsr sse sse2 ss ht tm pbe syscall nx rdtscp lm constant_tsc arch_perfmon pebs bts rep_good nopl xtopology tsc_reliable nonstop_tsc cpuid aperfmperf tsc_known_freq pni pclmulqdq dtes64 monitor ds_cpl vmx est tm2 ssse3 cx16 xtpr pdcm sse4_1 sse4_2 movbe popcnt tsc_deadline_timer aes rdrand lahf_lm 3dnowprefetch epb pti ibrs ibpb stibp tpr_shadow vnmi flexpriority ept vpid tsc_adjust smep erms dtherm ida arat md_clear
bugs		: cpu_meltdown spectre_v1 spectre_v2 mds msbds_only
bogomips	: 3200.00
clflush size	: 64
cache_alignment	: 64
address sizes	: 36 bits physical, 48 bits virtual
power management:

processor	: 1
vendor_id	: GenuineIntel
cpu family	: 6
model		: 76
model name	: Intel(R) Celeron(R) CPU  N3150  @ 1.60GHz
stepping	: 3
microcode	: 0x368
cpu MHz		: 2080.003
cache size	: 1024 KB
physical id	: 0
siblings	: 4
core id		: 1
cpu cores	: 4
apicid		: 2
initial apicid	: 2
fpu		: yes
fpu_exception	: yes
cpuid level	: 11
wp		: yes
flags		: fpu vme de pse tsc msr pae mce cx8 apic sep mtrr pge mca cmov pat pse36 clflush dts acpi mmx fxsr sse sse2 ss ht tm pbe syscall nx rdtscp lm constant_tsc arch_perfmon pebs bts rep_good nopl xtopology tsc_reliable nonstop_tsc cpuid aperfmperf tsc_known_freq pni pclmulqdq dtes64 monitor ds_cpl vmx est tm2 ssse3 cx16 xtpr pdcm sse4_1 sse4_2 movbe popcnt tsc_deadline_timer aes rdrand lahf_lm 3dnowprefetch epb pti ibrs ibpb stibp tpr_shadow vnmi flexpriority ept vpid tsc_adjust smep erms dtherm ida arat md_clear
bugs		: cpu_meltdown spectre_v1 spectre_v2 mds msbds_only
bogomips	: 3200.00
clflush size	: 64
cache_alignment	: 64
address sizes	: 36 bits physical, 48 bits virtual
power management:

processor	: 2
vendor_id	: GenuineIntel
cpu family	: 6
model		: 76
model name	: Intel(R) Celeron(R) CPU  N3150  @ 1.60GHz
stepping	: 3
microcode	: 0x368
cpu MHz		: 2080.003
cache size	: 1024 KB
physical id	: 0
siblings	: 4
core id		: 2
cpu cores	: 4
apicid		: 4
initial apicid	: 4
fpu		: yes
fpu_exception	: yes
cpuid level	: 11
wp		: yes
flags		: fpu vme de pse tsc msr pae mce cx8 apic sep mtrr pge mca cmov pat pse36 clflush dts acpi mmx fxsr sse sse2 ss ht tm pbe syscall nx rdtscp lm constant_tsc arch_perfmon pebs bts rep_good nopl xtopology tsc_reliable nonstop_tsc cpuid aperfmperf tsc_known_freq pni pclmulqdq dtes64 monitor ds_cpl vmx est tm2 ssse3 cx16 xtpr pdcm sse4_1 sse4_2 movbe popcnt tsc_deadline_timer aes rdrand lahf_lm 3dnowprefetch epb pti ibrs ibpb stibp tpr_shadow vnmi flexpriority ept vpid tsc_adjust smep erms dtherm ida arat md_clear
bugs		: cpu_meltdown spectre_v1 spectre_v2 mds msbds_only
bogomips	: 3200.00
clflush size	: 64
cache_alignment	: 64
address sizes	: 36 bits physical, 48 bits virtual
power management:

processor	: 3
vendor_id	: GenuineIntel
cpu family	: 6
model		: 76
model name	: Intel(R) Celeron(R) CPU  N3150  @ 1.60GHz
stepping	: 3
microcode	: 0x368
cpu MHz		: 2080.000
cache size	: 1024 KB
physical id	: 0
siblings	: 4
core id		: 3
cpu cores	: 4
apicid		: 6
initial apicid	: 6
fpu		: yes
fpu_exception	: yes
cpuid level	: 11
wp		: yes
flags		: fpu vme de pse tsc msr pae mce cx8 apic sep mtrr pge mca cmov pat pse36 clflush dts acpi mmx fxsr sse sse2 ss ht tm pbe syscall nx rdtscp lm constant_tsc arch_perfmon pebs bts rep_good nopl xtopology tsc_reliable nonstop_tsc cpuid aperfmperf tsc_known_freq pni pclmulqdq dtes64 monitor ds_cpl vmx est tm2 ssse3 cx16 xtpr pdcm sse4_1 sse4_2 movbe popcnt tsc_deadline_timer aes rdrand lahf_lm 3dnowprefetch epb pti ibrs ibpb stibp tpr_shadow vnmi flexpriority ept vpid tsc_adjust smep erms dtherm ida arat md_clear
bugs		: cpu_meltdown spectre_v1 spectre_v2 mds msbds_only
bogomips	: 3200.00
clflush size	: 64
cache_alignment	: 64
address sizes	: 36 bits physical, 48 bits virtual
power management:



Memory: 4k page, physical 8067284k(1792484k free), swap 2097148k(2097148k free)

vm_info: Java HotSpot(TM) 64-Bit Server VM (25.201-b09) for linux-amd64 JRE (1.8.0_201-b09), built on Dec 15 2018 11:35:59 by "java_re" with gcc 7.3.0

time: Mon Dec  2 03:08:46 2019
timezone: GMT
elapsed time: 7 seconds (0d 0h 0m 7s)

